<?xml version='1.0' encoding='UTF-8'?>
<!-- This xmi file is optimized for MagicDraw UML. Some references are not saved. -->
<!-- Change MagicDraw UML environment options property General->.Save Rich XMI -->

<xmi:XMI xmi:version='2.1' xmlns:uml='http://schema.omg.org/spec/UML/2.2' xmlns:xmi='http://schema.omg.org/spec/XMI/2.1' xmlns:Validation_Profile='http://www.magicdraw.com/schemas/Validation_Profile.xmi' xmlns:DSL_Customization='http://www.magicdraw.com/schemas/DSL_Customization.xmi' xmlns:MagicDraw_Profile='http://www.magicdraw.com/schemas/MagicDraw_Profile.xmi' xmlns:UML_Standard_Profile='http://www.magicdraw.com/schemas/UML_Standard_Profile.xmi'>
	<xmi:Documentation exporter='MagicDraw UML' exporterVersion='16.6'/>
	<xmi:Extension extender='MagicDraw UML 16.6'>
		<shareTable shareVersion='-1' standardSystemProfile='false'/>
		<mountTable>
			<module resource='file:/C:/Program%20Files%20(x86)/MagicDraw%20UML%2016.6%20SP2/profiles/UML_Standard_Profile.xml' autoloadType='ALWAYS_LOAD' readOnly='true' loadIndex='false' requiredVersion='-1' version='16.6'>
				<mount mountPoint='magicdraw_uml_standard_profile_v_0001' mountedOn='eee_1045467100313_135436_1'/>
			</module>
		</mountTable>
	</xmi:Extension>
	<uml:Model xmi:id='eee_1045467100313_135436_1' name='Data' visibility='public'>
		<xmi:Extension extender='MagicDraw UML 16.6'>
			<moduleExtension ignoredInModule='true'/>
		</xmi:Extension>
		<ownedComment xmi:type='uml:Comment' xmi:id='_16_6_2_931029f_1387381120542_873114_343' body='Author:pvgorp.&#10;Created:12/18/13 4:38 PM.&#10;Title:.&#10;Comment:.&#10;'>
			<annotatedElement xmi:idref='eee_1045467100313_135436_1'/>
		</ownedComment>
		<packagedElement xmi:type='uml:Package' href='UML_Standard_Profile.xml#magicdraw_uml_standard_profile_v_0001'>
			<xmi:Extension extender='MagicDraw UML 16.6'>
				<referenceExtension referentPath='UML Standard Profile' referentType='Package'/>
			</xmi:Extension>
		</packagedElement>
		<packagedElement xmi:type='uml:Activity' xmi:id='_16_6_2_931029f_1387381125603_906346_480' name='processflow' visibility='public'>
			<node xmi:type='uml:CallBehaviorAction' xmi:id='_16_6_2_931029f_1387381174730_729264_503' name='1' visibility='public'>
				<outgoing xmi:idref='_16_6_2_931029f_1387381179570_649314_529'/>
				<outgoing xmi:idref='_16_6_2_931029f_1387381228322_828837_625'/>
				<outgoing xmi:idref='_16_6_2_931029f_1387381460736_280328_873'/>
				<incoming xmi:idref='_16_6_2_931029f_1387381188621_34690_547'/>
			</node>
			<node xmi:type='uml:CallBehaviorAction' xmi:id='_16_6_2_931029f_1387381176418_475529_516' name='2' visibility='public'>
				<outgoing xmi:idref='_16_6_2_931029f_1387381183218_260147_537'/>
				<outgoing xmi:idref='_16_6_2_931029f_1387381408240_516543_810'/>
				<incoming xmi:idref='_16_6_2_931029f_1387381179570_649314_529'/>
				<incoming xmi:idref='_16_6_2_931029f_1387381357320_622182_805'/>
				<incoming xmi:idref='_16_6_2_931029f_1387381473168_594650_883'/>
			</node>
			<node xmi:type='uml:CallBehaviorAction' xmi:id='_16_6_2_931029f_1387381183213_693298_534' name='3' visibility='public'>
				<outgoing xmi:idref='_16_6_2_931029f_1387381431487_777383_840'/>
				<outgoing xmi:idref='_16_6_2_931029f_1387381494411_741624_891'/>
				<outgoing xmi:idref='_16_6_2_931029f_1387381504304_538292_896'/>
				<outgoing xmi:idref='_16_6_2_931029f_1387381511624_95680_901'/>
				<outgoing xmi:idref='_16_6_2_931029f_1387381811437_851712_948'/>
				<incoming xmi:idref='_16_6_2_931029f_1387381183218_260147_537'/>
				<incoming xmi:idref='_16_6_2_931029f_1387381336521_12721_800'/>
				<incoming xmi:idref='_16_6_2_931029f_1387381515215_550060_906'/>
			</node>
			<node xmi:type='uml:InitialNode' xmi:id='_16_6_2_931029f_1387381186762_859444_541' visibility='public'>
				<outgoing xmi:idref='_16_6_2_931029f_1387381188621_34690_547'/>
			</node>
			<node xmi:type='uml:CentralBufferNode' xmi:id='_16_6_2_931029f_1387381192620_450766_551' name='a' visibility='public' type='_16_6_2_931029f_1387381203305_662702_584'>
				<outgoing xmi:idref='_16_6_2_931029f_1387381357320_622182_805'/>
				<incoming xmi:idref='_16_6_2_931029f_1387381228322_828837_625'/>
				<inState xmi:idref='_16_6_2_931029f_1387381238025_166416_651'/>
			</node>
			<node xmi:type='uml:CentralBufferNode' xmi:id='_16_6_2_931029f_1387381307376_551864_771' name='a' visibility='public' type='_16_6_2_931029f_1387381203305_662702_584'>
				<outgoing xmi:idref='_16_6_2_931029f_1387381336521_12721_800'/>
				<outgoing xmi:idref='_16_6_2_931029f_1387382198482_29278_1011'/>
				<incoming xmi:idref='_16_6_2_931029f_1387381408240_516543_810'/>
				<incoming xmi:idref='_16_6_2_931029f_1387381811437_851712_948'/>
				<inState xmi:idref='_16_6_2_931029f_1387381240978_750808_665'/>
			</node>
			<node xmi:type='uml:CallBehaviorAction' xmi:id='_16_6_2_931029f_1387381423200_952631_814' name='4' visibility='public'>
				<outgoing xmi:idref='_16_6_2_931029f_1387381433840_556589_845'/>
				<outgoing xmi:idref='_16_6_2_931029f_1387381733638_170843_943'/>
				<outgoing xmi:idref='_16_6_2_931029f_1387381917172_567572_965'/>
				<incoming xmi:idref='_16_6_2_931029f_1387381431487_777383_840'/>
				<incoming xmi:idref='_16_6_2_931029f_1387381529711_46571_911'/>
				<incoming xmi:idref='_16_6_2_931029f_1387382198482_29278_1011'/>
			</node>
			<node xmi:type='uml:CallBehaviorAction' xmi:id='_16_6_2_931029f_1387381427416_227811_827' name='5' visibility='public'>
				<outgoing xmi:idref='_16_6_2_931029f_1387381712551_21400_932'/>
				<outgoing xmi:idref='_16_6_2_931029f_1387381924662_414506_975'/>
				<incoming xmi:idref='_16_6_2_931029f_1387381433840_556589_845'/>
				<incoming xmi:idref='_16_6_2_931029f_1387382171403_537242_993'/>
			</node>
			<node xmi:type='uml:CentralBufferNode' xmi:id='_16_6_2_931029f_1387381439064_445283_849' name='b' visibility='public' type='_16_6_2_931029f_1387381206379_977810_604'>
				<outgoing xmi:idref='_16_6_2_931029f_1387381473168_594650_883'/>
				<outgoing xmi:idref='_16_6_2_931029f_1387381515215_550060_906'/>
				<outgoing xmi:idref='_16_6_2_931029f_1387381529711_46571_911'/>
				<outgoing xmi:idref='_16_6_2_931029f_1387382171403_537242_993'/>
				<incoming xmi:idref='_16_6_2_931029f_1387381460736_280328_873'/>
				<incoming xmi:idref='_16_6_2_931029f_1387381511624_95680_901'/>
				<incoming xmi:idref='_16_6_2_931029f_1387381733638_170843_943'/>
				<inState xmi:idref='_16_6_2_931029f_1387381261201_80685_729'/>
			</node>
			<node xmi:type='uml:CentralBufferNode' xmi:id='_16_6_2_931029f_1387381494407_253160_888' visibility='public'>
				<incoming xmi:idref='_16_6_2_931029f_1387381494411_741624_891'/>
				<incoming xmi:idref='_16_6_2_931029f_1387381504304_538292_896'/>
			</node>
			<node xmi:type='uml:CentralBufferNode' xmi:id='_16_6_2_931029f_1387381588142_556599_915' name='b' visibility='public' type='_16_6_2_931029f_1387381206379_977810_604'>
				<incoming xmi:idref='_16_6_2_931029f_1387381712551_21400_932'/>
				<inState xmi:idref='_16_6_2_931029f_1387381262833_968716_743'/>
			</node>
			<node xmi:type='uml:CentralBufferNode' xmi:id='_16_6_2_931029f_1387381830757_134345_952' name='a' visibility='public' type='_16_6_2_931029f_1387381203305_662702_584'>
				<incoming xmi:idref='_16_6_2_931029f_1387381917172_567572_965'/>
				<inState xmi:idref='_16_6_2_931029f_1387381242730_536448_679'/>
			</node>
			<node xmi:type='uml:ActivityFinalNode' xmi:id='_16_6_2_931029f_1387381922029_276538_969' visibility='public'>
				<incoming xmi:idref='_16_6_2_931029f_1387381924662_414506_975'/>
			</node>
			<edge xmi:type='uml:ControlFlow' xmi:id='_16_6_2_931029f_1387381179570_649314_529' visibility='public' source='_16_6_2_931029f_1387381174730_729264_503' target='_16_6_2_931029f_1387381176418_475529_516'>
				<weight xmi:type='uml:LiteralUnlimitedNatural' xmi:id='_16_6_2_931029f_1387381179570_166698_530' visibility='public' value='1'/>
			</edge>
			<edge xmi:type='uml:ControlFlow' xmi:id='_16_6_2_931029f_1387381183218_260147_537' visibility='public' source='_16_6_2_931029f_1387381176418_475529_516' target='_16_6_2_931029f_1387381183213_693298_534'>
				<weight xmi:type='uml:LiteralUnlimitedNatural' xmi:id='_16_6_2_931029f_1387381183218_275449_538' visibility='public' value='1'/>
			</edge>
			<edge xmi:type='uml:ControlFlow' xmi:id='_16_6_2_931029f_1387381188621_34690_547' visibility='public' source='_16_6_2_931029f_1387381186762_859444_541' target='_16_6_2_931029f_1387381174730_729264_503'>
				<weight xmi:type='uml:LiteralUnlimitedNatural' xmi:id='_16_6_2_931029f_1387381188621_588067_548' visibility='public' value='1'/>
			</edge>
			<edge xmi:type='uml:ObjectFlow' xmi:id='_16_6_2_931029f_1387381228322_828837_625' visibility='public' source='_16_6_2_931029f_1387381174730_729264_503' target='_16_6_2_931029f_1387381192620_450766_551'>
				<weight xmi:type='uml:LiteralUnlimitedNatural' xmi:id='_16_6_2_931029f_1387381228322_472600_626' visibility='public' value='1'/>
			</edge>
			<edge xmi:type='uml:ObjectFlow' xmi:id='_16_6_2_931029f_1387381336521_12721_800' visibility='public' source='_16_6_2_931029f_1387381307376_551864_771' target='_16_6_2_931029f_1387381183213_693298_534'>
				<weight xmi:type='uml:LiteralUnlimitedNatural' xmi:id='_16_6_2_931029f_1387381336521_218817_801' visibility='public' value='1'/>
			</edge>
			<edge xmi:type='uml:ObjectFlow' xmi:id='_16_6_2_931029f_1387381357320_622182_805' visibility='public' source='_16_6_2_931029f_1387381192620_450766_551' target='_16_6_2_931029f_1387381176418_475529_516'>
				<weight xmi:type='uml:LiteralUnlimitedNatural' xmi:id='_16_6_2_931029f_1387381357321_104447_806' visibility='public' value='1'/>
			</edge>
			<edge xmi:type='uml:ObjectFlow' xmi:id='_16_6_2_931029f_1387381408240_516543_810' visibility='public' source='_16_6_2_931029f_1387381176418_475529_516' target='_16_6_2_931029f_1387381307376_551864_771'>
				<weight xmi:type='uml:LiteralUnlimitedNatural' xmi:id='_16_6_2_931029f_1387381408240_646909_811' visibility='public' value='1'/>
			</edge>
			<edge xmi:type='uml:ControlFlow' xmi:id='_16_6_2_931029f_1387381431487_777383_840' visibility='public' source='_16_6_2_931029f_1387381183213_693298_534' target='_16_6_2_931029f_1387381423200_952631_814'>
				<weight xmi:type='uml:LiteralUnlimitedNatural' xmi:id='_16_6_2_931029f_1387381431488_137634_841' visibility='public' value='1'/>
			</edge>
			<edge xmi:type='uml:ControlFlow' xmi:id='_16_6_2_931029f_1387381433840_556589_845' visibility='public' source='_16_6_2_931029f_1387381423200_952631_814' target='_16_6_2_931029f_1387381427416_227811_827'>
				<weight xmi:type='uml:LiteralUnlimitedNatural' xmi:id='_16_6_2_931029f_1387381433841_310646_846' visibility='public' value='1'/>
			</edge>
			<edge xmi:type='uml:ObjectFlow' xmi:id='_16_6_2_931029f_1387381460736_280328_873' visibility='public' source='_16_6_2_931029f_1387381174730_729264_503' target='_16_6_2_931029f_1387381439064_445283_849'>
				<weight xmi:type='uml:LiteralUnlimitedNatural' xmi:id='_16_6_2_931029f_1387381460736_567358_874' visibility='public' value='1'/>
			</edge>
			<edge xmi:type='uml:ObjectFlow' xmi:id='_16_6_2_931029f_1387381473168_594650_883' visibility='public' source='_16_6_2_931029f_1387381439064_445283_849' target='_16_6_2_931029f_1387381176418_475529_516'>
				<weight xmi:type='uml:LiteralUnlimitedNatural' xmi:id='_16_6_2_931029f_1387381473168_912249_884' visibility='public' value='1'/>
			</edge>
			<edge xmi:type='uml:ObjectFlow' xmi:id='_16_6_2_931029f_1387381494411_741624_891' visibility='public' source='_16_6_2_931029f_1387381183213_693298_534' target='_16_6_2_931029f_1387381494407_253160_888'>
				<weight xmi:type='uml:LiteralUnlimitedNatural' xmi:id='_16_6_2_931029f_1387381494411_378141_892' visibility='public' value='1'/>
			</edge>
			<edge xmi:type='uml:ObjectFlow' xmi:id='_16_6_2_931029f_1387381504304_538292_896' visibility='public' source='_16_6_2_931029f_1387381183213_693298_534' target='_16_6_2_931029f_1387381494407_253160_888'>
				<weight xmi:type='uml:LiteralUnlimitedNatural' xmi:id='_16_6_2_931029f_1387381504304_523538_897' visibility='public' value='1'/>
			</edge>
			<edge xmi:type='uml:ObjectFlow' xmi:id='_16_6_2_931029f_1387381511624_95680_901' visibility='public' source='_16_6_2_931029f_1387381183213_693298_534' target='_16_6_2_931029f_1387381439064_445283_849'>
				<weight xmi:type='uml:LiteralUnlimitedNatural' xmi:id='_16_6_2_931029f_1387381511624_599412_902' visibility='public' value='1'/>
			</edge>
			<edge xmi:type='uml:ObjectFlow' xmi:id='_16_6_2_931029f_1387381515215_550060_906' visibility='public' source='_16_6_2_931029f_1387381439064_445283_849' target='_16_6_2_931029f_1387381183213_693298_534'>
				<weight xmi:type='uml:LiteralUnlimitedNatural' xmi:id='_16_6_2_931029f_1387381515215_541530_907' visibility='public' value='1'/>
			</edge>
			<edge xmi:type='uml:ObjectFlow' xmi:id='_16_6_2_931029f_1387381529711_46571_911' visibility='public' source='_16_6_2_931029f_1387381439064_445283_849' target='_16_6_2_931029f_1387381423200_952631_814'>
				<weight xmi:type='uml:LiteralUnlimitedNatural' xmi:id='_16_6_2_931029f_1387381529711_663371_912' visibility='public' value='1'/>
			</edge>
			<edge xmi:type='uml:ObjectFlow' xmi:id='_16_6_2_931029f_1387381712551_21400_932' visibility='public' source='_16_6_2_931029f_1387381427416_227811_827' target='_16_6_2_931029f_1387381588142_556599_915'>
				<weight xmi:type='uml:LiteralUnlimitedNatural' xmi:id='_16_6_2_931029f_1387381712552_903256_933' visibility='public' value='1'/>
			</edge>
			<edge xmi:type='uml:ObjectFlow' xmi:id='_16_6_2_931029f_1387381733638_170843_943' visibility='public' source='_16_6_2_931029f_1387381423200_952631_814' target='_16_6_2_931029f_1387381439064_445283_849'>
				<weight xmi:type='uml:LiteralUnlimitedNatural' xmi:id='_16_6_2_931029f_1387381733638_934382_944' visibility='public' value='1'/>
			</edge>
			<edge xmi:type='uml:ObjectFlow' xmi:id='_16_6_2_931029f_1387381811437_851712_948' visibility='public' source='_16_6_2_931029f_1387381183213_693298_534' target='_16_6_2_931029f_1387381307376_551864_771'>
				<weight xmi:type='uml:LiteralUnlimitedNatural' xmi:id='_16_6_2_931029f_1387381811437_973952_949' visibility='public' value='1'/>
			</edge>
			<edge xmi:type='uml:ObjectFlow' xmi:id='_16_6_2_931029f_1387381917172_567572_965' visibility='public' source='_16_6_2_931029f_1387381423200_952631_814' target='_16_6_2_931029f_1387381830757_134345_952'>
				<weight xmi:type='uml:LiteralUnlimitedNatural' xmi:id='_16_6_2_931029f_1387381917173_797250_966' visibility='public' value='1'/>
			</edge>
			<edge xmi:type='uml:ControlFlow' xmi:id='_16_6_2_931029f_1387381924662_414506_975' visibility='public' source='_16_6_2_931029f_1387381427416_227811_827' target='_16_6_2_931029f_1387381922029_276538_969'>
				<weight xmi:type='uml:LiteralUnlimitedNatural' xmi:id='_16_6_2_931029f_1387381924663_210657_976' visibility='public' value='1'/>
			</edge>
			<edge xmi:type='uml:ObjectFlow' xmi:id='_16_6_2_931029f_1387382171403_537242_993' visibility='public' source='_16_6_2_931029f_1387381439064_445283_849' target='_16_6_2_931029f_1387381427416_227811_827'>
				<weight xmi:type='uml:LiteralUnlimitedNatural' xmi:id='_16_6_2_931029f_1387382171403_589360_994' visibility='public' value='1'/>
			</edge>
			<edge xmi:type='uml:ObjectFlow' xmi:id='_16_6_2_931029f_1387382198482_29278_1011' visibility='public' source='_16_6_2_931029f_1387381307376_551864_771' target='_16_6_2_931029f_1387381423200_952631_814'>
				<weight xmi:type='uml:LiteralUnlimitedNatural' xmi:id='_16_6_2_931029f_1387382198483_734189_1012' visibility='public' value='1'/>
			</edge>
		</packagedElement>
		<packagedElement xmi:type='uml:Class' xmi:id='_16_6_2_931029f_1387381203305_662702_584' name='A' visibility='public'>
			<ownedBehavior xmi:type='uml:StateMachine' xmi:id='_16_6_2_931029f_1387381234858_723352_629' name='A' visibility='public'>
				<region xmi:type='uml:Region' xmi:id='_16_6_2_931029f_1387381234858_598331_630' visibility='public'>
					<subvertex xmi:type='uml:State' xmi:id='_16_6_2_931029f_1387381238025_166416_651' name='a1' visibility='public'/>
					<subvertex xmi:type='uml:State' xmi:id='_16_6_2_931029f_1387381240978_750808_665' name='a2' visibility='public'/>
					<subvertex xmi:type='uml:State' xmi:id='_16_6_2_931029f_1387381242730_536448_679' name='a3' visibility='public'/>
				</region>
			</ownedBehavior>
		</packagedElement>
		<packagedElement xmi:type='uml:Class' xmi:id='_16_6_2_931029f_1387381206379_977810_604' name='B' visibility='public'>
			<ownedBehavior xmi:type='uml:StateMachine' xmi:id='_16_6_2_931029f_1387381258458_315286_707' name='B' visibility='public'>
				<region xmi:type='uml:Region' xmi:id='_16_6_2_931029f_1387381258458_484119_708' visibility='public'>
					<subvertex xmi:type='uml:State' xmi:id='_16_6_2_931029f_1387381261201_80685_729' name='b1' visibility='public'/>
					<subvertex xmi:type='uml:State' xmi:id='_16_6_2_931029f_1387381262833_968716_743' name='b2' visibility='public'/>
					<subvertex xmi:type='uml:State' xmi:id='_16_6_2_931029f_1387381264721_732602_757' name='b3' visibility='public'/>
				</region>
			</ownedBehavior>
		</packagedElement>
		<packagedElement xmi:type='uml:Activity' xmi:id='_16_6_2_931029f_1387382359958_423834_1013' name='processflow2' visibility='public'>
			<node xmi:type='uml:CallBehaviorAction' xmi:id='_16_6_2_931029f_1387382359961_555977_1037' name='1' visibility='public'>
				<outgoing xmi:idref='_16_6_2_931029f_1387382359959_119399_1014'/>
				<outgoing xmi:idref='_16_6_2_931029f_1387382359959_425488_1017'/>
				<outgoing xmi:idref='_16_6_2_931029f_1387382359959_265229_1023'/>
				<incoming xmi:idref='_16_6_2_931029f_1387382359959_963760_1016'/>
			</node>
			<node xmi:type='uml:CallBehaviorAction' xmi:id='_16_6_2_931029f_1387382359961_404402_1038' name='2' visibility='public'>
				<outgoing xmi:idref='_16_6_2_931029f_1387382359959_962279_1015'/>
				<outgoing xmi:idref='_16_6_2_931029f_1387382359959_840642_1020'/>
				<incoming xmi:idref='_16_6_2_931029f_1387382359959_119399_1014'/>
				<incoming xmi:idref='_16_6_2_931029f_1387382359959_30535_1019'/>
				<incoming xmi:idref='_16_6_2_931029f_1387382359960_820118_1024'/>
			</node>
			<node xmi:type='uml:CallBehaviorAction' xmi:id='_16_6_2_931029f_1387382359961_834070_1039' name='3' visibility='public'>
				<outgoing xmi:idref='_16_6_2_931029f_1387382359959_176985_1021'/>
				<outgoing xmi:idref='_16_6_2_931029f_1387382359960_254405_1025'/>
				<outgoing xmi:idref='_16_6_2_931029f_1387382359960_353768_1026'/>
				<incoming xmi:idref='_16_6_2_931029f_1387382359959_962279_1015'/>
			</node>
			<node xmi:type='uml:InitialNode' xmi:id='_16_6_2_931029f_1387382359961_126706_1040' visibility='public'>
				<outgoing xmi:idref='_16_6_2_931029f_1387382359959_963760_1016'/>
			</node>
			<node xmi:type='uml:CentralBufferNode' xmi:id='_16_6_2_931029f_1387382359961_998039_1041' name='a' visibility='public' type='_16_6_2_931029f_1387381203305_662702_584'>
				<outgoing xmi:idref='_16_6_2_931029f_1387382359959_30535_1019'/>
				<incoming xmi:idref='_16_6_2_931029f_1387382359959_425488_1017'/>
				<inState xmi:idref='_16_6_2_931029f_1387381238025_166416_651'/>
			</node>
			<node xmi:type='uml:CentralBufferNode' xmi:id='_16_6_2_931029f_1387382359961_542791_1042' name='a1' visibility='public' type='_16_6_2_931029f_1387381203305_662702_584'>
				<outgoing xmi:idref='_16_6_2_931029f_1387382359960_187834_1036'/>
				<incoming xmi:idref='_16_6_2_931029f_1387382359959_840642_1020'/>
				<inState xmi:idref='_16_6_2_931029f_1387381240978_750808_665'/>
			</node>
			<node xmi:type='uml:CallBehaviorAction' xmi:id='_16_6_2_931029f_1387382359962_976628_1043' name='4' visibility='public'>
				<outgoing xmi:idref='_16_6_2_931029f_1387382359959_879087_1022'/>
				<outgoing xmi:idref='_16_6_2_931029f_1387382359960_407509_1033'/>
				<incoming xmi:idref='_16_6_2_931029f_1387382359959_176985_1021'/>
				<incoming xmi:idref='_16_6_2_931029f_1387382359960_187834_1036'/>
			</node>
			<node xmi:type='uml:CallBehaviorAction' xmi:id='_16_6_2_931029f_1387382359962_24431_1044' name='5' visibility='public'>
				<outgoing xmi:idref='_16_6_2_931029f_1387382359960_506103_1030'/>
				<outgoing xmi:idref='_16_6_2_931029f_1387382359960_903160_1034'/>
				<incoming xmi:idref='_16_6_2_931029f_1387382359959_879087_1022'/>
				<incoming xmi:idref='_16_6_2_931029f_1387382359960_721908_1035'/>
			</node>
			<node xmi:type='uml:CentralBufferNode' xmi:id='_16_6_2_931029f_1387382359962_699223_1045' name='b' visibility='public' type='_16_6_2_931029f_1387381206379_977810_604'>
				<outgoing xmi:idref='_16_6_2_931029f_1387382359960_820118_1024'/>
				<outgoing xmi:idref='_16_6_2_931029f_1387382359960_721908_1035'/>
				<incoming xmi:idref='_16_6_2_931029f_1387382359959_265229_1023'/>
				<inState xmi:idref='_16_6_2_931029f_1387381261201_80685_729'/>
			</node>
			<node xmi:type='uml:CentralBufferNode' xmi:id='_16_6_2_931029f_1387382359962_990564_1046' visibility='public'>
				<incoming xmi:idref='_16_6_2_931029f_1387382359960_254405_1025'/>
				<incoming xmi:idref='_16_6_2_931029f_1387382359960_353768_1026'/>
			</node>
			<node xmi:type='uml:CentralBufferNode' xmi:id='_16_6_2_931029f_1387382359962_253790_1047' name='b1' visibility='public' type='_16_6_2_931029f_1387381206379_977810_604'>
				<incoming xmi:idref='_16_6_2_931029f_1387382359960_506103_1030'/>
				<inState xmi:idref='_16_6_2_931029f_1387381262833_968716_743'/>
			</node>
			<node xmi:type='uml:CentralBufferNode' xmi:id='_16_6_2_931029f_1387382359962_634256_1048' name='a2' visibility='public' type='_16_6_2_931029f_1387381203305_662702_584'>
				<incoming xmi:idref='_16_6_2_931029f_1387382359960_407509_1033'/>
				<inState xmi:idref='_16_6_2_931029f_1387381242730_536448_679'/>
			</node>
			<node xmi:type='uml:ActivityFinalNode' xmi:id='_16_6_2_931029f_1387382359963_145967_1049' visibility='public'>
				<incoming xmi:idref='_16_6_2_931029f_1387382359960_903160_1034'/>
			</node>
			<edge xmi:type='uml:ControlFlow' xmi:id='_16_6_2_931029f_1387382359959_119399_1014' visibility='public' source='_16_6_2_931029f_1387382359961_555977_1037' target='_16_6_2_931029f_1387382359961_404402_1038'>
				<weight xmi:type='uml:LiteralUnlimitedNatural' xmi:id='_16_6_2_931029f_1387382359970_173650_1071' visibility='public' value='1'/>
			</edge>
			<edge xmi:type='uml:ControlFlow' xmi:id='_16_6_2_931029f_1387382359959_962279_1015' visibility='public' source='_16_6_2_931029f_1387382359961_404402_1038' target='_16_6_2_931029f_1387382359961_834070_1039'>
				<weight xmi:type='uml:LiteralUnlimitedNatural' xmi:id='_16_6_2_931029f_1387382359970_633181_1072' visibility='public' value='1'/>
			</edge>
			<edge xmi:type='uml:ControlFlow' xmi:id='_16_6_2_931029f_1387382359959_963760_1016' visibility='public' source='_16_6_2_931029f_1387382359961_126706_1040' target='_16_6_2_931029f_1387382359961_555977_1037'>
				<weight xmi:type='uml:LiteralUnlimitedNatural' xmi:id='_16_6_2_931029f_1387382359971_142725_1073' visibility='public' value='1'/>
			</edge>
			<edge xmi:type='uml:ObjectFlow' xmi:id='_16_6_2_931029f_1387382359959_425488_1017' visibility='public' source='_16_6_2_931029f_1387382359961_555977_1037' target='_16_6_2_931029f_1387382359961_998039_1041'>
				<weight xmi:type='uml:LiteralUnlimitedNatural' xmi:id='_16_6_2_931029f_1387382359971_250975_1074' visibility='public' value='1'/>
			</edge>
			<edge xmi:type='uml:ObjectFlow' xmi:id='_16_6_2_931029f_1387382359959_30535_1019' visibility='public' source='_16_6_2_931029f_1387382359961_998039_1041' target='_16_6_2_931029f_1387382359961_404402_1038'>
				<weight xmi:type='uml:LiteralUnlimitedNatural' xmi:id='_16_6_2_931029f_1387382359971_123202_1076' visibility='public' value='1'/>
			</edge>
			<edge xmi:type='uml:ObjectFlow' xmi:id='_16_6_2_931029f_1387382359959_840642_1020' visibility='public' source='_16_6_2_931029f_1387382359961_404402_1038' target='_16_6_2_931029f_1387382359961_542791_1042'>
				<weight xmi:type='uml:LiteralUnlimitedNatural' xmi:id='_16_6_2_931029f_1387382359971_940052_1077' visibility='public' value='1'/>
			</edge>
			<edge xmi:type='uml:ControlFlow' xmi:id='_16_6_2_931029f_1387382359959_176985_1021' visibility='public' source='_16_6_2_931029f_1387382359961_834070_1039' target='_16_6_2_931029f_1387382359962_976628_1043'>
				<weight xmi:type='uml:LiteralUnlimitedNatural' xmi:id='_16_6_2_931029f_1387382359971_245301_1078' visibility='public' value='1'/>
			</edge>
			<edge xmi:type='uml:ControlFlow' xmi:id='_16_6_2_931029f_1387382359959_879087_1022' visibility='public' source='_16_6_2_931029f_1387382359962_976628_1043' target='_16_6_2_931029f_1387382359962_24431_1044'>
				<weight xmi:type='uml:LiteralUnlimitedNatural' xmi:id='_16_6_2_931029f_1387382359971_597422_1079' visibility='public' value='1'/>
			</edge>
			<edge xmi:type='uml:ObjectFlow' xmi:id='_16_6_2_931029f_1387382359959_265229_1023' visibility='public' source='_16_6_2_931029f_1387382359961_555977_1037' target='_16_6_2_931029f_1387382359962_699223_1045'>
				<weight xmi:type='uml:LiteralUnlimitedNatural' xmi:id='_16_6_2_931029f_1387382359971_351549_1080' visibility='public' value='1'/>
			</edge>
			<edge xmi:type='uml:ObjectFlow' xmi:id='_16_6_2_931029f_1387382359960_820118_1024' visibility='public' source='_16_6_2_931029f_1387382359962_699223_1045' target='_16_6_2_931029f_1387382359961_404402_1038'>
				<weight xmi:type='uml:LiteralUnlimitedNatural' xmi:id='_16_6_2_931029f_1387382359971_938616_1081' visibility='public' value='1'/>
			</edge>
			<edge xmi:type='uml:ObjectFlow' xmi:id='_16_6_2_931029f_1387382359960_254405_1025' visibility='public' source='_16_6_2_931029f_1387382359961_834070_1039' target='_16_6_2_931029f_1387382359962_990564_1046'>
				<weight xmi:type='uml:LiteralUnlimitedNatural' xmi:id='_16_6_2_931029f_1387382359971_955649_1082' visibility='public' value='1'/>
			</edge>
			<edge xmi:type='uml:ObjectFlow' xmi:id='_16_6_2_931029f_1387382359960_353768_1026' visibility='public' source='_16_6_2_931029f_1387382359961_834070_1039' target='_16_6_2_931029f_1387382359962_990564_1046'>
				<weight xmi:type='uml:LiteralUnlimitedNatural' xmi:id='_16_6_2_931029f_1387382359971_511484_1083' visibility='public' value='1'/>
			</edge>
			<edge xmi:type='uml:ObjectFlow' xmi:id='_16_6_2_931029f_1387382359960_506103_1030' visibility='public' source='_16_6_2_931029f_1387382359962_24431_1044' target='_16_6_2_931029f_1387382359962_253790_1047'>
				<weight xmi:type='uml:LiteralUnlimitedNatural' xmi:id='_16_6_2_931029f_1387382359972_138673_1087' visibility='public' value='1'/>
			</edge>
			<edge xmi:type='uml:ObjectFlow' xmi:id='_16_6_2_931029f_1387382359960_407509_1033' visibility='public' source='_16_6_2_931029f_1387382359962_976628_1043' target='_16_6_2_931029f_1387382359962_634256_1048'>
				<weight xmi:type='uml:LiteralUnlimitedNatural' xmi:id='_16_6_2_931029f_1387382359972_961748_1090' visibility='public' value='1'/>
			</edge>
			<edge xmi:type='uml:ControlFlow' xmi:id='_16_6_2_931029f_1387382359960_903160_1034' visibility='public' source='_16_6_2_931029f_1387382359962_24431_1044' target='_16_6_2_931029f_1387382359963_145967_1049'>
				<weight xmi:type='uml:LiteralUnlimitedNatural' xmi:id='_16_6_2_931029f_1387382359972_694643_1091' visibility='public' value='1'/>
			</edge>
			<edge xmi:type='uml:ObjectFlow' xmi:id='_16_6_2_931029f_1387382359960_721908_1035' visibility='public' source='_16_6_2_931029f_1387382359962_699223_1045' target='_16_6_2_931029f_1387382359962_24431_1044'>
				<weight xmi:type='uml:LiteralUnlimitedNatural' xmi:id='_16_6_2_931029f_1387382359972_642777_1092' visibility='public' value='1'/>
			</edge>
			<edge xmi:type='uml:ObjectFlow' xmi:id='_16_6_2_931029f_1387382359960_187834_1036' visibility='public' source='_16_6_2_931029f_1387382359961_542791_1042' target='_16_6_2_931029f_1387382359962_976628_1043'>
				<weight xmi:type='uml:LiteralUnlimitedNatural' xmi:id='_16_6_2_931029f_1387382359972_953825_1093' visibility='public' value='1'/>
			</edge>
		</packagedElement>
		<packagedElement xmi:type='uml:Activity' xmi:id='_16_6_2_931029f_1387382593588_353666_1154' name='processflow3' visibility='public'>
			<node xmi:type='uml:CallBehaviorAction' xmi:id='_16_6_2_931029f_1387382593590_845183_1178' name='1' visibility='public'>
				<outgoing xmi:idref='_16_6_2_931029f_1387382593589_765559_1155'/>
				<outgoing xmi:idref='_16_6_2_931029f_1387382593589_198942_1158'/>
				<outgoing xmi:idref='_16_6_2_931029f_1387382593589_19144_1164'/>
				<incoming xmi:idref='_16_6_2_931029f_1387382593589_531444_1157'/>
			</node>
			<node xmi:type='uml:CallBehaviorAction' xmi:id='_16_6_2_931029f_1387382593591_691606_1179' name='2' visibility='public'>
				<outgoing xmi:idref='_16_6_2_931029f_1387382593589_661288_1156'/>
				<outgoing xmi:idref='_16_6_2_931029f_1387382593589_808977_1161'/>
				<incoming xmi:idref='_16_6_2_931029f_1387382593589_765559_1155'/>
				<incoming xmi:idref='_16_6_2_931029f_1387382593589_901804_1160'/>
				<incoming xmi:idref='_16_6_2_931029f_1387382593589_857938_1165'/>
			</node>
			<node xmi:type='uml:CallBehaviorAction' xmi:id='_16_6_2_931029f_1387382593591_924104_1180' name='3' visibility='public'>
				<outgoing xmi:idref='_16_6_2_931029f_1387382593589_857448_1162'/>
				<outgoing xmi:idref='_16_6_2_931029f_1387382593590_63868_1166'/>
				<outgoing xmi:idref='_16_6_2_931029f_1387382593590_68532_1167'/>
				<incoming xmi:idref='_16_6_2_931029f_1387382593589_661288_1156'/>
				<incoming xmi:idref='_16_6_2_931029f_1387382593589_527976_1159'/>
				<incoming xmi:idref='_16_6_2_931029f_1387382593590_109162_1169'/>
			</node>
			<node xmi:type='uml:InitialNode' xmi:id='_16_6_2_931029f_1387382593591_853701_1181' visibility='public'>
				<outgoing xmi:idref='_16_6_2_931029f_1387382593589_531444_1157'/>
			</node>
			<node xmi:type='uml:CentralBufferNode' xmi:id='_16_6_2_931029f_1387382593591_950512_1182' name='a' visibility='public' type='_16_6_2_931029f_1387381203305_662702_584'>
				<outgoing xmi:idref='_16_6_2_931029f_1387382593589_901804_1160'/>
				<incoming xmi:idref='_16_6_2_931029f_1387382593589_198942_1158'/>
				<inState xmi:idref='_16_6_2_931029f_1387381238025_166416_651'/>
			</node>
			<node xmi:type='uml:CentralBufferNode' xmi:id='_16_6_2_931029f_1387382593591_297579_1183' name='a1' visibility='public' type='_16_6_2_931029f_1387381203305_662702_584'>
				<outgoing xmi:idref='_16_6_2_931029f_1387382593589_527976_1159'/>
				<outgoing xmi:idref='_16_6_2_931029f_1387382593590_60127_1177'/>
				<incoming xmi:idref='_16_6_2_931029f_1387382593589_808977_1161'/>
				<inState xmi:idref='_16_6_2_931029f_1387381240978_750808_665'/>
			</node>
			<node xmi:type='uml:CallBehaviorAction' xmi:id='_16_6_2_931029f_1387382593592_442607_1184' name='4' visibility='public'>
				<outgoing xmi:idref='_16_6_2_931029f_1387382593589_49594_1163'/>
				<outgoing xmi:idref='_16_6_2_931029f_1387382593590_386491_1174'/>
				<incoming xmi:idref='_16_6_2_931029f_1387382593589_857448_1162'/>
				<incoming xmi:idref='_16_6_2_931029f_1387382593590_251993_1170'/>
				<incoming xmi:idref='_16_6_2_931029f_1387382593590_60127_1177'/>
			</node>
			<node xmi:type='uml:CallBehaviorAction' xmi:id='_16_6_2_931029f_1387382593592_854501_1185' name='5' visibility='public'>
				<outgoing xmi:idref='_16_6_2_931029f_1387382593590_88874_1171'/>
				<outgoing xmi:idref='_16_6_2_931029f_1387382593590_228790_1175'/>
				<incoming xmi:idref='_16_6_2_931029f_1387382593589_49594_1163'/>
				<incoming xmi:idref='_16_6_2_931029f_1387382593590_86043_1176'/>
			</node>
			<node xmi:type='uml:CentralBufferNode' xmi:id='_16_6_2_931029f_1387382593592_898253_1186' name='b' visibility='public' type='_16_6_2_931029f_1387381206379_977810_604'>
				<outgoing xmi:idref='_16_6_2_931029f_1387382593589_857938_1165'/>
				<outgoing xmi:idref='_16_6_2_931029f_1387382593590_109162_1169'/>
				<outgoing xmi:idref='_16_6_2_931029f_1387382593590_251993_1170'/>
				<outgoing xmi:idref='_16_6_2_931029f_1387382593590_86043_1176'/>
				<incoming xmi:idref='_16_6_2_931029f_1387382593589_19144_1164'/>
				<inState xmi:idref='_16_6_2_931029f_1387381261201_80685_729'/>
			</node>
			<node xmi:type='uml:CentralBufferNode' xmi:id='_16_6_2_931029f_1387382593592_702649_1187' visibility='public'>
				<incoming xmi:idref='_16_6_2_931029f_1387382593590_63868_1166'/>
				<incoming xmi:idref='_16_6_2_931029f_1387382593590_68532_1167'/>
			</node>
			<node xmi:type='uml:CentralBufferNode' xmi:id='_16_6_2_931029f_1387382593592_776030_1188' name='b1' visibility='public' type='_16_6_2_931029f_1387381206379_977810_604'>
				<incoming xmi:idref='_16_6_2_931029f_1387382593590_88874_1171'/>
				<inState xmi:idref='_16_6_2_931029f_1387381262833_968716_743'/>
			</node>
			<node xmi:type='uml:CentralBufferNode' xmi:id='_16_6_2_931029f_1387382593592_375216_1189' name='a2' visibility='public' type='_16_6_2_931029f_1387381203305_662702_584'>
				<incoming xmi:idref='_16_6_2_931029f_1387382593590_386491_1174'/>
				<inState xmi:idref='_16_6_2_931029f_1387381242730_536448_679'/>
			</node>
			<node xmi:type='uml:ActivityFinalNode' xmi:id='_16_6_2_931029f_1387382593593_512236_1190' visibility='public'>
				<incoming xmi:idref='_16_6_2_931029f_1387382593590_228790_1175'/>
			</node>
			<edge xmi:type='uml:ControlFlow' xmi:id='_16_6_2_931029f_1387382593589_765559_1155' visibility='public' source='_16_6_2_931029f_1387382593590_845183_1178' target='_16_6_2_931029f_1387382593591_691606_1179'>
				<weight xmi:type='uml:LiteralUnlimitedNatural' xmi:id='_16_6_2_931029f_1387382593600_68645_1211' visibility='public' value='1'/>
			</edge>
			<edge xmi:type='uml:ControlFlow' xmi:id='_16_6_2_931029f_1387382593589_661288_1156' visibility='public' source='_16_6_2_931029f_1387382593591_691606_1179' target='_16_6_2_931029f_1387382593591_924104_1180'>
				<weight xmi:type='uml:LiteralUnlimitedNatural' xmi:id='_16_6_2_931029f_1387382593600_504252_1212' visibility='public' value='1'/>
			</edge>
			<edge xmi:type='uml:ControlFlow' xmi:id='_16_6_2_931029f_1387382593589_531444_1157' visibility='public' source='_16_6_2_931029f_1387382593591_853701_1181' target='_16_6_2_931029f_1387382593590_845183_1178'>
				<weight xmi:type='uml:LiteralUnlimitedNatural' xmi:id='_16_6_2_931029f_1387382593600_240449_1213' visibility='public' value='1'/>
			</edge>
			<edge xmi:type='uml:ObjectFlow' xmi:id='_16_6_2_931029f_1387382593589_198942_1158' visibility='public' source='_16_6_2_931029f_1387382593590_845183_1178' target='_16_6_2_931029f_1387382593591_950512_1182'>
				<weight xmi:type='uml:LiteralUnlimitedNatural' xmi:id='_16_6_2_931029f_1387382593600_395009_1214' visibility='public' value='1'/>
			</edge>
			<edge xmi:type='uml:ObjectFlow' xmi:id='_16_6_2_931029f_1387382593589_527976_1159' visibility='public' source='_16_6_2_931029f_1387382593591_297579_1183' target='_16_6_2_931029f_1387382593591_924104_1180'>
				<weight xmi:type='uml:LiteralUnlimitedNatural' xmi:id='_16_6_2_931029f_1387382593600_122414_1215' visibility='public' value='1'/>
			</edge>
			<edge xmi:type='uml:ObjectFlow' xmi:id='_16_6_2_931029f_1387382593589_901804_1160' visibility='public' source='_16_6_2_931029f_1387382593591_950512_1182' target='_16_6_2_931029f_1387382593591_691606_1179'>
				<weight xmi:type='uml:LiteralUnlimitedNatural' xmi:id='_16_6_2_931029f_1387382593600_58224_1216' visibility='public' value='1'/>
			</edge>
			<edge xmi:type='uml:ObjectFlow' xmi:id='_16_6_2_931029f_1387382593589_808977_1161' visibility='public' source='_16_6_2_931029f_1387382593591_691606_1179' target='_16_6_2_931029f_1387382593591_297579_1183'>
				<weight xmi:type='uml:LiteralUnlimitedNatural' xmi:id='_16_6_2_931029f_1387382593600_396122_1217' visibility='public' value='1'/>
			</edge>
			<edge xmi:type='uml:ControlFlow' xmi:id='_16_6_2_931029f_1387382593589_857448_1162' visibility='public' source='_16_6_2_931029f_1387382593591_924104_1180' target='_16_6_2_931029f_1387382593592_442607_1184'>
				<weight xmi:type='uml:LiteralUnlimitedNatural' xmi:id='_16_6_2_931029f_1387382593600_117246_1218' visibility='public' value='1'/>
			</edge>
			<edge xmi:type='uml:ControlFlow' xmi:id='_16_6_2_931029f_1387382593589_49594_1163' visibility='public' source='_16_6_2_931029f_1387382593592_442607_1184' target='_16_6_2_931029f_1387382593592_854501_1185'>
				<weight xmi:type='uml:LiteralUnlimitedNatural' xmi:id='_16_6_2_931029f_1387382593600_922919_1219' visibility='public' value='1'/>
			</edge>
			<edge xmi:type='uml:ObjectFlow' xmi:id='_16_6_2_931029f_1387382593589_19144_1164' visibility='public' source='_16_6_2_931029f_1387382593590_845183_1178' target='_16_6_2_931029f_1387382593592_898253_1186'>
				<weight xmi:type='uml:LiteralUnlimitedNatural' xmi:id='_16_6_2_931029f_1387382593600_527656_1220' visibility='public' value='1'/>
			</edge>
			<edge xmi:type='uml:ObjectFlow' xmi:id='_16_6_2_931029f_1387382593589_857938_1165' visibility='public' source='_16_6_2_931029f_1387382593592_898253_1186' target='_16_6_2_931029f_1387382593591_691606_1179'>
				<weight xmi:type='uml:LiteralUnlimitedNatural' xmi:id='_16_6_2_931029f_1387382593600_591625_1221' visibility='public' value='1'/>
			</edge>
			<edge xmi:type='uml:ObjectFlow' xmi:id='_16_6_2_931029f_1387382593590_63868_1166' visibility='public' source='_16_6_2_931029f_1387382593591_924104_1180' target='_16_6_2_931029f_1387382593592_702649_1187'>
				<weight xmi:type='uml:LiteralUnlimitedNatural' xmi:id='_16_6_2_931029f_1387382593600_683772_1222' visibility='public' value='1'/>
			</edge>
			<edge xmi:type='uml:ObjectFlow' xmi:id='_16_6_2_931029f_1387382593590_68532_1167' visibility='public' source='_16_6_2_931029f_1387382593591_924104_1180' target='_16_6_2_931029f_1387382593592_702649_1187'>
				<weight xmi:type='uml:LiteralUnlimitedNatural' xmi:id='_16_6_2_931029f_1387382593601_497868_1223' visibility='public' value='1'/>
			</edge>
			<edge xmi:type='uml:ObjectFlow' xmi:id='_16_6_2_931029f_1387382593590_109162_1169' visibility='public' source='_16_6_2_931029f_1387382593592_898253_1186' target='_16_6_2_931029f_1387382593591_924104_1180'>
				<weight xmi:type='uml:LiteralUnlimitedNatural' xmi:id='_16_6_2_931029f_1387382593601_65926_1225' visibility='public' value='1'/>
			</edge>
			<edge xmi:type='uml:ObjectFlow' xmi:id='_16_6_2_931029f_1387382593590_251993_1170' visibility='public' source='_16_6_2_931029f_1387382593592_898253_1186' target='_16_6_2_931029f_1387382593592_442607_1184'>
				<weight xmi:type='uml:LiteralUnlimitedNatural' xmi:id='_16_6_2_931029f_1387382593601_408002_1226' visibility='public' value='1'/>
			</edge>
			<edge xmi:type='uml:ObjectFlow' xmi:id='_16_6_2_931029f_1387382593590_88874_1171' visibility='public' source='_16_6_2_931029f_1387382593592_854501_1185' target='_16_6_2_931029f_1387382593592_776030_1188'>
				<weight xmi:type='uml:LiteralUnlimitedNatural' xmi:id='_16_6_2_931029f_1387382593601_279823_1227' visibility='public' value='1'/>
			</edge>
			<edge xmi:type='uml:ObjectFlow' xmi:id='_16_6_2_931029f_1387382593590_386491_1174' visibility='public' source='_16_6_2_931029f_1387382593592_442607_1184' target='_16_6_2_931029f_1387382593592_375216_1189'>
				<weight xmi:type='uml:LiteralUnlimitedNatural' xmi:id='_16_6_2_931029f_1387382593601_768823_1230' visibility='public' value='1'/>
			</edge>
			<edge xmi:type='uml:ControlFlow' xmi:id='_16_6_2_931029f_1387382593590_228790_1175' visibility='public' source='_16_6_2_931029f_1387382593592_854501_1185' target='_16_6_2_931029f_1387382593593_512236_1190'>
				<weight xmi:type='uml:LiteralUnlimitedNatural' xmi:id='_16_6_2_931029f_1387382593601_149705_1231' visibility='public' value='1'/>
			</edge>
			<edge xmi:type='uml:ObjectFlow' xmi:id='_16_6_2_931029f_1387382593590_86043_1176' visibility='public' source='_16_6_2_931029f_1387382593592_898253_1186' target='_16_6_2_931029f_1387382593592_854501_1185'>
				<weight xmi:type='uml:LiteralUnlimitedNatural' xmi:id='_16_6_2_931029f_1387382593601_401224_1232' visibility='public' value='1'/>
			</edge>
			<edge xmi:type='uml:ObjectFlow' xmi:id='_16_6_2_931029f_1387382593590_60127_1177' visibility='public' source='_16_6_2_931029f_1387382593591_297579_1183' target='_16_6_2_931029f_1387382593592_442607_1184'>
				<weight xmi:type='uml:LiteralUnlimitedNatural' xmi:id='_16_6_2_931029f_1387382593601_203136_1233' visibility='public' value='1'/>
			</edge>
		</packagedElement>
	</uml:Model>
	<xmi:Extension extender='MagicDraw UML 16.6'>
		<mdOwnedDiagrams>
			<mdElement elementClass='Diagram' xmi:id='_16_6_2_931029f_1387381125603_753047_478' name='processflow' visibility='public' context='_16_6_2_931029f_1387381125603_906346_480' ownerOfDiagram='_16_6_2_931029f_1387381125603_906346_480'>
				<mdElement elementClass='DiagramPresentationElement' xmi:id='_16_6_2_931029f_1387381125603_118385_479'>
					<elementID xmi:idref='_16_6_2_931029f_1387381125603_753047_478'/>
					<type>Activity Diagram</type>
					<umlType>Activity Diagram</umlType>
					<zoomFactor xmi:value='1.0'/>
					<diagramOpened xmi:value='true'/>
					<diagramFrameInitialSizeSet xmi:value='true'/>
					<diagramWindowBounds>2, 24, 660, 800</diagramWindowBounds>
					<diagramScrollPositionX xmi:value='0'/>
					<diagramScrollPositionY xmi:value='0'/>
					<maximized xmi:value='false'/>
					<active xmi:value='false'/>
					<mdOwnedViews>
						<mdElement elementClass='DiagramFrame' xmi:id='_16_6_2_931029f_1387381125611_549316_492'>
							<elementID xmi:idref='_16_6_2_931029f_1387381125603_753047_478'/>
							<geometry>5, 5, 632, 884</geometry>
						</mdElement>
						<mdElement elementClass='CallBehaviorAction' xmi:id='_16_6_2_931029f_1387381174370_941489_502'>
							<elementID xmi:idref='_16_6_2_931029f_1387381174730_729264_503'/>
							<geometry>180, 164, 100, 22</geometry>
							<verticalCenterline>_16_6_2_931029f_1387381174731_180747_504</verticalCenterline>
							<horizontalCenterline>_16_6_2_931029f_1387381174731_210312_505</horizontalCenterline>
						</mdElement>
						<mdElement elementClass='CallBehaviorAction' xmi:id='_16_6_2_931029f_1387381175938_311978_515'>
							<elementID xmi:idref='_16_6_2_931029f_1387381176418_475529_516'/>
							<geometry>180, 267, 100, 22</geometry>
							<verticalCenterline>_16_6_2_931029f_1387381174731_180747_504</verticalCenterline>
							<horizontalCenterline>_16_6_2_931029f_1387381176418_121441_517</horizontalCenterline>
						</mdElement>
						<mdElement elementClass='ControlFlow' xmi:id='_16_6_2_931029f_1387381178947_341286_528'>
							<elementID xmi:idref='_16_6_2_931029f_1387381179570_649314_529'/>
							<linkFirstEndID xmi:idref='_16_6_2_931029f_1387381175938_311978_515'/>
							<linkSecondEndID xmi:idref='_16_6_2_931029f_1387381174370_941489_502'/>
							<geometry>230, 267; 230, 186; </geometry>
							<nameVisible xmi:value='true'/>
						</mdElement>
						<mdElement elementClass='CallBehaviorAction' xmi:id='_16_6_2_931029f_1387381183214_852112_535'>
							<elementID xmi:idref='_16_6_2_931029f_1387381183213_693298_534'/>
							<geometry>180, 365, 100, 22</geometry>
							<verticalCenterline>_16_6_2_931029f_1387381174731_180747_504</verticalCenterline>
							<horizontalCenterline>_16_6_2_931029f_1387381183217_160477_536</horizontalCenterline>
						</mdElement>
						<mdElement elementClass='ControlFlow' xmi:id='_16_6_2_931029f_1387381180866_373665_533'>
							<elementID xmi:idref='_16_6_2_931029f_1387381183218_260147_537'/>
							<linkFirstEndID xmi:idref='_16_6_2_931029f_1387381183214_852112_535'/>
							<linkSecondEndID xmi:idref='_16_6_2_931029f_1387381175938_311978_515'/>
							<geometry>230, 365; 230, 289; </geometry>
							<nameVisible xmi:value='true'/>
						</mdElement>
						<mdElement elementClass='PseudoNode' xmi:id='_16_6_2_931029f_1387381185881_7056_540'>
							<elementID xmi:idref='_16_6_2_931029f_1387381186762_859444_541'/>
							<geometry>221, 95, 18, 18</geometry>
							<verticalCenterline>_16_6_2_931029f_1387381174731_180747_504</verticalCenterline>
							<horizontalCenterline>_16_6_2_931029f_1387381186762_737657_542</horizontalCenterline>
						</mdElement>
						<mdElement elementClass='ControlFlow' xmi:id='_16_6_2_931029f_1387381187851_804174_546'>
							<elementID xmi:idref='_16_6_2_931029f_1387381188621_34690_547'/>
							<linkFirstEndID xmi:idref='_16_6_2_931029f_1387381174370_941489_502'/>
							<linkSecondEndID xmi:idref='_16_6_2_931029f_1387381185881_7056_540'/>
							<geometry>230, 164; 230, 113; </geometry>
							<nameVisible xmi:value='true'/>
						</mdElement>
						<mdElement elementClass='ObjectNode' xmi:id='_16_6_2_931029f_1387381191914_778005_550'>
							<elementID xmi:idref='_16_6_2_931029f_1387381192620_450766_551'/>
							<geometry>390, 157, 85, 36</geometry>
							<verticalCenterline>_16_6_2_931029f_1387381192621_8092_552</verticalCenterline>
							<horizontalCenterline>_16_6_2_931029f_1387381174731_210312_505</horizontalCenterline>
						</mdElement>
						<mdElement elementClass='ObjectFlow' xmi:id='_16_6_2_931029f_1387381227891_885073_624'>
							<elementID xmi:idref='_16_6_2_931029f_1387381228322_828837_625'/>
							<linkFirstEndID xmi:idref='_16_6_2_931029f_1387381191914_778005_550'/>
							<linkSecondEndID xmi:idref='_16_6_2_931029f_1387381174370_941489_502'/>
							<geometry>390, 175; 280, 175; </geometry>
							<nameVisible xmi:value='true'/>
						</mdElement>
						<mdElement elementClass='ObjectNode' xmi:id='_16_6_2_931029f_1387381306017_357291_770'>
							<elementID xmi:idref='_16_6_2_931029f_1387381307376_551864_771'/>
							<geometry>390, 260, 85, 36</geometry>
							<verticalCenterline>_16_6_2_931029f_1387381192621_8092_552</verticalCenterline>
							<horizontalCenterline>_16_6_2_931029f_1387381176418_121441_517</horizontalCenterline>
						</mdElement>
						<mdElement elementClass='ObjectFlow' xmi:id='_16_6_2_931029f_1387381335473_65979_799'>
							<elementID xmi:idref='_16_6_2_931029f_1387381336521_12721_800'/>
							<linkFirstEndID xmi:idref='_16_6_2_931029f_1387381183214_852112_535'/>
							<linkSecondEndID xmi:idref='_16_6_2_931029f_1387381306017_357291_770'/>
							<geometry>280, 376; 432, 376; 432, 296; </geometry>
							<nameVisible xmi:value='true'/>
						</mdElement>
						<mdElement elementClass='ObjectFlow' xmi:id='_16_6_2_931029f_1387381356441_690323_804'>
							<elementID xmi:idref='_16_6_2_931029f_1387381357320_622182_805'/>
							<linkFirstEndID xmi:idref='_16_6_2_931029f_1387381175938_311978_515'/>
							<linkSecondEndID xmi:idref='_16_6_2_931029f_1387381191914_778005_550'/>
							<geometry>261, 267; 261, 230; 432, 230; 432, 193; </geometry>
							<nameVisible xmi:value='true'/>
						</mdElement>
						<mdElement elementClass='ObjectFlow' xmi:id='_16_6_2_931029f_1387381407897_980865_809'>
							<elementID xmi:idref='_16_6_2_931029f_1387381408240_516543_810'/>
							<linkFirstEndID xmi:idref='_16_6_2_931029f_1387381306017_357291_770'/>
							<linkSecondEndID xmi:idref='_16_6_2_931029f_1387381175938_311978_515'/>
							<geometry>390, 278; 280, 278; </geometry>
							<nameVisible xmi:value='true'/>
						</mdElement>
						<mdElement elementClass='CallBehaviorAction' xmi:id='_16_6_2_931029f_1387381422504_838540_813'>
							<elementID xmi:idref='_16_6_2_931029f_1387381423200_952631_814'/>
							<geometry>180, 471, 100, 22</geometry>
							<verticalCenterline>_16_6_2_931029f_1387381174731_180747_504</verticalCenterline>
							<horizontalCenterline>_16_6_2_931029f_1387381423201_651744_816</horizontalCenterline>
						</mdElement>
						<mdElement elementClass='CallBehaviorAction' xmi:id='_16_6_2_931029f_1387381426216_178392_826'>
							<elementID xmi:idref='_16_6_2_931029f_1387381427416_227811_827'/>
							<geometry>180, 612, 100, 22</geometry>
							<verticalCenterline>_16_6_2_931029f_1387381174731_180747_504</verticalCenterline>
							<horizontalCenterline>_16_6_2_931029f_1387381427416_392796_828</horizontalCenterline>
						</mdElement>
						<mdElement elementClass='ControlFlow' xmi:id='_16_6_2_931029f_1387381430008_114300_839'>
							<elementID xmi:idref='_16_6_2_931029f_1387381431487_777383_840'/>
							<linkFirstEndID xmi:idref='_16_6_2_931029f_1387381422504_838540_813'/>
							<linkSecondEndID xmi:idref='_16_6_2_931029f_1387381183214_852112_535'/>
							<geometry>230, 471; 230, 387; </geometry>
							<nameVisible xmi:value='true'/>
						</mdElement>
						<mdElement elementClass='ControlFlow' xmi:id='_16_6_2_931029f_1387381432697_482140_844'>
							<elementID xmi:idref='_16_6_2_931029f_1387381433840_556589_845'/>
							<linkFirstEndID xmi:idref='_16_6_2_931029f_1387381426216_178392_826'/>
							<linkSecondEndID xmi:idref='_16_6_2_931029f_1387381422504_838540_813'/>
							<geometry>231, 612; 231, 493; </geometry>
							<nameVisible xmi:value='true'/>
						</mdElement>
						<mdElement elementClass='ObjectNode' xmi:id='_16_6_2_931029f_1387381438224_99896_848'>
							<elementID xmi:idref='_16_6_2_931029f_1387381439064_445283_849'/>
							<geometry>13, 157, 85, 36</geometry>
							<verticalCenterline>_16_6_2_931029f_1387381439064_906252_850</verticalCenterline>
							<horizontalCenterline>_16_6_2_931029f_1387381174731_210312_505</horizontalCenterline>
						</mdElement>
						<mdElement elementClass='ObjectFlow' xmi:id='_16_6_2_931029f_1387381460256_978340_872'>
							<elementID xmi:idref='_16_6_2_931029f_1387381460736_280328_873'/>
							<linkFirstEndID xmi:idref='_16_6_2_931029f_1387381438224_99896_848'/>
							<linkSecondEndID xmi:idref='_16_6_2_931029f_1387381174370_941489_502'/>
							<geometry>98, 175; 180, 175; </geometry>
							<nameVisible xmi:value='true'/>
						</mdElement>
						<mdElement elementClass='ObjectFlow' xmi:id='_16_6_2_931029f_1387381472273_43828_882'>
							<elementID xmi:idref='_16_6_2_931029f_1387381473168_594650_883'/>
							<linkFirstEndID xmi:idref='_16_6_2_931029f_1387381175938_311978_515'/>
							<linkSecondEndID xmi:idref='_16_6_2_931029f_1387381438224_99896_848'/>
							<geometry>180, 280; 70, 280; 70, 193; </geometry>
							<nameVisible xmi:value='true'/>
						</mdElement>
						<mdElement elementClass='ObjectFlow' xmi:id='_16_6_2_931029f_1387381510800_656631_900'>
							<elementID xmi:idref='_16_6_2_931029f_1387381511624_95680_901'/>
							<linkFirstEndID xmi:idref='_16_6_2_931029f_1387381438224_99896_848'/>
							<linkSecondEndID xmi:idref='_16_6_2_931029f_1387381183214_852112_535'/>
							<geometry>56, 193; 56, 378; 180, 378; </geometry>
							<nameVisible xmi:value='true'/>
						</mdElement>
						<mdElement elementClass='ObjectFlow' xmi:id='_16_6_2_931029f_1387381514464_653033_905'>
							<elementID xmi:idref='_16_6_2_931029f_1387381515215_550060_906'/>
							<linkFirstEndID xmi:idref='_16_6_2_931029f_1387381183214_852112_535'/>
							<linkSecondEndID xmi:idref='_16_6_2_931029f_1387381438224_99896_848'/>
							<geometry>180, 378; 56, 378; 56, 193; </geometry>
							<nameVisible xmi:value='true'/>
						</mdElement>
						<mdElement elementClass='ObjectFlow' xmi:id='_16_6_2_931029f_1387381529008_72959_910'>
							<elementID xmi:idref='_16_6_2_931029f_1387381529711_46571_911'/>
							<linkFirstEndID xmi:idref='_16_6_2_931029f_1387381422504_838540_813'/>
							<linkSecondEndID xmi:idref='_16_6_2_931029f_1387381438224_99896_848'/>
							<geometry>180, 480; 42, 480; 42, 193; </geometry>
							<nameVisible xmi:value='true'/>
						</mdElement>
						<mdElement elementClass='ObjectNode' xmi:id='_16_6_2_931029f_1387381586671_200497_914'>
							<elementID xmi:idref='_16_6_2_931029f_1387381588142_556599_915'/>
							<geometry>13, 623, 85, 36</geometry>
							<verticalCenterline>_16_6_2_931029f_1387381439064_906252_850</verticalCenterline>
							<horizontalCenterline>_16_6_2_931029f_1387382175738_648608_996</horizontalCenterline>
						</mdElement>
						<mdElement elementClass='ObjectFlow' xmi:id='_16_6_2_931029f_1387381601503_443805_929'>
							<elementID xmi:idref='_16_6_2_931029f_1387381712551_21400_932'/>
							<linkFirstEndID xmi:idref='_16_6_2_931029f_1387381586671_200497_914'/>
							<linkSecondEndID xmi:idref='_16_6_2_931029f_1387381426216_178392_826'/>
							<geometry>98, 627; 180, 627; </geometry>
							<nameVisible xmi:value='true'/>
						</mdElement>
						<mdElement elementClass='ObjectFlow' xmi:id='_16_6_2_931029f_1387381733015_836533_942'>
							<elementID xmi:idref='_16_6_2_931029f_1387381733638_170843_943'/>
							<linkFirstEndID xmi:idref='_16_6_2_931029f_1387381438224_99896_848'/>
							<linkSecondEndID xmi:idref='_16_6_2_931029f_1387381422504_838540_813'/>
							<geometry>42, 193; 42, 480; 180, 480; </geometry>
							<nameVisible xmi:value='true'/>
						</mdElement>
						<mdElement elementClass='ObjectFlow' xmi:id='_16_6_2_931029f_1387381810734_225430_947'>
							<elementID xmi:idref='_16_6_2_931029f_1387381811437_851712_948'/>
							<linkFirstEndID xmi:idref='_16_6_2_931029f_1387381306017_357291_770'/>
							<linkSecondEndID xmi:idref='_16_6_2_931029f_1387381183214_852112_535'/>
							<geometry>431, 296; 431, 375; 280, 375; </geometry>
							<nameVisible xmi:value='true'/>
						</mdElement>
						<mdElement elementClass='ObjectNode' xmi:id='_16_6_2_931029f_1387381828933_814997_951'>
							<elementID xmi:idref='_16_6_2_931029f_1387381830757_134345_952'/>
							<geometry>390, 485, 85, 36</geometry>
							<verticalCenterline>_16_6_2_931029f_1387381192621_8092_552</verticalCenterline>
							<horizontalCenterline>_16_6_2_931029f_1387382195721_631456_1007</horizontalCenterline>
						</mdElement>
						<mdElement elementClass='ObjectFlow' xmi:id='_16_6_2_931029f_1387381916629_857922_964'>
							<elementID xmi:idref='_16_6_2_931029f_1387381917172_567572_965'/>
							<linkFirstEndID xmi:idref='_16_6_2_931029f_1387381828933_814997_951'/>
							<linkSecondEndID xmi:idref='_16_6_2_931029f_1387381422504_838540_813'/>
							<geometry>390, 490; 280, 490; </geometry>
							<nameVisible xmi:value='true'/>
						</mdElement>
						<mdElement elementClass='PseudoNode' xmi:id='_16_6_2_931029f_1387381920460_347682_968'>
							<elementID xmi:idref='_16_6_2_931029f_1387381922029_276538_969'/>
							<geometry>221, 704, 18, 18</geometry>
							<verticalCenterline>_16_6_2_931029f_1387381174731_180747_504</verticalCenterline>
							<horizontalCenterline>_16_6_2_931029f_1387381922029_114281_970</horizontalCenterline>
						</mdElement>
						<mdElement elementClass='ControlFlow' xmi:id='_16_6_2_931029f_1387381923750_626497_974'>
							<elementID xmi:idref='_16_6_2_931029f_1387381924662_414506_975'/>
							<linkFirstEndID xmi:idref='_16_6_2_931029f_1387381920460_347682_968'/>
							<linkSecondEndID xmi:idref='_16_6_2_931029f_1387381426216_178392_826'/>
							<geometry>230, 704; 230, 634; </geometry>
							<nameVisible xmi:value='true'/>
						</mdElement>
						<mdElement elementClass='Note' xmi:id='_16_6_2_931029f_1387381938324_390406_977'>
							<geometry>311, 5, 285, 133</geometry>
							<text>What I think this brings in:
 1) as illustrated by (task3), there can be multiple reads at once,
 2) as illustrated by (task3) and (task4) there can be a sequence of reads (here: to b1)
 3) since for the object-flows self-loops can be ignored (since they do not express the meaning of &quot;reading&quot;), we can as well just remove the. Diagram &quot;processflow2&quot; is the result of that.</text>
						</mdElement>
						<mdElement elementClass='ObjectFlow' xmi:id='_16_6_2_931029f_1387382167964_312754_992'>
							<elementID xmi:idref='_16_6_2_931029f_1387382171403_537242_993'/>
							<linkFirstEndID xmi:idref='_16_6_2_931029f_1387381426216_178392_826'/>
							<linkSecondEndID xmi:idref='_16_6_2_931029f_1387381438224_99896_848'/>
							<geometry>180, 616; 28, 616; 28, 193; </geometry>
							<nameVisible xmi:value='true'/>
						</mdElement>
						<mdElement elementClass='ObjectFlow' xmi:id='_16_6_2_931029f_1387382197275_78025_1010'>
							<elementID xmi:idref='_16_6_2_931029f_1387382198482_29278_1011'/>
							<linkFirstEndID xmi:idref='_16_6_2_931029f_1387381422504_838540_813'/>
							<linkSecondEndID xmi:idref='_16_6_2_931029f_1387381306017_357291_770'/>
							<geometry>280, 476; 459, 476; 459, 296; </geometry>
							<nameVisible xmi:value='true'/>
						</mdElement>
					</mdOwnedViews>
				</mdElement>
			</mdElement>
			<mdElement elementClass='Diagram' xmi:id='_16_6_2_931029f_1387381196738_919693_562' name='CD' visibility='public' ownerOfDiagram='eee_1045467100313_135436_1'>
				<mdElement elementClass='DiagramPresentationElement' xmi:id='_16_6_2_931029f_1387381196738_547256_563'>
					<elementID xmi:idref='_16_6_2_931029f_1387381196738_919693_562'/>
					<type>Class Diagram</type>
					<umlType>Class Diagram</umlType>
					<zoomFactor xmi:value='1.0'/>
					<diagramOpened xmi:value='true'/>
					<diagramFrameInitialSizeSet xmi:value='true'/>
					<diagramWindowBounds>2, 24, 660, 800</diagramWindowBounds>
					<diagramScrollPositionX xmi:value='0'/>
					<diagramScrollPositionY xmi:value='0'/>
					<maximized xmi:value='false'/>
					<active xmi:value='false'/>
					<mdOwnedViews>
						<mdElement elementClass='DiagramFrame' xmi:id='_16_6_2_931029f_1387381196739_877050_575'>
							<elementID xmi:idref='_16_6_2_931029f_1387381196738_919693_562'/>
							<geometry>5, 5, 583, 884</geometry>
						</mdElement>
						<mdElement elementClass='Class' xmi:id='_16_6_2_931029f_1387381202938_356102_583'>
							<elementID xmi:idref='_16_6_2_931029f_1387381203305_662702_584'/>
							<geometry>70, 105, 36, 36</geometry>
						</mdElement>
						<mdElement elementClass='Class' xmi:id='_16_6_2_931029f_1387381206368_893423_603'>
							<elementID xmi:idref='_16_6_2_931029f_1387381206379_977810_604'/>
							<geometry>70, 175, 36, 36</geometry>
						</mdElement>
					</mdOwnedViews>
				</mdElement>
			</mdElement>
			<mdElement elementClass='Diagram' xmi:id='_16_6_2_931029f_1387381234858_229197_627' name='A' visibility='public' context='_16_6_2_931029f_1387381234858_723352_629' ownerOfDiagram='_16_6_2_931029f_1387381234858_723352_629'>
				<mdElement elementClass='DiagramPresentationElement' xmi:id='_16_6_2_931029f_1387381234858_323976_628'>
					<elementID xmi:idref='_16_6_2_931029f_1387381234858_229197_627'/>
					<type>State Machine Diagram</type>
					<umlType>State Machine Diagram</umlType>
					<zoomFactor xmi:value='1.0'/>
					<diagramOpened xmi:value='true'/>
					<diagramFrameInitialSizeSet xmi:value='true'/>
					<diagramWindowBounds>2, 24, 660, 800</diagramWindowBounds>
					<diagramScrollPositionX xmi:value='0'/>
					<diagramScrollPositionY xmi:value='0'/>
					<maximized xmi:value='false'/>
					<active xmi:value='false'/>
					<mdOwnedViews>
						<mdElement elementClass='DiagramFrame' xmi:id='_16_6_2_931029f_1387381234859_984680_642'>
							<elementID xmi:idref='_16_6_2_931029f_1387381234858_229197_627'/>
							<geometry>5, 5, 583, 884</geometry>
						</mdElement>
						<mdElement elementClass='State' xmi:id='_16_6_2_931029f_1387381237561_996538_650'>
							<elementID xmi:idref='_16_6_2_931029f_1387381238025_166416_651'/>
							<geometry>70, 105, 100, 22</geometry>
						</mdElement>
						<mdElement elementClass='State' xmi:id='_16_6_2_931029f_1387381240356_154376_664'>
							<elementID xmi:idref='_16_6_2_931029f_1387381240978_750808_665'/>
							<geometry>105, 210, 100, 22</geometry>
						</mdElement>
						<mdElement elementClass='State' xmi:id='_16_6_2_931029f_1387381242402_46807_678'>
							<elementID xmi:idref='_16_6_2_931029f_1387381242730_536448_679'/>
							<geometry>56, 273, 100, 22</geometry>
						</mdElement>
					</mdOwnedViews>
				</mdElement>
			</mdElement>
			<mdElement elementClass='Diagram' xmi:id='_16_6_2_931029f_1387381258458_149699_705' name='B' visibility='public' context='_16_6_2_931029f_1387381258458_315286_707' ownerOfDiagram='_16_6_2_931029f_1387381258458_315286_707'>
				<mdElement elementClass='DiagramPresentationElement' xmi:id='_16_6_2_931029f_1387381258458_358129_706'>
					<elementID xmi:idref='_16_6_2_931029f_1387381258458_149699_705'/>
					<type>State Machine Diagram</type>
					<umlType>State Machine Diagram</umlType>
					<zoomFactor xmi:value='1.0'/>
					<diagramOpened xmi:value='true'/>
					<diagramFrameInitialSizeSet xmi:value='true'/>
					<diagramWindowBounds>2, 24, 660, 800</diagramWindowBounds>
					<diagramScrollPositionX xmi:value='0'/>
					<diagramScrollPositionY xmi:value='0'/>
					<maximized xmi:value='false'/>
					<active xmi:value='false'/>
					<mdOwnedViews>
						<mdElement elementClass='DiagramFrame' xmi:id='_16_6_2_931029f_1387381258460_422025_720'>
							<elementID xmi:idref='_16_6_2_931029f_1387381258458_149699_705'/>
							<geometry>5, 5, 583, 884</geometry>
						</mdElement>
						<mdElement elementClass='State' xmi:id='_16_6_2_931029f_1387381260706_188921_728'>
							<elementID xmi:idref='_16_6_2_931029f_1387381261201_80685_729'/>
							<geometry>49, 105, 100, 22</geometry>
						</mdElement>
						<mdElement elementClass='State' xmi:id='_16_6_2_931029f_1387381262635_296370_742'>
							<elementID xmi:idref='_16_6_2_931029f_1387381262833_968716_743'/>
							<geometry>91, 196, 100, 22</geometry>
						</mdElement>
						<mdElement elementClass='State' xmi:id='_16_6_2_931029f_1387381264362_795470_756'>
							<elementID xmi:idref='_16_6_2_931029f_1387381264721_732602_757'/>
							<geometry>70, 266, 100, 22</geometry>
						</mdElement>
					</mdOwnedViews>
				</mdElement>
			</mdElement>
			<mdElement elementClass='Diagram' xmi:id='_16_6_2_931029f_1387382359963_808913_1050' name='processflow2' visibility='public' context='_16_6_2_931029f_1387382359958_423834_1013' ownerOfDiagram='_16_6_2_931029f_1387382359958_423834_1013'>
				<mdElement elementClass='DiagramPresentationElement' xmi:id='_16_6_2_931029f_1387382359963_358206_1051'>
					<elementID xmi:idref='_16_6_2_931029f_1387382359963_808913_1050'/>
					<type>Activity Diagram</type>
					<umlType>Activity Diagram</umlType>
					<zoomFactor xmi:value='1.0'/>
					<diagramOpened xmi:value='true'/>
					<diagramFrameInitialSizeSet xmi:value='true'/>
					<diagramWindowBounds>2, 24, 660, 800</diagramWindowBounds>
					<diagramScrollPositionX xmi:value='3'/>
					<diagramScrollPositionY xmi:value='0'/>
					<maximized xmi:value='false'/>
					<active xmi:value='false'/>
					<mdOwnedViews>
						<mdElement elementClass='CallBehaviorAction' xmi:id='_16_6_2_931029f_1387382359978_103717_1101'>
							<elementID xmi:idref='_16_6_2_931029f_1387382359961_555977_1037'/>
							<geometry>180, 164, 100, 22</geometry>
							<verticalCenterline>_16_6_2_931029f_1387382360000_889224_1140</verticalCenterline>
							<horizontalCenterline>_16_6_2_931029f_1387382360000_768110_1141</horizontalCenterline>
						</mdElement>
						<mdElement elementClass='CallBehaviorAction' xmi:id='_16_6_2_931029f_1387382359978_176544_1102'>
							<elementID xmi:idref='_16_6_2_931029f_1387382359961_404402_1038'/>
							<geometry>180, 267, 100, 22</geometry>
							<verticalCenterline>_16_6_2_931029f_1387382360000_889224_1140</verticalCenterline>
							<horizontalCenterline>_16_6_2_931029f_1387382360000_737274_1142</horizontalCenterline>
						</mdElement>
						<mdElement elementClass='CallBehaviorAction' xmi:id='_16_6_2_931029f_1387382359978_591257_1104'>
							<elementID xmi:idref='_16_6_2_931029f_1387382359961_834070_1039'/>
							<geometry>180, 365, 100, 22</geometry>
							<verticalCenterline>_16_6_2_931029f_1387382360000_889224_1140</verticalCenterline>
							<horizontalCenterline>_16_6_2_931029f_1387382360000_526309_1143</horizontalCenterline>
						</mdElement>
						<mdElement elementClass='PseudoNode' xmi:id='_16_6_2_931029f_1387382359978_914482_1106'>
							<elementID xmi:idref='_16_6_2_931029f_1387382359961_126706_1040'/>
							<geometry>221, 95, 18, 18</geometry>
							<verticalCenterline>_16_6_2_931029f_1387382360000_889224_1140</verticalCenterline>
							<horizontalCenterline>_16_6_2_931029f_1387382360000_529525_1144</horizontalCenterline>
						</mdElement>
						<mdElement elementClass='ObjectNode' xmi:id='_16_6_2_931029f_1387382359978_19771_1108'>
							<elementID xmi:idref='_16_6_2_931029f_1387382359961_998039_1041'/>
							<geometry>390, 157, 85, 36</geometry>
							<verticalCenterline>_16_6_2_931029f_1387382360000_102126_1145</verticalCenterline>
							<horizontalCenterline>_16_6_2_931029f_1387382360000_768110_1141</horizontalCenterline>
						</mdElement>
						<mdElement elementClass='ObjectNode' xmi:id='_16_6_2_931029f_1387382359978_585794_1110'>
							<elementID xmi:idref='_16_6_2_931029f_1387382359961_542791_1042'/>
							<geometry>390, 260, 85, 36</geometry>
							<verticalCenterline>_16_6_2_931029f_1387382360000_102126_1145</verticalCenterline>
							<horizontalCenterline>_16_6_2_931029f_1387382360000_737274_1142</horizontalCenterline>
						</mdElement>
						<mdElement elementClass='CallBehaviorAction' xmi:id='_16_6_2_931029f_1387382359978_661266_1114'>
							<elementID xmi:idref='_16_6_2_931029f_1387382359962_976628_1043'/>
							<geometry>180, 471, 100, 22</geometry>
							<verticalCenterline>_16_6_2_931029f_1387382360000_889224_1140</verticalCenterline>
							<horizontalCenterline>_16_6_2_931029f_1387382360001_265516_1146</horizontalCenterline>
						</mdElement>
						<mdElement elementClass='CallBehaviorAction' xmi:id='_16_6_2_931029f_1387382359978_397951_1115'>
							<elementID xmi:idref='_16_6_2_931029f_1387382359962_24431_1044'/>
							<geometry>180, 612, 100, 22</geometry>
							<verticalCenterline>_16_6_2_931029f_1387382360000_889224_1140</verticalCenterline>
							<horizontalCenterline>_16_6_2_931029f_1387382360001_49097_1147</horizontalCenterline>
						</mdElement>
						<mdElement elementClass='ObjectNode' xmi:id='_16_6_2_931029f_1387382359978_261472_1118'>
							<elementID xmi:idref='_16_6_2_931029f_1387382359962_699223_1045'/>
							<geometry>13, 157, 85, 36</geometry>
							<verticalCenterline>_16_6_2_931029f_1387382360001_492334_1148</verticalCenterline>
							<horizontalCenterline>_16_6_2_931029f_1387382360000_768110_1141</horizontalCenterline>
						</mdElement>
						<mdElement elementClass='ObjectNode' xmi:id='_16_6_2_931029f_1387382359978_17656_1124'>
							<elementID xmi:idref='_16_6_2_931029f_1387382359962_253790_1047'/>
							<geometry>13, 623, 85, 36</geometry>
							<verticalCenterline>_16_6_2_931029f_1387382360001_492334_1148</verticalCenterline>
							<horizontalCenterline>_16_6_2_931029f_1387382360001_698078_1149</horizontalCenterline>
						</mdElement>
						<mdElement elementClass='ObjectNode' xmi:id='_16_6_2_931029f_1387382359978_698445_1128'>
							<elementID xmi:idref='_16_6_2_931029f_1387382359962_634256_1048'/>
							<geometry>390, 485, 85, 36</geometry>
							<verticalCenterline>_16_6_2_931029f_1387382360000_102126_1145</verticalCenterline>
							<horizontalCenterline>_16_6_2_931029f_1387382360001_524289_1150</horizontalCenterline>
						</mdElement>
						<mdElement elementClass='PseudoNode' xmi:id='_16_6_2_931029f_1387382359978_629540_1130'>
							<elementID xmi:idref='_16_6_2_931029f_1387382359963_145967_1049'/>
							<geometry>221, 704, 18, 18</geometry>
							<verticalCenterline>_16_6_2_931029f_1387382360000_889224_1140</verticalCenterline>
							<horizontalCenterline>_16_6_2_931029f_1387382360001_534455_1151</horizontalCenterline>
						</mdElement>
						<mdElement elementClass='ControlFlow' xmi:id='_16_6_2_931029f_1387382359978_224691_1103'>
							<elementID xmi:idref='_16_6_2_931029f_1387382359959_119399_1014'/>
							<linkFirstEndID xmi:idref='_16_6_2_931029f_1387382359978_176544_1102'/>
							<linkSecondEndID xmi:idref='_16_6_2_931029f_1387382359978_103717_1101'/>
							<geometry>230, 267; 230, 186; </geometry>
							<nameVisible xmi:value='true'/>
						</mdElement>
						<mdElement elementClass='ControlFlow' xmi:id='_16_6_2_931029f_1387382359978_232879_1105'>
							<elementID xmi:idref='_16_6_2_931029f_1387382359959_962279_1015'/>
							<linkFirstEndID xmi:idref='_16_6_2_931029f_1387382359978_591257_1104'/>
							<linkSecondEndID xmi:idref='_16_6_2_931029f_1387382359978_176544_1102'/>
							<geometry>230, 365; 230, 289; </geometry>
							<nameVisible xmi:value='true'/>
						</mdElement>
						<mdElement elementClass='ControlFlow' xmi:id='_16_6_2_931029f_1387382359978_554498_1107'>
							<elementID xmi:idref='_16_6_2_931029f_1387382359959_963760_1016'/>
							<linkFirstEndID xmi:idref='_16_6_2_931029f_1387382359978_103717_1101'/>
							<linkSecondEndID xmi:idref='_16_6_2_931029f_1387382359978_914482_1106'/>
							<geometry>230, 164; 230, 113; </geometry>
							<nameVisible xmi:value='true'/>
						</mdElement>
						<mdElement elementClass='ObjectFlow' xmi:id='_16_6_2_931029f_1387382359978_64093_1109'>
							<elementID xmi:idref='_16_6_2_931029f_1387382359959_425488_1017'/>
							<linkFirstEndID xmi:idref='_16_6_2_931029f_1387382359978_19771_1108'/>
							<linkSecondEndID xmi:idref='_16_6_2_931029f_1387382359978_103717_1101'/>
							<geometry>390, 175; 280, 175; </geometry>
							<nameVisible xmi:value='true'/>
						</mdElement>
						<mdElement elementClass='ObjectFlow' xmi:id='_16_6_2_931029f_1387382359978_557366_1112'>
							<elementID xmi:idref='_16_6_2_931029f_1387382359959_30535_1019'/>
							<linkFirstEndID xmi:idref='_16_6_2_931029f_1387382359978_176544_1102'/>
							<linkSecondEndID xmi:idref='_16_6_2_931029f_1387382359978_19771_1108'/>
							<geometry>261, 267; 261, 230; 432, 230; 432, 193; </geometry>
							<nameVisible xmi:value='true'/>
						</mdElement>
						<mdElement elementClass='ObjectFlow' xmi:id='_16_6_2_931029f_1387382359978_96298_1113'>
							<elementID xmi:idref='_16_6_2_931029f_1387382359959_840642_1020'/>
							<linkFirstEndID xmi:idref='_16_6_2_931029f_1387382359978_585794_1110'/>
							<linkSecondEndID xmi:idref='_16_6_2_931029f_1387382359978_176544_1102'/>
							<geometry>390, 278; 280, 278; </geometry>
							<nameVisible xmi:value='true'/>
						</mdElement>
						<mdElement elementClass='ControlFlow' xmi:id='_16_6_2_931029f_1387382359978_325617_1116'>
							<elementID xmi:idref='_16_6_2_931029f_1387382359959_176985_1021'/>
							<linkFirstEndID xmi:idref='_16_6_2_931029f_1387382359978_661266_1114'/>
							<linkSecondEndID xmi:idref='_16_6_2_931029f_1387382359978_591257_1104'/>
							<geometry>230, 471; 230, 387; </geometry>
							<nameVisible xmi:value='true'/>
						</mdElement>
						<mdElement elementClass='ControlFlow' xmi:id='_16_6_2_931029f_1387382359978_623482_1117'>
							<elementID xmi:idref='_16_6_2_931029f_1387382359959_879087_1022'/>
							<linkFirstEndID xmi:idref='_16_6_2_931029f_1387382359978_397951_1115'/>
							<linkSecondEndID xmi:idref='_16_6_2_931029f_1387382359978_661266_1114'/>
							<geometry>231, 612; 231, 493; </geometry>
							<nameVisible xmi:value='true'/>
						</mdElement>
						<mdElement elementClass='ObjectFlow' xmi:id='_16_6_2_931029f_1387382359978_11757_1119'>
							<elementID xmi:idref='_16_6_2_931029f_1387382359959_265229_1023'/>
							<linkFirstEndID xmi:idref='_16_6_2_931029f_1387382359978_261472_1118'/>
							<linkSecondEndID xmi:idref='_16_6_2_931029f_1387382359978_103717_1101'/>
							<geometry>98, 175; 180, 175; </geometry>
							<nameVisible xmi:value='true'/>
						</mdElement>
						<mdElement elementClass='ObjectFlow' xmi:id='_16_6_2_931029f_1387382359978_846420_1120'>
							<elementID xmi:idref='_16_6_2_931029f_1387382359960_820118_1024'/>
							<linkFirstEndID xmi:idref='_16_6_2_931029f_1387382359978_176544_1102'/>
							<linkSecondEndID xmi:idref='_16_6_2_931029f_1387382359978_261472_1118'/>
							<geometry>180, 280; 70, 280; 70, 193; </geometry>
							<nameVisible xmi:value='true'/>
						</mdElement>
						<mdElement elementClass='ObjectFlow' xmi:id='_16_6_2_931029f_1387382359978_184242_1125'>
							<elementID xmi:idref='_16_6_2_931029f_1387382359960_506103_1030'/>
							<linkFirstEndID xmi:idref='_16_6_2_931029f_1387382359978_17656_1124'/>
							<linkSecondEndID xmi:idref='_16_6_2_931029f_1387382359978_397951_1115'/>
							<geometry>98, 627; 180, 627; </geometry>
							<nameVisible xmi:value='true'/>
						</mdElement>
						<mdElement elementClass='ObjectFlow' xmi:id='_16_6_2_931029f_1387382359978_222845_1129'>
							<elementID xmi:idref='_16_6_2_931029f_1387382359960_407509_1033'/>
							<linkFirstEndID xmi:idref='_16_6_2_931029f_1387382359978_698445_1128'/>
							<linkSecondEndID xmi:idref='_16_6_2_931029f_1387382359978_661266_1114'/>
							<geometry>390, 490; 280, 490; </geometry>
							<nameVisible xmi:value='true'/>
						</mdElement>
						<mdElement elementClass='ControlFlow' xmi:id='_16_6_2_931029f_1387382359978_171672_1131'>
							<elementID xmi:idref='_16_6_2_931029f_1387382359960_903160_1034'/>
							<linkFirstEndID xmi:idref='_16_6_2_931029f_1387382359978_629540_1130'/>
							<linkSecondEndID xmi:idref='_16_6_2_931029f_1387382359978_397951_1115'/>
							<geometry>230, 704; 230, 634; </geometry>
							<nameVisible xmi:value='true'/>
						</mdElement>
						<mdElement elementClass='ObjectFlow' xmi:id='_16_6_2_931029f_1387382359978_376866_1133'>
							<elementID xmi:idref='_16_6_2_931029f_1387382359960_721908_1035'/>
							<linkFirstEndID xmi:idref='_16_6_2_931029f_1387382359978_397951_1115'/>
							<linkSecondEndID xmi:idref='_16_6_2_931029f_1387382359978_261472_1118'/>
							<geometry>180, 616; 28, 616; 28, 193; </geometry>
							<nameVisible xmi:value='true'/>
						</mdElement>
						<mdElement elementClass='ObjectFlow' xmi:id='_16_6_2_931029f_1387382359978_912008_1134'>
							<elementID xmi:idref='_16_6_2_931029f_1387382359960_187834_1036'/>
							<linkFirstEndID xmi:idref='_16_6_2_931029f_1387382359978_661266_1114'/>
							<linkSecondEndID xmi:idref='_16_6_2_931029f_1387382359978_585794_1110'/>
							<geometry>280, 476; 459, 476; 459, 296; </geometry>
							<nameVisible xmi:value='true'/>
						</mdElement>
						<mdElement elementClass='Note' xmi:id='_16_6_2_931029f_1387382359978_646682_1132'>
							<geometry>311, 5, 285, 133</geometry>
							<text>What I think this brings in:
 It primarily shows that I was wrong when assuming that bidirectional links could simply be removed.  Now, the object flows do not constrain when for example activity 3 is allowed.  This is undesirable since the modeler wanted it to be possible only with b in b1 and a in a2.

In &quot;processflow3&quot;, I try again</text>
						</mdElement>
						<mdElement elementClass='DiagramFrame' xmi:id='_16_6_2_931029f_1387382359964_630476_1063'>
							<elementID xmi:idref='_16_6_2_931029f_1387382359963_808913_1050'/>
							<geometry>5, 5, 632, 884</geometry>
						</mdElement>
					</mdOwnedViews>
				</mdElement>
			</mdElement>
			<mdElement elementClass='Diagram' xmi:id='_16_6_2_931029f_1387382593593_900131_1191' name='processflow3' visibility='public' context='_16_6_2_931029f_1387382593588_353666_1154' ownerOfDiagram='_16_6_2_931029f_1387382593588_353666_1154'>
				<mdElement elementClass='DiagramPresentationElement' xmi:id='_16_6_2_931029f_1387382593593_480119_1192'>
					<elementID xmi:idref='_16_6_2_931029f_1387382593593_900131_1191'/>
					<type>Activity Diagram</type>
					<umlType>Activity Diagram</umlType>
					<zoomFactor xmi:value='1.0'/>
					<diagramOpened xmi:value='true'/>
					<diagramFrameInitialSizeSet xmi:value='true'/>
					<diagramWindowBounds>2, 24, 660, 800</diagramWindowBounds>
					<diagramScrollPositionX xmi:value='0'/>
					<diagramScrollPositionY xmi:value='0'/>
					<maximized xmi:value='false'/>
					<active xmi:value='true'/>
					<mdOwnedViews>
						<mdElement elementClass='CallBehaviorAction' xmi:id='_16_6_2_931029f_1387382593605_687315_1241'>
							<elementID xmi:idref='_16_6_2_931029f_1387382593590_845183_1178'/>
							<geometry>180, 164, 100, 22</geometry>
							<verticalCenterline>_16_6_2_931029f_1387382593622_157969_1280</verticalCenterline>
							<horizontalCenterline>_16_6_2_931029f_1387382593622_206571_1281</horizontalCenterline>
						</mdElement>
						<mdElement elementClass='CallBehaviorAction' xmi:id='_16_6_2_931029f_1387382593605_991440_1242'>
							<elementID xmi:idref='_16_6_2_931029f_1387382593591_691606_1179'/>
							<geometry>180, 267, 100, 22</geometry>
							<verticalCenterline>_16_6_2_931029f_1387382593622_157969_1280</verticalCenterline>
							<horizontalCenterline>_16_6_2_931029f_1387382593622_652285_1282</horizontalCenterline>
						</mdElement>
						<mdElement elementClass='CallBehaviorAction' xmi:id='_16_6_2_931029f_1387382593605_29464_1244'>
							<elementID xmi:idref='_16_6_2_931029f_1387382593591_924104_1180'/>
							<geometry>180, 365, 100, 22</geometry>
							<verticalCenterline>_16_6_2_931029f_1387382593622_157969_1280</verticalCenterline>
							<horizontalCenterline>_16_6_2_931029f_1387382593622_377215_1283</horizontalCenterline>
						</mdElement>
						<mdElement elementClass='PseudoNode' xmi:id='_16_6_2_931029f_1387382593605_262308_1246'>
							<elementID xmi:idref='_16_6_2_931029f_1387382593591_853701_1181'/>
							<geometry>221, 95, 18, 18</geometry>
							<verticalCenterline>_16_6_2_931029f_1387382593622_157969_1280</verticalCenterline>
							<horizontalCenterline>_16_6_2_931029f_1387382593622_958819_1284</horizontalCenterline>
						</mdElement>
						<mdElement elementClass='ObjectNode' xmi:id='_16_6_2_931029f_1387382593605_284690_1248'>
							<elementID xmi:idref='_16_6_2_931029f_1387382593591_950512_1182'/>
							<geometry>390, 157, 85, 36</geometry>
							<verticalCenterline>_16_6_2_931029f_1387382593622_524505_1285</verticalCenterline>
							<horizontalCenterline>_16_6_2_931029f_1387382593622_206571_1281</horizontalCenterline>
						</mdElement>
						<mdElement elementClass='ObjectNode' xmi:id='_16_6_2_931029f_1387382593605_375301_1250'>
							<elementID xmi:idref='_16_6_2_931029f_1387382593591_297579_1183'/>
							<geometry>390, 260, 85, 36</geometry>
							<verticalCenterline>_16_6_2_931029f_1387382593622_524505_1285</verticalCenterline>
							<horizontalCenterline>_16_6_2_931029f_1387382593622_652285_1282</horizontalCenterline>
						</mdElement>
						<mdElement elementClass='CallBehaviorAction' xmi:id='_16_6_2_931029f_1387382593605_425566_1254'>
							<elementID xmi:idref='_16_6_2_931029f_1387382593592_442607_1184'/>
							<geometry>180, 471, 100, 22</geometry>
							<verticalCenterline>_16_6_2_931029f_1387382593622_157969_1280</verticalCenterline>
							<horizontalCenterline>_16_6_2_931029f_1387382593622_414571_1286</horizontalCenterline>
						</mdElement>
						<mdElement elementClass='CallBehaviorAction' xmi:id='_16_6_2_931029f_1387382593605_432180_1255'>
							<elementID xmi:idref='_16_6_2_931029f_1387382593592_854501_1185'/>
							<geometry>180, 612, 100, 22</geometry>
							<verticalCenterline>_16_6_2_931029f_1387382593622_157969_1280</verticalCenterline>
							<horizontalCenterline>_16_6_2_931029f_1387382593622_376808_1287</horizontalCenterline>
						</mdElement>
						<mdElement elementClass='ObjectNode' xmi:id='_16_6_2_931029f_1387382593605_18146_1258'>
							<elementID xmi:idref='_16_6_2_931029f_1387382593592_898253_1186'/>
							<geometry>13, 157, 85, 36</geometry>
							<verticalCenterline>_16_6_2_931029f_1387382593622_718628_1288</verticalCenterline>
							<horizontalCenterline>_16_6_2_931029f_1387382593622_206571_1281</horizontalCenterline>
						</mdElement>
						<mdElement elementClass='ObjectNode' xmi:id='_16_6_2_931029f_1387382593605_72392_1264'>
							<elementID xmi:idref='_16_6_2_931029f_1387382593592_776030_1188'/>
							<geometry>13, 623, 85, 36</geometry>
							<verticalCenterline>_16_6_2_931029f_1387382593622_718628_1288</verticalCenterline>
							<horizontalCenterline>_16_6_2_931029f_1387382593623_963203_1289</horizontalCenterline>
						</mdElement>
						<mdElement elementClass='ObjectNode' xmi:id='_16_6_2_931029f_1387382593605_840973_1268'>
							<elementID xmi:idref='_16_6_2_931029f_1387382593592_375216_1189'/>
							<geometry>390, 485, 85, 36</geometry>
							<verticalCenterline>_16_6_2_931029f_1387382593622_524505_1285</verticalCenterline>
							<horizontalCenterline>_16_6_2_931029f_1387382593623_604760_1290</horizontalCenterline>
						</mdElement>
						<mdElement elementClass='PseudoNode' xmi:id='_16_6_2_931029f_1387382593605_318904_1270'>
							<elementID xmi:idref='_16_6_2_931029f_1387382593593_512236_1190'/>
							<geometry>221, 704, 18, 18</geometry>
							<verticalCenterline>_16_6_2_931029f_1387382593622_157969_1280</verticalCenterline>
							<horizontalCenterline>_16_6_2_931029f_1387382593623_591468_1291</horizontalCenterline>
						</mdElement>
						<mdElement elementClass='ControlFlow' xmi:id='_16_6_2_931029f_1387382593605_11152_1243'>
							<elementID xmi:idref='_16_6_2_931029f_1387382593589_765559_1155'/>
							<linkFirstEndID xmi:idref='_16_6_2_931029f_1387382593605_991440_1242'/>
							<linkSecondEndID xmi:idref='_16_6_2_931029f_1387382593605_687315_1241'/>
							<geometry>230, 267; 230, 186; </geometry>
							<nameVisible xmi:value='true'/>
						</mdElement>
						<mdElement elementClass='ControlFlow' xmi:id='_16_6_2_931029f_1387382593605_124573_1245'>
							<elementID xmi:idref='_16_6_2_931029f_1387382593589_661288_1156'/>
							<linkFirstEndID xmi:idref='_16_6_2_931029f_1387382593605_29464_1244'/>
							<linkSecondEndID xmi:idref='_16_6_2_931029f_1387382593605_991440_1242'/>
							<geometry>230, 365; 230, 289; </geometry>
							<nameVisible xmi:value='true'/>
						</mdElement>
						<mdElement elementClass='ControlFlow' xmi:id='_16_6_2_931029f_1387382593605_663257_1247'>
							<elementID xmi:idref='_16_6_2_931029f_1387382593589_531444_1157'/>
							<linkFirstEndID xmi:idref='_16_6_2_931029f_1387382593605_687315_1241'/>
							<linkSecondEndID xmi:idref='_16_6_2_931029f_1387382593605_262308_1246'/>
							<geometry>230, 164; 230, 113; </geometry>
							<nameVisible xmi:value='true'/>
						</mdElement>
						<mdElement elementClass='ObjectFlow' xmi:id='_16_6_2_931029f_1387382593605_203393_1249'>
							<elementID xmi:idref='_16_6_2_931029f_1387382593589_198942_1158'/>
							<linkFirstEndID xmi:idref='_16_6_2_931029f_1387382593605_284690_1248'/>
							<linkSecondEndID xmi:idref='_16_6_2_931029f_1387382593605_687315_1241'/>
							<geometry>390, 175; 280, 175; </geometry>
							<nameVisible xmi:value='true'/>
						</mdElement>
						<mdElement elementClass='ObjectFlow' xmi:id='_16_6_2_931029f_1387382593605_835311_1251'>
							<elementID xmi:idref='_16_6_2_931029f_1387382593589_527976_1159'/>
							<linkFirstEndID xmi:idref='_16_6_2_931029f_1387382593605_29464_1244'/>
							<linkSecondEndID xmi:idref='_16_6_2_931029f_1387382593605_375301_1250'/>
							<geometry>280, 376; 432, 376; 432, 296; </geometry>
							<nameVisible xmi:value='true'/>
						</mdElement>
						<mdElement elementClass='ObjectFlow' xmi:id='_16_6_2_931029f_1387382593605_93201_1252'>
							<elementID xmi:idref='_16_6_2_931029f_1387382593589_901804_1160'/>
							<linkFirstEndID xmi:idref='_16_6_2_931029f_1387382593605_991440_1242'/>
							<linkSecondEndID xmi:idref='_16_6_2_931029f_1387382593605_284690_1248'/>
							<geometry>261, 267; 261, 230; 432, 230; 432, 193; </geometry>
							<nameVisible xmi:value='true'/>
						</mdElement>
						<mdElement elementClass='ObjectFlow' xmi:id='_16_6_2_931029f_1387382593605_77431_1253'>
							<elementID xmi:idref='_16_6_2_931029f_1387382593589_808977_1161'/>
							<linkFirstEndID xmi:idref='_16_6_2_931029f_1387382593605_375301_1250'/>
							<linkSecondEndID xmi:idref='_16_6_2_931029f_1387382593605_991440_1242'/>
							<geometry>390, 278; 280, 278; </geometry>
							<nameVisible xmi:value='true'/>
						</mdElement>
						<mdElement elementClass='ControlFlow' xmi:id='_16_6_2_931029f_1387382593605_887307_1256'>
							<elementID xmi:idref='_16_6_2_931029f_1387382593589_857448_1162'/>
							<linkFirstEndID xmi:idref='_16_6_2_931029f_1387382593605_425566_1254'/>
							<linkSecondEndID xmi:idref='_16_6_2_931029f_1387382593605_29464_1244'/>
							<geometry>230, 471; 230, 387; </geometry>
							<nameVisible xmi:value='true'/>
						</mdElement>
						<mdElement elementClass='ControlFlow' xmi:id='_16_6_2_931029f_1387382593605_557606_1257'>
							<elementID xmi:idref='_16_6_2_931029f_1387382593589_49594_1163'/>
							<linkFirstEndID xmi:idref='_16_6_2_931029f_1387382593605_432180_1255'/>
							<linkSecondEndID xmi:idref='_16_6_2_931029f_1387382593605_425566_1254'/>
							<geometry>231, 612; 231, 493; </geometry>
							<nameVisible xmi:value='true'/>
						</mdElement>
						<mdElement elementClass='ObjectFlow' xmi:id='_16_6_2_931029f_1387382593605_999331_1259'>
							<elementID xmi:idref='_16_6_2_931029f_1387382593589_19144_1164'/>
							<linkFirstEndID xmi:idref='_16_6_2_931029f_1387382593605_18146_1258'/>
							<linkSecondEndID xmi:idref='_16_6_2_931029f_1387382593605_687315_1241'/>
							<geometry>98, 175; 180, 175; </geometry>
							<nameVisible xmi:value='true'/>
						</mdElement>
						<mdElement elementClass='ObjectFlow' xmi:id='_16_6_2_931029f_1387382593605_307349_1260'>
							<elementID xmi:idref='_16_6_2_931029f_1387382593589_857938_1165'/>
							<linkFirstEndID xmi:idref='_16_6_2_931029f_1387382593605_991440_1242'/>
							<linkSecondEndID xmi:idref='_16_6_2_931029f_1387382593605_18146_1258'/>
							<geometry>180, 280; 70, 280; 70, 193; </geometry>
							<nameVisible xmi:value='true'/>
						</mdElement>
						<mdElement elementClass='ObjectFlow' xmi:id='_16_6_2_931029f_1387382593605_693714_1262'>
							<elementID xmi:idref='_16_6_2_931029f_1387382593590_109162_1169'/>
							<linkFirstEndID xmi:idref='_16_6_2_931029f_1387382593605_29464_1244'/>
							<linkSecondEndID xmi:idref='_16_6_2_931029f_1387382593605_18146_1258'/>
							<geometry>180, 378; 56, 378; 56, 193; </geometry>
							<nameVisible xmi:value='true'/>
						</mdElement>
						<mdElement elementClass='ObjectFlow' xmi:id='_16_6_2_931029f_1387382593605_499259_1263'>
							<elementID xmi:idref='_16_6_2_931029f_1387382593590_251993_1170'/>
							<linkFirstEndID xmi:idref='_16_6_2_931029f_1387382593605_425566_1254'/>
							<linkSecondEndID xmi:idref='_16_6_2_931029f_1387382593605_18146_1258'/>
							<geometry>180, 480; 39, 480; 39, 193; </geometry>
							<nameVisible xmi:value='true'/>
						</mdElement>
						<mdElement elementClass='ObjectFlow' xmi:id='_16_6_2_931029f_1387382593605_225922_1265'>
							<elementID xmi:idref='_16_6_2_931029f_1387382593590_88874_1171'/>
							<linkFirstEndID xmi:idref='_16_6_2_931029f_1387382593605_72392_1264'/>
							<linkSecondEndID xmi:idref='_16_6_2_931029f_1387382593605_432180_1255'/>
							<geometry>98, 627; 180, 627; </geometry>
							<nameVisible xmi:value='true'/>
						</mdElement>
						<mdElement elementClass='ObjectFlow' xmi:id='_16_6_2_931029f_1387382593605_951300_1269'>
							<elementID xmi:idref='_16_6_2_931029f_1387382593590_386491_1174'/>
							<linkFirstEndID xmi:idref='_16_6_2_931029f_1387382593605_840973_1268'/>
							<linkSecondEndID xmi:idref='_16_6_2_931029f_1387382593605_425566_1254'/>
							<geometry>390, 490; 280, 490; </geometry>
							<nameVisible xmi:value='true'/>
						</mdElement>
						<mdElement elementClass='ControlFlow' xmi:id='_16_6_2_931029f_1387382593605_363654_1271'>
							<elementID xmi:idref='_16_6_2_931029f_1387382593590_228790_1175'/>
							<linkFirstEndID xmi:idref='_16_6_2_931029f_1387382593605_318904_1270'/>
							<linkSecondEndID xmi:idref='_16_6_2_931029f_1387382593605_432180_1255'/>
							<geometry>230, 704; 230, 634; </geometry>
							<nameVisible xmi:value='true'/>
						</mdElement>
						<mdElement elementClass='ObjectFlow' xmi:id='_16_6_2_931029f_1387382593605_45105_1273'>
							<elementID xmi:idref='_16_6_2_931029f_1387382593590_86043_1176'/>
							<linkFirstEndID xmi:idref='_16_6_2_931029f_1387382593605_432180_1255'/>
							<linkSecondEndID xmi:idref='_16_6_2_931029f_1387382593605_18146_1258'/>
							<geometry>180, 616; 28, 616; 28, 193; </geometry>
							<nameVisible xmi:value='true'/>
						</mdElement>
						<mdElement elementClass='ObjectFlow' xmi:id='_16_6_2_931029f_1387382593605_374309_1274'>
							<elementID xmi:idref='_16_6_2_931029f_1387382593590_60127_1177'/>
							<linkFirstEndID xmi:idref='_16_6_2_931029f_1387382593605_425566_1254'/>
							<linkSecondEndID xmi:idref='_16_6_2_931029f_1387382593605_375301_1250'/>
							<geometry>280, 476; 459, 476; 459, 296; </geometry>
							<nameVisible xmi:value='true'/>
						</mdElement>
						<mdElement elementClass='Note' xmi:id='_16_6_2_931029f_1387382593605_330960_1272'>
							<geometry>311, 5, 285, 133</geometry>
							<text>What I think this brings in:
 1) as illustrated by (task3), there can be multiple reads at once,
 2) as illustrated by (task3) and (task4) there can be a sequence of reads (here: to b1)
 3) since for the object-flows self-loops can be ignored (since they do not express the meaning of &quot;reading&quot;), we can as well just remove the. Diagram &quot;processflow2&quot; is the result of that.</text>
						</mdElement>
						<mdElement elementClass='DiagramFrame' xmi:id='_16_6_2_931029f_1387382593594_971905_1204'>
							<elementID xmi:idref='_16_6_2_931029f_1387382593593_900131_1191'/>
							<geometry>5, 5, 632, 884</geometry>
						</mdElement>
					</mdOwnedViews>
				</mdElement>
			</mdElement>
		</mdOwnedDiagrams>
		<proxies/>
		<privateProxies>
			<proxy xmi:type='uml:Package' xmi:id='magicdraw_uml_standard_profile_v_0001' name='UML Standard Profile' visibility='public'>
				<xmi:Extension extender='MagicDraw UML 16.6'>
					<moduleExtension moduleRoot='::UML Standard Profile' moduleName='UML_Standard_Profile.xml' remoteProjectID='' remoteModuleVersion='1381906388494' moduleUsedByProject='true'/>
				</xmi:Extension>
				<packagedElement xmi:type='uml:Model' xmi:id='_9_0_be00301_1108053761194_467635_11463' name='UML2 Metamodel' visibility='public'>
					<packagedElement xmi:type='uml:Package' xmi:id='_9_0_62a020a_1105705080802_729520_11402' name='AuxiliaryConstructs' visibility='public'>
						<packagedElement xmi:type='uml:Package' xmi:id='_9_0_62a020a_1105705084263_818134_11536' name='Models' visibility='public'>
							<packagedElement xmi:type='uml:Class' xmi:id='_9_0_62a020a_1105704920340_825592_9329' name='Model' visibility='public'/>
						</packagedElement>
					</packagedElement>
					<packagedElement xmi:type='uml:Package' xmi:id='_9_0_62a020a_1105705064233_676383_11042' name='Classes' visibility='public'>
						<packagedElement xmi:type='uml:Package' xmi:id='_9_0_62a020a_1105705064323_957155_11049' name='Kernel' visibility='public'>
							<packagedElement xmi:type='uml:Class' xmi:id='_9_0_62a020a_1106296071977_61607_0' name='Diagram' visibility='public'>
								<xmi:Extension extender='MagicDraw UML 16.6'>
									<modelExtension/>
								</xmi:Extension>
							</packagedElement>
							<packagedElement xmi:type='uml:Class' xmi:id='_9_0_62a020a_1105704884807_371561_7741' name='Element' visibility='public'>
								<xmi:Extension extender='MagicDraw UML 16.6'>
									<modelExtension/>
								</xmi:Extension>
							</packagedElement>
							<packagedElement xmi:type='uml:Class' xmi:id='_9_0_62a020a_1105704885298_713292_7913' name='Package' visibility='public'/>
						</packagedElement>
					</packagedElement>
				</packagedElement>
				<packagedElement xmi:type='uml:Profile' xmi:id='_9_0_be00301_1108050582343_527400_10847' name='UML Standard Profile' visibility='public'>
					<packagedElement xmi:type='uml:Extension' xmi:id='_10_0EAPbeta_be00301_1123081771136_824883_97' visibility='public'>
						<memberEnd xmi:idref='_10_0EAPbeta_be00301_1123081771136_580423_99'/>
						<memberEnd xmi:idref='_10_0EAPbeta_be00301_1123081771136_271406_98'/>
						<ownedEnd xmi:type='uml:ExtensionEnd' xmi:id='_10_0EAPbeta_be00301_1123081771136_580423_99' name='extension_metamodel' visibility='private' aggregation='composite' type='magicdraw_1046861421236_601240_36'>
							<xmi:Extension extender='MagicDraw UML 16.6'>
								<modelExtension/>
							</xmi:Extension>
						</ownedEnd>
					</packagedElement>
					<packagedElement xmi:type='uml:Stereotype' xmi:id='magicdraw_1046861421236_601240_36' name='metamodel' visibility='public'>
						<ownedAttribute xmi:type='uml:Property' xmi:id='_10_0EAPbeta_be00301_1123081771136_271406_98' name='base_Model' visibility='private' type='_9_0_62a020a_1105704920340_825592_9329'/>
					</packagedElement>
				</packagedElement>
				<packagedElement xmi:type='uml:Profile' xmi:id='_be00301_1073394351331_445580_2' name='MagicDraw Profile' visibility='public'>
					<packagedElement xmi:type='uml:Extension' xmi:id='_10_0EAPbeta_be00301_1123081772498_531863_355' visibility='public'>
						<memberEnd xmi:idref='_10_0EAPbeta_be00301_1123081772498_435993_357'/>
						<memberEnd xmi:idref='_10_0EAPbeta_be00301_1123081772498_901864_356'/>
						<ownedEnd xmi:type='uml:ExtensionEnd' xmi:id='_10_0EAPbeta_be00301_1123081772498_435993_357' name='extension_DiagramInfo' visibility='private' aggregation='composite' type='_9_0_be00301_1108044380615_150487_0'>
							<xmi:Extension extender='MagicDraw UML 16.6'>
								<modelExtension/>
							</xmi:Extension>
						</ownedEnd>
					</packagedElement>
					<packagedElement xmi:type='uml:Extension' xmi:id='_10_0EAPbeta_be00301_1123081772098_323897_274' visibility='public'>
						<memberEnd xmi:idref='_10_0EAPbeta_be00301_1123081772108_624594_276'/>
						<memberEnd xmi:idref='_10_0EAPbeta_be00301_1123081772098_411862_275'/>
						<ownedEnd xmi:type='uml:ExtensionEnd' xmi:id='_10_0EAPbeta_be00301_1123081772108_624594_276' name='extension_InvisibleStereotype' visibility='private' aggregation='composite' type='_9_0_be00301_1108044721245_236588_411'>
							<xmi:Extension extender='MagicDraw UML 16.6'>
								<modelExtension/>
							</xmi:Extension>
						</ownedEnd>
					</packagedElement>
					<packagedElement xmi:type='uml:Extension' xmi:id='_12_1_8f90291_1173963939937_323574_98' visibility='public'>
						<memberEnd xmi:idref='_12_1_8f90291_1173963939937_399630_100'/>
						<memberEnd xmi:idref='_12_1_8f90291_1173963939937_52316_99'/>
						<ownedEnd xmi:type='uml:ExtensionEnd' xmi:id='_12_1_8f90291_1173963939937_399630_100' name='extension_auxiliaryResource' visibility='private' aggregation='composite' type='_12_1_8f90291_1173963323875_662612_98'>
							<xmi:Extension extender='MagicDraw UML 16.6'>
								<modelExtension/>
							</xmi:Extension>
						</ownedEnd>
					</packagedElement>
					<packagedElement xmi:type='uml:Stereotype' xmi:id='_9_0_be00301_1108044380615_150487_0' name='DiagramInfo' visibility='public'>
						<generalization xmi:type='uml:Generalization' xmi:id='_9_0_be00301_1108044989070_469307_436' general='_9_0_be00301_1108044721245_236588_411'/>
						<ownedAttribute xmi:type='uml:Property' xmi:id='_be00301_1073306188629_537791_2' name='Creation date' visibility='private'>
							<xmi:Extension extender='MagicDraw UML 16.6'>
								<modelExtension/>
							</xmi:Extension>
							<xmi:Extension extender='MagicDraw UML 16.6'>
								<modelExtension/>
							</xmi:Extension>
						</ownedAttribute>
						<ownedAttribute xmi:type='uml:Property' xmi:id='_be00301_1077726770128_871366_1' name='Author' visibility='private'>
							<xmi:Extension extender='MagicDraw UML 16.6'>
								<modelExtension/>
							</xmi:Extension>
							<xmi:Extension extender='MagicDraw UML 16.6'>
								<modelExtension/>
							</xmi:Extension>
						</ownedAttribute>
						<ownedAttribute xmi:type='uml:Property' xmi:id='_be00301_1073394345322_922552_1' name='Modification date' visibility='private'>
							<xmi:Extension extender='MagicDraw UML 16.6'>
								<modelExtension/>
							</xmi:Extension>
							<xmi:Extension extender='MagicDraw UML 16.6'>
								<modelExtension/>
							</xmi:Extension>
						</ownedAttribute>
						<ownedAttribute xmi:type='uml:Property' xmi:id='_10_0EAPbeta_be00301_1123081772498_901864_356' name='base_Diagram' visibility='private' type='_9_0_62a020a_1106296071977_61607_0'/>
					</packagedElement>
					<packagedElement xmi:type='uml:Stereotype' xmi:id='_9_0_be00301_1108044721245_236588_411' name='InvisibleStereotype' visibility='public'>
						<ownedAttribute xmi:type='uml:Property' xmi:id='_10_0EAPbeta_be00301_1123081772098_411862_275' name='base_Element' visibility='private' type='_9_0_62a020a_1105704884807_371561_7741'/>
					</packagedElement>
					<packagedElement xmi:type='uml:Stereotype' xmi:id='_12_1_8f90291_1173963323875_662612_98' name='auxiliaryResource' visibility='public'>
						<generalization xmi:type='uml:Generalization' xmi:id='_15_0_8f90291_1196866634537_680603_98' general='_9_0_be00301_1108044721245_236588_411'/>
						<ownedAttribute xmi:type='uml:Property' xmi:id='_12_1_8f90291_1173963939937_52316_99' name='base_Package' visibility='private' type='_9_0_62a020a_1105704885298_713292_7913'/>
					</packagedElement>
				</packagedElement>
			</proxy>
		</privateProxies>
		<stereotypeApplicationForProxies>
			<UML_Standard_Profile:metamodel xmi:id='_10_0EAPbeta_be00301_1123081771126_233373_95' base_Model='_9_0_be00301_1108053761194_467635_11463'/>
			<MagicDraw_Profile:auxiliaryResource xmi:id='_12_1_8f90291_1174411598625_504587_98' base_Package='magicdraw_uml_standard_profile_v_0001'/>
		</stereotypeApplicationForProxies>
		<stereotypesIDS>
			<stereotype name='UML_Standard_Profile:metamodel' stereotypeID='magicdraw_1046861421236_601240_36'/>
			<stereotype name='MagicDraw_Profile:DiagramInfo' stereotypeID='_9_0_be00301_1108044380615_150487_0'/>
			<tag name='MagicDraw_Profile:DiagramInfo:Creation_date' tagID='_be00301_1073306188629_537791_2'/>
			<tag name='MagicDraw_Profile:DiagramInfo:Author' tagID='_be00301_1077726770128_871366_1'/>
			<tag name='MagicDraw_Profile:DiagramInfo:Modification_date' tagID='_be00301_1073394345322_922552_1'/>
			<stereotype name='MagicDraw_Profile:auxiliaryResource' stereotypeID='_12_1_8f90291_1173963323875_662612_98'/>
		</stereotypesIDS>
		<index/>
		<options>
			<mdElement elementClass='StyleManager'>
				<mdElement elementClass='SimpleStyle'>
					<name>STYLE_MODEL_ELEMENT_DEFAULTS</name>
					<default xmi:value='false'/>
				</mdElement>
				<mdElement elementClass='SimpleStyle'>
					<name>STYLE_USER_PROPERTIES</name>
					<default xmi:value='false'/>
					<mdElement elementClass='PropertyManager'>
						<name>PROJECT_GENERAL_PROPERTIES</name>
						<propertyManagerID>_16_6_2_931029f_1387381120856_601048_345</propertyManagerID>
						<mdElement elementClass='ClassPathListProperty'>
							<propertyID>MODULES_DIRS</propertyID>
							<propertyDescriptionID>MODULES_DIRS_DESCRIPTION</propertyDescriptionID>
							<mdElement elementClass='FileProperty'>
								<value>&lt;project.dir&gt;</value>
								<selectionMode xmi:value='0'/>
								<displayFullPath xmi:value='true'/>
								<useFilePreviewer xmi:value='false'/>
								<displayAllFiles xmi:value='true'/>
								<fileType>FILE_TYPE_ANY</fileType>
							</mdElement>
							<mdElement elementClass='FileProperty'>
								<value>&lt;install.root&gt;\profiles</value>
								<selectionMode xmi:value='0'/>
								<displayFullPath xmi:value='true'/>
								<useFilePreviewer xmi:value='false'/>
								<displayAllFiles xmi:value='true'/>
								<fileType>FILE_TYPE_ANY</fileType>
							</mdElement>
							<mdElement elementClass='FileProperty'>
								<value>&lt;install.root&gt;\modelLibraries</value>
								<selectionMode xmi:value='0'/>
								<displayFullPath xmi:value='true'/>
								<useFilePreviewer xmi:value='false'/>
								<displayAllFiles xmi:value='true'/>
								<fileType>FILE_TYPE_ANY</fileType>
							</mdElement>
							<allowFiles xmi:value='false'/>
						</mdElement>
						<mdElement elementClass='BooleanProperty'>
							<propertyID>SHOW_DOT_NOTATION_FOR_ASSOCIATIONS</propertyID>
							<propertyDescriptionID>SHOW_DOT_NOTATION_FOR_ASSOCIATIONS_DESCRIPTION</propertyDescriptionID>
						</mdElement>
						<mdElement elementClass='BooleanProperty'>
							<propertyID>CHANGE_OWNERSHIP_FOR_NAVIGABILITY</propertyID>
							<propertyDescriptionID>CHANGE_OWNERSHIP_FOR_NAVIGABILITY_DESCRIPTION</propertyDescriptionID>
							<value xmi:value='true'/>
						</mdElement>
						<mdElement elementClass='ChoiceProperty'>
							<propertyID>QNAME_DISPLAY_STYLE</propertyID>
							<propertyDescriptionID>QNAME_DISPLAY_STYLE_DESCRIPTION</propertyDescriptionID>
							<value>QNAME_DISPLAY_STYLE_RELATIVE</value>
							<choice xmi:value='QNAME_DISPLAY_STYLE_ABSOLUTE^QNAME_DISPLAY_STYLE_MODEL_RELATIVE^QNAME_DISPLAY_STYLE_RELATIVE^QNAME_DISPLAY_STYLE_MODEL_OR_LIBRARY_RELATIVE'/>
							<index xmi:value='2'/>
						</mdElement>
						<mdElement elementClass='BooleanProperty'>
							<propertyID>AUTO_SYNCHRONIZE_PARAMETERS_AND_ARGUMENTS</propertyID>
							<propertyDescriptionID>AUTO_SYNCHRONIZE_PARAMETERS_AND_ARGUMENTS_DESCRIPTION</propertyDescriptionID>
							<value xmi:value='true'/>
						</mdElement>
						<mdElement elementClass='ElementListProperty'>
							<propertyID>ACTIVE_VALIDATION_SCOPE</propertyID>
							<propertyGroup>ACTIVE_VALIDATION</propertyGroup>
							<displayableTypes xmi:value='Model^ExpansionNode^Generalization^ControlFlow^Property^RaiseExceptionAction^Diagram^Dependency^MergeNode^ReadIsClassifiedObjectAction^CreateLinkAction^PackageImport^ParameterSet^StructuralFeature^Continuation^ActivityPartition^InputPin^LinkEndData^SendObjectAction^GeneralizationSet^InstanceValue^Signal^MultiplicityElement^AddVariableValueAction^Profile^ValueSpecification^InteractionUse^ReadExtentAction^Port^SequenceNode^ActivityParameterNode^Node^Class^LiteralString^ValueSpecificationAction^ClearStructuralFeatureAction^ControlNode^Interval^ObjectNode^Association^SendOperationEvent^Constraint^TemplateableElement^LinkAction^Usage^IntervalConstraint^FinalState^Action^Image^AssociationClass^EncapsulatedClassifier^ActivityFinalNode^Expression^TimeEvent^QualifierValue^RedefinableElement^CommunicationPath^DeploymentSpecification^Reception^Behavior^DestroyLinkAction^ClassifierTemplateParameter^AcceptEventAction^AddStructuralFeatureValueAction^ExecutableNode^ForkNode^Extend^Pin^BehavioredClassifier^ClearVariableAction^ClearAssociationAction^BehaviorExecutionSpecification^ExecutionEvent^LoopNode^NamedElement^Extension^CallOperationAction^Actor^ExtensionPoint^ConsiderIgnoreFragment^UnmarshallAction^InitialNode^ExecutionOccurrenceSpecification^LiteralInteger^ExecutionSpecification^Classifier^Manifestation^OutputPin^Lifeline^DurationObservation^Interface^StructuredActivityNode^Artifact^ProtocolConformance^OpaqueAction^Transition^StringExpression^PackageMerge^OperationTemplateParameter^TimeObservation^Device^InformationFlow^InvocationAction^ReceiveOperationEvent^CallEvent^SendSignalAction^EnumerationLiteral^FlowFinalNode^CombinedFragment^ReadLinkObjectEndAction^Trigger^InteractionConstraint^Region^Duration^ProtocolTransition^Package^Parameter^ReadVariableAction^StructuredClassifier^StartClassifierBehaviorAction^LiteralUnlimitedNatural^DurationInterval^CreationEvent^Connector^Enumeration^State^TestIdentityAction^CreateLinkObjectAction^ExecutionEnvironment^TypedElement^DataType^ValuePin^GeneralOrdering^InformationItem^SendSignalEvent^CentralBufferNode^Feature^ReceiveSignalEvent^InteractionFragment^CreateObjectAction^Slot^TemplateSignature^BroadcastSignalAction^ParameterableElement^Deployment^VariableAction^WriteStructuralFeatureAction^TemplateParameter^OpaqueExpression^Variable^Comment^Clause^DestructionEvent^InterfaceRealization^Activity^StartObjectBehaviorAction^DecisionNode^WriteLinkAction^MessageEnd^FunctionBehavior^UseCase^ProtocolStateMachine^PackageableElement^RemoveVariableValueAction^Stereotype^ExtensionEnd^OpaqueBehavior^TimeInterval^InterruptibleActivityRegion^PrimitiveType^TemplateBinding^ConnectableElementTemplateParameter^DataStoreNode^CallAction^Gate^Message^ChangeEvent^ReclassifyObjectAction^ReduceAction^Observation^ExpansionRegion^ReadLinkObjectEndQualifierAction^ConnectionPointReference^ConnectorEnd^ActivityNode^RemoveStructuralFeatureValueAction^Namespace^SignalEvent^ConditionalNode^Element^RedefinableTemplateSignature^ElementValue^Operation^TimeConstraint^InstanceSpecification^ReadStructuralFeatureAction^ComponentRealization^ActionExecutionSpecification^ActionInputPin^ActivityGroup^LinkEndDestructionData^WriteVariableAction^CallBehaviorAction^ConnectableElement^Component^LiteralBoolean^Interaction^CollaborationUse^Event^LiteralNull^ElementImport^DirectedRelationship^DurationConstraint^DeploymentTarget^InteractionOperand^Substitution^OccurrenceSpecification^StateMachine^Collaboration^Relationship^JoinNode^BehavioralFeature^LinkEndCreationData^AnyReceiveEvent^Type^TemplateParameterSubstitution^StructuralFeatureAction^Pseudostate^Realization^ObjectFlow^FinalNode^MessageEvent^PartDecomposition^ReadSelfAction^ReadLinkAction^StateInvariant^DeployedArtifact^ReplyAction^Include^Abstraction^LiteralSpecification^AcceptCallAction^Vertex^ActivityEdge^MessageOccurrenceSpecification^DestroyObjectAction^TimeExpression^ProfileApplication^ExceptionHandler'/>
							<selectableTypes xmi:value='Model^ExpansionNode^Generalization^ControlFlow^Property^RaiseExceptionAction^Diagram^Dependency^MergeNode^ReadIsClassifiedObjectAction^CreateLinkAction^PackageImport^ParameterSet^StructuralFeature^Continuation^ActivityPartition^InputPin^LinkEndData^SendObjectAction^GeneralizationSet^InstanceValue^Signal^MultiplicityElement^AddVariableValueAction^Profile^ValueSpecification^InteractionUse^ReadExtentAction^Port^SequenceNode^ActivityParameterNode^Node^Class^LiteralString^ValueSpecificationAction^ClearStructuralFeatureAction^ControlNode^Interval^ObjectNode^Association^SendOperationEvent^Constraint^TemplateableElement^LinkAction^Usage^IntervalConstraint^FinalState^Action^Image^AssociationClass^EncapsulatedClassifier^ActivityFinalNode^Expression^TimeEvent^QualifierValue^RedefinableElement^CommunicationPath^DeploymentSpecification^Reception^Behavior^DestroyLinkAction^ClassifierTemplateParameter^AcceptEventAction^AddStructuralFeatureValueAction^ExecutableNode^ForkNode^Extend^Pin^BehavioredClassifier^ClearVariableAction^ClearAssociationAction^BehaviorExecutionSpecification^ExecutionEvent^LoopNode^NamedElement^Extension^CallOperationAction^Actor^ExtensionPoint^ConsiderIgnoreFragment^UnmarshallAction^InitialNode^ExecutionOccurrenceSpecification^LiteralInteger^ExecutionSpecification^Classifier^Manifestation^OutputPin^Lifeline^DurationObservation^Interface^StructuredActivityNode^Artifact^ProtocolConformance^OpaqueAction^Transition^StringExpression^PackageMerge^OperationTemplateParameter^TimeObservation^Device^InformationFlow^InvocationAction^ReceiveOperationEvent^CallEvent^SendSignalAction^EnumerationLiteral^FlowFinalNode^CombinedFragment^ReadLinkObjectEndAction^Trigger^InteractionConstraint^Region^Duration^ProtocolTransition^Package^Parameter^ReadVariableAction^StructuredClassifier^StartClassifierBehaviorAction^LiteralUnlimitedNatural^DurationInterval^CreationEvent^Connector^Enumeration^State^TestIdentityAction^CreateLinkObjectAction^ExecutionEnvironment^TypedElement^DataType^ValuePin^GeneralOrdering^InformationItem^SendSignalEvent^CentralBufferNode^Feature^ReceiveSignalEvent^InteractionFragment^CreateObjectAction^Slot^TemplateSignature^BroadcastSignalAction^ParameterableElement^Deployment^VariableAction^WriteStructuralFeatureAction^TemplateParameter^OpaqueExpression^Variable^Comment^Clause^DestructionEvent^InterfaceRealization^Activity^StartObjectBehaviorAction^DecisionNode^WriteLinkAction^MessageEnd^FunctionBehavior^UseCase^ProtocolStateMachine^PackageableElement^RemoveVariableValueAction^Stereotype^ExtensionEnd^OpaqueBehavior^TimeInterval^InterruptibleActivityRegion^PrimitiveType^TemplateBinding^ConnectableElementTemplateParameter^DataStoreNode^CallAction^Gate^Message^ChangeEvent^ReclassifyObjectAction^ReduceAction^Observation^ExpansionRegion^ReadLinkObjectEndQualifierAction^ConnectionPointReference^ConnectorEnd^ActivityNode^RemoveStructuralFeatureValueAction^Namespace^SignalEvent^ConditionalNode^Element^RedefinableTemplateSignature^ElementValue^Operation^TimeConstraint^InstanceSpecification^ReadStructuralFeatureAction^ComponentRealization^ActionExecutionSpecification^ActionInputPin^ActivityGroup^LinkEndDestructionData^WriteVariableAction^CallBehaviorAction^ConnectableElement^Component^LiteralBoolean^Interaction^CollaborationUse^Event^LiteralNull^ElementImport^DirectedRelationship^DurationConstraint^DeploymentTarget^InteractionOperand^Substitution^OccurrenceSpecification^StateMachine^Collaboration^Relationship^JoinNode^BehavioralFeature^LinkEndCreationData^AnyReceiveEvent^Type^TemplateParameterSubstitution^StructuralFeatureAction^Pseudostate^Realization^ObjectFlow^FinalNode^MessageEvent^PartDecomposition^ReadSelfAction^ReadLinkAction^StateInvariant^DeployedArtifact^ReplyAction^Include^Abstraction^LiteralSpecification^AcceptCallAction^Vertex^ActivityEdge^MessageOccurrenceSpecification^DestroyObjectAction^TimeExpression^ProfileApplication^ExceptionHandler'/>
							<containment xmi:value='true'/>
							<ordered xmi:value='false'/>
							<value>eee_1045467100313_135436_1</value>
						</mdElement>
						<mdElement elementClass='BooleanProperty'>
							<propertyID>ACTIVE_VALIDATION_EXCLUDE_ELEMENTS_FROM_READONLY_MODULES</propertyID>
							<propertyGroup>ACTIVE_VALIDATION</propertyGroup>
							<value xmi:value='true'/>
						</mdElement>
						<mdElement elementClass='BooleanProperty'>
							<propertyID>CHECK_FOR_CYCLIC_DEPENDENCIES</propertyID>
							<propertyGroup>DEPENDENCY_CHECKER_GROUP</propertyGroup>
							<propertyDescriptionID>CHECK_FOR_CYCLIC_DEPENDENCIES_DESCRIPTION</propertyDescriptionID>
						</mdElement>
						<mdElement elementClass='ChoiceProperty'>
							<propertyID>DEPENDENCY_SEVERITY_LEVEL</propertyID>
							<propertyGroup>DEPENDENCY_CHECKER_GROUP</propertyGroup>
							<propertyDescriptionID>DEPENDENCY_SEVERITY_LEVEL_DESCRIPTION</propertyDescriptionID>
							<value>INFO</value>
							<choice xmi:value='INFO^WARNING^ERROR'/>
							<index xmi:value='0'/>
						</mdElement>
						<mdElement elementClass='BooleanProperty'>
							<propertyID>IGNORE_STANDARD_PROFILES</propertyID>
							<propertyGroup>DEPENDENCY_CHECKER_GROUP</propertyGroup>
							<propertyDescriptionID>IGNORE_STANDARD_PROFILES_DESCRIPTION</propertyDescriptionID>
							<value xmi:value='true'/>
						</mdElement>
						<mdElement elementClass='BooleanProperty'>
							<propertyID>ACTIVE_VALIDATION_MARK_IN_MODEL</propertyID>
							<propertyGroup>ACTIVE_VALIDATION</propertyGroup>
							<value xmi:value='true'/>
						</mdElement>
						<mdElement elementClass='FileProperty'>
							<propertyID>EMF_UML2_OUTPUT_LOCATION</propertyID>
							<propertyGroup>General</propertyGroup>
							<propertyDescriptionID>EMF_UML2_OUTPUT_LOCATION_DESCRIPTION</propertyDescriptionID>
							<selectionMode xmi:value='1'/>
							<displayFullPath xmi:value='true'/>
							<useFilePreviewer xmi:value='false'/>
							<displayAllFiles xmi:value='true'/>
							<fileType>FILE_TYPE_ANY</fileType>
						</mdElement>
						<mdElement elementClass='ElementListProperty'>
							<propertyID>IGNORED_ACTIVE_VALIDATION_SUITES</propertyID>
							<propertyGroup>ACTIVE_VALIDATION</propertyGroup>
							<containment xmi:value='false'/>
							<ordered xmi:value='false'/>
						</mdElement>
						<mdElement elementClass='ElementProperty'>
							<propertyID>ACTIVE_VALIDATION_SEVERITY</propertyID>
							<propertyGroup>ACTIVE_VALIDATION</propertyGroup>
							<useUnspecified xmi:value='false'/>
							<containment xmi:value='false'/>
							<typeElement xmi:value='false'/>
							<parentApplicant xmi:value='false'/>
							<value>_11_5_f720368_1159529789933_567569_120</value>
						</mdElement>
					</mdElement>
					<mdElement elementClass='PropertyManager'>
						<name>PROJECT_INVISIBLE_PROPERTIES</name>
						<propertyManagerID>_16_6_2_931029f_1387381120856_481724_346</propertyManagerID>
						<mdElement elementClass='NumberProperty'>
							<propertyID>TOOL_TIP_STYLE</propertyID>
							<propertyDescriptionID>TOOL_TIP_STYLE_DESCRIPTION</propertyDescriptionID>
							<value xmi:value='0.0'/>
							<highRange xmi:value='2.0'/>
						</mdElement>
						<mdElement elementClass='NumberProperty'>
							<propertyID>LAST_INTERFACE_STYLE</propertyID>
							<propertyDescriptionID>LAST_INTERFACE_STYLE_DESCRIPTION</propertyDescriptionID>
							<value xmi:value='0.0'/>
							<highRange xmi:value='1.0'/>
						</mdElement>
						<mdElement elementClass='BooleanProperty'>
							<propertyID>IS_BROWSER_VISIBLE</propertyID>
							<propertyDescriptionID>IS_BROWSER_VISIBLE_DESCRIPTION</propertyDescriptionID>
							<value xmi:value='true'/>
						</mdElement>
						<mdElement elementClass='ChoiceProperty'>
							<propertyID>BROWSER_ITEM_TYPES</propertyID>
							<propertyDescriptionID>BROWSER_ITEM_TYPES_DESCRIPTION</propertyDescriptionID>
							<value></value>
							<choice xmi:value='LiteralString^LiteralBoolean^LiteralNull^LiteralInteger^LiteralUnlimitedNatural^Expression^OpaqueExpression^InstanceValue^StringExpression^ElementValue^Duration^DurationInterval^TimeInterval^TimeExpression^MessageOccurrenceSpecification^Gate^Image'/>
							<index xmi:value='-1'/>
						</mdElement>
						<mdElement elementClass='NumberProperty'>
							<propertyID>BROWSER_DIVIDER_LOCATION</propertyID>
							<propertyDescriptionID>BROWSER_DIVIDER_LOCATION_DESCRIPTION</propertyDescriptionID>
							<value xmi:value='-1.0'/>
							<lowRange xmi:value='-1.0'/>
						</mdElement>
						<mdElement elementClass='ChoiceProperty'>
							<propertyID>BROWSER_BOUNDS</propertyID>
							<propertyDescriptionID>BROWSER_BOUNDS_DESCRIPTION</propertyDescriptionID>
							<value></value>
							<choice xmi:value=''/>
							<index xmi:value='-1'/>
						</mdElement>
						<mdElement elementClass='BooleanProperty'>
							<propertyID>IS_DOCS_TAB_VISIBLE</propertyID>
							<propertyDescriptionID>IS_DOCS_TAB_VISIBLE_DESCRIPTION</propertyDescriptionID>
							<value xmi:value='true'/>
						</mdElement>
						<mdElement elementClass='StringProperty'>
							<propertyID>BROWSER_LAYOUT</propertyID>
							<propertyDescriptionID>BROWSER_LAYOUT_DESCRIPTION</propertyDescriptionID>
							<value>0 14 0 0 0 0 0 0 0 0 0 0 4 0 0 0 3 0 0 0 0 0 0 0 0 8 0 0 0 f 0 4d 0 45 0 53 0 53 0 41 0 47 0 45 0 53 0 5f 0 57 0 49 0 4e 0 44 0 4f 0 57 0 0 a0 71 0 0 0 2 0 0 0 0 0 0 0 0 0 0 0 f 0 0 0 0 0 0 0 4 0 0 0 2 0 0 0 c8 0 0 0 83 0 0 0 c8 0 0 0 c8 ff ff ff ff ff ff ff ff 0 0 1 2c 0 0 0 c8 0 0 0 0 0 0 0 1 0 0 0 4 0 0 a0 71 0 0 0 2 0 0 0 0 0 0 0 0 0 0 3 da 0 0 3 c7 0 0 0 2 0 0 0 0 0 0 f2 66 0 0 0 1 0 0 a0 71 0 0 0 1 0 0 99 36 0 0 f2 66 0 0 0 0 0 0 0 2 0 0 6d 7e 0 0 f2 66 0 0 0 0 0 0 0 0 0 0 0 0 0 0 0 f 0 45 0 58 0 54 0 45 0 4e 0 53 0 49 0 4f 0 4e 0 53 0 5f 0 54 0 52 0 45 0 45 0 0 36 c6 0 0 0 8 0 0 0 0 0 0 0 1 0 0 0 f 0 0 0 4 0 0 0 4 0 0 0 8 0 0 0 0 0 0 1 9b 0 0 0 c8 0 0 0 c8 ff ff ff ff ff ff ff ff 0 0 1 2c 0 0 1 4b 0 0 0 0 0 0 0 1 0 0 0 4 0 0 36 c6 0 0 0 2 0 0 0 0 0 0 0 0 0 0 3 da 0 0 3 c7 0 0 0 8 0 0 0 0 0 0 99 75 0 0 0 4 0 0 be 36 0 0 c8 7a 0 0 19 98 0 0 36 c6 0 0 0 3 0 0 a3 66 0 0 99 75 0 0 0 0 0 0 0 2 0 0 99 75 0 0 f5 d1 0 0 6d 7e 0 0 a3 66 0 0 0 1 0 0 0 2 0 0 a3 66 0 0 9e a8 0 0 99 36 0 0 6d 7e 0 0 0 0 0 0 0 2 0 0 6d 7e 0 0 f2 66 0 0 0 0 0 0 0 0 0 0 0 0 0 0 0 d 0 44 0 49 0 41 0 47 0 52 0 41 0 4d 0 53 0 5f 0 54 0 52 0 45 0 45 0 0 19 98 0 0 0 8 0 0 0 0 0 0 0 1 0 0 0 f 0 0 0 4 0 0 0 4 0 0 0 8 0 0 0 0 0 0 1 9b 0 0 0 c8 0 0 0 c8 ff ff ff ff ff ff ff ff 0 0 1 2c 0 0 1 4b 0 0 0 0 0 0 0 1 0 0 0 4 0 0 19 98 0 0 0 2 0 0 0 0 0 0 0 0 0 0 3 da 0 0 3 c7 0 0 0 8 0 0 0 0 0 0 99 75 0 0 0 4 0 0 be 36 0 0 c8 7a 0 0 19 98 0 0 36 c6 0 0 0 3 0 0 a3 66 0 0 99 75 0 0 0 0 0 0 0 2 0 0 99 75 0 0 f5 d1 0 0 6d 7e 0 0 a3 66 0 0 0 1 0 0 0 2 0 0 a3 66 0 0 9e a8 0 0 99 36 0 0 6d 7e 0 0 0 0 0 0 0 2 0 0 6d 7e 0 0 f2 66 0 0 0 0 0 0 0 0 0 0 0 0 0 0 0 a 0 50 0 52 0 4f 0 50 0 45 0 52 0 54 0 49 0 45 0 53 0 0 88 75 0 0 0 8 0 0 0 1 0 0 0 1 0 0 0 f 0 0 0 4 0 0 0 4 0 0 0 8 0 0 0 0 0 0 1 9b 0 0 0 c8 0 0 0 c8 ff ff ff ff ff ff ff ff 0 0 1 2c 0 0 1 4b 0 0 0 0 0 0 0 1 0 0 0 4 0 0 88 75 0 0 0 2 0 0 0 0 0 0 0 0 0 0 3 da 0 0 3 c7 0 0 0 8 0 0 0 0 0 0 f5 d1 0 0 0 3 0 0 c1 86 0 0 53 b6 0 0 88 75 0 0 0 3 0 0 a3 66 0 0 f5 d1 0 0 0 0 0 0 0 2 0 0 99 75 0 0 f5 d1 0 0 6d 7e 0 0 a3 66 0 0 0 1 0 0 0 2 0 0 a3 66 0 0 9e a8 0 0 99 36 0 0 6d 7e 0 0 0 0 0 0 0 2 0 0 6d 7e 0 0 f2 66 0 0 0 0 0 0 0 0 0 0 0 0 0 0 0 d 0 44 0 4f 0 43 0 55 0 4d 0 45 0 4e 0 54 0 41 0 54 0 49 0 4f 0 4e 0 0 53 b6 0 0 0 8 0 0 0 1 0 0 0 1 0 0 0 f 0 0 0 4 0 0 0 4 0 0 0 8 0 0 0 0 0 0 1 9b 0 0 0 c8 0 0 0 c8 ff ff ff ff ff ff ff ff 0 0 1 2c 0 0 1 4b 0 0 0 0 0 0 0 1 0 0 0 4 0 0 53 b6 0 0 0 2 0 0 0 0 0 0 0 0 0 0 3 da 0 0 3 c7 0 0 0 8 0 0 0 0 0 0 f5 d1 0 0 0 3 0 0 c1 86 0 0 53 b6 0 0 88 75 0 0 0 3 0 0 a3 66 0 0 f5 d1 0 0 0 0 0 0 0 2 0 0 99 75 0 0 f5 d1 0 0 6d 7e 0 0 a3 66 0 0 0 1 0 0 0 2 0 0 a3 66 0 0 9e a8 0 0 99 36 0 0 6d 7e 0 0 0 0 0 0 0 2 0 0 6d 7e 0 0 f2 66 0 0 0 0 0 0 0 0 0 0 0 0 0 0 0 c 0 5a 0 4f 0 4f 0 4d 0 5f 0 43 0 4f 0 4e 0 54 0 52 0 4f 0 4c 0 0 c1 86 0 0 0 8 0 0 0 1 0 0 0 1 0 0 0 f 0 0 0 4 0 0 0 4 0 0 0 8 0 0 0 0 0 0 1 9b 0 0 0 c8 0 0 0 c8 ff ff ff ff ff ff ff ff 0 0 1 2c 0 0 1 4b 0 0 0 0 0 0 0 1 0 0 0 4 0 0 c1 86 0 0 0 2 0 0 0 0 0 0 0 0 0 0 3 da 0 0 3 c7 0 0 0 8 0 0 0 0 0 0 f5 d1 0 0 0 3 0 0 c1 86 0 0 53 b6 0 0 88 75 0 0 0 3 0 0 a3 66 0 0 f5 d1 0 0 0 0 0 0 0 2 0 0 99 75 0 0 f5 d1 0 0 6d 7e 0 0 a3 66 0 0 0 1 0 0 0 2 0 0 a3 66 0 0 9e a8 0 0 99 36 0 0 6d 7e 0 0 0 0 0 0 0 2 0 0 6d 7e 0 0 f2 66 0 0 0 0 0 0 0 0 0 0 0 0 0 0 0 10 0 43 0 4f 0 4e 0 54 0 41 0 49 0 4e 0 4d 0 45 0 4e 0 54 0 5f 0 54 0 52 0 45 0 45 0 0 be 36 0 0 0 8 0 0 0 0 0 0 0 1 0 0 0 f 0 0 0 4 0 0 0 4 0 0 0 8 0 0 0 0 0 0 1 9b 0 0 0 c8 0 0 0 c8 ff ff ff ff ff ff ff ff 0 0 1 2c 0 0 1 4b 0 0 0 0 0 0 0 1 0 0 0 4 0 0 be 36 0 0 0 2 0 0 0 0 0 0 0 0 0 0 3 da 0 0 3 c7 0 0 0 8 0 0 0 0 0 0 99 75 0 0 0 4 0 0 be 36 0 0 c8 7a 0 0 19 98 0 0 36 c6 0 0 0 3 0 0 a3 66 0 0 99 75 0 0 0 0 0 0 0 2 0 0 99 75 0 0 f5 d1 0 0 6d 7e 0 0 a3 66 0 0 0 1 0 0 0 2 0 0 a3 66 0 0 9e a8 0 0 99 36 0 0 6d 7e 0 0 0 0 0 0 0 2 0 0 6d 7e 0 0 f2 66 0 0 0 0 0 0 0 0 0 0 0 0 0 0 0 10 0 49 0 4e 0 48 0 45 0 52 0 49 0 54 0 41 0 4e 0 43 0 45 0 5f 0 54 0 52 0 45 0 45 0 0 c8 7a 0 0 0 8 0 0 0 0 0 0 0 1 0 0 0 f 0 0 0 4 0 0 0 4 0 0 0 8 0 0 0 0 0 0 1 9b 0 0 0 c8 0 0 0 c8 ff ff ff ff ff ff ff ff 0 0 1 2c 0 0 1 4b 0 0 0 0 0 0 0 1 0 0 0 4 0 0 c8 7a 0 0 0 2 0 0 0 0 0 0 0 0 0 0 3 da 0 0 3 c7 0 0 0 8 0 0 0 0 0 0 99 75 0 0 0 4 0 0 be 36 0 0 c8 7a 0 0 19 98 0 0 36 c6 0 0 0 3 0 0 a3 66 0 0 99 75 0 0 0 0 0 0 0 2 0 0 99 75 0 0 f5 d1 0 0 6d 7e 0 0 a3 66 0 0 0 1 0 0 0 2 0 0 a3 66 0 0 9e a8 0 0 99 36 0 0 6d 7e 0 0 0 0 0 0 0 2 0 0 6d 7e 0 0 f2 66 0 0 0 0 0 0 0 0 0 0 0 0 0 0 4 63 0 0 0 0 0 0 99 36 0 0 0 0 2 0 0 4 63 0 0 0 1 0 0 6d 7e 0 0 0 0 2 0 0 4 63 0 0 0 0 0 0 a3 66 0 0 0 0 2 0 0 4 64 0 0 99 75 0 0 0 4 0 0 4 65 0 0 0 10 0 43 0 4f 0 4e 0 54 0 41 0 49 0 4e 0 4d 0 45 0 4e 0 54 0 5f 0 54 0 52 0 45 0 45 0 0 4 65 0 0 0 10 0 49 0 4e 0 48 0 45 0 52 0 49 0 54 0 41 0 4e 0 43 0 45 0 5f 0 54 0 52 0 45 0 45 0 0 4 65 0 0 0 d 0 44 0 49 0 41 0 47 0 52 0 41 0 4d 0 53 0 5f 0 54 0 52 0 45 0 45 0 0 4 65 0 0 0 f 0 45 0 58 0 54 0 45 0 4e 0 53 0 49 0 4f 0 4e 0 53 0 5f 0 54 0 52 0 45 0 45 ff ff ff ff ff ff ff ff 0 0 0 0 0 0 4 64 0 0 f5 d1 0 0 0 3 0 0 4 65 0 0 0 c 0 5a 0 4f 0 4f 0 4d 0 5f 0 43 0 4f 0 4e 0 54 0 52 0 4f 0 4c 0 0 4 65 0 0 0 d 0 44 0 4f 0 43 0 55 0 4d 0 45 0 4e 0 54 0 41 0 54 0 49 0 4f 0 4e 0 0 4 65 0 0 0 a 0 50 0 52 0 4f 0 50 0 45 0 52 0 54 0 49 0 45 0 53 ff ff ff ff ff ff ff ff 0 0 0 0 ff ff ff ff ff ff ff ff 0 0 4 63 0 0 0 0 0 0 9e a8 0 0 0 0 1 0 0 4 66 ff ff ff ff ff ff ff ff 0 0 0 0 ff ff ff ff ff ff ff ff ff ff ff ff ff ff ff ff 0 0 4 64 0 0 f2 66 0 0 0 1 0 0 4 65 0 0 0 f 0 4d 0 45 0 53 0 53 0 41 0 47 0 45 0 53 0 5f 0 57 0 49 0 4e 0 44 0 4f 0 57 ff ff ff ff ff ff ff ff 0 0 0 0 ff ff ff ff ff ff ff ff 0 0 0 3 0 0 0 0 0 0 0 7 0 0 0 0 0 0 0 1 0 0 0 0 0 0 0 5 0 0 0 0 0 0 0 0 0 0 0 0 0 0 0 0 </value>
						</mdElement>
						<mdElement elementClass='StringProperty'>
							<propertyID>LAYOUT_BEFORE_FULL_SCREEN</propertyID>
							<propertyDescriptionID>LAYOUT_BEFORE_FULL_SCREEN_DESCRIPTION</propertyDescriptionID>
						</mdElement>
						<mdElement elementClass='StringProperty'>
							<propertyID>LAYOUT_BEFORE_EXIT_FULL_SCREEN</propertyID>
							<propertyDescriptionID>LAYOUT_BEFORE_EXIT_FULL_SCREEN_DESCRIPTION</propertyDescriptionID>
						</mdElement>
						<mdElement elementClass='StringProperty'>
							<propertyID>DIAGRAMS_LAYOUT</propertyID>
							<propertyDescriptionID>DIAGRAMS_LAYOUT_DESCRIPTION</propertyDescriptionID>
							<value>0 0 0 14 0 0 0 1 0 0 0 29 0 5f 0 31 0 36 0 5f 0 36 0 5f 0 32 0 5f 0 39 0 33 0 31 0 30 0 32 0 39 0 66 0 5f 0 31 0 33 0 38 0 37 0 33 0 38 0 32 0 35 0 39 0 33 0 35 0 39 0 33 0 5f 0 39 0 30 0 30 0 31 0 33 0 31 0 5f 0 31 0 31 0 39 0 31 0 0 0 1 0 0 0 cc 0 0 0 e2 0 0 0 5 0 0 0 6 0 0 0 28 0 5f 0 31 0 36 0 5f 0 36 0 5f 0 32 0 5f 0 39 0 33 0 31 0 30 0 32 0 39 0 66 0 5f 0 31 0 33 0 38 0 37 0 33 0 38 0 31 0 31 0 32 0 35 0 36 0 30 0 33 0 5f 0 37 0 35 0 33 0 30 0 34 0 37 0 5f 0 34 0 37 0 38 0 0 0 28 0 5f 0 31 0 36 0 5f 0 36 0 5f 0 32 0 5f 0 39 0 33 0 31 0 30 0 32 0 39 0 66 0 5f 0 31 0 33 0 38 0 37 0 33 0 38 0 31 0 31 0 39 0 36 0 37 0 33 0 38 0 5f 0 39 0 31 0 39 0 36 0 39 0 33 0 5f 0 35 0 36 0 32 0 0 0 28 0 5f 0 31 0 36 0 5f 0 36 0 5f 0 32 0 5f 0 39 0 33 0 31 0 30 0 32 0 39 0 66 0 5f 0 31 0 33 0 38 0 37 0 33 0 38 0 31 0 32 0 33 0 34 0 38 0 35 0 38 0 5f 0 32 0 32 0 39 0 31 0 39 0 37 0 5f 0 36 0 32 0 37 0 0 0 28 0 5f 0 31 0 36 0 5f 0 36 0 5f 0 32 0 5f 0 39 0 33 0 31 0 30 0 32 0 39 0 66 0 5f 0 31 0 33 0 38 0 37 0 33 0 38 0 31 0 32 0 35 0 38 0 34 0 35 0 38 0 5f 0 31 0 34 0 39 0 36 0 39 0 39 0 5f 0 37 0 30 0 35 0 0 0 29 0 5f 0 31 0 36 0 5f 0 36 0 5f 0 32 0 5f 0 39 0 33 0 31 0 30 0 32 0 39 0 66 0 5f 0 31 0 33 0 38 0 37 0 33 0 38 0 32 0 33 0 35 0 39 0 39 0 36 0 33 0 5f 0 38 0 30 0 38 0 39 0 31 0 33 0 5f 0 31 0 30 0 35 0 30 0 0 0 29 0 5f 0 31 0 36 0 5f 0 36 0 5f 0 32 0 5f 0 39 0 33 0 31 0 30 0 32 0 39 0 66 0 5f 0 31 0 33 0 38 0 37 0 33 0 38 0 32 0 35 0 39 0 33 0 35 0 39 0 33 0 5f 0 39 0 30 0 30 0 31 0 33 0 31 0 5f 0 31 0 31 0 39 0 31 0 0 0 0 </value>
						</mdElement>
						<mdElement elementClass='StringProperty'>
							<propertyID>MT_LAST_SELECTED_TRANSFORMATION</propertyID>
							<propertyDescriptionID>MT_LAST_SELECTED_TRANSFORMATION_DESCRIPTION</propertyDescriptionID>
						</mdElement>
						<mdElement elementClass='BooleanProperty'>
							<propertyID>MT_TRANSFORMATION_IN_PLACE</propertyID>
							<propertyDescriptionID>MT_TRANSFORMATION_IN_PLACE_DESCRIPTION</propertyDescriptionID>
						</mdElement>
						<mdElement elementClass='ElementProperty'>
							<propertyID>MT_DESTINATION_PACKAGE</propertyID>
							<useUnspecified xmi:value='false'/>
							<containment xmi:value='false'/>
							<typeElement xmi:value='false'/>
							<parentApplicant xmi:value='false'/>
						</mdElement>
						<mdElement elementClass='StringProperty'>
							<propertyID>MT_LAST_SELECTED_TYPE_MAP_PROFILE</propertyID>
							<propertyDescriptionID>MT_LAST_SELECTED_TYPE_MAP_PROFILE_DESCRIPTION</propertyDescriptionID>
						</mdElement>
						<mdElement elementClass='BooleanProperty'>
							<propertyID>MT_LAST_SELECTED_TYPE_MAP_PROFILE_DIRECTION</propertyID>
							<propertyDescriptionID>MT_LAST_SELECTED_TYPE_MAP_PROFILE_DIRECTION_DESCRIPTION</propertyDescriptionID>
							<value xmi:value='true'/>
						</mdElement>
						<mdElement elementClass='NumberProperty'>
							<propertyID>INDEX_MODE</propertyID>
							<propertyDescriptionID>INDEX_MODE_DESCRIPTION</propertyDescriptionID>
							<value xmi:value='0.0'/>
						</mdElement>
						<mdElement elementClass='BooleanProperty'>
							<propertyID>INDEX_SCOPE_ALL</propertyID>
							<propertyDescriptionID>INDEX_SCOPE_ALL_DESCRIPTION</propertyDescriptionID>
						</mdElement>
						<mdElement elementClass='ElementListProperty'>
							<propertyID>INDEX_SCOPE</propertyID>
							<containment xmi:value='false'/>
							<ordered xmi:value='false'/>
						</mdElement>
						<mdElement elementClass='ElementProperty'>
							<propertyID>INDEX_TYPES</propertyID>
							<selectableTypes xmi:value=''/>
							<useUnspecified xmi:value='false'/>
							<containment xmi:value='false'/>
							<typeElement xmi:value='false'/>
							<parentApplicant xmi:value='false'/>
						</mdElement>
						<mdElement elementClass='StringProperty'>
							<propertyID>LAST_SELECTED_MODULE_PATH</propertyID>
							<propertyDescriptionID>LAST_SELECTED_MODULE_PATH_DESCRIPTION</propertyDescriptionID>
						</mdElement>
						<mdElement elementClass='BooleanProperty'>
							<propertyID>DIAGRAM_INFO_CUSTOM_MODE</propertyID>
							<propertyDescriptionID>DIAGRAM_INFO_CUSTOM_MODE_DESCRIPTION</propertyDescriptionID>
						</mdElement>
						<mdElement elementClass='LIST_PROPERTY'>
							<propertyID>DIAGRAM_INFO_SELECTED_KEYWORDS</propertyID>
							<propertyDescriptionID>DIAGRAM_INFO_SELECTED_KEYWORDS_DESCRIPTION</propertyDescriptionID>
							<value>Diagram name</value>
							<value>Author</value>
							<value>Creation date</value>
							<value>Modification date</value>
						</mdElement>
						<mdElement elementClass='StringProperty'>
							<propertyID>DIAGRAM_INFO_CUSTOM_HTML</propertyID>
							<propertyDescriptionID>DIAGRAM_INFO_CUSTOM_HTML_DESCRIPTION</propertyDescriptionID>
							<value></value>
						</mdElement>
						<mdElement elementClass='StringProperty'>
							<propertyID>INFO_PROPERTY</propertyID>
							<propertyDescriptionID>INFO_PROPERTY_DESCRIPTION</propertyDescriptionID>
							<value>19 1b 38 73 8 20 55 17 6 7 b6 4b 64 c5 ef 68 23 8e 33 9f 8e c6 77 ef 5f 0 bd 8d 58 f8 26 4a 4e db 9 2d 64 a0 23 a2 26 49 97 99 d8 8d 53 d8 b4 73 fc 45 c7 c ef 42 bf 9a e 75 b cd f3 d7 e6 14 f 32 70 49 93 </value>
						</mdElement>
						<mdElement elementClass='LIST_PROPERTY'>
							<propertyID>ADDITIONAL_CONTAINMENT_TREES</propertyID>
							<propertyDescriptionID>ADDITIONAL_CONTAINMENT_TREES_DESCRIPTION</propertyDescriptionID>
						</mdElement>
						<mdElement elementClass='StringProperty'>
							<propertyID>LAST_DIRECTORY</propertyID>
							<propertyDescriptionID>LAST_DIRECTORY_DESCRIPTION</propertyDescriptionID>
							<value></value>
						</mdElement>
						<mdElement elementClass='NumberProperty'>
							<propertyID>OutputTypeSelectionPanel.value</propertyID>
							<propertyDescriptionID>OutputTypeSelectionPanel.value_DESCRIPTION</propertyDescriptionID>
							<value xmi:value='0.0'/>
							<highRange xmi:value='10.0'/>
						</mdElement>
						<mdElement elementClass='BooleanProperty'>
							<propertyID>PROJECT_VERSIONCHANGED</propertyID>
							<propertyDescriptionID>PROJECT_VERSIONCHANGED_DESCRIPTION</propertyDescriptionID>
						</mdElement>
						<mdElement elementClass='LIST_PROPERTY'>
							<propertyID>IGNORED_CONSTRAINT_PROPERTY</propertyID>
						</mdElement>
						<mdElement elementClass='StringProperty'>
							<propertyID>ACTIVE_VALIDATION_IGNORED_OPTION</propertyID>
							<propertyGroup>ACTIVE_VALIDATION</propertyGroup>
							<propertyDescriptionID>ACTIVE_VALIDATION_IGNORED_OPTION_DESCRIPTION</propertyDescriptionID>
						</mdElement>
						<mdElement elementClass='LIST_PROPERTY'>
							<propertyID>SPELL_IGNORE_LIST</propertyID>
							<propertyDescriptionID>SPELL_IGNORE_LIST_DESCRIPTION</propertyDescriptionID>
							<value>MagicDrawUML</value>
						</mdElement>
						<mdElement elementClass='ChoiceProperty'>
							<propertyID>RECENT_DIAGRAMS</propertyID>
							<propertyDescriptionID>RECENT_DIAGRAMS_DESCRIPTION</propertyDescriptionID>
							<choice xmi:value=''/>
							<index xmi:value='-1'/>
						</mdElement>
						<mdElement elementClass='StringProperty'>
							<propertyID>LAST_SELECTED_ELEMENT</propertyID>
							<propertyDescriptionID>LAST_SELECTED_ELEMENT_DESCRIPTION</propertyDescriptionID>
							<value>_16_6_2_931029f_1387381242730_536448_679</value>
						</mdElement>
					</mdElement>
				</mdElement>
			</mdElement>
		</options>
		<favoriteElements xmi:value=''/>
		<dataTypes xmi:idref='_9_0_2_be00301_1111670217596_336168_627'/>
		<moduleID>Project test-chain</moduleID>
		<mdElement elementClass='StyleManager'>
			<mdElement elementClass='SimpleStyle'>
				<name>Default</name>
				<default xmi:value='true'/>
				<mdElement elementClass='ExtendableManager'>
					<removable xmi:value='false'/>
					<extendableByDiagram xmi:value='true'/>
					<extendableByStereotype xmi:value='false'/>
					<name>Abstraction</name>
					<propertyManagerID>_16_6_2_931029f_1387381120857_386460_347</propertyManagerID>
					<parentPropertyManager>_16_6_2_931029f_1387381120857_945759_348</parentPropertyManager>
					<mdElement elementClass='ColorProperty'>
						<propertyID>STEREOTYPE_COLOR</propertyID>
						<propertyDescriptionID>STEREOTYPE_COLOR_DESCRIPTION</propertyDescriptionID>
						<value xmi:value='-16777216'/>
					</mdElement>
					<mdElement elementClass='FontProperty'>
						<propertyID>STEREOTYPE_FONT</propertyID>
						<propertyDescriptionID>STEREOTYPE_FONT_DESCRIPTION</propertyDescriptionID>
						<fontName>Arial</fontName>
						<size xmi:value='11'/>
						<style xmi:value='0'/>
					</mdElement>
					<mdElement elementClass='BooleanProperty'>
						<propertyID>WRAP_WORDS</propertyID>
						<propertyDescriptionID>WRAP_WORDS_DESCRIPTION</propertyDescriptionID>
					</mdElement>
					<mdElement elementClass='BooleanProperty'>
						<propertyID>SHOW_NAME</propertyID>
						<propertyDescriptionID>SHOW_NAME_DESCRIPTION</propertyDescriptionID>
						<value xmi:value='true'/>
					</mdElement>
					<mdElement elementClass='ChoiceProperty'>
						<propertyID>STEREOTYPES_DISPLAY_MODE</propertyID>
						<propertyDescriptionID>STEREOTYPES_DISPLAY_MODE_DESCRIPTION</propertyDescriptionID>
						<value>STEREOTYPE_DISPLAY_MODE_TEXT_AND_ICON</value>
						<choice xmi:value='STEREOTYPE_DISPLAY_MODE_TEXT_AND_ICON^STEREOTYPE_DISPLAY_MODE_TEXT^STEREOTYPE_DISPLAY_MODE_ICON^STEREOTYPE_DISPLAY_MODE_DO_NOT_DISPLAY_STEREOTYPES'/>
						<index xmi:value='0'/>
					</mdElement>
					<mdElement elementClass='BooleanProperty'>
						<propertyID>SHOW_TAGGED_VALUES</propertyID>
						<propertyDescriptionID>SHOW_TAGGED_VALUES_DESCRIPTION</propertyDescriptionID>
						<value xmi:value='true'/>
					</mdElement>
					<mdElement elementClass='BooleanProperty'>
						<propertyID>SHOW_CONVEYED_A</propertyID>
						<propertyDescriptionID>SHOW_CONVEYED_A_DESCRIPTION</propertyDescriptionID>
						<value xmi:value='true'/>
					</mdElement>
					<mdElement elementClass='BooleanProperty'>
						<propertyID>SHOW_CONVEYED_B</propertyID>
						<propertyDescriptionID>SHOW_CONVEYED_B_DESCRIPTION</propertyDescriptionID>
						<value xmi:value='true'/>
					</mdElement>
					<mdElement elementClass='BooleanProperty'>
						<propertyID>SHOW_CONSTRAINTS</propertyID>
						<propertyDescriptionID>SHOW_CONSTRAINTS_DESCRIPTION</propertyDescriptionID>
						<value xmi:value='true'/>
					</mdElement>
				</mdElement>
				<mdElement elementClass='ExtendableManager'>
					<removable xmi:value='false'/>
					<extendableByDiagram xmi:value='true'/>
					<extendableByStereotype xmi:value='false'/>
					<name>AcceptEventAction</name>
					<propertyManagerID>_16_6_2_931029f_1387381120857_704818_349</propertyManagerID>
					<parentPropertyManager>_16_6_2_931029f_1387381120857_505452_350</parentPropertyManager>
					<mdElement elementClass='ColorProperty'>
						<propertyID>FILL_COLOR</propertyID>
						<propertyDescriptionID>FILL_COLOR_DESCRIPTION</propertyDescriptionID>
						<value xmi:value='-1973821'/>
					</mdElement>
					<mdElement elementClass='ColorProperty'>
						<propertyID>PEN_COLOR</propertyID>
						<propertyDescriptionID>PEN_COLOR_DESCRIPTION</propertyDescriptionID>
						<value xmi:value='-6710948'/>
					</mdElement>
					<mdElement elementClass='BooleanProperty'>
						<propertyID>WRAP_WORDS</propertyID>
						<propertyDescriptionID>WRAP_WORDS_DESCRIPTION</propertyDescriptionID>
						<value xmi:value='true'/>
					</mdElement>
					<mdElement elementClass='ChoiceProperty'>
						<propertyID>DIRECTION</propertyID>
						<propertyDescriptionID>DIRECTION_DESCRIPTION</propertyDescriptionID>
						<value>LEFT</value>
						<choice xmi:value='RIGHT^LEFT'/>
						<index xmi:value='1'/>
					</mdElement>
				</mdElement>
				<mdElement elementClass='ExtendableManager'>
					<removable xmi:value='false'/>
					<extendableByDiagram xmi:value='true'/>
					<extendableByStereotype xmi:value='false'/>
					<name>Action</name>
					<propertyManagerID>_16_6_2_931029f_1387381120857_299300_351</propertyManagerID>
					<parentPropertyManager>_16_6_2_931029f_1387381120857_505452_350</parentPropertyManager>
					<mdElement elementClass='BooleanProperty'>
						<propertyID>WRAP_WORDS</propertyID>
						<propertyDescriptionID>WRAP_WORDS_DESCRIPTION</propertyDescriptionID>
						<value xmi:value='true'/>
					</mdElement>
					<mdElement elementClass='ColorProperty'>
						<propertyID>FILL_COLOR</propertyID>
						<propertyDescriptionID>FILL_COLOR_DESCRIPTION</propertyDescriptionID>
						<value xmi:value='-1973821'/>
					</mdElement>
					<mdElement elementClass='ColorProperty'>
						<propertyID>PEN_COLOR</propertyID>
						<propertyDescriptionID>PEN_COLOR_DESCRIPTION</propertyDescriptionID>
						<value xmi:value='-6710948'/>
					</mdElement>
				</mdElement>
				<mdElement elementClass='PropertyManagerByDiagram'>
					<diagramType>Activity Diagram</diagramType>
					<removable xmi:value='true'/>
					<extendableByDiagram xmi:value='false'/>
					<extendableByStereotype xmi:value='false'/>
					<name>Activity Diagram</name>
					<propertyManagerID>_16_6_2_931029f_1387381161277_234721_499</propertyManagerID>
					<parentPropertyManager>_16_6_2_931029f_1387381120861_912451_393</parentPropertyManager>
					<mdElement elementClass='BooleanProperty'>
						<propertyID>USE_GRID_FOR_SHAPES</propertyID>
						<propertyDescriptionID>USE_GRID_FOR_SHAPES_DESCRIPTION</propertyDescriptionID>
					</mdElement>
				</mdElement>
				<mdElement elementClass='PropertyManagerByDiagram'>
					<diagramType>Activity Diagram</diagramType>
					<removable xmi:value='true'/>
					<extendableByDiagram xmi:value='false'/>
					<extendableByStereotype xmi:value='false'/>
					<name>Activity Diagram</name>
					<propertyManagerID>_16_6_2_931029f_1387381161277_350015_500</propertyManagerID>
					<parentPropertyManager>_16_6_2_931029f_1387381120861_381665_391</parentPropertyManager>
					<mdElement elementClass='ChoiceProperty'>
						<propertyID>LINK_LINE_STYLE</propertyID>
						<propertyDescriptionID>LINK_LINE_STYLE_DESCRIPTION</propertyDescriptionID>
						<value>RECTILINEAR</value>
						<choice xmi:value='RECTILINEAR^OBLIQUE^BEZIER'/>
						<index xmi:value='0'/>
					</mdElement>
					<mdElement elementClass='ChoiceProperty'>
						<propertyID>STEREOTYPES_DISPLAY_MODE</propertyID>
						<propertyDescriptionID>STEREOTYPES_DISPLAY_MODE_DESCRIPTION</propertyDescriptionID>
						<value>STEREOTYPE_DISPLAY_MODE_ICON</value>
						<choice xmi:value='STEREOTYPE_DISPLAY_MODE_TEXT_AND_ICON^STEREOTYPE_DISPLAY_MODE_TEXT^STEREOTYPE_DISPLAY_MODE_ICON^STEREOTYPE_DISPLAY_MODE_SHAPE_IMAGE_AND_TEXT^STEREOTYPE_DISPLAY_MODE_SHAPE_IMAGE^STEREOTYPE_DISPLAY_MODE_DO_NOT_DISPLAY_STEREOTYPES'/>
						<index xmi:value='2'/>
					</mdElement>
				</mdElement>
				<mdElement elementClass='ExtendableManager'>
					<removable xmi:value='false'/>
					<extendableByDiagram xmi:value='true'/>
					<extendableByStereotype xmi:value='false'/>
					<name>ActivityParameterNode</name>
					<propertyManagerID>_16_6_2_931029f_1387381120857_926746_352</propertyManagerID>
					<parentPropertyManager>_16_6_2_931029f_1387381120857_505452_350</parentPropertyManager>
					<mdElement elementClass='ColorProperty'>
						<propertyID>FILL_COLOR</propertyID>
						<propertyDescriptionID>FILL_COLOR_DESCRIPTION</propertyDescriptionID>
						<value xmi:value='-1973821'/>
					</mdElement>
					<mdElement elementClass='ColorProperty'>
						<propertyID>PEN_COLOR</propertyID>
						<propertyDescriptionID>PEN_COLOR_DESCRIPTION</propertyDescriptionID>
						<value xmi:value='-6710948'/>
					</mdElement>
					<mdElement elementClass='BooleanProperty'>
						<propertyID>SHOW_OBJECT_CLASS</propertyID>
						<propertyDescriptionID>SHOW_OBJECT_CLASS_DESCRIPTION</propertyDescriptionID>
						<value xmi:value='true'/>
					</mdElement>
					<mdElement elementClass='BooleanProperty'>
						<propertyID>SHOW_FULL_TYPE</propertyID>
						<propertyDescriptionID>SHOW_FULL_TYPE_DESCRIPTION</propertyDescriptionID>
					</mdElement>
					<mdElement elementClass='BooleanProperty'>
						<propertyID>SHOW_STATE</propertyID>
						<propertyDescriptionID>SHOW_STATE_DESCRIPTION</propertyDescriptionID>
						<value xmi:value='true'/>
					</mdElement>
					<mdElement elementClass='BooleanProperty'>
						<propertyID>SHOW_PROPERTIES</propertyID>
						<propertyDescriptionID>SHOW_PROPERTIES_DESCRIPTION</propertyDescriptionID>
						<value xmi:value='true'/>
					</mdElement>
					<mdElement elementClass='ChoiceProperty'>
						<propertyID>SHOW_ACTIVITY_PARAMETER_NODE_NAME_PROPERTY</propertyID>
						<propertyDescriptionID>SHOW_ACTIVITY_PARAMETER_NODE_NAME_PROPERTY_DESCRIPTION</propertyDescriptionID>
						<value>SHOW_PARAMETER_NAME</value>
						<choice xmi:value='SHOW_PARAMETER_NAME^SHOW_NAME'/>
						<index xmi:value='0'/>
					</mdElement>
				</mdElement>
				<mdElement elementClass='ExtendableManager'>
					<removable xmi:value='false'/>
					<extendableByDiagram xmi:value='true'/>
					<extendableByStereotype xmi:value='false'/>
					<name>Actor</name>
					<propertyManagerID>_16_6_2_931029f_1387381120857_587648_353</propertyManagerID>
					<parentPropertyManager>_16_6_2_931029f_1387381120857_505452_350</parentPropertyManager>
					<mdElement elementClass='ColorProperty'>
						<propertyID>PEN_COLOR</propertyID>
						<propertyDescriptionID>PEN_COLOR_DESCRIPTION</propertyDescriptionID>
						<value xmi:value='-10066361'/>
					</mdElement>
					<mdElement elementClass='ChoiceProperty'>
						<propertyID>TAGGED_VALUES_DISPLAY_MODE</propertyID>
						<propertyDescriptionID>TAGGED_VALUES_DISPLAY_MODE_DESCRIPTION</propertyDescriptionID>
						<value>ON_SHAPE</value>
						<choice xmi:value='ON_SHAPE^IN_COMPARTMENT^DO_NOT_DISPLAY'/>
						<index xmi:value='0'/>
					</mdElement>
					<mdElement elementClass='ChoiceProperty'>
						<propertyID>STEREOTYPES_DISPLAY_MODE</propertyID>
						<propertyDescriptionID>STEREOTYPES_DISPLAY_MODE_DESCRIPTION</propertyDescriptionID>
						<value>STEREOTYPE_DISPLAY_MODE_SHAPE_IMAGE_AND_TEXT</value>
						<choice xmi:value='STEREOTYPE_DISPLAY_MODE_TEXT_AND_ICON^STEREOTYPE_DISPLAY_MODE_TEXT^STEREOTYPE_DISPLAY_MODE_ICON^STEREOTYPE_DISPLAY_MODE_SHAPE_IMAGE_AND_TEXT^STEREOTYPE_DISPLAY_MODE_SHAPE_IMAGE^STEREOTYPE_DISPLAY_MODE_DO_NOT_DISPLAY_STEREOTYPES'/>
						<index xmi:value='3'/>
					</mdElement>
					<mdElement elementClass='BooleanProperty'>
						<propertyID>SHOW_TAGGED_VALUES_STEREOTYPES</propertyID>
						<propertyDescriptionID>SHOW_TAGGED_VALUES_STEREOTYPES_DESCRIPTION</propertyDescriptionID>
						<value xmi:value='true'/>
					</mdElement>
					<mdElement elementClass='BooleanProperty'>
						<propertyID>SHOW_QUALIFIED_NAME_IN_TAGGED_VALUES</propertyID>
						<propertyDescriptionID>SHOW_QUALIFIED_NAME_IN_TAGGED_VALUES_DESCRIPTION</propertyDescriptionID>
					</mdElement>
				</mdElement>
				<mdElement elementClass='ExtendableManager'>
					<removable xmi:value='false'/>
					<extendableByDiagram xmi:value='true'/>
					<extendableByStereotype xmi:value='false'/>
					<name>Artifact</name>
					<propertyManagerID>_16_6_2_931029f_1387381120857_849674_354</propertyManagerID>
					<parentPropertyManager>_16_6_2_931029f_1387381120857_505452_350</parentPropertyManager>
					<mdElement elementClass='ColorProperty'>
						<propertyID>FILL_COLOR</propertyID>
						<propertyDescriptionID>FILL_COLOR_DESCRIPTION</propertyDescriptionID>
						<value xmi:value='-13159'/>
					</mdElement>
					<mdElement elementClass='ColorProperty'>
						<propertyID>PEN_COLOR</propertyID>
						<propertyDescriptionID>PEN_COLOR_DESCRIPTION</propertyDescriptionID>
						<value xmi:value='-6719140'/>
					</mdElement>
					<mdElement elementClass='ChoiceProperty'>
						<propertyID>STEREOTYPES_DISPLAY_MODE</propertyID>
						<propertyDescriptionID>STEREOTYPES_DISPLAY_MODE_DESCRIPTION</propertyDescriptionID>
						<value>STEREOTYPE_DISPLAY_MODE_SHAPE_IMAGE_AND_TEXT</value>
						<choice xmi:value='STEREOTYPE_DISPLAY_MODE_TEXT_AND_ICON^STEREOTYPE_DISPLAY_MODE_TEXT^STEREOTYPE_DISPLAY_MODE_ICON^STEREOTYPE_DISPLAY_MODE_SHAPE_IMAGE_AND_TEXT^STEREOTYPE_DISPLAY_MODE_SHAPE_IMAGE^STEREOTYPE_DISPLAY_MODE_DO_NOT_DISPLAY_STEREOTYPES'/>
						<index xmi:value='3'/>
					</mdElement>
					<mdElement elementClass='ChoiceProperty'>
						<propertyID>SHOW_MEMBERS_MODE</propertyID>
						<propertyDescriptionID>SHOW_MEMBERS_MODE_DESCRIPTION</propertyDescriptionID>
						<value>ALL</value>
						<choice xmi:value='ALL^ONLY_PUBLIC^NOT_PRIVATE'/>
						<index xmi:value='0'/>
					</mdElement>
					<mdElement elementClass='BooleanProperty'>
						<propertyID>SUPPRESS_CLASS_ATTRIBUTES</propertyID>
						<propertyGroup>ATTRIBUTES</propertyGroup>
						<propertyDescriptionID>SUPPRESS_CLASS_ATTRIBUTES_DESCRIPTION</propertyDescriptionID>
						<value xmi:value='true'/>
					</mdElement>
					<mdElement elementClass='ColorProperty'>
						<propertyID>ATTRIBUTE_COLOR</propertyID>
						<propertyGroup>ATTRIBUTES</propertyGroup>
						<propertyDescriptionID>ATTRIBUTE_COLOR_DESCRIPTION</propertyDescriptionID>
						<value xmi:value='-14155776'/>
					</mdElement>
					<mdElement elementClass='FontProperty'>
						<propertyID>ATTRIBUTE_FONT</propertyID>
						<propertyGroup>ATTRIBUTES</propertyGroup>
						<propertyDescriptionID>ATTRIBUTE_FONT_DESCRIPTION</propertyDescriptionID>
						<fontName>Arial</fontName>
						<size xmi:value='11'/>
						<style xmi:value='0'/>
					</mdElement>
					<mdElement elementClass='BooleanProperty'>
						<propertyID>SHOW_MORE_SIGN_FOR_ATTRIBUTES</propertyID>
						<propertyGroup>ATTRIBUTES</propertyGroup>
						<propertyDescriptionID>SHOW_MORE_SIGN_FOR_ATTRIBUTES_DESCRIPTION</propertyDescriptionID>
						<value xmi:value='true'/>
					</mdElement>
					<mdElement elementClass='ChoiceProperty'>
						<propertyID>SORT_CLASS_ATTRIBUTES_MODE</propertyID>
						<propertyGroup>ATTRIBUTES</propertyGroup>
						<propertyDescriptionID>SORT_CLASS_ATTRIBUTES_MODE_DESCRIPTION</propertyDescriptionID>
						<value>NO_SORT</value>
						<choice xmi:value='NO_SORT^BY_NAME^BY_STEREOTYPE^BY_VISIBILITY'/>
						<index xmi:value='0'/>
					</mdElement>
					<mdElement elementClass='ChoiceProperty'>
						<propertyID>SHOW_ASSOCIATION_ENDS_MODE</propertyID>
						<propertyGroup>ATTRIBUTES</propertyGroup>
						<propertyDescriptionID>SHOW_ASSOCIATION_ENDS_MODE_DESCRIPTION</propertyDescriptionID>
						<value>DO_NOT_DISPLAY</value>
						<choice xmi:value='ALL^WITHOUT_ASSOCIATION^DO_NOT_DISPLAY'/>
						<index xmi:value='2'/>
					</mdElement>
					<mdElement elementClass='BooleanProperty'>
						<propertyID>SHOW_ATTRIBUTES_VISIBILITY</propertyID>
						<propertyGroup>ATTRIBUTES</propertyGroup>
						<propertyDescriptionID>SHOW_ATTRIBUTES_VISIBILITY_DESCRIPTION</propertyDescriptionID>
						<value xmi:value='true'/>
					</mdElement>
					<mdElement elementClass='BooleanProperty'>
						<propertyID>SHOW_ATTRIBUTES_TYPE</propertyID>
						<propertyGroup>ATTRIBUTES</propertyGroup>
						<propertyDescriptionID>SHOW_ATTRIBUTES_TYPE_DESCRIPTION</propertyDescriptionID>
						<value xmi:value='true'/>
					</mdElement>
					<mdElement elementClass='BooleanProperty'>
						<propertyID>SHOW_ATTRIBUTES_STEREOTYPE</propertyID>
						<propertyGroup>ATTRIBUTES</propertyGroup>
						<propertyDescriptionID>SHOW_ATTRIBUTES_STEREOTYPE_DESCRIPTION</propertyDescriptionID>
						<value xmi:value='true'/>
					</mdElement>
					<mdElement elementClass='BooleanProperty'>
						<propertyID>SHOW_ATTRIBUTES_PROPERTIES</propertyID>
						<propertyGroup>ATTRIBUTES</propertyGroup>
						<propertyDescriptionID>SHOW_ATTRIBUTES_PROPERTIES_DESCRIPTION</propertyDescriptionID>
						<value xmi:value='true'/>
					</mdElement>
					<mdElement elementClass='BooleanProperty'>
						<propertyID>SHOW_ATTRIBUTES_CONSTRAINTS</propertyID>
						<propertyGroup>ATTRIBUTES</propertyGroup>
						<propertyDescriptionID>SHOW_ATTRIBUTES_CONSTRAINTS_DESCRIPTION</propertyDescriptionID>
					</mdElement>
					<mdElement elementClass='ChoiceProperty'>
						<propertyID>ATTRIBUTES_CONSTRAINT_TEXT_MODE</propertyID>
						<propertyGroup>ATTRIBUTES</propertyGroup>
						<propertyDescriptionID>ATTRIBUTES_CONSTRAINT_TEXT_MODE_DESCRIPTION</propertyDescriptionID>
						<value>EXPRESSION_MODE</value>
						<choice xmi:value='NAME_MODE^EXPRESSION_MODE^NAME_EXPRESSION_MODE'/>
						<index xmi:value='1'/>
					</mdElement>
					<mdElement elementClass='BooleanProperty'>
						<propertyID>SHOW_INIT_VALUE</propertyID>
						<propertyGroup>ATTRIBUTES</propertyGroup>
						<propertyDescriptionID>SHOW_INIT_VALUE_DESCRIPTION</propertyDescriptionID>
						<value xmi:value='true'/>
					</mdElement>
					<mdElement elementClass='BooleanProperty'>
						<propertyID>SUPPRESS_CLASS_OPERATIONS</propertyID>
						<propertyGroup>OPERATIONS</propertyGroup>
						<propertyDescriptionID>SUPPRESS_CLASS_OPERATIONS_DESCRIPTION</propertyDescriptionID>
						<value xmi:value='true'/>
					</mdElement>
					<mdElement elementClass='ColorProperty'>
						<propertyID>OPERATION_COLOR</propertyID>
						<propertyGroup>OPERATIONS</propertyGroup>
						<propertyDescriptionID>OPERATION_COLOR_DESCRIPTION</propertyDescriptionID>
						<value xmi:value='-16777176'/>
					</mdElement>
					<mdElement elementClass='FontProperty'>
						<propertyID>OPERATION_FONT</propertyID>
						<propertyGroup>OPERATIONS</propertyGroup>
						<propertyDescriptionID>OPERATION_FONT_DESCRIPTION</propertyDescriptionID>
						<fontName>Arial</fontName>
						<size xmi:value='11'/>
						<style xmi:value='0'/>
					</mdElement>
					<mdElement elementClass='BooleanProperty'>
						<propertyID>SHOW_OPERATIONS_SIGNATURE</propertyID>
						<propertyGroup>OPERATIONS</propertyGroup>
						<propertyDescriptionID>SHOW_OPERATIONS_SIGNATURE_DESCRIPTION</propertyDescriptionID>
						<value xmi:value='true'/>
					</mdElement>
					<mdElement elementClass='BooleanProperty'>
						<propertyID>SHOW_MORE_SIGN_FOR_OPERATIONS</propertyID>
						<propertyGroup>OPERATIONS</propertyGroup>
						<propertyDescriptionID>SHOW_MORE_SIGN_FOR_OPERATIONS_DESCRIPTION</propertyDescriptionID>
						<value xmi:value='true'/>
					</mdElement>
					<mdElement elementClass='ChoiceProperty'>
						<propertyID>SORT_CLASS_OPERATIONS_MODE</propertyID>
						<propertyGroup>OPERATIONS</propertyGroup>
						<propertyDescriptionID>SORT_CLASS_OPERATIONS_MODE_DESCRIPTION</propertyDescriptionID>
						<value>NO_SORT</value>
						<choice xmi:value='NO_SORT^BY_NAME^BY_STEREOTYPE^BY_VISIBILITY'/>
						<index xmi:value='0'/>
					</mdElement>
					<mdElement elementClass='BooleanProperty'>
						<propertyID>SHOW_OPERATIONS_VISIBILITY</propertyID>
						<propertyGroup>OPERATIONS</propertyGroup>
						<propertyDescriptionID>SHOW_OPERATIONS_VISIBILITY_DESCRIPTION</propertyDescriptionID>
						<value xmi:value='true'/>
					</mdElement>
					<mdElement elementClass='BooleanProperty'>
						<propertyID>SHOW_OPERATIONS_STEREOTYPE</propertyID>
						<propertyGroup>OPERATIONS</propertyGroup>
						<propertyDescriptionID>SHOW_OPERATIONS_STEREOTYPE_DESCRIPTION</propertyDescriptionID>
						<value xmi:value='true'/>
					</mdElement>
					<mdElement elementClass='BooleanProperty'>
						<propertyID>SHOW_OPERATIONS_PROPERTIES</propertyID>
						<propertyGroup>OPERATIONS</propertyGroup>
						<propertyDescriptionID>SHOW_OPERATIONS_PROPERTIES_DESCRIPTION</propertyDescriptionID>
						<value xmi:value='true'/>
					</mdElement>
					<mdElement elementClass='BooleanProperty'>
						<propertyID>SHOW_OPERATIONS_CONSTRAINTS</propertyID>
						<propertyGroup>OPERATIONS</propertyGroup>
						<propertyDescriptionID>SHOW_OPERATIONS_CONSTRAINTS_DESCRIPTION</propertyDescriptionID>
					</mdElement>
					<mdElement elementClass='ChoiceProperty'>
						<propertyID>OPERATIONS_CONSTRAINT_TEXT_MODE</propertyID>
						<propertyGroup>OPERATIONS</propertyGroup>
						<propertyDescriptionID>OPERATIONS_CONSTRAINT_TEXT_MODE_DESCRIPTION</propertyDescriptionID>
						<value>EXPRESSION_MODE</value>
						<choice xmi:value='NAME_MODE^EXPRESSION_MODE^NAME_EXPRESSION_MODE'/>
						<index xmi:value='1'/>
					</mdElement>
					<mdElement elementClass='BooleanProperty'>
						<propertyID>SHOW_FULL_TYPE</propertyID>
						<propertyDescriptionID>SHOW_FULL_TYPE_DESCRIPTION</propertyDescriptionID>
					</mdElement>
					<mdElement elementClass='BooleanProperty'>
						<propertyID>SHOW_OPERATIONS_PARAMETERS_DIRECTION_KIND</propertyID>
						<propertyGroup>OPERATIONS</propertyGroup>
						<propertyDescriptionID>SHOW_OPERATIONS_PARAMETERS_DIRECTION_KIND_DESCRIPTION</propertyDescriptionID>
					</mdElement>
					<mdElement elementClass='ChoiceProperty'>
						<propertyID>TAGGED_VALUES_DISPLAY_MODE</propertyID>
						<propertyDescriptionID>TAGGED_VALUES_DISPLAY_MODE_DESCRIPTION</propertyDescriptionID>
						<value>ON_SHAPE</value>
						<choice xmi:value='ON_SHAPE^IN_COMPARTMENT^DO_NOT_DISPLAY'/>
						<index xmi:value='0'/>
					</mdElement>
					<mdElement elementClass='BooleanProperty'>
						<propertyID>SHOW_TAGGED_VALUES_STEREOTYPES</propertyID>
						<propertyDescriptionID>SHOW_TAGGED_VALUES_STEREOTYPES_DESCRIPTION</propertyDescriptionID>
						<value xmi:value='true'/>
					</mdElement>
					<mdElement elementClass='BooleanProperty'>
						<propertyID>SHOW_QUALIFIED_NAME_IN_TAGGED_VALUES</propertyID>
						<propertyDescriptionID>SHOW_QUALIFIED_NAME_IN_TAGGED_VALUES_DESCRIPTION</propertyDescriptionID>
					</mdElement>
					<mdElement elementClass='BooleanProperty'>
						<propertyID>MEMBERS_WORD_WRAP</propertyID>
						<propertyDescriptionID>MEMBERS_WORD_WRAP_DESCRIPTION</propertyDescriptionID>
					</mdElement>
				</mdElement>
				<mdElement elementClass='ExtendableManager'>
					<removable xmi:value='false'/>
					<extendableByDiagram xmi:value='true'/>
					<extendableByStereotype xmi:value='false'/>
					<name>Association</name>
					<propertyManagerID>_16_6_2_931029f_1387381120857_187624_355</propertyManagerID>
					<parentPropertyManager>_16_6_2_931029f_1387381120857_945759_348</parentPropertyManager>
					<mdElement elementClass='ColorProperty'>
						<propertyID>STEREOTYPE_COLOR</propertyID>
						<propertyDescriptionID>STEREOTYPE_COLOR_DESCRIPTION</propertyDescriptionID>
						<value xmi:value='-16777216'/>
					</mdElement>
					<mdElement elementClass='FontProperty'>
						<propertyID>STEREOTYPE_FONT</propertyID>
						<propertyDescriptionID>STEREOTYPE_FONT_DESCRIPTION</propertyDescriptionID>
						<fontName>Arial</fontName>
						<size xmi:value='11'/>
						<style xmi:value='0'/>
					</mdElement>
					<mdElement elementClass='BooleanProperty'>
						<propertyID>WRAP_WORDS</propertyID>
						<propertyDescriptionID>WRAP_WORDS_DESCRIPTION</propertyDescriptionID>
					</mdElement>
					<mdElement elementClass='BooleanProperty'>
						<propertyID>SHOW_NAME</propertyID>
						<propertyDescriptionID>SHOW_NAME_DESCRIPTION</propertyDescriptionID>
						<value xmi:value='true'/>
					</mdElement>
					<mdElement elementClass='ChoiceProperty'>
						<propertyID>STEREOTYPES_DISPLAY_MODE</propertyID>
						<propertyDescriptionID>STEREOTYPES_DISPLAY_MODE_DESCRIPTION</propertyDescriptionID>
						<value>STEREOTYPE_DISPLAY_MODE_TEXT_AND_ICON</value>
						<choice xmi:value='STEREOTYPE_DISPLAY_MODE_TEXT_AND_ICON^STEREOTYPE_DISPLAY_MODE_TEXT^STEREOTYPE_DISPLAY_MODE_ICON^STEREOTYPE_DISPLAY_MODE_DO_NOT_DISPLAY_STEREOTYPES'/>
						<index xmi:value='0'/>
					</mdElement>
					<mdElement elementClass='BooleanProperty'>
						<propertyID>SHOW_TAGGED_VALUES</propertyID>
						<propertyDescriptionID>SHOW_TAGGED_VALUES_DESCRIPTION</propertyDescriptionID>
						<value xmi:value='true'/>
					</mdElement>
					<mdElement elementClass='BooleanProperty'>
						<propertyID>SHOW_CONVEYED_A</propertyID>
						<propertyDescriptionID>SHOW_CONVEYED_A_DESCRIPTION</propertyDescriptionID>
						<value xmi:value='true'/>
					</mdElement>
					<mdElement elementClass='BooleanProperty'>
						<propertyID>SHOW_CONVEYED_B</propertyID>
						<propertyDescriptionID>SHOW_CONVEYED_B_DESCRIPTION</propertyDescriptionID>
						<value xmi:value='true'/>
					</mdElement>
					<mdElement elementClass='BooleanProperty'>
						<propertyID>SHOW_CONSTRAINTS</propertyID>
						<propertyDescriptionID>SHOW_CONSTRAINTS_DESCRIPTION</propertyDescriptionID>
						<value xmi:value='true'/>
					</mdElement>
					<mdElement elementClass='BooleanProperty'>
						<propertyID>SHOW_ASSOCIATION_DIRECTION_ICON</propertyID>
						<propertyDescriptionID>SHOW_ASSOCIATION_DIRECTION_ICON_DESCRIPTION</propertyDescriptionID>
					</mdElement>
				</mdElement>
				<mdElement elementClass='ExtendableManager'>
					<removable xmi:value='false'/>
					<extendableByDiagram xmi:value='true'/>
					<extendableByStereotype xmi:value='false'/>
					<name>AssociationClass</name>
					<propertyManagerID>_16_6_2_931029f_1387381120857_90608_356</propertyManagerID>
					<parentPropertyManager>_16_6_2_931029f_1387381120857_945759_348</parentPropertyManager>
					<mdElement elementClass='ColorProperty'>
						<propertyID>STEREOTYPE_COLOR</propertyID>
						<propertyDescriptionID>STEREOTYPE_COLOR_DESCRIPTION</propertyDescriptionID>
						<value xmi:value='-16777216'/>
					</mdElement>
					<mdElement elementClass='FontProperty'>
						<propertyID>STEREOTYPE_FONT</propertyID>
						<propertyDescriptionID>STEREOTYPE_FONT_DESCRIPTION</propertyDescriptionID>
						<fontName>Arial</fontName>
						<size xmi:value='11'/>
						<style xmi:value='0'/>
					</mdElement>
					<mdElement elementClass='BooleanProperty'>
						<propertyID>WRAP_WORDS</propertyID>
						<propertyDescriptionID>WRAP_WORDS_DESCRIPTION</propertyDescriptionID>
					</mdElement>
					<mdElement elementClass='BooleanProperty'>
						<propertyID>SHOW_NAME</propertyID>
						<propertyDescriptionID>SHOW_NAME_DESCRIPTION</propertyDescriptionID>
						<value xmi:value='true'/>
					</mdElement>
					<mdElement elementClass='ChoiceProperty'>
						<propertyID>STEREOTYPES_DISPLAY_MODE</propertyID>
						<propertyDescriptionID>STEREOTYPES_DISPLAY_MODE_DESCRIPTION</propertyDescriptionID>
						<value>STEREOTYPE_DISPLAY_MODE_TEXT_AND_ICON</value>
						<choice xmi:value='STEREOTYPE_DISPLAY_MODE_TEXT_AND_ICON^STEREOTYPE_DISPLAY_MODE_TEXT^STEREOTYPE_DISPLAY_MODE_ICON^STEREOTYPE_DISPLAY_MODE_DO_NOT_DISPLAY_STEREOTYPES'/>
						<index xmi:value='0'/>
					</mdElement>
					<mdElement elementClass='BooleanProperty'>
						<propertyID>SHOW_TAGGED_VALUES</propertyID>
						<propertyDescriptionID>SHOW_TAGGED_VALUES_DESCRIPTION</propertyDescriptionID>
						<value xmi:value='true'/>
					</mdElement>
					<mdElement elementClass='BooleanProperty'>
						<propertyID>SHOW_CONVEYED_A</propertyID>
						<propertyDescriptionID>SHOW_CONVEYED_A_DESCRIPTION</propertyDescriptionID>
						<value xmi:value='true'/>
					</mdElement>
					<mdElement elementClass='BooleanProperty'>
						<propertyID>SHOW_CONVEYED_B</propertyID>
						<propertyDescriptionID>SHOW_CONVEYED_B_DESCRIPTION</propertyDescriptionID>
						<value xmi:value='true'/>
					</mdElement>
					<mdElement elementClass='BooleanProperty'>
						<propertyID>SHOW_CONSTRAINTS</propertyID>
						<propertyDescriptionID>SHOW_CONSTRAINTS_DESCRIPTION</propertyDescriptionID>
						<value xmi:value='true'/>
					</mdElement>
					<mdElement elementClass='BooleanProperty'>
						<propertyID>SHOW_ASSOCIATION_DIRECTION_ICON</propertyID>
						<propertyDescriptionID>SHOW_ASSOCIATION_DIRECTION_ICON_DESCRIPTION</propertyDescriptionID>
					</mdElement>
				</mdElement>
				<mdElement elementClass='ExtendableManager'>
					<removable xmi:value='false'/>
					<extendableByDiagram xmi:value='true'/>
					<extendableByStereotype xmi:value='false'/>
					<name>CallBehaviorAction</name>
					<propertyManagerID>_16_6_2_931029f_1387381120857_393617_357</propertyManagerID>
					<parentPropertyManager>_16_6_2_931029f_1387381120857_505452_350</parentPropertyManager>
					<mdElement elementClass='BooleanProperty'>
						<propertyID>WRAP_WORDS</propertyID>
						<propertyDescriptionID>WRAP_WORDS_DESCRIPTION</propertyDescriptionID>
						<value xmi:value='true'/>
					</mdElement>
					<mdElement elementClass='ColorProperty'>
						<propertyID>FILL_COLOR</propertyID>
						<propertyDescriptionID>FILL_COLOR_DESCRIPTION</propertyDescriptionID>
						<value xmi:value='-1973821'/>
					</mdElement>
					<mdElement elementClass='ColorProperty'>
						<propertyID>PEN_COLOR</propertyID>
						<propertyDescriptionID>PEN_COLOR_DESCRIPTION</propertyDescriptionID>
						<value xmi:value='-6710948'/>
					</mdElement>
					<mdElement elementClass='ChoiceProperty'>
						<propertyID>CALL_BEHAVIOR_ACTION_DISPLAY_MODE</propertyID>
						<propertyDescriptionID>CALL_BEHAVIOR_ACTION_DISPLAY_MODE_DESCRIPTION</propertyDescriptionID>
						<value>SHOW_BOTH</value>
						<choice xmi:value='SHOW_ACTION_NAME^SHOW_BEHAVIOR_NAME^SHOW_BOTH'/>
						<index xmi:value='2'/>
					</mdElement>
				</mdElement>
				<mdElement elementClass='ExtendableManager'>
					<removable xmi:value='false'/>
					<extendableByDiagram xmi:value='true'/>
					<extendableByStereotype xmi:value='false'/>
					<name>CallOperationAction</name>
					<propertyManagerID>_16_6_2_931029f_1387381120857_153407_358</propertyManagerID>
					<parentPropertyManager>_16_6_2_931029f_1387381120857_505452_350</parentPropertyManager>
					<mdElement elementClass='ColorProperty'>
						<propertyID>FILL_COLOR</propertyID>
						<propertyDescriptionID>FILL_COLOR_DESCRIPTION</propertyDescriptionID>
						<value xmi:value='-1973821'/>
					</mdElement>
					<mdElement elementClass='ColorProperty'>
						<propertyID>PEN_COLOR</propertyID>
						<propertyDescriptionID>PEN_COLOR_DESCRIPTION</propertyDescriptionID>
						<value xmi:value='-6710948'/>
					</mdElement>
					<mdElement elementClass='BooleanProperty'>
						<propertyID>SHOW_QUALIFIED_NAME_FOR_OPERATIONS</propertyID>
						<propertyDescriptionID>SHOW_QUALIFIED_NAME_FOR_OPERATIONS_DESCRIPTION</propertyDescriptionID>
						<value xmi:value='true'/>
					</mdElement>
					<mdElement elementClass='BooleanProperty'>
						<propertyID>WRAP_WORDS</propertyID>
						<propertyDescriptionID>WRAP_WORDS_DESCRIPTION</propertyDescriptionID>
						<value xmi:value='true'/>
					</mdElement>
				</mdElement>
				<mdElement elementClass='ExtendableManager'>
					<removable xmi:value='false'/>
					<extendableByDiagram xmi:value='true'/>
					<extendableByStereotype xmi:value='false'/>
					<name>CentralBufferNode</name>
					<propertyManagerID>_16_6_2_931029f_1387381120857_450232_359</propertyManagerID>
					<parentPropertyManager>_16_6_2_931029f_1387381120857_505452_350</parentPropertyManager>
					<mdElement elementClass='ColorProperty'>
						<propertyID>FILL_COLOR</propertyID>
						<propertyDescriptionID>FILL_COLOR_DESCRIPTION</propertyDescriptionID>
						<value xmi:value='-1973821'/>
					</mdElement>
					<mdElement elementClass='ColorProperty'>
						<propertyID>PEN_COLOR</propertyID>
						<propertyDescriptionID>PEN_COLOR_DESCRIPTION</propertyDescriptionID>
						<value xmi:value='-6710948'/>
					</mdElement>
					<mdElement elementClass='BooleanProperty'>
						<propertyID>SHOW_OBJECT_CLASS</propertyID>
						<propertyDescriptionID>SHOW_OBJECT_CLASS_DESCRIPTION</propertyDescriptionID>
						<value xmi:value='true'/>
					</mdElement>
					<mdElement elementClass='BooleanProperty'>
						<propertyID>SHOW_FULL_TYPE</propertyID>
						<propertyDescriptionID>SHOW_FULL_TYPE_DESCRIPTION</propertyDescriptionID>
					</mdElement>
					<mdElement elementClass='ChoiceProperty'>
						<propertyID>STEREOTYPES_DISPLAY_MODE</propertyID>
						<propertyDescriptionID>STEREOTYPES_DISPLAY_MODE_DESCRIPTION</propertyDescriptionID>
						<value>STEREOTYPE_DISPLAY_MODE_DO_NOT_DISPLAY_STEREOTYPES</value>
						<choice xmi:value='STEREOTYPE_DISPLAY_MODE_TEXT_AND_ICON^STEREOTYPE_DISPLAY_MODE_TEXT^STEREOTYPE_DISPLAY_MODE_ICON^STEREOTYPE_DISPLAY_MODE_SHAPE_IMAGE_AND_TEXT^STEREOTYPE_DISPLAY_MODE_SHAPE_IMAGE^STEREOTYPE_DISPLAY_MODE_DO_NOT_DISPLAY_STEREOTYPES'/>
						<index xmi:value='5'/>
					</mdElement>
					<mdElement elementClass='BooleanProperty'>
						<propertyID>SHOW_STATE</propertyID>
						<propertyDescriptionID>SHOW_STATE_DESCRIPTION</propertyDescriptionID>
						<value xmi:value='true'/>
					</mdElement>
				</mdElement>
				<mdElement elementClass='ExtendableManager'>
					<removable xmi:value='false'/>
					<extendableByDiagram xmi:value='true'/>
					<extendableByStereotype xmi:value='false'/>
					<name>Class</name>
					<propertyManagerID>_16_6_2_931029f_1387381120857_518326_360</propertyManagerID>
					<parentPropertyManager>_16_6_2_931029f_1387381120857_505452_350</parentPropertyManager>
					<mdElement elementClass='ColorProperty'>
						<propertyID>FILL_COLOR</propertyID>
						<propertyDescriptionID>FILL_COLOR_DESCRIPTION</propertyDescriptionID>
						<value xmi:value='-13159'/>
					</mdElement>
					<mdElement elementClass='ColorProperty'>
						<propertyID>PEN_COLOR</propertyID>
						<propertyDescriptionID>PEN_COLOR_DESCRIPTION</propertyDescriptionID>
						<value xmi:value='-6719140'/>
					</mdElement>
					<mdElement elementClass='ChoiceProperty'>
						<propertyID>STEREOTYPES_DISPLAY_MODE</propertyID>
						<propertyDescriptionID>STEREOTYPES_DISPLAY_MODE_DESCRIPTION</propertyDescriptionID>
						<value>STEREOTYPE_DISPLAY_MODE_SHAPE_IMAGE_AND_TEXT</value>
						<choice xmi:value='STEREOTYPE_DISPLAY_MODE_TEXT_AND_ICON^STEREOTYPE_DISPLAY_MODE_TEXT^STEREOTYPE_DISPLAY_MODE_ICON^STEREOTYPE_DISPLAY_MODE_SHAPE_IMAGE_AND_TEXT^STEREOTYPE_DISPLAY_MODE_SHAPE_IMAGE^STEREOTYPE_DISPLAY_MODE_DO_NOT_DISPLAY_STEREOTYPES'/>
						<index xmi:value='3'/>
					</mdElement>
					<mdElement elementClass='ChoiceProperty'>
						<propertyID>SHOW_MEMBERS_MODE</propertyID>
						<propertyDescriptionID>SHOW_MEMBERS_MODE_DESCRIPTION</propertyDescriptionID>
						<value>ALL</value>
						<choice xmi:value='ALL^ONLY_PUBLIC^NOT_PRIVATE'/>
						<index xmi:value='0'/>
					</mdElement>
					<mdElement elementClass='BooleanProperty'>
						<propertyID>SUPPRESS_CLASS_ATTRIBUTES</propertyID>
						<propertyGroup>ATTRIBUTES</propertyGroup>
						<propertyDescriptionID>SUPPRESS_CLASS_ATTRIBUTES_DESCRIPTION</propertyDescriptionID>
					</mdElement>
					<mdElement elementClass='ColorProperty'>
						<propertyID>ATTRIBUTE_COLOR</propertyID>
						<propertyGroup>ATTRIBUTES</propertyGroup>
						<propertyDescriptionID>ATTRIBUTE_COLOR_DESCRIPTION</propertyDescriptionID>
						<value xmi:value='-14155776'/>
					</mdElement>
					<mdElement elementClass='FontProperty'>
						<propertyID>ATTRIBUTE_FONT</propertyID>
						<propertyGroup>ATTRIBUTES</propertyGroup>
						<propertyDescriptionID>ATTRIBUTE_FONT_DESCRIPTION</propertyDescriptionID>
						<fontName>Arial</fontName>
						<size xmi:value='11'/>
						<style xmi:value='0'/>
					</mdElement>
					<mdElement elementClass='BooleanProperty'>
						<propertyID>SHOW_MORE_SIGN_FOR_ATTRIBUTES</propertyID>
						<propertyGroup>ATTRIBUTES</propertyGroup>
						<propertyDescriptionID>SHOW_MORE_SIGN_FOR_ATTRIBUTES_DESCRIPTION</propertyDescriptionID>
						<value xmi:value='true'/>
					</mdElement>
					<mdElement elementClass='ChoiceProperty'>
						<propertyID>SORT_CLASS_ATTRIBUTES_MODE</propertyID>
						<propertyGroup>ATTRIBUTES</propertyGroup>
						<propertyDescriptionID>SORT_CLASS_ATTRIBUTES_MODE_DESCRIPTION</propertyDescriptionID>
						<value>NO_SORT</value>
						<choice xmi:value='NO_SORT^BY_NAME^BY_STEREOTYPE^BY_VISIBILITY'/>
						<index xmi:value='0'/>
					</mdElement>
					<mdElement elementClass='ChoiceProperty'>
						<propertyID>SHOW_ASSOCIATION_ENDS_MODE</propertyID>
						<propertyGroup>ATTRIBUTES</propertyGroup>
						<propertyDescriptionID>SHOW_ASSOCIATION_ENDS_MODE_DESCRIPTION</propertyDescriptionID>
						<value>DO_NOT_DISPLAY</value>
						<choice xmi:value='ALL^WITHOUT_ASSOCIATION^DO_NOT_DISPLAY'/>
						<index xmi:value='2'/>
					</mdElement>
					<mdElement elementClass='BooleanProperty'>
						<propertyID>SHOW_ATTRIBUTES_VISIBILITY</propertyID>
						<propertyGroup>ATTRIBUTES</propertyGroup>
						<propertyDescriptionID>SHOW_ATTRIBUTES_VISIBILITY_DESCRIPTION</propertyDescriptionID>
						<value xmi:value='true'/>
					</mdElement>
					<mdElement elementClass='BooleanProperty'>
						<propertyID>SHOW_ATTRIBUTES_TYPE</propertyID>
						<propertyGroup>ATTRIBUTES</propertyGroup>
						<propertyDescriptionID>SHOW_ATTRIBUTES_TYPE_DESCRIPTION</propertyDescriptionID>
						<value xmi:value='true'/>
					</mdElement>
					<mdElement elementClass='BooleanProperty'>
						<propertyID>SHOW_ATTRIBUTES_STEREOTYPE</propertyID>
						<propertyGroup>ATTRIBUTES</propertyGroup>
						<propertyDescriptionID>SHOW_ATTRIBUTES_STEREOTYPE_DESCRIPTION</propertyDescriptionID>
						<value xmi:value='true'/>
					</mdElement>
					<mdElement elementClass='BooleanProperty'>
						<propertyID>SHOW_ATTRIBUTES_PROPERTIES</propertyID>
						<propertyGroup>ATTRIBUTES</propertyGroup>
						<propertyDescriptionID>SHOW_ATTRIBUTES_PROPERTIES_DESCRIPTION</propertyDescriptionID>
						<value xmi:value='true'/>
					</mdElement>
					<mdElement elementClass='BooleanProperty'>
						<propertyID>SHOW_ATTRIBUTES_CONSTRAINTS</propertyID>
						<propertyGroup>ATTRIBUTES</propertyGroup>
						<propertyDescriptionID>SHOW_ATTRIBUTES_CONSTRAINTS_DESCRIPTION</propertyDescriptionID>
					</mdElement>
					<mdElement elementClass='ChoiceProperty'>
						<propertyID>ATTRIBUTES_CONSTRAINT_TEXT_MODE</propertyID>
						<propertyGroup>ATTRIBUTES</propertyGroup>
						<propertyDescriptionID>ATTRIBUTES_CONSTRAINT_TEXT_MODE_DESCRIPTION</propertyDescriptionID>
						<value>EXPRESSION_MODE</value>
						<choice xmi:value='NAME_MODE^EXPRESSION_MODE^NAME_EXPRESSION_MODE'/>
						<index xmi:value='1'/>
					</mdElement>
					<mdElement elementClass='BooleanProperty'>
						<propertyID>SHOW_INIT_VALUE</propertyID>
						<propertyGroup>ATTRIBUTES</propertyGroup>
						<propertyDescriptionID>SHOW_INIT_VALUE_DESCRIPTION</propertyDescriptionID>
						<value xmi:value='true'/>
					</mdElement>
					<mdElement elementClass='BooleanProperty'>
						<propertyID>SUPPRESS_CLASS_OPERATIONS</propertyID>
						<propertyGroup>OPERATIONS</propertyGroup>
						<propertyDescriptionID>SUPPRESS_CLASS_OPERATIONS_DESCRIPTION</propertyDescriptionID>
					</mdElement>
					<mdElement elementClass='ColorProperty'>
						<propertyID>OPERATION_COLOR</propertyID>
						<propertyGroup>OPERATIONS</propertyGroup>
						<propertyDescriptionID>OPERATION_COLOR_DESCRIPTION</propertyDescriptionID>
						<value xmi:value='-16777176'/>
					</mdElement>
					<mdElement elementClass='FontProperty'>
						<propertyID>OPERATION_FONT</propertyID>
						<propertyGroup>OPERATIONS</propertyGroup>
						<propertyDescriptionID>OPERATION_FONT_DESCRIPTION</propertyDescriptionID>
						<fontName>Arial</fontName>
						<size xmi:value='11'/>
						<style xmi:value='0'/>
					</mdElement>
					<mdElement elementClass='BooleanProperty'>
						<propertyID>SHOW_OPERATIONS_SIGNATURE</propertyID>
						<propertyGroup>OPERATIONS</propertyGroup>
						<propertyDescriptionID>SHOW_OPERATIONS_SIGNATURE_DESCRIPTION</propertyDescriptionID>
						<value xmi:value='true'/>
					</mdElement>
					<mdElement elementClass='BooleanProperty'>
						<propertyID>SHOW_MORE_SIGN_FOR_OPERATIONS</propertyID>
						<propertyGroup>OPERATIONS</propertyGroup>
						<propertyDescriptionID>SHOW_MORE_SIGN_FOR_OPERATIONS_DESCRIPTION</propertyDescriptionID>
						<value xmi:value='true'/>
					</mdElement>
					<mdElement elementClass='ChoiceProperty'>
						<propertyID>SORT_CLASS_OPERATIONS_MODE</propertyID>
						<propertyGroup>OPERATIONS</propertyGroup>
						<propertyDescriptionID>SORT_CLASS_OPERATIONS_MODE_DESCRIPTION</propertyDescriptionID>
						<value>NO_SORT</value>
						<choice xmi:value='NO_SORT^BY_NAME^BY_STEREOTYPE^BY_VISIBILITY'/>
						<index xmi:value='0'/>
					</mdElement>
					<mdElement elementClass='BooleanProperty'>
						<propertyID>SHOW_OPERATIONS_VISIBILITY</propertyID>
						<propertyGroup>OPERATIONS</propertyGroup>
						<propertyDescriptionID>SHOW_OPERATIONS_VISIBILITY_DESCRIPTION</propertyDescriptionID>
						<value xmi:value='true'/>
					</mdElement>
					<mdElement elementClass='BooleanProperty'>
						<propertyID>SHOW_OPERATIONS_STEREOTYPE</propertyID>
						<propertyGroup>OPERATIONS</propertyGroup>
						<propertyDescriptionID>SHOW_OPERATIONS_STEREOTYPE_DESCRIPTION</propertyDescriptionID>
						<value xmi:value='true'/>
					</mdElement>
					<mdElement elementClass='BooleanProperty'>
						<propertyID>SHOW_OPERATIONS_PROPERTIES</propertyID>
						<propertyGroup>OPERATIONS</propertyGroup>
						<propertyDescriptionID>SHOW_OPERATIONS_PROPERTIES_DESCRIPTION</propertyDescriptionID>
						<value xmi:value='true'/>
					</mdElement>
					<mdElement elementClass='BooleanProperty'>
						<propertyID>SHOW_OPERATIONS_CONSTRAINTS</propertyID>
						<propertyGroup>OPERATIONS</propertyGroup>
						<propertyDescriptionID>SHOW_OPERATIONS_CONSTRAINTS_DESCRIPTION</propertyDescriptionID>
					</mdElement>
					<mdElement elementClass='ChoiceProperty'>
						<propertyID>OPERATIONS_CONSTRAINT_TEXT_MODE</propertyID>
						<propertyGroup>OPERATIONS</propertyGroup>
						<propertyDescriptionID>OPERATIONS_CONSTRAINT_TEXT_MODE_DESCRIPTION</propertyDescriptionID>
						<value>EXPRESSION_MODE</value>
						<choice xmi:value='NAME_MODE^EXPRESSION_MODE^NAME_EXPRESSION_MODE'/>
						<index xmi:value='1'/>
					</mdElement>
					<mdElement elementClass='BooleanProperty'>
						<propertyID>SHOW_FULL_TYPE</propertyID>
						<propertyDescriptionID>SHOW_FULL_TYPE_DESCRIPTION</propertyDescriptionID>
					</mdElement>
					<mdElement elementClass='BooleanProperty'>
						<propertyID>SHOW_OPERATIONS_PARAMETERS_DIRECTION_KIND</propertyID>
						<propertyGroup>OPERATIONS</propertyGroup>
						<propertyDescriptionID>SHOW_OPERATIONS_PARAMETERS_DIRECTION_KIND_DESCRIPTION</propertyDescriptionID>
					</mdElement>
					<mdElement elementClass='ChoiceProperty'>
						<propertyID>TAGGED_VALUES_DISPLAY_MODE</propertyID>
						<propertyDescriptionID>TAGGED_VALUES_DISPLAY_MODE_DESCRIPTION</propertyDescriptionID>
						<value>ON_SHAPE</value>
						<choice xmi:value='ON_SHAPE^IN_COMPARTMENT^DO_NOT_DISPLAY'/>
						<index xmi:value='0'/>
					</mdElement>
					<mdElement elementClass='BooleanProperty'>
						<propertyID>SHOW_TAGGED_VALUES_STEREOTYPES</propertyID>
						<propertyDescriptionID>SHOW_TAGGED_VALUES_STEREOTYPES_DESCRIPTION</propertyDescriptionID>
						<value xmi:value='true'/>
					</mdElement>
					<mdElement elementClass='BooleanProperty'>
						<propertyID>SHOW_QUALIFIED_NAME_IN_TAGGED_VALUES</propertyID>
						<propertyDescriptionID>SHOW_QUALIFIED_NAME_IN_TAGGED_VALUES_DESCRIPTION</propertyDescriptionID>
					</mdElement>
					<mdElement elementClass='BooleanProperty'>
						<propertyID>MEMBERS_WORD_WRAP</propertyID>
						<propertyDescriptionID>MEMBERS_WORD_WRAP_DESCRIPTION</propertyDescriptionID>
					</mdElement>
					<mdElement elementClass='BooleanProperty'>
						<propertyID>SUPPRESS_CLASS_PORTS</propertyID>
						<propertyGroup>PORTS</propertyGroup>
						<propertyDescriptionID>SUPPRESS_CLASS_PORTS_DESCRIPTION</propertyDescriptionID>
						<value xmi:value='true'/>
					</mdElement>
					<mdElement elementClass='ColorProperty'>
						<propertyID>PORTS_COLOR</propertyID>
						<propertyGroup>PORTS</propertyGroup>
						<propertyDescriptionID>PORTS_COLOR_DESCRIPTION</propertyDescriptionID>
						<value xmi:value='-14155776'/>
					</mdElement>
					<mdElement elementClass='FontProperty'>
						<propertyID>PORTS_FONT</propertyID>
						<propertyGroup>PORTS</propertyGroup>
						<propertyDescriptionID>PORTS_FONT_DESCRIPTION</propertyDescriptionID>
						<fontName>Arial</fontName>
						<size xmi:value='11'/>
						<style xmi:value='0'/>
					</mdElement>
					<mdElement elementClass='BooleanProperty'>
						<propertyID>SHOW_MORE_SIGN_FOR_PORTS</propertyID>
						<propertyGroup>PORTS</propertyGroup>
						<propertyDescriptionID>SHOW_MORE_SIGN_FOR_PORTS_DESCRIPTION</propertyDescriptionID>
						<value xmi:value='true'/>
					</mdElement>
					<mdElement elementClass='ChoiceProperty'>
						<propertyID>SORT_CLASS_PORT_MODE</propertyID>
						<propertyGroup>PORTS</propertyGroup>
						<propertyDescriptionID>SORT_CLASS_PORT_MODE_DESCRIPTION</propertyDescriptionID>
						<value>NO_SORT</value>
						<choice xmi:value='NO_SORT^BY_NAME^BY_STEREOTYPE^BY_VISIBILITY'/>
						<index xmi:value='0'/>
					</mdElement>
					<mdElement elementClass='BooleanProperty'>
						<propertyID>SHOW_PORTS_VISIBILITY</propertyID>
						<propertyGroup>PORTS</propertyGroup>
						<propertyDescriptionID>SHOW_PORTS_VISIBILITY_DESCRIPTION</propertyDescriptionID>
					</mdElement>
					<mdElement elementClass='BooleanProperty'>
						<propertyID>SHOW_PORTS_TYPE</propertyID>
						<propertyGroup>PORTS</propertyGroup>
						<propertyDescriptionID>SHOW_PORTS_TYPE_DESCRIPTION</propertyDescriptionID>
						<value xmi:value='true'/>
					</mdElement>
					<mdElement elementClass='BooleanProperty'>
						<propertyID>SHOW_PORTS_STEREOTYPE</propertyID>
						<propertyGroup>PORTS</propertyGroup>
						<propertyDescriptionID>SHOW_PORTS_STEREOTYPE_DESCRIPTION</propertyDescriptionID>
						<value xmi:value='true'/>
					</mdElement>
					<mdElement elementClass='BooleanProperty'>
						<propertyID>SHOW_PORTS_PROPERTIES</propertyID>
						<propertyGroup>PORTS</propertyGroup>
						<propertyDescriptionID>SHOW_PORTS_PROPERTIES_DESCRIPTION</propertyDescriptionID>
						<value xmi:value='true'/>
					</mdElement>
					<mdElement elementClass='BooleanProperty'>
						<propertyID>SHOW_PORTS_CONSTRAINTS</propertyID>
						<propertyGroup>PORTS</propertyGroup>
						<propertyDescriptionID>SHOW_PORTS_CONSTRAINTS_DESCRIPTION</propertyDescriptionID>
					</mdElement>
					<mdElement elementClass='ChoiceProperty'>
						<propertyID>PORTS_CONSTRAINTS_TEXT_MODE</propertyID>
						<propertyGroup>PORTS</propertyGroup>
						<propertyDescriptionID>PORTS_CONSTRAINTS_TEXT_MODE_DESCRIPTION</propertyDescriptionID>
						<value>EXPRESSION_MODE</value>
						<choice xmi:value='NAME_MODE^EXPRESSION_MODE^NAME_EXPRESSION_MODE'/>
						<index xmi:value='1'/>
					</mdElement>
					<mdElement elementClass='BooleanProperty'>
						<propertyID>SHOW_INIT_PORTS_VALUE</propertyID>
						<propertyGroup>PORTS</propertyGroup>
						<propertyDescriptionID>SHOW_INIT_PORTS_VALUE_DESCRIPTION</propertyDescriptionID>
					</mdElement>
					<mdElement elementClass='BooleanProperty'>
						<propertyID>SUPPRESS_SIGNAL_RECEPTIONS</propertyID>
						<propertyGroup>RECEPTIONS</propertyGroup>
						<propertyDescriptionID>SUPPRESS_SIGNAL_RECEPTIONS_DESCRIPTION</propertyDescriptionID>
						<value xmi:value='true'/>
					</mdElement>
					<mdElement elementClass='ColorProperty'>
						<propertyID>RECEPTION_COLOR</propertyID>
						<propertyGroup>RECEPTIONS</propertyGroup>
						<propertyDescriptionID>RECEPTION_COLOR_DESCRIPTION</propertyDescriptionID>
						<value xmi:value='-16777176'/>
					</mdElement>
					<mdElement elementClass='FontProperty'>
						<propertyID>RECEPTION_FONT</propertyID>
						<propertyGroup>RECEPTIONS</propertyGroup>
						<propertyDescriptionID>RECEPTION_FONT_DESCRIPTION</propertyDescriptionID>
						<fontName>Arial</fontName>
						<size xmi:value='11'/>
						<style xmi:value='0'/>
					</mdElement>
					<mdElement elementClass='BooleanProperty'>
						<propertyID>SHOW_SIGNAL_RECEPTIONS_SIGNATURE</propertyID>
						<propertyGroup>RECEPTIONS</propertyGroup>
						<propertyDescriptionID>SHOW_SIGNAL_RECEPTIONS_SIGNATURE_DESCRIPTION</propertyDescriptionID>
						<value xmi:value='true'/>
					</mdElement>
					<mdElement elementClass='BooleanProperty'>
						<propertyID>SHOW_MORE_SIGN_FOR_RECEPTIONS</propertyID>
						<propertyGroup>RECEPTIONS</propertyGroup>
						<propertyDescriptionID>SHOW_MORE_SIGN_FOR_RECEPTIONS_DESCRIPTION</propertyDescriptionID>
						<value xmi:value='true'/>
					</mdElement>
					<mdElement elementClass='ChoiceProperty'>
						<propertyID>SORT_CLASS_RECEPTIONS_MODE</propertyID>
						<propertyGroup>RECEPTIONS</propertyGroup>
						<propertyDescriptionID>SORT_CLASS_RECEPTIONS_MODE_DESCRIPTION</propertyDescriptionID>
						<value>NO_SORT</value>
						<choice xmi:value='NO_SORT^BY_SIGNAL_NAME^BY_STEREOTYPE^BY_VISIBILITY'/>
						<index xmi:value='0'/>
					</mdElement>
					<mdElement elementClass='BooleanProperty'>
						<propertyID>SHOW_SIGNAL_RECEPTIONS_VISIBILITY</propertyID>
						<propertyGroup>RECEPTIONS</propertyGroup>
						<propertyDescriptionID>SHOW_SIGNAL_RECEPTIONS_VISIBILITY_DESCRIPTION</propertyDescriptionID>
					</mdElement>
					<mdElement elementClass='BooleanProperty'>
						<propertyID>SHOW_RECEPTIONS_STEREOTYPES</propertyID>
						<propertyGroup>RECEPTIONS</propertyGroup>
						<propertyDescriptionID>SHOW_RECEPTIONS_STEREOTYPES_DESCRIPTION</propertyDescriptionID>
						<value xmi:value='true'/>
					</mdElement>
					<mdElement elementClass='BooleanProperty'>
						<propertyID>SHOW_RECEPTIONS_PROPERTIES</propertyID>
						<propertyGroup>RECEPTIONS</propertyGroup>
						<propertyDescriptionID>SHOW_RECEPTIONS_PROPERTIES_DESCRIPTION</propertyDescriptionID>
						<value xmi:value='true'/>
					</mdElement>
					<mdElement elementClass='BooleanProperty'>
						<propertyID>SHOW_RECEPTIONS_CONSTRAINTS</propertyID>
						<propertyGroup>RECEPTIONS</propertyGroup>
						<propertyDescriptionID>SHOW_RECEPTIONS_CONSTRAINTS_DESCRIPTION</propertyDescriptionID>
					</mdElement>
					<mdElement elementClass='ChoiceProperty'>
						<propertyID>RECEPTIONS_CONSTRAINTS_TEXT_MODE</propertyID>
						<propertyGroup>RECEPTIONS</propertyGroup>
						<propertyDescriptionID>RECEPTIONS_CONSTRAINTS_TEXT_MODE_DESCRIPTION</propertyDescriptionID>
						<value>EXPRESSION_MODE</value>
						<choice xmi:value='NAME_MODE^EXPRESSION_MODE^NAME_EXPRESSION_MODE'/>
						<index xmi:value='1'/>
					</mdElement>
					<mdElement elementClass='BooleanProperty'>
						<propertyID>SHOW_RECEPTIONS_PARAMETERS_DIRECTION_KIND</propertyID>
						<propertyGroup>RECEPTIONS</propertyGroup>
						<propertyDescriptionID>SHOW_RECEPTIONS_PARAMETERS_DIRECTION_KIND_DESCRIPTION</propertyDescriptionID>
					</mdElement>
					<mdElement elementClass='BooleanProperty'>
						<propertyID>SUPPRESS_STRUCTURE</propertyID>
						<propertyDescriptionID>SUPPRESS_STRUCTURE_DESCRIPTION</propertyDescriptionID>
						<value xmi:value='true'/>
					</mdElement>
				</mdElement>
				<mdElement elementClass='ExtendableManager'>
					<removable xmi:value='false'/>
					<extendableByDiagram xmi:value='true'/>
					<extendableByStereotype xmi:value='false'/>
					<name>Collaboration</name>
					<propertyManagerID>_16_6_2_931029f_1387381120858_153327_361</propertyManagerID>
					<parentPropertyManager>_16_6_2_931029f_1387381120857_505452_350</parentPropertyManager>
					<mdElement elementClass='ColorProperty'>
						<propertyID>PEN_COLOR</propertyID>
						<propertyDescriptionID>PEN_COLOR_DESCRIPTION</propertyDescriptionID>
						<value xmi:value='-11712978'/>
					</mdElement>
					<mdElement elementClass='BooleanProperty'>
						<propertyID>SUPPRESS_STRUCTURE</propertyID>
						<propertyDescriptionID>SUPPRESS_STRUCTURE_DESCRIPTION</propertyDescriptionID>
						<value xmi:value='true'/>
					</mdElement>
					<mdElement elementClass='ColorProperty'>
						<propertyID>FILL_COLOR</propertyID>
						<propertyDescriptionID>FILL_COLOR_DESCRIPTION</propertyDescriptionID>
						<value xmi:value='-3916'/>
					</mdElement>
				</mdElement>
				<mdElement elementClass='ExtendableManager'>
					<removable xmi:value='false'/>
					<extendableByDiagram xmi:value='true'/>
					<extendableByStereotype xmi:value='false'/>
					<name>CollaborationUse</name>
					<propertyManagerID>_16_6_2_931029f_1387381120858_911586_362</propertyManagerID>
					<parentPropertyManager>_16_6_2_931029f_1387381120857_505452_350</parentPropertyManager>
					<mdElement elementClass='ColorProperty'>
						<propertyID>PEN_COLOR</propertyID>
						<propertyDescriptionID>PEN_COLOR_DESCRIPTION</propertyDescriptionID>
						<value xmi:value='-11712978'/>
					</mdElement>
					<mdElement elementClass='BooleanProperty'>
						<propertyID>SHOW_OBJECT_CLASS</propertyID>
						<propertyDescriptionID>SHOW_OBJECT_CLASS_DESCRIPTION</propertyDescriptionID>
						<value xmi:value='true'/>
					</mdElement>
					<mdElement elementClass='BooleanProperty'>
						<propertyID>SHOW_FULL_TYPE</propertyID>
						<propertyDescriptionID>SHOW_FULL_TYPE_DESCRIPTION</propertyDescriptionID>
					</mdElement>
					<mdElement elementClass='ColorProperty'>
						<propertyID>FILL_COLOR</propertyID>
						<propertyDescriptionID>FILL_COLOR_DESCRIPTION</propertyDescriptionID>
						<value xmi:value='-3916'/>
					</mdElement>
				</mdElement>
				<mdElement elementClass='ExtendableManager'>
					<removable xmi:value='false'/>
					<extendableByDiagram xmi:value='true'/>
					<extendableByStereotype xmi:value='false'/>
					<name>CombinedFragment</name>
					<propertyManagerID>_16_6_2_931029f_1387381120858_17600_363</propertyManagerID>
					<parentPropertyManager>_16_6_2_931029f_1387381120857_505452_350</parentPropertyManager>
					<mdElement elementClass='BooleanProperty'>
						<propertyID>USE_FILL_COLOR</propertyID>
						<propertyDescriptionID>USE_FILL_COLOR_DESCRIPTION</propertyDescriptionID>
					</mdElement>
					<mdElement elementClass='ChoiceProperty'>
						<propertyID>STEREOTYPES_DISPLAY_MODE</propertyID>
						<propertyDescriptionID>STEREOTYPES_DISPLAY_MODE_DESCRIPTION</propertyDescriptionID>
						<value>STEREOTYPE_DISPLAY_MODE_SHAPE_IMAGE_AND_TEXT</value>
						<choice xmi:value='STEREOTYPE_DISPLAY_MODE_TEXT_AND_ICON^STEREOTYPE_DISPLAY_MODE_TEXT^STEREOTYPE_DISPLAY_MODE_ICON^STEREOTYPE_DISPLAY_MODE_SHAPE_IMAGE_AND_TEXT^STEREOTYPE_DISPLAY_MODE_SHAPE_IMAGE^STEREOTYPE_DISPLAY_MODE_DO_NOT_DISPLAY_STEREOTYPES'/>
						<index xmi:value='3'/>
					</mdElement>
					<mdElement elementClass='ChoiceProperty'>
						<propertyID>OWNER_DISPLAY_MODE</propertyID>
						<propertyDescriptionID>OWNER_DISPLAY_MODE_DESCRIPTION</propertyDescriptionID>
						<value>QNAME_DISPLAY_MODE_DO_NOT_DISPLAY</value>
						<choice xmi:value='QNAME_DISPLAY_MODE_DO_NOT_DISPLAY^OWNER_DISPLAY_MODE_STD^OWNER_DISPLAY_MODE_OLD'/>
						<index xmi:value='0'/>
					</mdElement>
				</mdElement>
				<mdElement elementClass='ExtendableManager'>
					<removable xmi:value='false'/>
					<extendableByDiagram xmi:value='true'/>
					<extendableByStereotype xmi:value='false'/>
					<name>Comment</name>
					<propertyManagerID>_16_6_2_931029f_1387381120858_317423_364</propertyManagerID>
					<parentPropertyManager>_16_6_2_931029f_1387381120857_505452_350</parentPropertyManager>
					<mdElement elementClass='ChoiceProperty'>
						<propertyID>OWNER_DISPLAY_MODE</propertyID>
						<propertyDescriptionID>OWNER_DISPLAY_MODE_DESCRIPTION</propertyDescriptionID>
						<value>QNAME_DISPLAY_MODE_DO_NOT_DISPLAY</value>
						<choice xmi:value='QNAME_DISPLAY_MODE_DO_NOT_DISPLAY^OWNER_DISPLAY_MODE_STD^OWNER_DISPLAY_MODE_OLD'/>
						<index xmi:value='0'/>
					</mdElement>
					<mdElement elementClass='BooleanProperty'>
						<propertyID>WRAP_WORDS</propertyID>
						<propertyDescriptionID>WRAP_WORDS_DESCRIPTION</propertyDescriptionID>
						<value xmi:value='true'/>
					</mdElement>
					<mdElement elementClass='BooleanProperty'>
						<propertyID>HTML_TEXT</propertyID>
						<propertyDescriptionID>HTML_TEXT_DESCRIPTION</propertyDescriptionID>
					</mdElement>
					<mdElement elementClass='ColorProperty'>
						<propertyID>FILL_COLOR</propertyID>
						<propertyDescriptionID>FILL_COLOR_DESCRIPTION</propertyDescriptionID>
						<value xmi:value='-723724'/>
					</mdElement>
				</mdElement>
				<mdElement elementClass='ExtendableManager'>
					<removable xmi:value='false'/>
					<extendableByDiagram xmi:value='true'/>
					<extendableByStereotype xmi:value='false'/>
					<name>CommunicationPath</name>
					<propertyManagerID>_16_6_2_931029f_1387381120858_725687_365</propertyManagerID>
					<parentPropertyManager>_16_6_2_931029f_1387381120857_945759_348</parentPropertyManager>
					<mdElement elementClass='ColorProperty'>
						<propertyID>STEREOTYPE_COLOR</propertyID>
						<propertyDescriptionID>STEREOTYPE_COLOR_DESCRIPTION</propertyDescriptionID>
						<value xmi:value='-16777216'/>
					</mdElement>
					<mdElement elementClass='FontProperty'>
						<propertyID>STEREOTYPE_FONT</propertyID>
						<propertyDescriptionID>STEREOTYPE_FONT_DESCRIPTION</propertyDescriptionID>
						<fontName>Arial</fontName>
						<size xmi:value='11'/>
						<style xmi:value='0'/>
					</mdElement>
					<mdElement elementClass='BooleanProperty'>
						<propertyID>WRAP_WORDS</propertyID>
						<propertyDescriptionID>WRAP_WORDS_DESCRIPTION</propertyDescriptionID>
					</mdElement>
					<mdElement elementClass='BooleanProperty'>
						<propertyID>SHOW_NAME</propertyID>
						<propertyDescriptionID>SHOW_NAME_DESCRIPTION</propertyDescriptionID>
						<value xmi:value='true'/>
					</mdElement>
					<mdElement elementClass='ChoiceProperty'>
						<propertyID>STEREOTYPES_DISPLAY_MODE</propertyID>
						<propertyDescriptionID>STEREOTYPES_DISPLAY_MODE_DESCRIPTION</propertyDescriptionID>
						<value>STEREOTYPE_DISPLAY_MODE_TEXT_AND_ICON</value>
						<choice xmi:value='STEREOTYPE_DISPLAY_MODE_TEXT_AND_ICON^STEREOTYPE_DISPLAY_MODE_TEXT^STEREOTYPE_DISPLAY_MODE_ICON^STEREOTYPE_DISPLAY_MODE_DO_NOT_DISPLAY_STEREOTYPES'/>
						<index xmi:value='0'/>
					</mdElement>
					<mdElement elementClass='BooleanProperty'>
						<propertyID>SHOW_TAGGED_VALUES</propertyID>
						<propertyDescriptionID>SHOW_TAGGED_VALUES_DESCRIPTION</propertyDescriptionID>
						<value xmi:value='true'/>
					</mdElement>
					<mdElement elementClass='BooleanProperty'>
						<propertyID>SHOW_CONVEYED_A</propertyID>
						<propertyDescriptionID>SHOW_CONVEYED_A_DESCRIPTION</propertyDescriptionID>
						<value xmi:value='true'/>
					</mdElement>
					<mdElement elementClass='BooleanProperty'>
						<propertyID>SHOW_CONVEYED_B</propertyID>
						<propertyDescriptionID>SHOW_CONVEYED_B_DESCRIPTION</propertyDescriptionID>
						<value xmi:value='true'/>
					</mdElement>
					<mdElement elementClass='BooleanProperty'>
						<propertyID>SHOW_CONSTRAINTS</propertyID>
						<propertyDescriptionID>SHOW_CONSTRAINTS_DESCRIPTION</propertyDescriptionID>
						<value xmi:value='true'/>
					</mdElement>
					<mdElement elementClass='BooleanProperty'>
						<propertyID>SHOW_ASSOCIATION_DIRECTION_ICON</propertyID>
						<propertyDescriptionID>SHOW_ASSOCIATION_DIRECTION_ICON_DESCRIPTION</propertyDescriptionID>
					</mdElement>
				</mdElement>
				<mdElement elementClass='ExtendableManager'>
					<removable xmi:value='false'/>
					<extendableByDiagram xmi:value='true'/>
					<extendableByStereotype xmi:value='false'/>
					<name>Component</name>
					<propertyManagerID>_16_6_2_931029f_1387381120858_510401_366</propertyManagerID>
					<parentPropertyManager>_16_6_2_931029f_1387381120857_505452_350</parentPropertyManager>
					<mdElement elementClass='ColorProperty'>
						<propertyID>PEN_COLOR</propertyID>
						<propertyDescriptionID>PEN_COLOR_DESCRIPTION</propertyDescriptionID>
						<value xmi:value='-6710948'/>
					</mdElement>
					<mdElement elementClass='ChoiceProperty'>
						<propertyID>STEREOTYPES_DISPLAY_MODE</propertyID>
						<propertyDescriptionID>STEREOTYPES_DISPLAY_MODE_DESCRIPTION</propertyDescriptionID>
						<value>STEREOTYPE_DISPLAY_MODE_SHAPE_IMAGE_AND_TEXT</value>
						<choice xmi:value='STEREOTYPE_DISPLAY_MODE_TEXT_AND_ICON^STEREOTYPE_DISPLAY_MODE_TEXT^STEREOTYPE_DISPLAY_MODE_ICON^STEREOTYPE_DISPLAY_MODE_SHAPE_IMAGE_AND_TEXT^STEREOTYPE_DISPLAY_MODE_SHAPE_IMAGE^STEREOTYPE_DISPLAY_MODE_DO_NOT_DISPLAY_STEREOTYPES'/>
						<index xmi:value='3'/>
					</mdElement>
					<mdElement elementClass='ChoiceProperty'>
						<propertyID>SHOW_MEMBERS_MODE</propertyID>
						<propertyDescriptionID>SHOW_MEMBERS_MODE_DESCRIPTION</propertyDescriptionID>
						<value>ALL</value>
						<choice xmi:value='ALL^ONLY_PUBLIC^NOT_PRIVATE'/>
						<index xmi:value='0'/>
					</mdElement>
					<mdElement elementClass='BooleanProperty'>
						<propertyID>SUPPRESS_CLASS_ATTRIBUTES</propertyID>
						<propertyGroup>ATTRIBUTES</propertyGroup>
						<propertyDescriptionID>SUPPRESS_CLASS_ATTRIBUTES_DESCRIPTION</propertyDescriptionID>
						<value xmi:value='true'/>
					</mdElement>
					<mdElement elementClass='ColorProperty'>
						<propertyID>ATTRIBUTE_COLOR</propertyID>
						<propertyGroup>ATTRIBUTES</propertyGroup>
						<propertyDescriptionID>ATTRIBUTE_COLOR_DESCRIPTION</propertyDescriptionID>
						<value xmi:value='-14155776'/>
					</mdElement>
					<mdElement elementClass='FontProperty'>
						<propertyID>ATTRIBUTE_FONT</propertyID>
						<propertyGroup>ATTRIBUTES</propertyGroup>
						<propertyDescriptionID>ATTRIBUTE_FONT_DESCRIPTION</propertyDescriptionID>
						<fontName>Arial</fontName>
						<size xmi:value='11'/>
						<style xmi:value='0'/>
					</mdElement>
					<mdElement elementClass='BooleanProperty'>
						<propertyID>SHOW_MORE_SIGN_FOR_ATTRIBUTES</propertyID>
						<propertyGroup>ATTRIBUTES</propertyGroup>
						<propertyDescriptionID>SHOW_MORE_SIGN_FOR_ATTRIBUTES_DESCRIPTION</propertyDescriptionID>
						<value xmi:value='true'/>
					</mdElement>
					<mdElement elementClass='ChoiceProperty'>
						<propertyID>SORT_CLASS_ATTRIBUTES_MODE</propertyID>
						<propertyGroup>ATTRIBUTES</propertyGroup>
						<propertyDescriptionID>SORT_CLASS_ATTRIBUTES_MODE_DESCRIPTION</propertyDescriptionID>
						<value>NO_SORT</value>
						<choice xmi:value='NO_SORT^BY_NAME^BY_STEREOTYPE^BY_VISIBILITY'/>
						<index xmi:value='0'/>
					</mdElement>
					<mdElement elementClass='ChoiceProperty'>
						<propertyID>SHOW_ASSOCIATION_ENDS_MODE</propertyID>
						<propertyGroup>ATTRIBUTES</propertyGroup>
						<propertyDescriptionID>SHOW_ASSOCIATION_ENDS_MODE_DESCRIPTION</propertyDescriptionID>
						<value>DO_NOT_DISPLAY</value>
						<choice xmi:value='ALL^WITHOUT_ASSOCIATION^DO_NOT_DISPLAY'/>
						<index xmi:value='2'/>
					</mdElement>
					<mdElement elementClass='BooleanProperty'>
						<propertyID>SHOW_ATTRIBUTES_VISIBILITY</propertyID>
						<propertyGroup>ATTRIBUTES</propertyGroup>
						<propertyDescriptionID>SHOW_ATTRIBUTES_VISIBILITY_DESCRIPTION</propertyDescriptionID>
						<value xmi:value='true'/>
					</mdElement>
					<mdElement elementClass='BooleanProperty'>
						<propertyID>SHOW_ATTRIBUTES_TYPE</propertyID>
						<propertyGroup>ATTRIBUTES</propertyGroup>
						<propertyDescriptionID>SHOW_ATTRIBUTES_TYPE_DESCRIPTION</propertyDescriptionID>
						<value xmi:value='true'/>
					</mdElement>
					<mdElement elementClass='BooleanProperty'>
						<propertyID>SHOW_ATTRIBUTES_STEREOTYPE</propertyID>
						<propertyGroup>ATTRIBUTES</propertyGroup>
						<propertyDescriptionID>SHOW_ATTRIBUTES_STEREOTYPE_DESCRIPTION</propertyDescriptionID>
						<value xmi:value='true'/>
					</mdElement>
					<mdElement elementClass='BooleanProperty'>
						<propertyID>SHOW_ATTRIBUTES_PROPERTIES</propertyID>
						<propertyGroup>ATTRIBUTES</propertyGroup>
						<propertyDescriptionID>SHOW_ATTRIBUTES_PROPERTIES_DESCRIPTION</propertyDescriptionID>
						<value xmi:value='true'/>
					</mdElement>
					<mdElement elementClass='BooleanProperty'>
						<propertyID>SHOW_ATTRIBUTES_CONSTRAINTS</propertyID>
						<propertyGroup>ATTRIBUTES</propertyGroup>
						<propertyDescriptionID>SHOW_ATTRIBUTES_CONSTRAINTS_DESCRIPTION</propertyDescriptionID>
					</mdElement>
					<mdElement elementClass='ChoiceProperty'>
						<propertyID>ATTRIBUTES_CONSTRAINT_TEXT_MODE</propertyID>
						<propertyGroup>ATTRIBUTES</propertyGroup>
						<propertyDescriptionID>ATTRIBUTES_CONSTRAINT_TEXT_MODE_DESCRIPTION</propertyDescriptionID>
						<value>EXPRESSION_MODE</value>
						<choice xmi:value='NAME_MODE^EXPRESSION_MODE^NAME_EXPRESSION_MODE'/>
						<index xmi:value='1'/>
					</mdElement>
					<mdElement elementClass='BooleanProperty'>
						<propertyID>SHOW_INIT_VALUE</propertyID>
						<propertyGroup>ATTRIBUTES</propertyGroup>
						<propertyDescriptionID>SHOW_INIT_VALUE_DESCRIPTION</propertyDescriptionID>
						<value xmi:value='true'/>
					</mdElement>
					<mdElement elementClass='BooleanProperty'>
						<propertyID>SUPPRESS_CLASS_OPERATIONS</propertyID>
						<propertyGroup>OPERATIONS</propertyGroup>
						<propertyDescriptionID>SUPPRESS_CLASS_OPERATIONS_DESCRIPTION</propertyDescriptionID>
						<value xmi:value='true'/>
					</mdElement>
					<mdElement elementClass='ColorProperty'>
						<propertyID>OPERATION_COLOR</propertyID>
						<propertyGroup>OPERATIONS</propertyGroup>
						<propertyDescriptionID>OPERATION_COLOR_DESCRIPTION</propertyDescriptionID>
						<value xmi:value='-16777176'/>
					</mdElement>
					<mdElement elementClass='FontProperty'>
						<propertyID>OPERATION_FONT</propertyID>
						<propertyGroup>OPERATIONS</propertyGroup>
						<propertyDescriptionID>OPERATION_FONT_DESCRIPTION</propertyDescriptionID>
						<fontName>Arial</fontName>
						<size xmi:value='11'/>
						<style xmi:value='0'/>
					</mdElement>
					<mdElement elementClass='BooleanProperty'>
						<propertyID>SHOW_OPERATIONS_SIGNATURE</propertyID>
						<propertyGroup>OPERATIONS</propertyGroup>
						<propertyDescriptionID>SHOW_OPERATIONS_SIGNATURE_DESCRIPTION</propertyDescriptionID>
						<value xmi:value='true'/>
					</mdElement>
					<mdElement elementClass='BooleanProperty'>
						<propertyID>SHOW_MORE_SIGN_FOR_OPERATIONS</propertyID>
						<propertyGroup>OPERATIONS</propertyGroup>
						<propertyDescriptionID>SHOW_MORE_SIGN_FOR_OPERATIONS_DESCRIPTION</propertyDescriptionID>
						<value xmi:value='true'/>
					</mdElement>
					<mdElement elementClass='ChoiceProperty'>
						<propertyID>SORT_CLASS_OPERATIONS_MODE</propertyID>
						<propertyGroup>OPERATIONS</propertyGroup>
						<propertyDescriptionID>SORT_CLASS_OPERATIONS_MODE_DESCRIPTION</propertyDescriptionID>
						<value>NO_SORT</value>
						<choice xmi:value='NO_SORT^BY_NAME^BY_STEREOTYPE^BY_VISIBILITY'/>
						<index xmi:value='0'/>
					</mdElement>
					<mdElement elementClass='BooleanProperty'>
						<propertyID>SHOW_OPERATIONS_VISIBILITY</propertyID>
						<propertyGroup>OPERATIONS</propertyGroup>
						<propertyDescriptionID>SHOW_OPERATIONS_VISIBILITY_DESCRIPTION</propertyDescriptionID>
						<value xmi:value='true'/>
					</mdElement>
					<mdElement elementClass='BooleanProperty'>
						<propertyID>SHOW_OPERATIONS_STEREOTYPE</propertyID>
						<propertyGroup>OPERATIONS</propertyGroup>
						<propertyDescriptionID>SHOW_OPERATIONS_STEREOTYPE_DESCRIPTION</propertyDescriptionID>
						<value xmi:value='true'/>
					</mdElement>
					<mdElement elementClass='BooleanProperty'>
						<propertyID>SHOW_OPERATIONS_PROPERTIES</propertyID>
						<propertyGroup>OPERATIONS</propertyGroup>
						<propertyDescriptionID>SHOW_OPERATIONS_PROPERTIES_DESCRIPTION</propertyDescriptionID>
						<value xmi:value='true'/>
					</mdElement>
					<mdElement elementClass='BooleanProperty'>
						<propertyID>SHOW_OPERATIONS_CONSTRAINTS</propertyID>
						<propertyGroup>OPERATIONS</propertyGroup>
						<propertyDescriptionID>SHOW_OPERATIONS_CONSTRAINTS_DESCRIPTION</propertyDescriptionID>
					</mdElement>
					<mdElement elementClass='ChoiceProperty'>
						<propertyID>OPERATIONS_CONSTRAINT_TEXT_MODE</propertyID>
						<propertyGroup>OPERATIONS</propertyGroup>
						<propertyDescriptionID>OPERATIONS_CONSTRAINT_TEXT_MODE_DESCRIPTION</propertyDescriptionID>
						<value>EXPRESSION_MODE</value>
						<choice xmi:value='NAME_MODE^EXPRESSION_MODE^NAME_EXPRESSION_MODE'/>
						<index xmi:value='1'/>
					</mdElement>
					<mdElement elementClass='BooleanProperty'>
						<propertyID>SHOW_FULL_TYPE</propertyID>
						<propertyDescriptionID>SHOW_FULL_TYPE_DESCRIPTION</propertyDescriptionID>
					</mdElement>
					<mdElement elementClass='BooleanProperty'>
						<propertyID>SHOW_OPERATIONS_PARAMETERS_DIRECTION_KIND</propertyID>
						<propertyGroup>OPERATIONS</propertyGroup>
						<propertyDescriptionID>SHOW_OPERATIONS_PARAMETERS_DIRECTION_KIND_DESCRIPTION</propertyDescriptionID>
					</mdElement>
					<mdElement elementClass='ChoiceProperty'>
						<propertyID>TAGGED_VALUES_DISPLAY_MODE</propertyID>
						<propertyDescriptionID>TAGGED_VALUES_DISPLAY_MODE_DESCRIPTION</propertyDescriptionID>
						<value>ON_SHAPE</value>
						<choice xmi:value='ON_SHAPE^IN_COMPARTMENT^DO_NOT_DISPLAY'/>
						<index xmi:value='0'/>
					</mdElement>
					<mdElement elementClass='BooleanProperty'>
						<propertyID>SHOW_TAGGED_VALUES_STEREOTYPES</propertyID>
						<propertyDescriptionID>SHOW_TAGGED_VALUES_STEREOTYPES_DESCRIPTION</propertyDescriptionID>
						<value xmi:value='true'/>
					</mdElement>
					<mdElement elementClass='BooleanProperty'>
						<propertyID>SHOW_QUALIFIED_NAME_IN_TAGGED_VALUES</propertyID>
						<propertyDescriptionID>SHOW_QUALIFIED_NAME_IN_TAGGED_VALUES_DESCRIPTION</propertyDescriptionID>
					</mdElement>
					<mdElement elementClass='BooleanProperty'>
						<propertyID>MEMBERS_WORD_WRAP</propertyID>
						<propertyDescriptionID>MEMBERS_WORD_WRAP_DESCRIPTION</propertyDescriptionID>
					</mdElement>
					<mdElement elementClass='BooleanProperty'>
						<propertyID>SUPPRESS_CLASS_PORTS</propertyID>
						<propertyGroup>PORTS</propertyGroup>
						<propertyDescriptionID>SUPPRESS_CLASS_PORTS_DESCRIPTION</propertyDescriptionID>
						<value xmi:value='true'/>
					</mdElement>
					<mdElement elementClass='ColorProperty'>
						<propertyID>PORTS_COLOR</propertyID>
						<propertyGroup>PORTS</propertyGroup>
						<propertyDescriptionID>PORTS_COLOR_DESCRIPTION</propertyDescriptionID>
						<value xmi:value='-14155776'/>
					</mdElement>
					<mdElement elementClass='FontProperty'>
						<propertyID>PORTS_FONT</propertyID>
						<propertyGroup>PORTS</propertyGroup>
						<propertyDescriptionID>PORTS_FONT_DESCRIPTION</propertyDescriptionID>
						<fontName>Arial</fontName>
						<size xmi:value='11'/>
						<style xmi:value='0'/>
					</mdElement>
					<mdElement elementClass='BooleanProperty'>
						<propertyID>SHOW_MORE_SIGN_FOR_PORTS</propertyID>
						<propertyGroup>PORTS</propertyGroup>
						<propertyDescriptionID>SHOW_MORE_SIGN_FOR_PORTS_DESCRIPTION</propertyDescriptionID>
						<value xmi:value='true'/>
					</mdElement>
					<mdElement elementClass='ChoiceProperty'>
						<propertyID>SORT_CLASS_PORT_MODE</propertyID>
						<propertyGroup>PORTS</propertyGroup>
						<propertyDescriptionID>SORT_CLASS_PORT_MODE_DESCRIPTION</propertyDescriptionID>
						<value>NO_SORT</value>
						<choice xmi:value='NO_SORT^BY_NAME^BY_STEREOTYPE^BY_VISIBILITY'/>
						<index xmi:value='0'/>
					</mdElement>
					<mdElement elementClass='BooleanProperty'>
						<propertyID>SHOW_PORTS_VISIBILITY</propertyID>
						<propertyGroup>PORTS</propertyGroup>
						<propertyDescriptionID>SHOW_PORTS_VISIBILITY_DESCRIPTION</propertyDescriptionID>
					</mdElement>
					<mdElement elementClass='BooleanProperty'>
						<propertyID>SHOW_PORTS_TYPE</propertyID>
						<propertyGroup>PORTS</propertyGroup>
						<propertyDescriptionID>SHOW_PORTS_TYPE_DESCRIPTION</propertyDescriptionID>
						<value xmi:value='true'/>
					</mdElement>
					<mdElement elementClass='BooleanProperty'>
						<propertyID>SHOW_PORTS_STEREOTYPE</propertyID>
						<propertyGroup>PORTS</propertyGroup>
						<propertyDescriptionID>SHOW_PORTS_STEREOTYPE_DESCRIPTION</propertyDescriptionID>
						<value xmi:value='true'/>
					</mdElement>
					<mdElement elementClass='BooleanProperty'>
						<propertyID>SHOW_PORTS_PROPERTIES</propertyID>
						<propertyGroup>PORTS</propertyGroup>
						<propertyDescriptionID>SHOW_PORTS_PROPERTIES_DESCRIPTION</propertyDescriptionID>
						<value xmi:value='true'/>
					</mdElement>
					<mdElement elementClass='BooleanProperty'>
						<propertyID>SHOW_PORTS_CONSTRAINTS</propertyID>
						<propertyGroup>PORTS</propertyGroup>
						<propertyDescriptionID>SHOW_PORTS_CONSTRAINTS_DESCRIPTION</propertyDescriptionID>
					</mdElement>
					<mdElement elementClass='ChoiceProperty'>
						<propertyID>PORTS_CONSTRAINTS_TEXT_MODE</propertyID>
						<propertyGroup>PORTS</propertyGroup>
						<propertyDescriptionID>PORTS_CONSTRAINTS_TEXT_MODE_DESCRIPTION</propertyDescriptionID>
						<value>EXPRESSION_MODE</value>
						<choice xmi:value='NAME_MODE^EXPRESSION_MODE^NAME_EXPRESSION_MODE'/>
						<index xmi:value='1'/>
					</mdElement>
					<mdElement elementClass='BooleanProperty'>
						<propertyID>SHOW_INIT_PORTS_VALUE</propertyID>
						<propertyGroup>PORTS</propertyGroup>
						<propertyDescriptionID>SHOW_INIT_PORTS_VALUE_DESCRIPTION</propertyDescriptionID>
					</mdElement>
					<mdElement elementClass='BooleanProperty'>
						<propertyID>SUPPRESS_SIGNAL_RECEPTIONS</propertyID>
						<propertyGroup>RECEPTIONS</propertyGroup>
						<propertyDescriptionID>SUPPRESS_SIGNAL_RECEPTIONS_DESCRIPTION</propertyDescriptionID>
						<value xmi:value='true'/>
					</mdElement>
					<mdElement elementClass='ColorProperty'>
						<propertyID>RECEPTION_COLOR</propertyID>
						<propertyGroup>RECEPTIONS</propertyGroup>
						<propertyDescriptionID>RECEPTION_COLOR_DESCRIPTION</propertyDescriptionID>
						<value xmi:value='-16777176'/>
					</mdElement>
					<mdElement elementClass='FontProperty'>
						<propertyID>RECEPTION_FONT</propertyID>
						<propertyGroup>RECEPTIONS</propertyGroup>
						<propertyDescriptionID>RECEPTION_FONT_DESCRIPTION</propertyDescriptionID>
						<fontName>Arial</fontName>
						<size xmi:value='11'/>
						<style xmi:value='0'/>
					</mdElement>
					<mdElement elementClass='BooleanProperty'>
						<propertyID>SHOW_SIGNAL_RECEPTIONS_SIGNATURE</propertyID>
						<propertyGroup>RECEPTIONS</propertyGroup>
						<propertyDescriptionID>SHOW_SIGNAL_RECEPTIONS_SIGNATURE_DESCRIPTION</propertyDescriptionID>
						<value xmi:value='true'/>
					</mdElement>
					<mdElement elementClass='BooleanProperty'>
						<propertyID>SHOW_MORE_SIGN_FOR_RECEPTIONS</propertyID>
						<propertyGroup>RECEPTIONS</propertyGroup>
						<propertyDescriptionID>SHOW_MORE_SIGN_FOR_RECEPTIONS_DESCRIPTION</propertyDescriptionID>
						<value xmi:value='true'/>
					</mdElement>
					<mdElement elementClass='ChoiceProperty'>
						<propertyID>SORT_CLASS_RECEPTIONS_MODE</propertyID>
						<propertyGroup>RECEPTIONS</propertyGroup>
						<propertyDescriptionID>SORT_CLASS_RECEPTIONS_MODE_DESCRIPTION</propertyDescriptionID>
						<value>NO_SORT</value>
						<choice xmi:value='NO_SORT^BY_SIGNAL_NAME^BY_STEREOTYPE^BY_VISIBILITY'/>
						<index xmi:value='0'/>
					</mdElement>
					<mdElement elementClass='BooleanProperty'>
						<propertyID>SHOW_SIGNAL_RECEPTIONS_VISIBILITY</propertyID>
						<propertyGroup>RECEPTIONS</propertyGroup>
						<propertyDescriptionID>SHOW_SIGNAL_RECEPTIONS_VISIBILITY_DESCRIPTION</propertyDescriptionID>
					</mdElement>
					<mdElement elementClass='BooleanProperty'>
						<propertyID>SHOW_RECEPTIONS_STEREOTYPES</propertyID>
						<propertyGroup>RECEPTIONS</propertyGroup>
						<propertyDescriptionID>SHOW_RECEPTIONS_STEREOTYPES_DESCRIPTION</propertyDescriptionID>
						<value xmi:value='true'/>
					</mdElement>
					<mdElement elementClass='BooleanProperty'>
						<propertyID>SHOW_RECEPTIONS_PROPERTIES</propertyID>
						<propertyGroup>RECEPTIONS</propertyGroup>
						<propertyDescriptionID>SHOW_RECEPTIONS_PROPERTIES_DESCRIPTION</propertyDescriptionID>
						<value xmi:value='true'/>
					</mdElement>
					<mdElement elementClass='BooleanProperty'>
						<propertyID>SHOW_RECEPTIONS_CONSTRAINTS</propertyID>
						<propertyGroup>RECEPTIONS</propertyGroup>
						<propertyDescriptionID>SHOW_RECEPTIONS_CONSTRAINTS_DESCRIPTION</propertyDescriptionID>
					</mdElement>
					<mdElement elementClass='ChoiceProperty'>
						<propertyID>RECEPTIONS_CONSTRAINTS_TEXT_MODE</propertyID>
						<propertyGroup>RECEPTIONS</propertyGroup>
						<propertyDescriptionID>RECEPTIONS_CONSTRAINTS_TEXT_MODE_DESCRIPTION</propertyDescriptionID>
						<value>EXPRESSION_MODE</value>
						<choice xmi:value='NAME_MODE^EXPRESSION_MODE^NAME_EXPRESSION_MODE'/>
						<index xmi:value='1'/>
					</mdElement>
					<mdElement elementClass='BooleanProperty'>
						<propertyID>SHOW_RECEPTIONS_PARAMETERS_DIRECTION_KIND</propertyID>
						<propertyGroup>RECEPTIONS</propertyGroup>
						<propertyDescriptionID>SHOW_RECEPTIONS_PARAMETERS_DIRECTION_KIND_DESCRIPTION</propertyDescriptionID>
					</mdElement>
					<mdElement elementClass='BooleanProperty'>
						<propertyID>SUPPRESS_STRUCTURE</propertyID>
						<propertyDescriptionID>SUPPRESS_STRUCTURE_DESCRIPTION</propertyDescriptionID>
						<value xmi:value='true'/>
					</mdElement>
					<mdElement elementClass='BooleanProperty'>
						<propertyID>WRAP_WORDS</propertyID>
						<propertyDescriptionID>WRAP_WORDS_DESCRIPTION</propertyDescriptionID>
						<value xmi:value='true'/>
					</mdElement>
					<mdElement elementClass='BooleanProperty'>
						<propertyID>SUPPRESS_INTERFACES</propertyID>
						<propertyDescriptionID>SUPPRESS_INTERFACES_DESCRIPTION</propertyDescriptionID>
						<value xmi:value='true'/>
					</mdElement>
					<mdElement elementClass='BooleanProperty'>
						<propertyID>SUPPRESS_REALIZATIONS</propertyID>
						<propertyDescriptionID>SUPPRESS_REALIZATIONS_DESCRIPTION</propertyDescriptionID>
						<value xmi:value='true'/>
					</mdElement>
					<mdElement elementClass='BooleanProperty'>
						<propertyID>SUPPRESS_ARTIFACTS</propertyID>
						<propertyDescriptionID>SUPPRESS_ARTIFACTS_DESCRIPTION</propertyDescriptionID>
						<value xmi:value='true'/>
					</mdElement>
				</mdElement>
				<mdElement elementClass='PropertyManagerByDiagram'>
					<diagramType>Composite Structure Diagram</diagramType>
					<removable xmi:value='true'/>
					<extendableByDiagram xmi:value='false'/>
					<extendableByStereotype xmi:value='false'/>
					<name>Composite Structure Diagram</name>
					<propertyManagerID>_16_6_2_931029f_1387381120860_200409_367</propertyManagerID>
					<parentPropertyManager>_16_6_2_931029f_1387381120857_518326_360</parentPropertyManager>
					<mdElement elementClass='BooleanProperty'>
						<propertyID>SUPPRESS_CLASS_OPERATIONS</propertyID>
						<propertyGroup>OPERATIONS</propertyGroup>
						<propertyDescriptionID>SUPPRESS_CLASS_OPERATIONS_DESCRIPTION</propertyDescriptionID>
						<value xmi:value='true'/>
					</mdElement>
					<mdElement elementClass='BooleanProperty'>
						<propertyID>SUPPRESS_CLASS_ATTRIBUTES</propertyID>
						<propertyGroup>ATTRIBUTES</propertyGroup>
						<propertyDescriptionID>SUPPRESS_CLASS_ATTRIBUTES_DESCRIPTION</propertyDescriptionID>
						<value xmi:value='true'/>
					</mdElement>
					<mdElement elementClass='BooleanProperty'>
						<propertyID>SUPPRESS_STRUCTURE</propertyID>
						<propertyDescriptionID>SUPPRESS_STRUCTURE_DESCRIPTION</propertyDescriptionID>
					</mdElement>
				</mdElement>
				<mdElement elementClass='PropertyManagerByDiagram'>
					<diagramType>Composite Structure Diagram</diagramType>
					<removable xmi:value='true'/>
					<extendableByDiagram xmi:value='false'/>
					<extendableByStereotype xmi:value='false'/>
					<name>Composite Structure Diagram</name>
					<propertyManagerID>_16_6_2_931029f_1387381120860_156749_368</propertyManagerID>
					<parentPropertyManager>_16_6_2_931029f_1387381120857_587648_353</parentPropertyManager>
				</mdElement>
				<mdElement elementClass='PropertyManagerByDiagram'>
					<diagramType>Composite Structure Diagram</diagramType>
					<removable xmi:value='true'/>
					<extendableByDiagram xmi:value='false'/>
					<extendableByStereotype xmi:value='false'/>
					<name>Composite Structure Diagram</name>
					<propertyManagerID>_16_6_2_931029f_1387381120860_693953_369</propertyManagerID>
					<parentPropertyManager>_16_6_2_931029f_1387381120860_372808_370</parentPropertyManager>
				</mdElement>
				<mdElement elementClass='PropertyManagerByDiagram'>
					<diagramType>Composite Structure Diagram</diagramType>
					<removable xmi:value='true'/>
					<extendableByDiagram xmi:value='false'/>
					<extendableByStereotype xmi:value='false'/>
					<name>Composite Structure Diagram</name>
					<propertyManagerID>_16_6_2_931029f_1387381120860_180234_371</propertyManagerID>
					<parentPropertyManager>_16_6_2_931029f_1387381120860_115570_372</parentPropertyManager>
				</mdElement>
				<mdElement elementClass='PropertyManagerByDiagram'>
					<diagramType>Composite Structure Diagram</diagramType>
					<removable xmi:value='true'/>
					<extendableByDiagram xmi:value='false'/>
					<extendableByStereotype xmi:value='false'/>
					<name>Composite Structure Diagram</name>
					<propertyManagerID>_16_6_2_931029f_1387381120860_875250_373</propertyManagerID>
					<parentPropertyManager>_16_6_2_931029f_1387381120857_849674_354</parentPropertyManager>
				</mdElement>
				<mdElement elementClass='PropertyManagerByDiagram'>
					<diagramType>Composite Structure Diagram</diagramType>
					<removable xmi:value='true'/>
					<extendableByDiagram xmi:value='false'/>
					<extendableByStereotype xmi:value='false'/>
					<name>Composite Structure Diagram</name>
					<propertyManagerID>_16_6_2_931029f_1387381120860_9432_374</propertyManagerID>
					<parentPropertyManager>_16_6_2_931029f_1387381120860_341122_375</parentPropertyManager>
				</mdElement>
				<mdElement elementClass='PropertyManagerByDiagram'>
					<diagramType>Composite Structure Diagram</diagramType>
					<removable xmi:value='true'/>
					<extendableByDiagram xmi:value='false'/>
					<extendableByStereotype xmi:value='false'/>
					<name>Composite Structure Diagram</name>
					<propertyManagerID>_16_6_2_931029f_1387381120860_544988_376</propertyManagerID>
					<parentPropertyManager>_16_6_2_931029f_1387381120858_510401_366</parentPropertyManager>
					<mdElement elementClass='BooleanProperty'>
						<propertyID>SUPPRESS_STRUCTURE</propertyID>
						<propertyDescriptionID>SUPPRESS_STRUCTURE_DESCRIPTION</propertyDescriptionID>
					</mdElement>
				</mdElement>
				<mdElement elementClass='PropertyManagerByDiagram'>
					<diagramType>Composite Structure Diagram</diagramType>
					<removable xmi:value='true'/>
					<extendableByDiagram xmi:value='false'/>
					<extendableByStereotype xmi:value='false'/>
					<name>Composite Structure Diagram</name>
					<propertyManagerID>_16_6_2_931029f_1387381120860_689680_377</propertyManagerID>
					<parentPropertyManager>_16_6_2_931029f_1387381120860_896020_378</parentPropertyManager>
					<mdElement elementClass='BooleanProperty'>
						<propertyID>SUPPRESS_STRUCTURE</propertyID>
						<propertyDescriptionID>SUPPRESS_STRUCTURE_DESCRIPTION</propertyDescriptionID>
					</mdElement>
				</mdElement>
				<mdElement elementClass='PropertyManagerByDiagram'>
					<diagramType>Composite Structure Diagram</diagramType>
					<removable xmi:value='true'/>
					<extendableByDiagram xmi:value='false'/>
					<extendableByStereotype xmi:value='false'/>
					<name>Composite Structure Diagram</name>
					<propertyManagerID>_16_6_2_931029f_1387381120860_368385_379</propertyManagerID>
					<parentPropertyManager>_16_6_2_931029f_1387381120858_153327_361</parentPropertyManager>
					<mdElement elementClass='BooleanProperty'>
						<propertyID>SUPPRESS_STRUCTURE</propertyID>
						<propertyDescriptionID>SUPPRESS_STRUCTURE_DESCRIPTION</propertyDescriptionID>
					</mdElement>
				</mdElement>
				<mdElement elementClass='ExtendableManager'>
					<removable xmi:value='false'/>
					<extendableByDiagram xmi:value='true'/>
					<extendableByStereotype xmi:value='false'/>
					<name>ConditionalNode</name>
					<propertyManagerID>_16_6_2_931029f_1387381120860_531318_380</propertyManagerID>
					<parentPropertyManager>_16_6_2_931029f_1387381120857_505452_350</parentPropertyManager>
					<mdElement elementClass='BooleanProperty'>
						<propertyID>WRAP_WORDS</propertyID>
						<propertyDescriptionID>WRAP_WORDS_DESCRIPTION</propertyDescriptionID>
						<value xmi:value='true'/>
					</mdElement>
					<mdElement elementClass='ColorProperty'>
						<propertyID>FILL_COLOR</propertyID>
						<propertyDescriptionID>FILL_COLOR_DESCRIPTION</propertyDescriptionID>
						<value xmi:value='-1973821'/>
					</mdElement>
					<mdElement elementClass='ColorProperty'>
						<propertyID>PEN_COLOR</propertyID>
						<propertyDescriptionID>PEN_COLOR_DESCRIPTION</propertyDescriptionID>
						<value xmi:value='-6710948'/>
					</mdElement>
				</mdElement>
				<mdElement elementClass='ExtendableManager'>
					<removable xmi:value='false'/>
					<extendableByDiagram xmi:value='true'/>
					<extendableByStereotype xmi:value='false'/>
					<name>ConnectionPointReference</name>
					<propertyManagerID>_16_6_2_931029f_1387381120860_753329_381</propertyManagerID>
					<parentPropertyManager>_16_6_2_931029f_1387381120857_505452_350</parentPropertyManager>
					<mdElement elementClass='ColorProperty'>
						<propertyID>FILL_COLOR</propertyID>
						<propertyDescriptionID>FILL_COLOR_DESCRIPTION</propertyDescriptionID>
						<value xmi:value='-1'/>
					</mdElement>
					<mdElement elementClass='BooleanProperty'>
						<propertyID>USE_FIXED_CONNECTION_POINTS</propertyID>
						<propertyDescriptionID>USE_FIXED_CONNECTION_POINTS_DESCRIPTION</propertyDescriptionID>
						<value xmi:value='true'/>
					</mdElement>
					<mdElement elementClass='ChoiceProperty'>
						<propertyID>STEREOTYPES_DISPLAY_MODE</propertyID>
						<propertyDescriptionID>STEREOTYPES_DISPLAY_MODE_DESCRIPTION</propertyDescriptionID>
						<value>STEREOTYPE_DISPLAY_MODE_DO_NOT_DISPLAY_STEREOTYPES</value>
						<choice xmi:value='STEREOTYPE_DISPLAY_MODE_TEXT_AND_ICON^STEREOTYPE_DISPLAY_MODE_TEXT^STEREOTYPE_DISPLAY_MODE_ICON^STEREOTYPE_DISPLAY_MODE_DO_NOT_DISPLAY_STEREOTYPES'/>
						<index xmi:value='3'/>
					</mdElement>
					<mdElement elementClass='BooleanProperty'>
						<propertyID>SHOW_CONSTRAINTS</propertyID>
						<propertyDescriptionID>SHOW_CONSTRAINTS_DESCRIPTION</propertyDescriptionID>
					</mdElement>
					<mdElement elementClass='BooleanProperty'>
						<propertyID>WRAP_WORDS</propertyID>
						<propertyDescriptionID>WRAP_WORDS_DESCRIPTION</propertyDescriptionID>
						<value xmi:value='true'/>
					</mdElement>
					<mdElement elementClass='BooleanProperty'>
						<propertyID>SHOW_TAGGED_VALUES</propertyID>
						<propertyDescriptionID>SHOW_TAGGED_VALUES_DESCRIPTION</propertyDescriptionID>
					</mdElement>
					<mdElement elementClass='BooleanProperty'>
						<propertyID>SHOW_NAME</propertyID>
						<propertyDescriptionID>SHOW_NAME_DESCRIPTION</propertyDescriptionID>
						<value xmi:value='true'/>
					</mdElement>
				</mdElement>
				<mdElement elementClass='ExtendableManager'>
					<removable xmi:value='false'/>
					<extendableByDiagram xmi:value='true'/>
					<extendableByStereotype xmi:value='false'/>
					<name>Connector</name>
					<propertyManagerID>_16_6_2_931029f_1387381120860_5843_382</propertyManagerID>
					<parentPropertyManager>_16_6_2_931029f_1387381120857_945759_348</parentPropertyManager>
					<mdElement elementClass='ColorProperty'>
						<propertyID>STEREOTYPE_COLOR</propertyID>
						<propertyDescriptionID>STEREOTYPE_COLOR_DESCRIPTION</propertyDescriptionID>
						<value xmi:value='-16777216'/>
					</mdElement>
					<mdElement elementClass='FontProperty'>
						<propertyID>STEREOTYPE_FONT</propertyID>
						<propertyDescriptionID>STEREOTYPE_FONT_DESCRIPTION</propertyDescriptionID>
						<fontName>Arial</fontName>
						<size xmi:value='11'/>
						<style xmi:value='0'/>
					</mdElement>
					<mdElement elementClass='BooleanProperty'>
						<propertyID>WRAP_WORDS</propertyID>
						<propertyDescriptionID>WRAP_WORDS_DESCRIPTION</propertyDescriptionID>
					</mdElement>
					<mdElement elementClass='BooleanProperty'>
						<propertyID>SHOW_NAME</propertyID>
						<propertyDescriptionID>SHOW_NAME_DESCRIPTION</propertyDescriptionID>
						<value xmi:value='true'/>
					</mdElement>
					<mdElement elementClass='ChoiceProperty'>
						<propertyID>STEREOTYPES_DISPLAY_MODE</propertyID>
						<propertyDescriptionID>STEREOTYPES_DISPLAY_MODE_DESCRIPTION</propertyDescriptionID>
						<value>STEREOTYPE_DISPLAY_MODE_TEXT_AND_ICON</value>
						<choice xmi:value='STEREOTYPE_DISPLAY_MODE_TEXT_AND_ICON^STEREOTYPE_DISPLAY_MODE_TEXT^STEREOTYPE_DISPLAY_MODE_ICON^STEREOTYPE_DISPLAY_MODE_DO_NOT_DISPLAY_STEREOTYPES'/>
						<index xmi:value='0'/>
					</mdElement>
					<mdElement elementClass='BooleanProperty'>
						<propertyID>SHOW_TAGGED_VALUES</propertyID>
						<propertyDescriptionID>SHOW_TAGGED_VALUES_DESCRIPTION</propertyDescriptionID>
						<value xmi:value='true'/>
					</mdElement>
					<mdElement elementClass='BooleanProperty'>
						<propertyID>SHOW_CONVEYED_A</propertyID>
						<propertyDescriptionID>SHOW_CONVEYED_A_DESCRIPTION</propertyDescriptionID>
						<value xmi:value='true'/>
					</mdElement>
					<mdElement elementClass='BooleanProperty'>
						<propertyID>SHOW_CONVEYED_B</propertyID>
						<propertyDescriptionID>SHOW_CONVEYED_B_DESCRIPTION</propertyDescriptionID>
						<value xmi:value='true'/>
					</mdElement>
					<mdElement elementClass='BooleanProperty'>
						<propertyID>SHOW_CONSTRAINTS</propertyID>
						<propertyDescriptionID>SHOW_CONSTRAINTS_DESCRIPTION</propertyDescriptionID>
						<value xmi:value='true'/>
					</mdElement>
					<mdElement elementClass='BooleanProperty'>
						<propertyID>SHOW_CONNECTOR_END_A</propertyID>
						<propertyDescriptionID>SHOW_CONNECTOR_END_A_DESCRIPTION</propertyDescriptionID>
						<value xmi:value='true'/>
					</mdElement>
					<mdElement elementClass='BooleanProperty'>
						<propertyID>SHOW_CONNECTOR_END_B</propertyID>
						<propertyDescriptionID>SHOW_CONNECTOR_END_B_DESCRIPTION</propertyDescriptionID>
						<value xmi:value='true'/>
					</mdElement>
				</mdElement>
				<mdElement elementClass='ExtendableManager'>
					<removable xmi:value='false'/>
					<extendableByDiagram xmi:value='true'/>
					<extendableByStereotype xmi:value='false'/>
					<name>ConnectorEnd</name>
					<propertyManagerID>_16_6_2_931029f_1387381120860_799685_383</propertyManagerID>
					<parentPropertyManager>_16_6_2_931029f_1387381120857_505452_350</parentPropertyManager>
					<mdElement elementClass='BooleanProperty'>
						<propertyID>SHOW_ROLE_MULTIPLICITY</propertyID>
						<propertyDescriptionID>SHOW_ROLE_MULTIPLICITY_DESCRIPTION</propertyDescriptionID>
						<value xmi:value='true'/>
					</mdElement>
					<mdElement elementClass='BooleanProperty'>
						<propertyID>SHOW_DEFINING_END</propertyID>
						<propertyDescriptionID>SHOW_DEFINING_END_DESCRIPTION</propertyDescriptionID>
						<value xmi:value='true'/>
					</mdElement>
				</mdElement>
				<mdElement elementClass='ExtendableManager'>
					<removable xmi:value='false'/>
					<extendableByDiagram xmi:value='true'/>
					<extendableByStereotype xmi:value='false'/>
					<name>Constraint</name>
					<propertyManagerID>_16_6_2_931029f_1387381120860_723912_384</propertyManagerID>
					<parentPropertyManager>_16_6_2_931029f_1387381120857_945759_348</parentPropertyManager>
					<mdElement elementClass='BooleanProperty'>
						<propertyID>SHOW_NAME</propertyID>
						<propertyDescriptionID>SHOW_NAME_DESCRIPTION</propertyDescriptionID>
						<value xmi:value='true'/>
					</mdElement>
					<mdElement elementClass='BooleanProperty'>
						<propertyID>WRAP_WORDS</propertyID>
						<propertyDescriptionID>WRAP_WORDS_DESCRIPTION</propertyDescriptionID>
					</mdElement>
					<mdElement elementClass='BooleanProperty'>
						<propertyID>SHOW_ARROW</propertyID>
						<propertyDescriptionID>SHOW_ARROW_DESCRIPTION</propertyDescriptionID>
					</mdElement>
					<mdElement elementClass='ChoiceProperty'>
						<propertyID>LINK_LINE_STYLE</propertyID>
						<propertyDescriptionID>LINK_LINE_STYLE_DESCRIPTION</propertyDescriptionID>
						<value>OBLIQUE</value>
						<choice xmi:value='RECTILINEAR^OBLIQUE^BEZIER'/>
						<index xmi:value='1'/>
					</mdElement>
				</mdElement>
				<mdElement elementClass='ExtendableManager'>
					<removable xmi:value='false'/>
					<extendableByDiagram xmi:value='true'/>
					<extendableByStereotype xmi:value='false'/>
					<name>Containment</name>
					<propertyManagerID>_16_6_2_931029f_1387381120860_708850_385</propertyManagerID>
					<parentPropertyManager>_16_6_2_931029f_1387381120857_945759_348</parentPropertyManager>
					<mdElement elementClass='ChoiceProperty'>
						<propertyID>LINK_LINE_STYLE</propertyID>
						<propertyDescriptionID>LINK_LINE_STYLE_DESCRIPTION</propertyDescriptionID>
						<value>OBLIQUE</value>
						<choice xmi:value='RECTILINEAR^OBLIQUE^BEZIER'/>
						<index xmi:value='1'/>
					</mdElement>
				</mdElement>
				<mdElement elementClass='ExtendableManager'>
					<removable xmi:value='false'/>
					<extendableByDiagram xmi:value='true'/>
					<extendableByStereotype xmi:value='false'/>
					<name>ContentShape</name>
					<propertyManagerID>_16_6_2_931029f_1387381120860_513938_386</propertyManagerID>
					<parentPropertyManager>_16_6_2_931029f_1387381120857_505452_350</parentPropertyManager>
					<mdElement elementClass='BooleanProperty'>
						<propertyID>USE_FILL_COLOR</propertyID>
						<propertyDescriptionID>USE_FILL_COLOR_DESCRIPTION</propertyDescriptionID>
					</mdElement>
				</mdElement>
				<mdElement elementClass='ExtendableManager'>
					<removable xmi:value='false'/>
					<extendableByDiagram xmi:value='true'/>
					<extendableByStereotype xmi:value='false'/>
					<name>ControlFlow</name>
					<propertyManagerID>_16_6_2_931029f_1387381120860_503538_387</propertyManagerID>
					<parentPropertyManager>_16_6_2_931029f_1387381120857_945759_348</parentPropertyManager>
					<mdElement elementClass='ColorProperty'>
						<propertyID>STEREOTYPE_COLOR</propertyID>
						<propertyDescriptionID>STEREOTYPE_COLOR_DESCRIPTION</propertyDescriptionID>
						<value xmi:value='-16777216'/>
					</mdElement>
					<mdElement elementClass='FontProperty'>
						<propertyID>STEREOTYPE_FONT</propertyID>
						<propertyDescriptionID>STEREOTYPE_FONT_DESCRIPTION</propertyDescriptionID>
						<fontName>Arial</fontName>
						<size xmi:value='11'/>
						<style xmi:value='0'/>
					</mdElement>
					<mdElement elementClass='BooleanProperty'>
						<propertyID>WRAP_WORDS</propertyID>
						<propertyDescriptionID>WRAP_WORDS_DESCRIPTION</propertyDescriptionID>
					</mdElement>
					<mdElement elementClass='BooleanProperty'>
						<propertyID>SHOW_NAME</propertyID>
						<propertyDescriptionID>SHOW_NAME_DESCRIPTION</propertyDescriptionID>
						<value xmi:value='true'/>
					</mdElement>
					<mdElement elementClass='ChoiceProperty'>
						<propertyID>STEREOTYPES_DISPLAY_MODE</propertyID>
						<propertyDescriptionID>STEREOTYPES_DISPLAY_MODE_DESCRIPTION</propertyDescriptionID>
						<value>STEREOTYPE_DISPLAY_MODE_TEXT_AND_ICON</value>
						<choice xmi:value='STEREOTYPE_DISPLAY_MODE_TEXT_AND_ICON^STEREOTYPE_DISPLAY_MODE_TEXT^STEREOTYPE_DISPLAY_MODE_ICON^STEREOTYPE_DISPLAY_MODE_DO_NOT_DISPLAY_STEREOTYPES'/>
						<index xmi:value='0'/>
					</mdElement>
					<mdElement elementClass='BooleanProperty'>
						<propertyID>SHOW_TAGGED_VALUES</propertyID>
						<propertyDescriptionID>SHOW_TAGGED_VALUES_DESCRIPTION</propertyDescriptionID>
						<value xmi:value='true'/>
					</mdElement>
					<mdElement elementClass='BooleanProperty'>
						<propertyID>SHOW_CONVEYED_A</propertyID>
						<propertyDescriptionID>SHOW_CONVEYED_A_DESCRIPTION</propertyDescriptionID>
						<value xmi:value='true'/>
					</mdElement>
					<mdElement elementClass='BooleanProperty'>
						<propertyID>SHOW_CONVEYED_B</propertyID>
						<propertyDescriptionID>SHOW_CONVEYED_B_DESCRIPTION</propertyDescriptionID>
						<value xmi:value='true'/>
					</mdElement>
					<mdElement elementClass='BooleanProperty'>
						<propertyID>SHOW_CONSTRAINTS</propertyID>
						<propertyDescriptionID>SHOW_CONSTRAINTS_DESCRIPTION</propertyDescriptionID>
						<value xmi:value='true'/>
					</mdElement>
					<mdElement elementClass='BooleanProperty'>
						<propertyID>IS_ROUNDED</propertyID>
						<propertyDescriptionID>IS_ROUNDED_DESCRIPTION</propertyDescriptionID>
						<value xmi:value='true'/>
					</mdElement>
				</mdElement>
				<mdElement elementClass='ExtendableManager'>
					<removable xmi:value='false'/>
					<extendableByDiagram xmi:value='true'/>
					<extendableByStereotype xmi:value='false'/>
					<name>DataStoreNode</name>
					<propertyManagerID>_16_6_2_931029f_1387381120861_744001_388</propertyManagerID>
					<parentPropertyManager>_16_6_2_931029f_1387381120857_505452_350</parentPropertyManager>
					<mdElement elementClass='ColorProperty'>
						<propertyID>FILL_COLOR</propertyID>
						<propertyDescriptionID>FILL_COLOR_DESCRIPTION</propertyDescriptionID>
						<value xmi:value='-1973821'/>
					</mdElement>
					<mdElement elementClass='ColorProperty'>
						<propertyID>PEN_COLOR</propertyID>
						<propertyDescriptionID>PEN_COLOR_DESCRIPTION</propertyDescriptionID>
						<value xmi:value='-6710948'/>
					</mdElement>
					<mdElement elementClass='BooleanProperty'>
						<propertyID>SHOW_OBJECT_CLASS</propertyID>
						<propertyDescriptionID>SHOW_OBJECT_CLASS_DESCRIPTION</propertyDescriptionID>
						<value xmi:value='true'/>
					</mdElement>
					<mdElement elementClass='BooleanProperty'>
						<propertyID>SHOW_FULL_TYPE</propertyID>
						<propertyDescriptionID>SHOW_FULL_TYPE_DESCRIPTION</propertyDescriptionID>
					</mdElement>
					<mdElement elementClass='BooleanProperty'>
						<propertyID>SHOW_STATE</propertyID>
						<propertyDescriptionID>SHOW_STATE_DESCRIPTION</propertyDescriptionID>
						<value xmi:value='true'/>
					</mdElement>
				</mdElement>
				<mdElement elementClass='ExtendableManager'>
					<removable xmi:value='false'/>
					<extendableByDiagram xmi:value='true'/>
					<extendableByStereotype xmi:value='false'/>
					<name>DataType</name>
					<propertyManagerID>_16_6_2_931029f_1387381120861_488006_389</propertyManagerID>
					<parentPropertyManager>_16_6_2_931029f_1387381120857_505452_350</parentPropertyManager>
					<mdElement elementClass='ColorProperty'>
						<propertyID>PEN_COLOR</propertyID>
						<propertyDescriptionID>PEN_COLOR_DESCRIPTION</propertyDescriptionID>
						<value xmi:value='-6719140'/>
					</mdElement>
					<mdElement elementClass='ColorProperty'>
						<propertyID>FILL_COLOR</propertyID>
						<propertyDescriptionID>FILL_COLOR_DESCRIPTION</propertyDescriptionID>
						<value xmi:value='-13159'/>
					</mdElement>
					<mdElement elementClass='ChoiceProperty'>
						<propertyID>SHOW_MEMBERS_MODE</propertyID>
						<propertyDescriptionID>SHOW_MEMBERS_MODE_DESCRIPTION</propertyDescriptionID>
						<value>ALL</value>
						<choice xmi:value='ALL^ONLY_PUBLIC^NOT_PRIVATE'/>
						<index xmi:value='0'/>
					</mdElement>
					<mdElement elementClass='BooleanProperty'>
						<propertyID>SUPPRESS_CLASS_ATTRIBUTES</propertyID>
						<propertyGroup>ATTRIBUTES</propertyGroup>
						<propertyDescriptionID>SUPPRESS_CLASS_ATTRIBUTES_DESCRIPTION</propertyDescriptionID>
						<value xmi:value='true'/>
					</mdElement>
					<mdElement elementClass='ColorProperty'>
						<propertyID>ATTRIBUTE_COLOR</propertyID>
						<propertyGroup>ATTRIBUTES</propertyGroup>
						<propertyDescriptionID>ATTRIBUTE_COLOR_DESCRIPTION</propertyDescriptionID>
						<value xmi:value='-14155776'/>
					</mdElement>
					<mdElement elementClass='FontProperty'>
						<propertyID>ATTRIBUTE_FONT</propertyID>
						<propertyGroup>ATTRIBUTES</propertyGroup>
						<propertyDescriptionID>ATTRIBUTE_FONT_DESCRIPTION</propertyDescriptionID>
						<fontName>Arial</fontName>
						<size xmi:value='11'/>
						<style xmi:value='0'/>
					</mdElement>
					<mdElement elementClass='BooleanProperty'>
						<propertyID>SHOW_MORE_SIGN_FOR_ATTRIBUTES</propertyID>
						<propertyGroup>ATTRIBUTES</propertyGroup>
						<propertyDescriptionID>SHOW_MORE_SIGN_FOR_ATTRIBUTES_DESCRIPTION</propertyDescriptionID>
						<value xmi:value='true'/>
					</mdElement>
					<mdElement elementClass='ChoiceProperty'>
						<propertyID>SORT_CLASS_ATTRIBUTES_MODE</propertyID>
						<propertyGroup>ATTRIBUTES</propertyGroup>
						<propertyDescriptionID>SORT_CLASS_ATTRIBUTES_MODE_DESCRIPTION</propertyDescriptionID>
						<value>NO_SORT</value>
						<choice xmi:value='NO_SORT^BY_NAME^BY_STEREOTYPE^BY_VISIBILITY'/>
						<index xmi:value='0'/>
					</mdElement>
					<mdElement elementClass='ChoiceProperty'>
						<propertyID>SHOW_ASSOCIATION_ENDS_MODE</propertyID>
						<propertyGroup>ATTRIBUTES</propertyGroup>
						<propertyDescriptionID>SHOW_ASSOCIATION_ENDS_MODE_DESCRIPTION</propertyDescriptionID>
						<value>DO_NOT_DISPLAY</value>
						<choice xmi:value='ALL^WITHOUT_ASSOCIATION^DO_NOT_DISPLAY'/>
						<index xmi:value='2'/>
					</mdElement>
					<mdElement elementClass='BooleanProperty'>
						<propertyID>SHOW_ATTRIBUTES_VISIBILITY</propertyID>
						<propertyGroup>ATTRIBUTES</propertyGroup>
						<propertyDescriptionID>SHOW_ATTRIBUTES_VISIBILITY_DESCRIPTION</propertyDescriptionID>
						<value xmi:value='true'/>
					</mdElement>
					<mdElement elementClass='BooleanProperty'>
						<propertyID>SHOW_ATTRIBUTES_TYPE</propertyID>
						<propertyGroup>ATTRIBUTES</propertyGroup>
						<propertyDescriptionID>SHOW_ATTRIBUTES_TYPE_DESCRIPTION</propertyDescriptionID>
						<value xmi:value='true'/>
					</mdElement>
					<mdElement elementClass='BooleanProperty'>
						<propertyID>SHOW_ATTRIBUTES_STEREOTYPE</propertyID>
						<propertyGroup>ATTRIBUTES</propertyGroup>
						<propertyDescriptionID>SHOW_ATTRIBUTES_STEREOTYPE_DESCRIPTION</propertyDescriptionID>
						<value xmi:value='true'/>
					</mdElement>
					<mdElement elementClass='BooleanProperty'>
						<propertyID>SHOW_ATTRIBUTES_PROPERTIES</propertyID>
						<propertyGroup>ATTRIBUTES</propertyGroup>
						<propertyDescriptionID>SHOW_ATTRIBUTES_PROPERTIES_DESCRIPTION</propertyDescriptionID>
						<value xmi:value='true'/>
					</mdElement>
					<mdElement elementClass='BooleanProperty'>
						<propertyID>SHOW_ATTRIBUTES_CONSTRAINTS</propertyID>
						<propertyGroup>ATTRIBUTES</propertyGroup>
						<propertyDescriptionID>SHOW_ATTRIBUTES_CONSTRAINTS_DESCRIPTION</propertyDescriptionID>
					</mdElement>
					<mdElement elementClass='ChoiceProperty'>
						<propertyID>ATTRIBUTES_CONSTRAINT_TEXT_MODE</propertyID>
						<propertyGroup>ATTRIBUTES</propertyGroup>
						<propertyDescriptionID>ATTRIBUTES_CONSTRAINT_TEXT_MODE_DESCRIPTION</propertyDescriptionID>
						<value>EXPRESSION_MODE</value>
						<choice xmi:value='NAME_MODE^EXPRESSION_MODE^NAME_EXPRESSION_MODE'/>
						<index xmi:value='1'/>
					</mdElement>
					<mdElement elementClass='BooleanProperty'>
						<propertyID>SHOW_INIT_VALUE</propertyID>
						<propertyGroup>ATTRIBUTES</propertyGroup>
						<propertyDescriptionID>SHOW_INIT_VALUE_DESCRIPTION</propertyDescriptionID>
						<value xmi:value='true'/>
					</mdElement>
					<mdElement elementClass='BooleanProperty'>
						<propertyID>SUPPRESS_CLASS_OPERATIONS</propertyID>
						<propertyGroup>OPERATIONS</propertyGroup>
						<propertyDescriptionID>SUPPRESS_CLASS_OPERATIONS_DESCRIPTION</propertyDescriptionID>
						<value xmi:value='true'/>
					</mdElement>
					<mdElement elementClass='ColorProperty'>
						<propertyID>OPERATION_COLOR</propertyID>
						<propertyGroup>OPERATIONS</propertyGroup>
						<propertyDescriptionID>OPERATION_COLOR_DESCRIPTION</propertyDescriptionID>
						<value xmi:value='-16777176'/>
					</mdElement>
					<mdElement elementClass='FontProperty'>
						<propertyID>OPERATION_FONT</propertyID>
						<propertyGroup>OPERATIONS</propertyGroup>
						<propertyDescriptionID>OPERATION_FONT_DESCRIPTION</propertyDescriptionID>
						<fontName>Arial</fontName>
						<size xmi:value='11'/>
						<style xmi:value='0'/>
					</mdElement>
					<mdElement elementClass='BooleanProperty'>
						<propertyID>SHOW_OPERATIONS_SIGNATURE</propertyID>
						<propertyGroup>OPERATIONS</propertyGroup>
						<propertyDescriptionID>SHOW_OPERATIONS_SIGNATURE_DESCRIPTION</propertyDescriptionID>
						<value xmi:value='true'/>
					</mdElement>
					<mdElement elementClass='BooleanProperty'>
						<propertyID>SHOW_MORE_SIGN_FOR_OPERATIONS</propertyID>
						<propertyGroup>OPERATIONS</propertyGroup>
						<propertyDescriptionID>SHOW_MORE_SIGN_FOR_OPERATIONS_DESCRIPTION</propertyDescriptionID>
						<value xmi:value='true'/>
					</mdElement>
					<mdElement elementClass='ChoiceProperty'>
						<propertyID>SORT_CLASS_OPERATIONS_MODE</propertyID>
						<propertyGroup>OPERATIONS</propertyGroup>
						<propertyDescriptionID>SORT_CLASS_OPERATIONS_MODE_DESCRIPTION</propertyDescriptionID>
						<value>NO_SORT</value>
						<choice xmi:value='NO_SORT^BY_NAME^BY_STEREOTYPE^BY_VISIBILITY'/>
						<index xmi:value='0'/>
					</mdElement>
					<mdElement elementClass='BooleanProperty'>
						<propertyID>SHOW_OPERATIONS_VISIBILITY</propertyID>
						<propertyGroup>OPERATIONS</propertyGroup>
						<propertyDescriptionID>SHOW_OPERATIONS_VISIBILITY_DESCRIPTION</propertyDescriptionID>
						<value xmi:value='true'/>
					</mdElement>
					<mdElement elementClass='BooleanProperty'>
						<propertyID>SHOW_OPERATIONS_STEREOTYPE</propertyID>
						<propertyGroup>OPERATIONS</propertyGroup>
						<propertyDescriptionID>SHOW_OPERATIONS_STEREOTYPE_DESCRIPTION</propertyDescriptionID>
						<value xmi:value='true'/>
					</mdElement>
					<mdElement elementClass='BooleanProperty'>
						<propertyID>SHOW_OPERATIONS_PROPERTIES</propertyID>
						<propertyGroup>OPERATIONS</propertyGroup>
						<propertyDescriptionID>SHOW_OPERATIONS_PROPERTIES_DESCRIPTION</propertyDescriptionID>
						<value xmi:value='true'/>
					</mdElement>
					<mdElement elementClass='BooleanProperty'>
						<propertyID>SHOW_OPERATIONS_CONSTRAINTS</propertyID>
						<propertyGroup>OPERATIONS</propertyGroup>
						<propertyDescriptionID>SHOW_OPERATIONS_CONSTRAINTS_DESCRIPTION</propertyDescriptionID>
					</mdElement>
					<mdElement elementClass='ChoiceProperty'>
						<propertyID>OPERATIONS_CONSTRAINT_TEXT_MODE</propertyID>
						<propertyGroup>OPERATIONS</propertyGroup>
						<propertyDescriptionID>OPERATIONS_CONSTRAINT_TEXT_MODE_DESCRIPTION</propertyDescriptionID>
						<value>EXPRESSION_MODE</value>
						<choice xmi:value='NAME_MODE^EXPRESSION_MODE^NAME_EXPRESSION_MODE'/>
						<index xmi:value='1'/>
					</mdElement>
					<mdElement elementClass='BooleanProperty'>
						<propertyID>SHOW_FULL_TYPE</propertyID>
						<propertyDescriptionID>SHOW_FULL_TYPE_DESCRIPTION</propertyDescriptionID>
					</mdElement>
					<mdElement elementClass='BooleanProperty'>
						<propertyID>SHOW_OPERATIONS_PARAMETERS_DIRECTION_KIND</propertyID>
						<propertyGroup>OPERATIONS</propertyGroup>
						<propertyDescriptionID>SHOW_OPERATIONS_PARAMETERS_DIRECTION_KIND_DESCRIPTION</propertyDescriptionID>
					</mdElement>
					<mdElement elementClass='ChoiceProperty'>
						<propertyID>TAGGED_VALUES_DISPLAY_MODE</propertyID>
						<propertyDescriptionID>TAGGED_VALUES_DISPLAY_MODE_DESCRIPTION</propertyDescriptionID>
						<value>ON_SHAPE</value>
						<choice xmi:value='ON_SHAPE^IN_COMPARTMENT^DO_NOT_DISPLAY'/>
						<index xmi:value='0'/>
					</mdElement>
					<mdElement elementClass='BooleanProperty'>
						<propertyID>SHOW_TAGGED_VALUES_STEREOTYPES</propertyID>
						<propertyDescriptionID>SHOW_TAGGED_VALUES_STEREOTYPES_DESCRIPTION</propertyDescriptionID>
						<value xmi:value='true'/>
					</mdElement>
					<mdElement elementClass='BooleanProperty'>
						<propertyID>SHOW_QUALIFIED_NAME_IN_TAGGED_VALUES</propertyID>
						<propertyDescriptionID>SHOW_QUALIFIED_NAME_IN_TAGGED_VALUES_DESCRIPTION</propertyDescriptionID>
					</mdElement>
					<mdElement elementClass='BooleanProperty'>
						<propertyID>MEMBERS_WORD_WRAP</propertyID>
						<propertyDescriptionID>MEMBERS_WORD_WRAP_DESCRIPTION</propertyDescriptionID>
					</mdElement>
					<mdElement elementClass='ChoiceProperty'>
						<propertyID>STEREOTYPES_DISPLAY_MODE</propertyID>
						<propertyDescriptionID>STEREOTYPES_DISPLAY_MODE_DESCRIPTION</propertyDescriptionID>
						<value>STEREOTYPE_DISPLAY_MODE_SHAPE_IMAGE_AND_TEXT</value>
						<choice xmi:value='STEREOTYPE_DISPLAY_MODE_TEXT_AND_ICON^STEREOTYPE_DISPLAY_MODE_TEXT^STEREOTYPE_DISPLAY_MODE_ICON^STEREOTYPE_DISPLAY_MODE_SHAPE_IMAGE_AND_TEXT^STEREOTYPE_DISPLAY_MODE_SHAPE_IMAGE^STEREOTYPE_DISPLAY_MODE_DO_NOT_DISPLAY_STEREOTYPES'/>
						<index xmi:value='3'/>
					</mdElement>
				</mdElement>
				<mdElement elementClass='ExtendableManager'>
					<removable xmi:value='false'/>
					<extendableByDiagram xmi:value='true'/>
					<extendableByStereotype xmi:value='false'/>
					<name>DecisionNode</name>
					<propertyManagerID>_16_6_2_931029f_1387381120861_659772_390</propertyManagerID>
					<parentPropertyManager>_16_6_2_931029f_1387381120857_505452_350</parentPropertyManager>
					<mdElement elementClass='ColorProperty'>
						<propertyID>FILL_COLOR</propertyID>
						<propertyDescriptionID>FILL_COLOR_DESCRIPTION</propertyDescriptionID>
						<value xmi:value='-2763307'/>
					</mdElement>
					<mdElement elementClass='BooleanProperty'>
						<propertyID>USE_FIXED_CONNECTION_POINTS</propertyID>
						<propertyDescriptionID>USE_FIXED_CONNECTION_POINTS_DESCRIPTION</propertyDescriptionID>
						<value xmi:value='true'/>
					</mdElement>
					<mdElement elementClass='ChoiceProperty'>
						<propertyID>STEREOTYPES_DISPLAY_MODE</propertyID>
						<propertyDescriptionID>STEREOTYPES_DISPLAY_MODE_DESCRIPTION</propertyDescriptionID>
						<value>STEREOTYPE_DISPLAY_MODE_DO_NOT_DISPLAY_STEREOTYPES</value>
						<choice xmi:value='STEREOTYPE_DISPLAY_MODE_TEXT_AND_ICON^STEREOTYPE_DISPLAY_MODE_TEXT^STEREOTYPE_DISPLAY_MODE_ICON^STEREOTYPE_DISPLAY_MODE_DO_NOT_DISPLAY_STEREOTYPES'/>
						<index xmi:value='3'/>
					</mdElement>
					<mdElement elementClass='BooleanProperty'>
						<propertyID>SHOW_CONSTRAINTS</propertyID>
						<propertyDescriptionID>SHOW_CONSTRAINTS_DESCRIPTION</propertyDescriptionID>
					</mdElement>
					<mdElement elementClass='BooleanProperty'>
						<propertyID>WRAP_WORDS</propertyID>
						<propertyDescriptionID>WRAP_WORDS_DESCRIPTION</propertyDescriptionID>
						<value xmi:value='true'/>
					</mdElement>
					<mdElement elementClass='BooleanProperty'>
						<propertyID>SHOW_TAGGED_VALUES</propertyID>
						<propertyDescriptionID>SHOW_TAGGED_VALUES_DESCRIPTION</propertyDescriptionID>
					</mdElement>
					<mdElement elementClass='BooleanProperty'>
						<propertyID>SHOW_NAME</propertyID>
						<propertyDescriptionID>SHOW_NAME_DESCRIPTION</propertyDescriptionID>
						<value xmi:value='true'/>
					</mdElement>
					<mdElement elementClass='ColorProperty'>
						<propertyID>PEN_COLOR</propertyID>
						<propertyDescriptionID>PEN_COLOR_DESCRIPTION</propertyDescriptionID>
						<value xmi:value='-8617619'/>
					</mdElement>
				</mdElement>
				<mdElement elementClass='ExtendableManager'>
					<removable xmi:value='false'/>
					<extendableByDiagram xmi:value='true'/>
					<extendableByStereotype xmi:value='false'/>
					<name>Dependency</name>
					<propertyManagerID>_16_6_2_931029f_1387381120861_381665_391</propertyManagerID>
					<parentPropertyManager>_16_6_2_931029f_1387381120857_945759_348</parentPropertyManager>
					<mdElement elementClass='ColorProperty'>
						<propertyID>STEREOTYPE_COLOR</propertyID>
						<propertyDescriptionID>STEREOTYPE_COLOR_DESCRIPTION</propertyDescriptionID>
						<value xmi:value='-16777216'/>
					</mdElement>
					<mdElement elementClass='FontProperty'>
						<propertyID>STEREOTYPE_FONT</propertyID>
						<propertyDescriptionID>STEREOTYPE_FONT_DESCRIPTION</propertyDescriptionID>
						<fontName>Arial</fontName>
						<size xmi:value='11'/>
						<style xmi:value='0'/>
					</mdElement>
					<mdElement elementClass='BooleanProperty'>
						<propertyID>WRAP_WORDS</propertyID>
						<propertyDescriptionID>WRAP_WORDS_DESCRIPTION</propertyDescriptionID>
					</mdElement>
					<mdElement elementClass='BooleanProperty'>
						<propertyID>SHOW_NAME</propertyID>
						<propertyDescriptionID>SHOW_NAME_DESCRIPTION</propertyDescriptionID>
						<value xmi:value='true'/>
					</mdElement>
					<mdElement elementClass='ChoiceProperty'>
						<propertyID>STEREOTYPES_DISPLAY_MODE</propertyID>
						<propertyDescriptionID>STEREOTYPES_DISPLAY_MODE_DESCRIPTION</propertyDescriptionID>
						<value>STEREOTYPE_DISPLAY_MODE_TEXT_AND_ICON</value>
						<choice xmi:value='STEREOTYPE_DISPLAY_MODE_TEXT_AND_ICON^STEREOTYPE_DISPLAY_MODE_TEXT^STEREOTYPE_DISPLAY_MODE_ICON^STEREOTYPE_DISPLAY_MODE_DO_NOT_DISPLAY_STEREOTYPES'/>
						<index xmi:value='0'/>
					</mdElement>
					<mdElement elementClass='BooleanProperty'>
						<propertyID>SHOW_TAGGED_VALUES</propertyID>
						<propertyDescriptionID>SHOW_TAGGED_VALUES_DESCRIPTION</propertyDescriptionID>
						<value xmi:value='true'/>
					</mdElement>
					<mdElement elementClass='BooleanProperty'>
						<propertyID>SHOW_CONVEYED_A</propertyID>
						<propertyDescriptionID>SHOW_CONVEYED_A_DESCRIPTION</propertyDescriptionID>
						<value xmi:value='true'/>
					</mdElement>
					<mdElement elementClass='BooleanProperty'>
						<propertyID>SHOW_CONVEYED_B</propertyID>
						<propertyDescriptionID>SHOW_CONVEYED_B_DESCRIPTION</propertyDescriptionID>
						<value xmi:value='true'/>
					</mdElement>
					<mdElement elementClass='BooleanProperty'>
						<propertyID>SHOW_CONSTRAINTS</propertyID>
						<propertyDescriptionID>SHOW_CONSTRAINTS_DESCRIPTION</propertyDescriptionID>
						<value xmi:value='true'/>
					</mdElement>
					<mdElement elementClass='ChoiceProperty'>
						<propertyID>LINK_LINE_STYLE</propertyID>
						<propertyDescriptionID>LINK_LINE_STYLE_DESCRIPTION</propertyDescriptionID>
						<value>OBLIQUE</value>
						<choice xmi:value='RECTILINEAR^OBLIQUE^BEZIER'/>
						<index xmi:value='1'/>
					</mdElement>
				</mdElement>
				<mdElement elementClass='ExtendableManager'>
					<removable xmi:value='false'/>
					<extendableByDiagram xmi:value='true'/>
					<extendableByStereotype xmi:value='false'/>
					<name>Deployment</name>
					<propertyManagerID>_16_6_2_931029f_1387381120861_126508_392</propertyManagerID>
					<parentPropertyManager>_16_6_2_931029f_1387381120857_945759_348</parentPropertyManager>
					<mdElement elementClass='ColorProperty'>
						<propertyID>STEREOTYPE_COLOR</propertyID>
						<propertyDescriptionID>STEREOTYPE_COLOR_DESCRIPTION</propertyDescriptionID>
						<value xmi:value='-16777216'/>
					</mdElement>
					<mdElement elementClass='FontProperty'>
						<propertyID>STEREOTYPE_FONT</propertyID>
						<propertyDescriptionID>STEREOTYPE_FONT_DESCRIPTION</propertyDescriptionID>
						<fontName>Arial</fontName>
						<size xmi:value='11'/>
						<style xmi:value='0'/>
					</mdElement>
					<mdElement elementClass='BooleanProperty'>
						<propertyID>WRAP_WORDS</propertyID>
						<propertyDescriptionID>WRAP_WORDS_DESCRIPTION</propertyDescriptionID>
					</mdElement>
					<mdElement elementClass='BooleanProperty'>
						<propertyID>SHOW_NAME</propertyID>
						<propertyDescriptionID>SHOW_NAME_DESCRIPTION</propertyDescriptionID>
						<value xmi:value='true'/>
					</mdElement>
					<mdElement elementClass='ChoiceProperty'>
						<propertyID>STEREOTYPES_DISPLAY_MODE</propertyID>
						<propertyDescriptionID>STEREOTYPES_DISPLAY_MODE_DESCRIPTION</propertyDescriptionID>
						<value>STEREOTYPE_DISPLAY_MODE_TEXT_AND_ICON</value>
						<choice xmi:value='STEREOTYPE_DISPLAY_MODE_TEXT_AND_ICON^STEREOTYPE_DISPLAY_MODE_TEXT^STEREOTYPE_DISPLAY_MODE_ICON^STEREOTYPE_DISPLAY_MODE_DO_NOT_DISPLAY_STEREOTYPES'/>
						<index xmi:value='0'/>
					</mdElement>
					<mdElement elementClass='BooleanProperty'>
						<propertyID>SHOW_TAGGED_VALUES</propertyID>
						<propertyDescriptionID>SHOW_TAGGED_VALUES_DESCRIPTION</propertyDescriptionID>
						<value xmi:value='true'/>
					</mdElement>
					<mdElement elementClass='BooleanProperty'>
						<propertyID>SHOW_CONVEYED_A</propertyID>
						<propertyDescriptionID>SHOW_CONVEYED_A_DESCRIPTION</propertyDescriptionID>
						<value xmi:value='true'/>
					</mdElement>
					<mdElement elementClass='BooleanProperty'>
						<propertyID>SHOW_CONVEYED_B</propertyID>
						<propertyDescriptionID>SHOW_CONVEYED_B_DESCRIPTION</propertyDescriptionID>
						<value xmi:value='true'/>
					</mdElement>
					<mdElement elementClass='BooleanProperty'>
						<propertyID>SHOW_CONSTRAINTS</propertyID>
						<propertyDescriptionID>SHOW_CONSTRAINTS_DESCRIPTION</propertyDescriptionID>
						<value xmi:value='true'/>
					</mdElement>
				</mdElement>
				<mdElement elementClass='ExtendableManager'>
					<removable xmi:value='false'/>
					<extendableByDiagram xmi:value='true'/>
					<extendableByStereotype xmi:value='false'/>
					<name>Diagram</name>
					<propertyManagerID>_16_6_2_931029f_1387381120861_912451_393</propertyManagerID>
					<parentPropertyManager>_16_6_2_931029f_1387381120861_5931_394</parentPropertyManager>
					<mdElement elementClass='ColorProperty'>
						<propertyID>DIAGRAM_BACKGROUND_COLOR</propertyID>
						<propertyDescriptionID>DIAGRAM_BACKGROUND_COLOR_DESCRIPTION</propertyDescriptionID>
						<value xmi:value='-1'/>
					</mdElement>
					<mdElement elementClass='BooleanProperty'>
						<propertyID>USE_GRADIENT_FOR_FILL</propertyID>
						<propertyDescriptionID>USE_GRADIENT_FOR_FILL_DESCRIPTION</propertyDescriptionID>
						<value xmi:value='true'/>
					</mdElement>
					<mdElement elementClass='BooleanProperty'>
						<propertyID>USE_SHADOW_FOR_SHAPES</propertyID>
						<propertyDescriptionID>USE_SHADOW_FOR_SHAPES_DESCRIPTION</propertyDescriptionID>
						<value xmi:value='true'/>
					</mdElement>
					<mdElement elementClass='BooleanProperty'>
						<propertyID>SHOW_GRID</propertyID>
						<propertyDescriptionID>SHOW_GRID_DESCRIPTION</propertyDescriptionID>
						<value xmi:value='true'/>
					</mdElement>
					<mdElement elementClass='NumberProperty'>
						<propertyID>GRID_SIZE</propertyID>
						<propertyDescriptionID>GRID_SIZE_DESCRIPTION</propertyDescriptionID>
						<value xmi:value='7.0'/>
						<lowRange xmi:value='2.0'/>
						<highRange xmi:value='30.0'/>
					</mdElement>
					<mdElement elementClass='BooleanProperty'>
						<propertyID>USE_GRID_FOR_PATHS</propertyID>
						<propertyDescriptionID>USE_GRID_FOR_PATHS_DESCRIPTION</propertyDescriptionID>
						<value xmi:value='true'/>
					</mdElement>
					<mdElement elementClass='BooleanProperty'>
						<propertyID>USE_GRID_FOR_SHAPES</propertyID>
						<propertyDescriptionID>USE_GRID_FOR_SHAPES_DESCRIPTION</propertyDescriptionID>
						<value xmi:value='true'/>
					</mdElement>
					<mdElement elementClass='BooleanProperty'>
						<propertyID>SHOW_MESSAGE_NUMBERS</propertyID>
						<propertyDescriptionID>SHOW_MESSAGE_NUMBERS_DESCRIPTION</propertyDescriptionID>
						<value xmi:value='true'/>
					</mdElement>
					<mdElement elementClass='BooleanProperty'>
						<propertyID>USE_ADVANCED_NUMBERING</propertyID>
						<propertyDescriptionID>USE_ADVANCED_NUMBERING_DESCRIPTION</propertyDescriptionID>
						<value xmi:value='true'/>
					</mdElement>
					<mdElement elementClass='BooleanProperty'>
						<propertyID>SHOW_ACTIVATIONS</propertyID>
						<propertyDescriptionID>SHOW_ACTIVATIONS_DESCRIPTION</propertyDescriptionID>
						<value xmi:value='true'/>
					</mdElement>
					<mdElement elementClass='BooleanProperty'>
						<propertyID>SHOW_DIAGRAM_INFO</propertyID>
						<propertyDescriptionID>SHOW_DIAGRAM_INFO_DESCRIPTION</propertyDescriptionID>
					</mdElement>
					<mdElement elementClass='BooleanProperty'>
						<propertyID>SHOW_DIAGRAM_OWNER</propertyID>
						<propertyDescriptionID>SHOW_DIAGRAM_OWNER_DESCRIPTION</propertyDescriptionID>
					</mdElement>
					<mdElement elementClass='BooleanProperty'>
						<propertyID>SHOW_DIAGRAM_FRAME</propertyID>
						<propertyGroup>DIAGRAM_FRAME</propertyGroup>
						<propertyDescriptionID>SHOW_DIAGRAM_FRAME_DESCRIPTION</propertyDescriptionID>
						<value xmi:value='true'/>
					</mdElement>
					<mdElement elementClass='BooleanProperty'>
						<propertyID>SHOW_ABBREVIATED_DIAGRAM_TYPE</propertyID>
						<propertyGroup>DIAGRAM_FRAME</propertyGroup>
						<propertyDescriptionID>SHOW_ABBREVIATED_DIAGRAM_TYPE_DESCRIPTION</propertyDescriptionID>
					</mdElement>
					<mdElement elementClass='BooleanProperty'>
						<propertyID>SHOW_DIAGRAM_NAME</propertyID>
						<propertyGroup>DIAGRAM_FRAME</propertyGroup>
						<propertyDescriptionID>SHOW_DIAGRAM_NAME_DESCRIPTION</propertyDescriptionID>
						<value xmi:value='true'/>
					</mdElement>
					<mdElement elementClass='BooleanProperty'>
						<propertyID>SHOW_DIAGRAM_TYPE</propertyID>
						<propertyGroup>DIAGRAM_FRAME</propertyGroup>
						<propertyDescriptionID>SHOW_DIAGRAM_TYPE_DESCRIPTION</propertyDescriptionID>
					</mdElement>
					<mdElement elementClass='BooleanProperty'>
						<propertyID>SHOW_PARAMETERS</propertyID>
						<propertyGroup>DIAGRAM_FRAME</propertyGroup>
						<propertyDescriptionID>SHOW_PARAMETERS_DESCRIPTION</propertyDescriptionID>
						<value xmi:value='true'/>
					</mdElement>
					<mdElement elementClass='BooleanProperty'>
						<propertyID>SHOW_CONTEXT_NAME</propertyID>
						<propertyGroup>DIAGRAM_FRAME</propertyGroup>
						<propertyDescriptionID>SHOW_CONTEXT_NAME_DESCRIPTION</propertyDescriptionID>
						<value xmi:value='true'/>
					</mdElement>
					<mdElement elementClass='BooleanProperty'>
						<propertyID>SHOW_CONTEXT_TYPE</propertyID>
						<propertyGroup>DIAGRAM_FRAME</propertyGroup>
						<propertyDescriptionID>SHOW_CONTEXT_TYPE_DESCRIPTION</propertyDescriptionID>
					</mdElement>
					<mdElement elementClass='BooleanProperty'>
						<propertyID>SHOW_FRAME_OWNER</propertyID>
						<propertyGroup>DIAGRAM_FRAME</propertyGroup>
						<propertyDescriptionID>SHOW_FRAME_OWNER_DESCRIPTION</propertyDescriptionID>
						<value xmi:value='true'/>
					</mdElement>
					<mdElement elementClass='BooleanProperty'>
						<propertyID>AUTOSIZE</propertyID>
						<propertyGroup>DIAGRAM_FRAME</propertyGroup>
						<propertyDescriptionID>AUTOSIZE_DESCRIPTION</propertyDescriptionID>
					</mdElement>
					<mdElement elementClass='BooleanProperty'>
						<propertyID>USE_ROUNDED_CORNERS</propertyID>
						<propertyGroup>DIAGRAM_FRAME</propertyGroup>
						<propertyDescriptionID>USE_ROUNDED_CORNERS_DESCRIPTION</propertyDescriptionID>
						<value xmi:value='true'/>
					</mdElement>
					<mdElement elementClass='ChoiceProperty'>
						<propertyID>STEREOTYPES_DISPLAY_MODE</propertyID>
						<propertyDescriptionID>STEREOTYPES_DISPLAY_MODE_DESCRIPTION</propertyDescriptionID>
						<value>STEREOTYPE_DISPLAY_MODE_TEXT_AND_ICON</value>
						<choice xmi:value='STEREOTYPE_DISPLAY_MODE_TEXT_AND_ICON^STEREOTYPE_DISPLAY_MODE_TEXT^STEREOTYPE_DISPLAY_MODE_ICON^STEREOTYPE_DISPLAY_MODE_DO_NOT_DISPLAY_STEREOTYPES'/>
						<index xmi:value='0'/>
					</mdElement>
					<mdElement elementClass='ChoiceProperty'>
						<propertyID>USE_STEREOTYPE</propertyID>
						<propertyDescriptionID>USE_STEREOTYPE_DESCRIPTION</propertyDescriptionID>
						<value>USE_STEREOTYPE_DIAGRAM</value>
						<choice xmi:value='USE_STEREOTYPE_CONTEXT^USE_STEREOTYPE_DIAGRAM'/>
						<index xmi:value='1'/>
					</mdElement>
					<mdElement elementClass='ColorProperty'>
						<propertyID>STEREOTYPE_COLOR</propertyID>
						<propertyDescriptionID>STEREOTYPE_COLOR_DESCRIPTION</propertyDescriptionID>
						<value xmi:value='-16777216'/>
					</mdElement>
					<mdElement elementClass='FontProperty'>
						<propertyID>STEREOTYPE_FONT</propertyID>
						<propertyDescriptionID>STEREOTYPE_FONT_DESCRIPTION</propertyDescriptionID>
						<fontName>Arial</fontName>
						<size xmi:value='11'/>
						<style xmi:value='0'/>
					</mdElement>
					<mdElement elementClass='ChoiceProperty'>
						<propertyID>DIAGRAM_ORIENTATION</propertyID>
						<propertyDescriptionID>DIAGRAM_ORIENTATION_DESCRIPTION</propertyDescriptionID>
						<value>DIAGRAM_ORIENTATION_VERTICAL</value>
						<choice xmi:value='DIAGRAM_ORIENTATION_VERTICAL^DIAGRAM_ORIENTATION_HORIZONTAL'/>
						<index xmi:value='0'/>
					</mdElement>
					<mdElement elementClass='ChoiceProperty'>
						<propertyID>LINE_JUMP_PLACE</propertyID>
						<propertyDescriptionID>LINE_JUMP_PLACE_DESCRIPTION</propertyDescriptionID>
						<value>LINE_JUMP_PLACE_HORIZONTAL</value>
						<choice xmi:value='LINE_JUMP_PLACE_NONE^LINE_JUMP_PLACE_HORIZONTAL^LINE_JUMP_PLACE_VERTICAL'/>
						<index xmi:value='1'/>
					</mdElement>
				</mdElement>
				<mdElement elementClass='ExtendableManager'>
					<removable xmi:value='false'/>
					<extendableByDiagram xmi:value='true'/>
					<extendableByStereotype xmi:value='false'/>
					<name>Diagram Shape</name>
					<propertyManagerID>_16_6_2_931029f_1387381120861_444131_395</propertyManagerID>
					<parentPropertyManager>_16_6_2_931029f_1387381120857_505452_350</parentPropertyManager>
					<mdElement elementClass='ColorProperty'>
						<propertyID>FILL_COLOR</propertyID>
						<propertyDescriptionID>FILL_COLOR_DESCRIPTION</propertyDescriptionID>
						<value xmi:value='-1'/>
					</mdElement>
					<mdElement elementClass='BooleanProperty'>
						<propertyID>SHOW_TAGGED_VALUES</propertyID>
						<propertyDescriptionID>SHOW_TAGGED_VALUES_DESCRIPTION</propertyDescriptionID>
					</mdElement>
					<mdElement elementClass='ChoiceProperty'>
						<propertyID>STEREOTYPES_DISPLAY_MODE</propertyID>
						<propertyDescriptionID>STEREOTYPES_DISPLAY_MODE_DESCRIPTION</propertyDescriptionID>
						<value>STEREOTYPE_DISPLAY_MODE_SHAPE_IMAGE_AND_TEXT</value>
						<choice xmi:value='STEREOTYPE_DISPLAY_MODE_TEXT_AND_ICON^STEREOTYPE_DISPLAY_MODE_TEXT^STEREOTYPE_DISPLAY_MODE_ICON^STEREOTYPE_DISPLAY_MODE_SHAPE_IMAGE_AND_TEXT^STEREOTYPE_DISPLAY_MODE_SHAPE_IMAGE^STEREOTYPE_DISPLAY_MODE_DO_NOT_DISPLAY_STEREOTYPES'/>
						<index xmi:value='3'/>
					</mdElement>
					<mdElement elementClass='ChoiceProperty'>
						<propertyID>USE_STEREOTYPE</propertyID>
						<propertyDescriptionID>USE_STEREOTYPE_DESCRIPTION</propertyDescriptionID>
						<value>USE_STEREOTYPE_DIAGRAM</value>
						<choice xmi:value='USE_STEREOTYPE_CONTEXT^USE_STEREOTYPE_DIAGRAM'/>
						<index xmi:value='1'/>
					</mdElement>
					<mdElement elementClass='BooleanProperty'>
						<propertyID>SHOW_ABBREVIATED_TYPE</propertyID>
						<propertyDescriptionID>SHOW_ABBREVIATED_TYPE_DESCRIPTION</propertyDescriptionID>
					</mdElement>
					<mdElement elementClass='BooleanProperty'>
						<propertyID>SHOW_DIAGRAM_NAME</propertyID>
						<propertyDescriptionID>SHOW_DIAGRAM_NAME_DESCRIPTION</propertyDescriptionID>
					</mdElement>
					<mdElement elementClass='BooleanProperty'>
						<propertyID>SHOW_PARAMETERS</propertyID>
						<propertyDescriptionID>SHOW_PARAMETERS_DESCRIPTION</propertyDescriptionID>
					</mdElement>
					<mdElement elementClass='BooleanProperty'>
						<propertyID>SHOW_CONTEXT_NAME</propertyID>
						<propertyDescriptionID>SHOW_CONTEXT_NAME_DESCRIPTION</propertyDescriptionID>
					</mdElement>
					<mdElement elementClass='BooleanProperty'>
						<propertyID>SHOW_CONTEXT_TYPE</propertyID>
						<propertyDescriptionID>SHOW_CONTEXT_TYPE_DESCRIPTION</propertyDescriptionID>
					</mdElement>
					<mdElement elementClass='BooleanProperty'>
						<propertyID>SHOW_DIAGRAM_TYPE</propertyID>
						<propertyDescriptionID>SHOW_DIAGRAM_TYPE_DESCRIPTION</propertyDescriptionID>
						<value xmi:value='true'/>
					</mdElement>
					<mdElement elementClass='BooleanProperty'>
						<propertyID>SHOW_FRAME_OWNER</propertyID>
						<propertyDescriptionID>SHOW_FRAME_OWNER_DESCRIPTION</propertyDescriptionID>
					</mdElement>
				</mdElement>
				<mdElement elementClass='ExtendableManager'>
					<removable xmi:value='false'/>
					<extendableByDiagram xmi:value='true'/>
					<extendableByStereotype xmi:value='false'/>
					<name>DiagramInfo</name>
					<propertyManagerID>_16_6_2_931029f_1387381120861_763342_396</propertyManagerID>
					<parentPropertyManager>_16_6_2_931029f_1387381120857_505452_350</parentPropertyManager>
					<mdElement elementClass='ColorProperty'>
						<propertyID>FILL_COLOR</propertyID>
						<propertyDescriptionID>FILL_COLOR_DESCRIPTION</propertyDescriptionID>
						<value xmi:value='-1'/>
					</mdElement>
					<mdElement elementClass='BooleanProperty'>
						<propertyID>USE_FILL_COLOR</propertyID>
						<propertyDescriptionID>USE_FILL_COLOR_DESCRIPTION</propertyDescriptionID>
					</mdElement>
					<mdElement elementClass='BooleanProperty'>
						<propertyID>AUTOSIZE</propertyID>
						<propertyDescriptionID>AUTOSIZE_DESCRIPTION</propertyDescriptionID>
						<value xmi:value='true'/>
					</mdElement>
				</mdElement>
				<mdElement elementClass='ExtendableManager'>
					<removable xmi:value='false'/>
					<extendableByDiagram xmi:value='true'/>
					<extendableByStereotype xmi:value='false'/>
					<name>DurationConstraint</name>
					<propertyManagerID>_16_6_2_931029f_1387381120861_782181_397</propertyManagerID>
					<parentPropertyManager>_16_6_2_931029f_1387381120857_945759_348</parentPropertyManager>
					<mdElement elementClass='ColorProperty'>
						<propertyID>STEREOTYPE_COLOR</propertyID>
						<propertyDescriptionID>STEREOTYPE_COLOR_DESCRIPTION</propertyDescriptionID>
						<value xmi:value='-16777216'/>
					</mdElement>
					<mdElement elementClass='FontProperty'>
						<propertyID>STEREOTYPE_FONT</propertyID>
						<propertyDescriptionID>STEREOTYPE_FONT_DESCRIPTION</propertyDescriptionID>
						<fontName>Arial</fontName>
						<size xmi:value='11'/>
						<style xmi:value='0'/>
					</mdElement>
					<mdElement elementClass='BooleanProperty'>
						<propertyID>WRAP_WORDS</propertyID>
						<propertyDescriptionID>WRAP_WORDS_DESCRIPTION</propertyDescriptionID>
					</mdElement>
					<mdElement elementClass='BooleanProperty'>
						<propertyID>SHOW_NAME</propertyID>
						<propertyDescriptionID>SHOW_NAME_DESCRIPTION</propertyDescriptionID>
						<value xmi:value='true'/>
					</mdElement>
					<mdElement elementClass='ChoiceProperty'>
						<propertyID>STEREOTYPES_DISPLAY_MODE</propertyID>
						<propertyDescriptionID>STEREOTYPES_DISPLAY_MODE_DESCRIPTION</propertyDescriptionID>
						<value>STEREOTYPE_DISPLAY_MODE_TEXT_AND_ICON</value>
						<choice xmi:value='STEREOTYPE_DISPLAY_MODE_TEXT_AND_ICON^STEREOTYPE_DISPLAY_MODE_TEXT^STEREOTYPE_DISPLAY_MODE_ICON^STEREOTYPE_DISPLAY_MODE_DO_NOT_DISPLAY_STEREOTYPES'/>
						<index xmi:value='0'/>
					</mdElement>
					<mdElement elementClass='BooleanProperty'>
						<propertyID>SHOW_TAGGED_VALUES</propertyID>
						<propertyDescriptionID>SHOW_TAGGED_VALUES_DESCRIPTION</propertyDescriptionID>
						<value xmi:value='true'/>
					</mdElement>
					<mdElement elementClass='BooleanProperty'>
						<propertyID>SHOW_CONSTRAINTS</propertyID>
						<propertyDescriptionID>SHOW_CONSTRAINTS_DESCRIPTION</propertyDescriptionID>
						<value xmi:value='true'/>
					</mdElement>
				</mdElement>
				<mdElement elementClass='ExtendableManager'>
					<removable xmi:value='false'/>
					<extendableByDiagram xmi:value='true'/>
					<extendableByStereotype xmi:value='false'/>
					<name>ElementImport</name>
					<propertyManagerID>_16_6_2_931029f_1387381120861_362615_398</propertyManagerID>
					<parentPropertyManager>_16_6_2_931029f_1387381120857_945759_348</parentPropertyManager>
					<mdElement elementClass='ColorProperty'>
						<propertyID>STEREOTYPE_COLOR</propertyID>
						<propertyDescriptionID>STEREOTYPE_COLOR_DESCRIPTION</propertyDescriptionID>
						<value xmi:value='-16777216'/>
					</mdElement>
					<mdElement elementClass='FontProperty'>
						<propertyID>STEREOTYPE_FONT</propertyID>
						<propertyDescriptionID>STEREOTYPE_FONT_DESCRIPTION</propertyDescriptionID>
						<fontName>Arial</fontName>
						<size xmi:value='11'/>
						<style xmi:value='0'/>
					</mdElement>
					<mdElement elementClass='BooleanProperty'>
						<propertyID>WRAP_WORDS</propertyID>
						<propertyDescriptionID>WRAP_WORDS_DESCRIPTION</propertyDescriptionID>
					</mdElement>
					<mdElement elementClass='BooleanProperty'>
						<propertyID>SHOW_NAME</propertyID>
						<propertyDescriptionID>SHOW_NAME_DESCRIPTION</propertyDescriptionID>
						<value xmi:value='true'/>
					</mdElement>
					<mdElement elementClass='ChoiceProperty'>
						<propertyID>STEREOTYPES_DISPLAY_MODE</propertyID>
						<propertyDescriptionID>STEREOTYPES_DISPLAY_MODE_DESCRIPTION</propertyDescriptionID>
						<value>STEREOTYPE_DISPLAY_MODE_TEXT_AND_ICON</value>
						<choice xmi:value='STEREOTYPE_DISPLAY_MODE_TEXT_AND_ICON^STEREOTYPE_DISPLAY_MODE_TEXT^STEREOTYPE_DISPLAY_MODE_ICON^STEREOTYPE_DISPLAY_MODE_DO_NOT_DISPLAY_STEREOTYPES'/>
						<index xmi:value='0'/>
					</mdElement>
					<mdElement elementClass='BooleanProperty'>
						<propertyID>SHOW_TAGGED_VALUES</propertyID>
						<propertyDescriptionID>SHOW_TAGGED_VALUES_DESCRIPTION</propertyDescriptionID>
						<value xmi:value='true'/>
					</mdElement>
					<mdElement elementClass='BooleanProperty'>
						<propertyID>SHOW_CONVEYED_A</propertyID>
						<propertyDescriptionID>SHOW_CONVEYED_A_DESCRIPTION</propertyDescriptionID>
						<value xmi:value='true'/>
					</mdElement>
					<mdElement elementClass='BooleanProperty'>
						<propertyID>SHOW_CONVEYED_B</propertyID>
						<propertyDescriptionID>SHOW_CONVEYED_B_DESCRIPTION</propertyDescriptionID>
						<value xmi:value='true'/>
					</mdElement>
					<mdElement elementClass='BooleanProperty'>
						<propertyID>SHOW_CONSTRAINTS</propertyID>
						<propertyDescriptionID>SHOW_CONSTRAINTS_DESCRIPTION</propertyDescriptionID>
						<value xmi:value='true'/>
					</mdElement>
				</mdElement>
				<mdElement elementClass='ExtendableManager'>
					<removable xmi:value='false'/>
					<extendableByDiagram xmi:value='true'/>
					<extendableByStereotype xmi:value='false'/>
					<name>Enumeration</name>
					<propertyManagerID>_16_6_2_931029f_1387381120860_341122_375</propertyManagerID>
					<parentPropertyManager>_16_6_2_931029f_1387381120857_505452_350</parentPropertyManager>
					<mdElement elementClass='ColorProperty'>
						<propertyID>FILL_COLOR</propertyID>
						<propertyDescriptionID>FILL_COLOR_DESCRIPTION</propertyDescriptionID>
						<value xmi:value='-13159'/>
					</mdElement>
					<mdElement elementClass='ColorProperty'>
						<propertyID>PEN_COLOR</propertyID>
						<propertyDescriptionID>PEN_COLOR_DESCRIPTION</propertyDescriptionID>
						<value xmi:value='-6719140'/>
					</mdElement>
					<mdElement elementClass='ChoiceProperty'>
						<propertyID>STEREOTYPES_DISPLAY_MODE</propertyID>
						<propertyDescriptionID>STEREOTYPES_DISPLAY_MODE_DESCRIPTION</propertyDescriptionID>
						<value>STEREOTYPE_DISPLAY_MODE_SHAPE_IMAGE_AND_TEXT</value>
						<choice xmi:value='STEREOTYPE_DISPLAY_MODE_TEXT_AND_ICON^STEREOTYPE_DISPLAY_MODE_TEXT^STEREOTYPE_DISPLAY_MODE_ICON^STEREOTYPE_DISPLAY_MODE_SHAPE_IMAGE_AND_TEXT^STEREOTYPE_DISPLAY_MODE_SHAPE_IMAGE^STEREOTYPE_DISPLAY_MODE_DO_NOT_DISPLAY_STEREOTYPES'/>
						<index xmi:value='3'/>
					</mdElement>
					<mdElement elementClass='ChoiceProperty'>
						<propertyID>SHOW_MEMBERS_MODE</propertyID>
						<propertyDescriptionID>SHOW_MEMBERS_MODE_DESCRIPTION</propertyDescriptionID>
						<value>ALL</value>
						<choice xmi:value='ALL^ONLY_PUBLIC^NOT_PRIVATE'/>
						<index xmi:value='0'/>
					</mdElement>
					<mdElement elementClass='BooleanProperty'>
						<propertyID>SUPPRESS_CLASS_ATTRIBUTES</propertyID>
						<propertyGroup>ATTRIBUTES</propertyGroup>
						<propertyDescriptionID>SUPPRESS_CLASS_ATTRIBUTES_DESCRIPTION</propertyDescriptionID>
						<value xmi:value='true'/>
					</mdElement>
					<mdElement elementClass='ColorProperty'>
						<propertyID>ATTRIBUTE_COLOR</propertyID>
						<propertyGroup>ATTRIBUTES</propertyGroup>
						<propertyDescriptionID>ATTRIBUTE_COLOR_DESCRIPTION</propertyDescriptionID>
						<value xmi:value='-14155776'/>
					</mdElement>
					<mdElement elementClass='FontProperty'>
						<propertyID>ATTRIBUTE_FONT</propertyID>
						<propertyGroup>ATTRIBUTES</propertyGroup>
						<propertyDescriptionID>ATTRIBUTE_FONT_DESCRIPTION</propertyDescriptionID>
						<fontName>Arial</fontName>
						<size xmi:value='11'/>
						<style xmi:value='0'/>
					</mdElement>
					<mdElement elementClass='BooleanProperty'>
						<propertyID>SHOW_MORE_SIGN_FOR_ATTRIBUTES</propertyID>
						<propertyGroup>ATTRIBUTES</propertyGroup>
						<propertyDescriptionID>SHOW_MORE_SIGN_FOR_ATTRIBUTES_DESCRIPTION</propertyDescriptionID>
						<value xmi:value='true'/>
					</mdElement>
					<mdElement elementClass='ChoiceProperty'>
						<propertyID>SORT_CLASS_ATTRIBUTES_MODE</propertyID>
						<propertyGroup>ATTRIBUTES</propertyGroup>
						<propertyDescriptionID>SORT_CLASS_ATTRIBUTES_MODE_DESCRIPTION</propertyDescriptionID>
						<value>NO_SORT</value>
						<choice xmi:value='NO_SORT^BY_NAME^BY_STEREOTYPE^BY_VISIBILITY'/>
						<index xmi:value='0'/>
					</mdElement>
					<mdElement elementClass='ChoiceProperty'>
						<propertyID>SHOW_ASSOCIATION_ENDS_MODE</propertyID>
						<propertyGroup>ATTRIBUTES</propertyGroup>
						<propertyDescriptionID>SHOW_ASSOCIATION_ENDS_MODE_DESCRIPTION</propertyDescriptionID>
						<value>DO_NOT_DISPLAY</value>
						<choice xmi:value='ALL^WITHOUT_ASSOCIATION^DO_NOT_DISPLAY'/>
						<index xmi:value='2'/>
					</mdElement>
					<mdElement elementClass='BooleanProperty'>
						<propertyID>SHOW_ATTRIBUTES_VISIBILITY</propertyID>
						<propertyGroup>ATTRIBUTES</propertyGroup>
						<propertyDescriptionID>SHOW_ATTRIBUTES_VISIBILITY_DESCRIPTION</propertyDescriptionID>
						<value xmi:value='true'/>
					</mdElement>
					<mdElement elementClass='BooleanProperty'>
						<propertyID>SHOW_ATTRIBUTES_TYPE</propertyID>
						<propertyGroup>ATTRIBUTES</propertyGroup>
						<propertyDescriptionID>SHOW_ATTRIBUTES_TYPE_DESCRIPTION</propertyDescriptionID>
						<value xmi:value='true'/>
					</mdElement>
					<mdElement elementClass='BooleanProperty'>
						<propertyID>SHOW_ATTRIBUTES_STEREOTYPE</propertyID>
						<propertyGroup>ATTRIBUTES</propertyGroup>
						<propertyDescriptionID>SHOW_ATTRIBUTES_STEREOTYPE_DESCRIPTION</propertyDescriptionID>
						<value xmi:value='true'/>
					</mdElement>
					<mdElement elementClass='BooleanProperty'>
						<propertyID>SHOW_ATTRIBUTES_PROPERTIES</propertyID>
						<propertyGroup>ATTRIBUTES</propertyGroup>
						<propertyDescriptionID>SHOW_ATTRIBUTES_PROPERTIES_DESCRIPTION</propertyDescriptionID>
						<value xmi:value='true'/>
					</mdElement>
					<mdElement elementClass='BooleanProperty'>
						<propertyID>SHOW_ATTRIBUTES_CONSTRAINTS</propertyID>
						<propertyGroup>ATTRIBUTES</propertyGroup>
						<propertyDescriptionID>SHOW_ATTRIBUTES_CONSTRAINTS_DESCRIPTION</propertyDescriptionID>
					</mdElement>
					<mdElement elementClass='ChoiceProperty'>
						<propertyID>ATTRIBUTES_CONSTRAINT_TEXT_MODE</propertyID>
						<propertyGroup>ATTRIBUTES</propertyGroup>
						<propertyDescriptionID>ATTRIBUTES_CONSTRAINT_TEXT_MODE_DESCRIPTION</propertyDescriptionID>
						<value>EXPRESSION_MODE</value>
						<choice xmi:value='NAME_MODE^EXPRESSION_MODE^NAME_EXPRESSION_MODE'/>
						<index xmi:value='1'/>
					</mdElement>
					<mdElement elementClass='BooleanProperty'>
						<propertyID>SHOW_INIT_VALUE</propertyID>
						<propertyGroup>ATTRIBUTES</propertyGroup>
						<propertyDescriptionID>SHOW_INIT_VALUE_DESCRIPTION</propertyDescriptionID>
						<value xmi:value='true'/>
					</mdElement>
					<mdElement elementClass='BooleanProperty'>
						<propertyID>SUPPRESS_CLASS_OPERATIONS</propertyID>
						<propertyGroup>OPERATIONS</propertyGroup>
						<propertyDescriptionID>SUPPRESS_CLASS_OPERATIONS_DESCRIPTION</propertyDescriptionID>
						<value xmi:value='true'/>
					</mdElement>
					<mdElement elementClass='ColorProperty'>
						<propertyID>OPERATION_COLOR</propertyID>
						<propertyGroup>OPERATIONS</propertyGroup>
						<propertyDescriptionID>OPERATION_COLOR_DESCRIPTION</propertyDescriptionID>
						<value xmi:value='-16777176'/>
					</mdElement>
					<mdElement elementClass='FontProperty'>
						<propertyID>OPERATION_FONT</propertyID>
						<propertyGroup>OPERATIONS</propertyGroup>
						<propertyDescriptionID>OPERATION_FONT_DESCRIPTION</propertyDescriptionID>
						<fontName>Arial</fontName>
						<size xmi:value='11'/>
						<style xmi:value='0'/>
					</mdElement>
					<mdElement elementClass='BooleanProperty'>
						<propertyID>SHOW_OPERATIONS_SIGNATURE</propertyID>
						<propertyGroup>OPERATIONS</propertyGroup>
						<propertyDescriptionID>SHOW_OPERATIONS_SIGNATURE_DESCRIPTION</propertyDescriptionID>
						<value xmi:value='true'/>
					</mdElement>
					<mdElement elementClass='BooleanProperty'>
						<propertyID>SHOW_MORE_SIGN_FOR_OPERATIONS</propertyID>
						<propertyGroup>OPERATIONS</propertyGroup>
						<propertyDescriptionID>SHOW_MORE_SIGN_FOR_OPERATIONS_DESCRIPTION</propertyDescriptionID>
						<value xmi:value='true'/>
					</mdElement>
					<mdElement elementClass='ChoiceProperty'>
						<propertyID>SORT_CLASS_OPERATIONS_MODE</propertyID>
						<propertyGroup>OPERATIONS</propertyGroup>
						<propertyDescriptionID>SORT_CLASS_OPERATIONS_MODE_DESCRIPTION</propertyDescriptionID>
						<value>NO_SORT</value>
						<choice xmi:value='NO_SORT^BY_NAME^BY_STEREOTYPE^BY_VISIBILITY'/>
						<index xmi:value='0'/>
					</mdElement>
					<mdElement elementClass='BooleanProperty'>
						<propertyID>SHOW_OPERATIONS_VISIBILITY</propertyID>
						<propertyGroup>OPERATIONS</propertyGroup>
						<propertyDescriptionID>SHOW_OPERATIONS_VISIBILITY_DESCRIPTION</propertyDescriptionID>
						<value xmi:value='true'/>
					</mdElement>
					<mdElement elementClass='BooleanProperty'>
						<propertyID>SHOW_OPERATIONS_STEREOTYPE</propertyID>
						<propertyGroup>OPERATIONS</propertyGroup>
						<propertyDescriptionID>SHOW_OPERATIONS_STEREOTYPE_DESCRIPTION</propertyDescriptionID>
						<value xmi:value='true'/>
					</mdElement>
					<mdElement elementClass='BooleanProperty'>
						<propertyID>SHOW_OPERATIONS_PROPERTIES</propertyID>
						<propertyGroup>OPERATIONS</propertyGroup>
						<propertyDescriptionID>SHOW_OPERATIONS_PROPERTIES_DESCRIPTION</propertyDescriptionID>
						<value xmi:value='true'/>
					</mdElement>
					<mdElement elementClass='BooleanProperty'>
						<propertyID>SHOW_OPERATIONS_CONSTRAINTS</propertyID>
						<propertyGroup>OPERATIONS</propertyGroup>
						<propertyDescriptionID>SHOW_OPERATIONS_CONSTRAINTS_DESCRIPTION</propertyDescriptionID>
					</mdElement>
					<mdElement elementClass='ChoiceProperty'>
						<propertyID>OPERATIONS_CONSTRAINT_TEXT_MODE</propertyID>
						<propertyGroup>OPERATIONS</propertyGroup>
						<propertyDescriptionID>OPERATIONS_CONSTRAINT_TEXT_MODE_DESCRIPTION</propertyDescriptionID>
						<value>EXPRESSION_MODE</value>
						<choice xmi:value='NAME_MODE^EXPRESSION_MODE^NAME_EXPRESSION_MODE'/>
						<index xmi:value='1'/>
					</mdElement>
					<mdElement elementClass='BooleanProperty'>
						<propertyID>SHOW_FULL_TYPE</propertyID>
						<propertyDescriptionID>SHOW_FULL_TYPE_DESCRIPTION</propertyDescriptionID>
					</mdElement>
					<mdElement elementClass='BooleanProperty'>
						<propertyID>SHOW_OPERATIONS_PARAMETERS_DIRECTION_KIND</propertyID>
						<propertyGroup>OPERATIONS</propertyGroup>
						<propertyDescriptionID>SHOW_OPERATIONS_PARAMETERS_DIRECTION_KIND_DESCRIPTION</propertyDescriptionID>
					</mdElement>
					<mdElement elementClass='ChoiceProperty'>
						<propertyID>TAGGED_VALUES_DISPLAY_MODE</propertyID>
						<propertyDescriptionID>TAGGED_VALUES_DISPLAY_MODE_DESCRIPTION</propertyDescriptionID>
						<value>ON_SHAPE</value>
						<choice xmi:value='ON_SHAPE^IN_COMPARTMENT^DO_NOT_DISPLAY'/>
						<index xmi:value='0'/>
					</mdElement>
					<mdElement elementClass='BooleanProperty'>
						<propertyID>SHOW_TAGGED_VALUES_STEREOTYPES</propertyID>
						<propertyDescriptionID>SHOW_TAGGED_VALUES_STEREOTYPES_DESCRIPTION</propertyDescriptionID>
						<value xmi:value='true'/>
					</mdElement>
					<mdElement elementClass='BooleanProperty'>
						<propertyID>SHOW_QUALIFIED_NAME_IN_TAGGED_VALUES</propertyID>
						<propertyDescriptionID>SHOW_QUALIFIED_NAME_IN_TAGGED_VALUES_DESCRIPTION</propertyDescriptionID>
					</mdElement>
					<mdElement elementClass='BooleanProperty'>
						<propertyID>MEMBERS_WORD_WRAP</propertyID>
						<propertyDescriptionID>MEMBERS_WORD_WRAP_DESCRIPTION</propertyDescriptionID>
					</mdElement>
					<mdElement elementClass='BooleanProperty'>
						<propertyID>SUPPRESS_ENUMERATION_LITERALS</propertyID>
						<propertyGroup>ENUMERATION_LITERALS</propertyGroup>
						<propertyDescriptionID>SUPPRESS_ENUMERATION_LITERALS_DESCRIPTION</propertyDescriptionID>
					</mdElement>
					<mdElement elementClass='ColorProperty'>
						<propertyID>ENUMERATION_LITERAL_COLOR</propertyID>
						<propertyGroup>ENUMERATION_LITERALS</propertyGroup>
						<propertyDescriptionID>ENUMERATION_LITERAL_COLOR_DESCRIPTION</propertyDescriptionID>
						<value xmi:value='-14155776'/>
					</mdElement>
					<mdElement elementClass='BooleanProperty'>
						<propertyID>SHOW_ENUMERATION_LITERAL_CONSTRAINTS</propertyID>
						<propertyGroup>ENUMERATION_LITERALS</propertyGroup>
						<propertyDescriptionID>SHOW_ENUMERATION_LITERAL_CONSTRAINTS_DESCRIPTION</propertyDescriptionID>
						<value xmi:value='true'/>
					</mdElement>
					<mdElement elementClass='ChoiceProperty'>
						<propertyID>ENUMERATION_LITERAL_CONSTRAINTS_TEXT_MODE</propertyID>
						<propertyGroup>ENUMERATION_LITERALS</propertyGroup>
						<propertyDescriptionID>ENUMERATION_LITERAL_CONSTRAINTS_TEXT_MODE_DESCRIPTION</propertyDescriptionID>
						<value>EXPRESSION_MODE</value>
						<choice xmi:value='NAME_MODE^EXPRESSION_MODE^NAME_EXPRESSION_MODE'/>
						<index xmi:value='1'/>
					</mdElement>
					<mdElement elementClass='BooleanProperty'>
						<propertyID>SHOW_ENUMERATION_LITERAL_PROPERTIES</propertyID>
						<propertyGroup>ENUMERATION_LITERALS</propertyGroup>
						<propertyDescriptionID>SHOW_ENUMERATION_LITERAL_PROPERTIES_DESCRIPTION</propertyDescriptionID>
						<value xmi:value='true'/>
					</mdElement>
					<mdElement elementClass='BooleanProperty'>
						<propertyID>SHOW_ENUMERATION_LITERAL_STEREOTYPE</propertyID>
						<propertyGroup>ENUMERATION_LITERALS</propertyGroup>
						<propertyDescriptionID>SHOW_ENUMERATION_LITERAL_STEREOTYPE_DESCRIPTION</propertyDescriptionID>
						<value xmi:value='true'/>
					</mdElement>
					<mdElement elementClass='FontProperty'>
						<propertyID>ENUMERATION_LITERAL_FONT</propertyID>
						<propertyGroup>ENUMERATION_LITERALS</propertyGroup>
						<propertyDescriptionID>ENUMERATION_LITERAL_FONT_DESCRIPTION</propertyDescriptionID>
						<fontName>Arial</fontName>
						<size xmi:value='11'/>
						<style xmi:value='0'/>
					</mdElement>
					<mdElement elementClass='ChoiceProperty'>
						<propertyID>SORT_ENUMERATION_LITERALS_MODE</propertyID>
						<propertyGroup>ENUMERATION_LITERALS</propertyGroup>
						<propertyDescriptionID>SORT_ENUMERATION_LITERALS_MODE_DESCRIPTION</propertyDescriptionID>
						<value>NO_SORT</value>
						<choice xmi:value='NO_SORT^BY_NAME^BY_STEREOTYPE'/>
						<index xmi:value='0'/>
					</mdElement>
				</mdElement>
				<mdElement elementClass='ExtendableManager'>
					<removable xmi:value='false'/>
					<extendableByDiagram xmi:value='true'/>
					<extendableByStereotype xmi:value='false'/>
					<name>ExceptionHandler</name>
					<propertyManagerID>_16_6_2_931029f_1387381120862_290035_399</propertyManagerID>
					<parentPropertyManager>_16_6_2_931029f_1387381120857_945759_348</parentPropertyManager>
					<mdElement elementClass='ColorProperty'>
						<propertyID>STEREOTYPE_COLOR</propertyID>
						<propertyDescriptionID>STEREOTYPE_COLOR_DESCRIPTION</propertyDescriptionID>
						<value xmi:value='-16777216'/>
					</mdElement>
					<mdElement elementClass='FontProperty'>
						<propertyID>STEREOTYPE_FONT</propertyID>
						<propertyDescriptionID>STEREOTYPE_FONT_DESCRIPTION</propertyDescriptionID>
						<fontName>Arial</fontName>
						<size xmi:value='11'/>
						<style xmi:value='0'/>
					</mdElement>
					<mdElement elementClass='ChoiceProperty'>
						<propertyID>STEREOTYPES_DISPLAY_MODE</propertyID>
						<propertyDescriptionID>STEREOTYPES_DISPLAY_MODE_DESCRIPTION</propertyDescriptionID>
						<value>STEREOTYPE_DISPLAY_MODE_ICON</value>
						<choice xmi:value='STEREOTYPE_DISPLAY_MODE_TEXT_AND_ICON^STEREOTYPE_DISPLAY_MODE_TEXT^STEREOTYPE_DISPLAY_MODE_ICON^STEREOTYPE_DISPLAY_MODE_DO_NOT_DISPLAY_STEREOTYPES'/>
						<index xmi:value='2'/>
					</mdElement>
					<mdElement elementClass='BooleanProperty'>
						<propertyID>SHOW_TAGGED_VALUES</propertyID>
						<propertyDescriptionID>SHOW_TAGGED_VALUES_DESCRIPTION</propertyDescriptionID>
						<value xmi:value='true'/>
					</mdElement>
					<mdElement elementClass='BooleanProperty'>
						<propertyID>SHOW_CONVEYED_A</propertyID>
						<propertyDescriptionID>SHOW_CONVEYED_A_DESCRIPTION</propertyDescriptionID>
						<value xmi:value='true'/>
					</mdElement>
					<mdElement elementClass='BooleanProperty'>
						<propertyID>SHOW_CONVEYED_B</propertyID>
						<propertyDescriptionID>SHOW_CONVEYED_B_DESCRIPTION</propertyDescriptionID>
						<value xmi:value='true'/>
					</mdElement>
					<mdElement elementClass='BooleanProperty'>
						<propertyID>SHOW_CONSTRAINTS</propertyID>
						<propertyDescriptionID>SHOW_CONSTRAINTS_DESCRIPTION</propertyDescriptionID>
						<value xmi:value='true'/>
					</mdElement>
					<mdElement elementClass='BooleanProperty'>
						<propertyID>IS_ROUNDED</propertyID>
						<propertyDescriptionID>IS_ROUNDED_DESCRIPTION</propertyDescriptionID>
						<value xmi:value='true'/>
					</mdElement>
				</mdElement>
				<mdElement elementClass='ExtendableManager'>
					<removable xmi:value='false'/>
					<extendableByDiagram xmi:value='true'/>
					<extendableByStereotype xmi:value='false'/>
					<name>ExpansionNode</name>
					<propertyManagerID>_16_6_2_931029f_1387381120862_114590_400</propertyManagerID>
					<parentPropertyManager>_16_6_2_931029f_1387381120857_505452_350</parentPropertyManager>
					<mdElement elementClass='BooleanProperty'>
						<propertyID>AUTOSIZE</propertyID>
						<propertyDescriptionID>AUTOSIZE_DESCRIPTION</propertyDescriptionID>
						<value xmi:value='true'/>
					</mdElement>
					<mdElement elementClass='ColorProperty'>
						<propertyID>FILL_COLOR</propertyID>
						<propertyDescriptionID>FILL_COLOR_DESCRIPTION</propertyDescriptionID>
						<value xmi:value='-1973821'/>
					</mdElement>
					<mdElement elementClass='ColorProperty'>
						<propertyID>PEN_COLOR</propertyID>
						<propertyDescriptionID>PEN_COLOR_DESCRIPTION</propertyDescriptionID>
						<value xmi:value='-6710948'/>
					</mdElement>
					<mdElement elementClass='ChoiceProperty'>
						<propertyID>STEREOTYPES_DISPLAY_MODE</propertyID>
						<propertyDescriptionID>STEREOTYPES_DISPLAY_MODE_DESCRIPTION</propertyDescriptionID>
						<value>STEREOTYPE_DISPLAY_MODE_DO_NOT_DISPLAY_STEREOTYPES</value>
						<choice xmi:value='STEREOTYPE_DISPLAY_MODE_TEXT_AND_ICON^STEREOTYPE_DISPLAY_MODE_TEXT^STEREOTYPE_DISPLAY_MODE_ICON^STEREOTYPE_DISPLAY_MODE_SHAPE_IMAGE_AND_TEXT^STEREOTYPE_DISPLAY_MODE_SHAPE_IMAGE^STEREOTYPE_DISPLAY_MODE_DO_NOT_DISPLAY_STEREOTYPES'/>
						<index xmi:value='5'/>
					</mdElement>
					<mdElement elementClass='BooleanProperty'>
						<propertyID>SHOW_NAME</propertyID>
						<propertyDescriptionID>SHOW_NAME_DESCRIPTION</propertyDescriptionID>
						<value xmi:value='true'/>
					</mdElement>
				</mdElement>
				<mdElement elementClass='ExtendableManager'>
					<removable xmi:value='false'/>
					<extendableByDiagram xmi:value='true'/>
					<extendableByStereotype xmi:value='false'/>
					<name>ExpansionRegion</name>
					<propertyManagerID>_16_6_2_931029f_1387381120862_375532_401</propertyManagerID>
					<parentPropertyManager>_16_6_2_931029f_1387381120857_505452_350</parentPropertyManager>
					<mdElement elementClass='BooleanProperty'>
						<propertyID>WRAP_WORDS</propertyID>
						<propertyDescriptionID>WRAP_WORDS_DESCRIPTION</propertyDescriptionID>
						<value xmi:value='true'/>
					</mdElement>
					<mdElement elementClass='ColorProperty'>
						<propertyID>FILL_COLOR</propertyID>
						<propertyDescriptionID>FILL_COLOR_DESCRIPTION</propertyDescriptionID>
						<value xmi:value='-1973821'/>
					</mdElement>
					<mdElement elementClass='ColorProperty'>
						<propertyID>PEN_COLOR</propertyID>
						<propertyDescriptionID>PEN_COLOR_DESCRIPTION</propertyDescriptionID>
						<value xmi:value='-6710948'/>
					</mdElement>
				</mdElement>
				<mdElement elementClass='ExtendableManager'>
					<removable xmi:value='false'/>
					<extendableByDiagram xmi:value='true'/>
					<extendableByStereotype xmi:value='false'/>
					<name>Extend</name>
					<propertyManagerID>_16_6_2_931029f_1387381120862_461241_402</propertyManagerID>
					<parentPropertyManager>_16_6_2_931029f_1387381120857_945759_348</parentPropertyManager>
					<mdElement elementClass='ColorProperty'>
						<propertyID>STEREOTYPE_COLOR</propertyID>
						<propertyDescriptionID>STEREOTYPE_COLOR_DESCRIPTION</propertyDescriptionID>
						<value xmi:value='-16777216'/>
					</mdElement>
					<mdElement elementClass='FontProperty'>
						<propertyID>STEREOTYPE_FONT</propertyID>
						<propertyDescriptionID>STEREOTYPE_FONT_DESCRIPTION</propertyDescriptionID>
						<fontName>Arial</fontName>
						<size xmi:value='11'/>
						<style xmi:value='0'/>
					</mdElement>
					<mdElement elementClass='BooleanProperty'>
						<propertyID>WRAP_WORDS</propertyID>
						<propertyDescriptionID>WRAP_WORDS_DESCRIPTION</propertyDescriptionID>
					</mdElement>
					<mdElement elementClass='BooleanProperty'>
						<propertyID>SHOW_NAME</propertyID>
						<propertyDescriptionID>SHOW_NAME_DESCRIPTION</propertyDescriptionID>
						<value xmi:value='true'/>
					</mdElement>
					<mdElement elementClass='ChoiceProperty'>
						<propertyID>STEREOTYPES_DISPLAY_MODE</propertyID>
						<propertyDescriptionID>STEREOTYPES_DISPLAY_MODE_DESCRIPTION</propertyDescriptionID>
						<value>STEREOTYPE_DISPLAY_MODE_TEXT_AND_ICON</value>
						<choice xmi:value='STEREOTYPE_DISPLAY_MODE_TEXT_AND_ICON^STEREOTYPE_DISPLAY_MODE_TEXT^STEREOTYPE_DISPLAY_MODE_ICON^STEREOTYPE_DISPLAY_MODE_DO_NOT_DISPLAY_STEREOTYPES'/>
						<index xmi:value='0'/>
					</mdElement>
					<mdElement elementClass='BooleanProperty'>
						<propertyID>SHOW_TAGGED_VALUES</propertyID>
						<propertyDescriptionID>SHOW_TAGGED_VALUES_DESCRIPTION</propertyDescriptionID>
						<value xmi:value='true'/>
					</mdElement>
					<mdElement elementClass='BooleanProperty'>
						<propertyID>SHOW_CONVEYED_A</propertyID>
						<propertyDescriptionID>SHOW_CONVEYED_A_DESCRIPTION</propertyDescriptionID>
						<value xmi:value='true'/>
					</mdElement>
					<mdElement elementClass='BooleanProperty'>
						<propertyID>SHOW_CONVEYED_B</propertyID>
						<propertyDescriptionID>SHOW_CONVEYED_B_DESCRIPTION</propertyDescriptionID>
						<value xmi:value='true'/>
					</mdElement>
					<mdElement elementClass='BooleanProperty'>
						<propertyID>SHOW_CONSTRAINTS</propertyID>
						<propertyDescriptionID>SHOW_CONSTRAINTS_DESCRIPTION</propertyDescriptionID>
						<value xmi:value='true'/>
					</mdElement>
					<mdElement elementClass='ChoiceProperty'>
						<propertyID>LINK_LINE_STYLE</propertyID>
						<propertyDescriptionID>LINK_LINE_STYLE_DESCRIPTION</propertyDescriptionID>
						<value>OBLIQUE</value>
						<choice xmi:value='RECTILINEAR^OBLIQUE^BEZIER'/>
						<index xmi:value='1'/>
					</mdElement>
					<mdElement elementClass='BooleanProperty'>
						<propertyID>SHOW_EXTENSION_POINT</propertyID>
						<propertyDescriptionID>SHOW_EXTENSION_POINT_DESCRIPTION</propertyDescriptionID>
						<value xmi:value='true'/>
					</mdElement>
				</mdElement>
				<mdElement elementClass='ExtendableManager'>
					<removable xmi:value='false'/>
					<extendableByDiagram xmi:value='true'/>
					<extendableByStereotype xmi:value='false'/>
					<name>Extension</name>
					<propertyManagerID>_16_6_2_931029f_1387381120862_941511_403</propertyManagerID>
					<parentPropertyManager>_16_6_2_931029f_1387381120857_945759_348</parentPropertyManager>
					<mdElement elementClass='ColorProperty'>
						<propertyID>STEREOTYPE_COLOR</propertyID>
						<propertyDescriptionID>STEREOTYPE_COLOR_DESCRIPTION</propertyDescriptionID>
						<value xmi:value='-16777216'/>
					</mdElement>
					<mdElement elementClass='FontProperty'>
						<propertyID>STEREOTYPE_FONT</propertyID>
						<propertyDescriptionID>STEREOTYPE_FONT_DESCRIPTION</propertyDescriptionID>
						<fontName>Arial</fontName>
						<size xmi:value='11'/>
						<style xmi:value='0'/>
					</mdElement>
					<mdElement elementClass='BooleanProperty'>
						<propertyID>WRAP_WORDS</propertyID>
						<propertyDescriptionID>WRAP_WORDS_DESCRIPTION</propertyDescriptionID>
					</mdElement>
					<mdElement elementClass='BooleanProperty'>
						<propertyID>SHOW_NAME</propertyID>
						<propertyDescriptionID>SHOW_NAME_DESCRIPTION</propertyDescriptionID>
						<value xmi:value='true'/>
					</mdElement>
					<mdElement elementClass='ChoiceProperty'>
						<propertyID>STEREOTYPES_DISPLAY_MODE</propertyID>
						<propertyDescriptionID>STEREOTYPES_DISPLAY_MODE_DESCRIPTION</propertyDescriptionID>
						<value>STEREOTYPE_DISPLAY_MODE_TEXT_AND_ICON</value>
						<choice xmi:value='STEREOTYPE_DISPLAY_MODE_TEXT_AND_ICON^STEREOTYPE_DISPLAY_MODE_TEXT^STEREOTYPE_DISPLAY_MODE_ICON^STEREOTYPE_DISPLAY_MODE_DO_NOT_DISPLAY_STEREOTYPES'/>
						<index xmi:value='0'/>
					</mdElement>
					<mdElement elementClass='BooleanProperty'>
						<propertyID>SHOW_TAGGED_VALUES</propertyID>
						<propertyDescriptionID>SHOW_TAGGED_VALUES_DESCRIPTION</propertyDescriptionID>
						<value xmi:value='true'/>
					</mdElement>
					<mdElement elementClass='BooleanProperty'>
						<propertyID>SHOW_CONVEYED_A</propertyID>
						<propertyDescriptionID>SHOW_CONVEYED_A_DESCRIPTION</propertyDescriptionID>
						<value xmi:value='true'/>
					</mdElement>
					<mdElement elementClass='BooleanProperty'>
						<propertyID>SHOW_CONVEYED_B</propertyID>
						<propertyDescriptionID>SHOW_CONVEYED_B_DESCRIPTION</propertyDescriptionID>
						<value xmi:value='true'/>
					</mdElement>
					<mdElement elementClass='BooleanProperty'>
						<propertyID>SHOW_CONSTRAINTS</propertyID>
						<propertyDescriptionID>SHOW_CONSTRAINTS_DESCRIPTION</propertyDescriptionID>
						<value xmi:value='true'/>
					</mdElement>
					<mdElement elementClass='BooleanProperty'>
						<propertyID>SHOW_ASSOCIATION_DIRECTION_ICON</propertyID>
						<propertyDescriptionID>SHOW_ASSOCIATION_DIRECTION_ICON_DESCRIPTION</propertyDescriptionID>
					</mdElement>
					<mdElement elementClass='BooleanProperty'>
						<propertyID>SHOW_IS_REQUIRED</propertyID>
						<propertyDescriptionID>SHOW_IS_REQUIRED_DESCRIPTION</propertyDescriptionID>
						<value xmi:value='true'/>
					</mdElement>
				</mdElement>
				<mdElement elementClass='ExtendableManager'>
					<removable xmi:value='false'/>
					<extendableByDiagram xmi:value='true'/>
					<extendableByStereotype xmi:value='false'/>
					<name>ExtensionRole</name>
					<propertyManagerID>_16_6_2_931029f_1387381120862_33079_404</propertyManagerID>
					<parentPropertyManager>_16_6_2_931029f_1387381120857_505452_350</parentPropertyManager>
					<mdElement elementClass='BooleanProperty'>
						<propertyID>SHOW_ROLE_NAME</propertyID>
						<propertyDescriptionID>SHOW_ROLE_NAME_DESCRIPTION</propertyDescriptionID>
					</mdElement>
					<mdElement elementClass='BooleanProperty'>
						<propertyID>SHOW_ROLE_VISIBILITY</propertyID>
						<propertyDescriptionID>SHOW_ROLE_VISIBILITY_DESCRIPTION</propertyDescriptionID>
						<value xmi:value='true'/>
					</mdElement>
					<mdElement elementClass='BooleanProperty'>
						<propertyID>SHOW_ROLE_MULTIPLICITY</propertyID>
						<propertyDescriptionID>SHOW_ROLE_MULTIPLICITY_DESCRIPTION</propertyDescriptionID>
					</mdElement>
					<mdElement elementClass='BooleanProperty'>
						<propertyID>SHOW_ROLE_PROPERTY_STRING</propertyID>
						<propertyDescriptionID>SHOW_ROLE_PROPERTY_STRING_DESCRIPTION</propertyDescriptionID>
						<value xmi:value='true'/>
					</mdElement>
				</mdElement>
				<mdElement elementClass='ExtendableManager'>
					<removable xmi:value='false'/>
					<extendableByDiagram xmi:value='true'/>
					<extendableByStereotype xmi:value='false'/>
					<name>Final State</name>
					<propertyManagerID>_16_6_2_931029f_1387381120862_590236_405</propertyManagerID>
					<parentPropertyManager>_16_6_2_931029f_1387381120857_505452_350</parentPropertyManager>
					<mdElement elementClass='ColorProperty'>
						<propertyID>FILL_COLOR</propertyID>
						<propertyDescriptionID>FILL_COLOR_DESCRIPTION</propertyDescriptionID>
						<value xmi:value='-1'/>
					</mdElement>
					<mdElement elementClass='BooleanProperty'>
						<propertyID>USE_FIXED_CONNECTION_POINTS</propertyID>
						<propertyDescriptionID>USE_FIXED_CONNECTION_POINTS_DESCRIPTION</propertyDescriptionID>
						<value xmi:value='true'/>
					</mdElement>
					<mdElement elementClass='ChoiceProperty'>
						<propertyID>STEREOTYPES_DISPLAY_MODE</propertyID>
						<propertyDescriptionID>STEREOTYPES_DISPLAY_MODE_DESCRIPTION</propertyDescriptionID>
						<value>STEREOTYPE_DISPLAY_MODE_DO_NOT_DISPLAY_STEREOTYPES</value>
						<choice xmi:value='STEREOTYPE_DISPLAY_MODE_TEXT_AND_ICON^STEREOTYPE_DISPLAY_MODE_TEXT^STEREOTYPE_DISPLAY_MODE_ICON^STEREOTYPE_DISPLAY_MODE_DO_NOT_DISPLAY_STEREOTYPES'/>
						<index xmi:value='3'/>
					</mdElement>
					<mdElement elementClass='BooleanProperty'>
						<propertyID>SHOW_CONSTRAINTS</propertyID>
						<propertyDescriptionID>SHOW_CONSTRAINTS_DESCRIPTION</propertyDescriptionID>
					</mdElement>
					<mdElement elementClass='BooleanProperty'>
						<propertyID>WRAP_WORDS</propertyID>
						<propertyDescriptionID>WRAP_WORDS_DESCRIPTION</propertyDescriptionID>
						<value xmi:value='true'/>
					</mdElement>
					<mdElement elementClass='BooleanProperty'>
						<propertyID>SHOW_TAGGED_VALUES</propertyID>
						<propertyDescriptionID>SHOW_TAGGED_VALUES_DESCRIPTION</propertyDescriptionID>
					</mdElement>
					<mdElement elementClass='BooleanProperty'>
						<propertyID>SHOW_NAME</propertyID>
						<propertyDescriptionID>SHOW_NAME_DESCRIPTION</propertyDescriptionID>
						<value xmi:value='true'/>
					</mdElement>
				</mdElement>
				<mdElement elementClass='ExtendableManager'>
					<removable xmi:value='false'/>
					<extendableByDiagram xmi:value='true'/>
					<extendableByStereotype xmi:value='false'/>
					<name>FinalNode</name>
					<propertyManagerID>_16_6_2_931029f_1387381120862_55152_406</propertyManagerID>
					<parentPropertyManager>_16_6_2_931029f_1387381120857_505452_350</parentPropertyManager>
					<mdElement elementClass='BooleanProperty'>
						<propertyID>SHOW_NAME</propertyID>
						<propertyDescriptionID>SHOW_NAME_DESCRIPTION</propertyDescriptionID>
						<value xmi:value='true'/>
					</mdElement>
					<mdElement elementClass='ColorProperty'>
						<propertyID>FILL_COLOR</propertyID>
						<propertyDescriptionID>FILL_COLOR_DESCRIPTION</propertyDescriptionID>
						<value xmi:value='-1'/>
					</mdElement>
					<mdElement elementClass='BooleanProperty'>
						<propertyID>USE_FIXED_CONNECTION_POINTS</propertyID>
						<propertyDescriptionID>USE_FIXED_CONNECTION_POINTS_DESCRIPTION</propertyDescriptionID>
						<value xmi:value='true'/>
					</mdElement>
					<mdElement elementClass='ChoiceProperty'>
						<propertyID>STEREOTYPES_DISPLAY_MODE</propertyID>
						<propertyDescriptionID>STEREOTYPES_DISPLAY_MODE_DESCRIPTION</propertyDescriptionID>
						<value>STEREOTYPE_DISPLAY_MODE_DO_NOT_DISPLAY_STEREOTYPES</value>
						<choice xmi:value='STEREOTYPE_DISPLAY_MODE_TEXT_AND_ICON^STEREOTYPE_DISPLAY_MODE_TEXT^STEREOTYPE_DISPLAY_MODE_ICON^STEREOTYPE_DISPLAY_MODE_DO_NOT_DISPLAY_STEREOTYPES'/>
						<index xmi:value='3'/>
					</mdElement>
					<mdElement elementClass='BooleanProperty'>
						<propertyID>SHOW_TAGGED_VALUES</propertyID>
						<propertyDescriptionID>SHOW_TAGGED_VALUES_DESCRIPTION</propertyDescriptionID>
					</mdElement>
					<mdElement elementClass='BooleanProperty'>
						<propertyID>SHOW_CONSTRAINTS</propertyID>
						<propertyDescriptionID>SHOW_CONSTRAINTS_DESCRIPTION</propertyDescriptionID>
					</mdElement>
				</mdElement>
				<mdElement elementClass='ExtendableManager'>
					<removable xmi:value='false'/>
					<extendableByDiagram xmi:value='true'/>
					<extendableByStereotype xmi:value='false'/>
					<name>FlowConnector</name>
					<propertyManagerID>_16_6_2_931029f_1387381120862_925146_407</propertyManagerID>
					<parentPropertyManager>_16_6_2_931029f_1387381120857_505452_350</parentPropertyManager>
					<mdElement elementClass='ColorProperty'>
						<propertyID>FILL_COLOR</propertyID>
						<propertyDescriptionID>FILL_COLOR_DESCRIPTION</propertyDescriptionID>
						<value xmi:value='-1973821'/>
					</mdElement>
					<mdElement elementClass='BooleanProperty'>
						<propertyID>USE_FIXED_CONNECTION_POINTS</propertyID>
						<propertyDescriptionID>USE_FIXED_CONNECTION_POINTS_DESCRIPTION</propertyDescriptionID>
						<value xmi:value='true'/>
					</mdElement>
					<mdElement elementClass='BooleanProperty'>
						<propertyID>AUTOSIZE</propertyID>
						<propertyDescriptionID>AUTOSIZE_DESCRIPTION</propertyDescriptionID>
						<value xmi:value='true'/>
					</mdElement>
				</mdElement>
				<mdElement elementClass='ExtendableManager'>
					<removable xmi:value='false'/>
					<extendableByDiagram xmi:value='true'/>
					<extendableByStereotype xmi:value='false'/>
					<name>FlowFinalNode</name>
					<propertyManagerID>_16_6_2_931029f_1387381120862_908144_408</propertyManagerID>
					<parentPropertyManager>_16_6_2_931029f_1387381120857_505452_350</parentPropertyManager>
					<mdElement elementClass='BooleanProperty'>
						<propertyID>SHOW_NAME</propertyID>
						<propertyDescriptionID>SHOW_NAME_DESCRIPTION</propertyDescriptionID>
						<value xmi:value='true'/>
					</mdElement>
					<mdElement elementClass='ColorProperty'>
						<propertyID>FILL_COLOR</propertyID>
						<propertyDescriptionID>FILL_COLOR_DESCRIPTION</propertyDescriptionID>
						<value xmi:value='-1'/>
					</mdElement>
					<mdElement elementClass='ChoiceProperty'>
						<propertyID>STEREOTYPES_DISPLAY_MODE</propertyID>
						<propertyDescriptionID>STEREOTYPES_DISPLAY_MODE_DESCRIPTION</propertyDescriptionID>
						<value>STEREOTYPE_DISPLAY_MODE_DO_NOT_DISPLAY_STEREOTYPES</value>
						<choice xmi:value='STEREOTYPE_DISPLAY_MODE_TEXT_AND_ICON^STEREOTYPE_DISPLAY_MODE_TEXT^STEREOTYPE_DISPLAY_MODE_ICON^STEREOTYPE_DISPLAY_MODE_DO_NOT_DISPLAY_STEREOTYPES'/>
						<index xmi:value='3'/>
					</mdElement>
					<mdElement elementClass='BooleanProperty'>
						<propertyID>SHOW_TAGGED_VALUES</propertyID>
						<propertyDescriptionID>SHOW_TAGGED_VALUES_DESCRIPTION</propertyDescriptionID>
					</mdElement>
					<mdElement elementClass='BooleanProperty'>
						<propertyID>SHOW_CONSTRAINTS</propertyID>
						<propertyDescriptionID>SHOW_CONSTRAINTS_DESCRIPTION</propertyDescriptionID>
					</mdElement>
				</mdElement>
				<mdElement elementClass='ExtendableManager'>
					<removable xmi:value='false'/>
					<extendableByDiagram xmi:value='true'/>
					<extendableByStereotype xmi:value='false'/>
					<name>ForkJoinPseudostate</name>
					<propertyManagerID>_16_6_2_931029f_1387381120865_791973_409</propertyManagerID>
					<parentPropertyManager>_16_6_2_931029f_1387381120857_505452_350</parentPropertyManager>
					<mdElement elementClass='ColorProperty'>
						<propertyID>FILL_COLOR</propertyID>
						<propertyDescriptionID>FILL_COLOR_DESCRIPTION</propertyDescriptionID>
						<value xmi:value='-1'/>
					</mdElement>
					<mdElement elementClass='ChoiceProperty'>
						<propertyID>STEREOTYPES_DISPLAY_MODE</propertyID>
						<propertyDescriptionID>STEREOTYPES_DISPLAY_MODE_DESCRIPTION</propertyDescriptionID>
						<value>STEREOTYPE_DISPLAY_MODE_DO_NOT_DISPLAY_STEREOTYPES</value>
						<choice xmi:value='STEREOTYPE_DISPLAY_MODE_TEXT_AND_ICON^STEREOTYPE_DISPLAY_MODE_TEXT^STEREOTYPE_DISPLAY_MODE_ICON^STEREOTYPE_DISPLAY_MODE_SHAPE_IMAGE_AND_TEXT^STEREOTYPE_DISPLAY_MODE_SHAPE_IMAGE^STEREOTYPE_DISPLAY_MODE_DO_NOT_DISPLAY_STEREOTYPES'/>
						<index xmi:value='5'/>
					</mdElement>
					<mdElement elementClass='BooleanProperty'>
						<propertyID>SHOW_CONSTRAINTS</propertyID>
						<propertyDescriptionID>SHOW_CONSTRAINTS_DESCRIPTION</propertyDescriptionID>
					</mdElement>
					<mdElement elementClass='BooleanProperty'>
						<propertyID>WRAP_WORDS</propertyID>
						<propertyDescriptionID>WRAP_WORDS_DESCRIPTION</propertyDescriptionID>
						<value xmi:value='true'/>
					</mdElement>
					<mdElement elementClass='BooleanProperty'>
						<propertyID>SHOW_TAGGED_VALUES</propertyID>
						<propertyDescriptionID>SHOW_TAGGED_VALUES_DESCRIPTION</propertyDescriptionID>
					</mdElement>
					<mdElement elementClass='BooleanProperty'>
						<propertyID>SHOW_NAME</propertyID>
						<propertyDescriptionID>SHOW_NAME_DESCRIPTION</propertyDescriptionID>
						<value xmi:value='true'/>
					</mdElement>
					<mdElement elementClass='ChoiceProperty'>
						<propertyID>SYNCH_BAR_ORIENTATION</propertyID>
						<propertyDescriptionID>SYNCH_BAR_ORIENTATION_DESCRIPTION</propertyDescriptionID>
						<value>HORIZONTAL</value>
						<choice xmi:value='HORIZONTAL^VERTICAL'/>
						<index xmi:value='0'/>
					</mdElement>
				</mdElement>
				<mdElement elementClass='ExtendableManager'>
					<removable xmi:value='false'/>
					<extendableByDiagram xmi:value='true'/>
					<extendableByStereotype xmi:value='false'/>
					<name>ForkNode</name>
					<propertyManagerID>_16_6_2_931029f_1387381120865_501426_410</propertyManagerID>
					<parentPropertyManager>_16_6_2_931029f_1387381120857_505452_350</parentPropertyManager>
					<mdElement elementClass='ChoiceProperty'>
						<propertyID>SYNCH_BAR_ORIENTATION</propertyID>
						<propertyDescriptionID>SYNCH_BAR_ORIENTATION_DESCRIPTION</propertyDescriptionID>
						<value>HORIZONTAL</value>
						<choice xmi:value='HORIZONTAL^VERTICAL'/>
						<index xmi:value='0'/>
					</mdElement>
					<mdElement elementClass='BooleanProperty'>
						<propertyID>SHOW_NAME</propertyID>
						<propertyDescriptionID>SHOW_NAME_DESCRIPTION</propertyDescriptionID>
						<value xmi:value='true'/>
					</mdElement>
					<mdElement elementClass='ChoiceProperty'>
						<propertyID>STEREOTYPES_DISPLAY_MODE</propertyID>
						<propertyDescriptionID>STEREOTYPES_DISPLAY_MODE_DESCRIPTION</propertyDescriptionID>
						<value>STEREOTYPE_DISPLAY_MODE_DO_NOT_DISPLAY_STEREOTYPES</value>
						<choice xmi:value='STEREOTYPE_DISPLAY_MODE_TEXT_AND_ICON^STEREOTYPE_DISPLAY_MODE_TEXT^STEREOTYPE_DISPLAY_MODE_ICON^STEREOTYPE_DISPLAY_MODE_DO_NOT_DISPLAY_STEREOTYPES'/>
						<index xmi:value='3'/>
					</mdElement>
					<mdElement elementClass='BooleanProperty'>
						<propertyID>SHOW_TAGGED_VALUES</propertyID>
						<propertyDescriptionID>SHOW_TAGGED_VALUES_DESCRIPTION</propertyDescriptionID>
					</mdElement>
					<mdElement elementClass='BooleanProperty'>
						<propertyID>SHOW_CONSTRAINTS</propertyID>
						<propertyDescriptionID>SHOW_CONSTRAINTS_DESCRIPTION</propertyDescriptionID>
					</mdElement>
				</mdElement>
				<mdElement elementClass='ExtendableManager'>
					<removable xmi:value='false'/>
					<extendableByDiagram xmi:value='true'/>
					<extendableByStereotype xmi:value='false'/>
					<name>Generalization</name>
					<propertyManagerID>_16_6_2_931029f_1387381120865_472399_411</propertyManagerID>
					<parentPropertyManager>_16_6_2_931029f_1387381120857_945759_348</parentPropertyManager>
					<mdElement elementClass='ColorProperty'>
						<propertyID>STEREOTYPE_COLOR</propertyID>
						<propertyDescriptionID>STEREOTYPE_COLOR_DESCRIPTION</propertyDescriptionID>
						<value xmi:value='-16777216'/>
					</mdElement>
					<mdElement elementClass='FontProperty'>
						<propertyID>STEREOTYPE_FONT</propertyID>
						<propertyDescriptionID>STEREOTYPE_FONT_DESCRIPTION</propertyDescriptionID>
						<fontName>Arial</fontName>
						<size xmi:value='11'/>
						<style xmi:value='0'/>
					</mdElement>
					<mdElement elementClass='BooleanProperty'>
						<propertyID>WRAP_WORDS</propertyID>
						<propertyDescriptionID>WRAP_WORDS_DESCRIPTION</propertyDescriptionID>
					</mdElement>
					<mdElement elementClass='ChoiceProperty'>
						<propertyID>STEREOTYPES_DISPLAY_MODE</propertyID>
						<propertyDescriptionID>STEREOTYPES_DISPLAY_MODE_DESCRIPTION</propertyDescriptionID>
						<value>STEREOTYPE_DISPLAY_MODE_TEXT_AND_ICON</value>
						<choice xmi:value='STEREOTYPE_DISPLAY_MODE_TEXT_AND_ICON^STEREOTYPE_DISPLAY_MODE_TEXT^STEREOTYPE_DISPLAY_MODE_ICON^STEREOTYPE_DISPLAY_MODE_DO_NOT_DISPLAY_STEREOTYPES'/>
						<index xmi:value='0'/>
					</mdElement>
					<mdElement elementClass='BooleanProperty'>
						<propertyID>SHOW_TAGGED_VALUES</propertyID>
						<propertyDescriptionID>SHOW_TAGGED_VALUES_DESCRIPTION</propertyDescriptionID>
						<value xmi:value='true'/>
					</mdElement>
					<mdElement elementClass='BooleanProperty'>
						<propertyID>SHOW_CONVEYED_A</propertyID>
						<propertyDescriptionID>SHOW_CONVEYED_A_DESCRIPTION</propertyDescriptionID>
						<value xmi:value='true'/>
					</mdElement>
					<mdElement elementClass='BooleanProperty'>
						<propertyID>SHOW_CONVEYED_B</propertyID>
						<propertyDescriptionID>SHOW_CONVEYED_B_DESCRIPTION</propertyDescriptionID>
						<value xmi:value='true'/>
					</mdElement>
					<mdElement elementClass='BooleanProperty'>
						<propertyID>SHOW_CONSTRAINTS</propertyID>
						<propertyDescriptionID>SHOW_CONSTRAINTS_DESCRIPTION</propertyDescriptionID>
						<value xmi:value='true'/>
					</mdElement>
					<mdElement elementClass='BooleanProperty'>
						<propertyID>SHOW_GENERALIZATION_SET</propertyID>
						<propertyDescriptionID>SHOW_GENERALIZATION_SET_DESCRIPTION</propertyDescriptionID>
						<value xmi:value='true'/>
					</mdElement>
				</mdElement>
				<mdElement elementClass='ExtendableManager'>
					<removable xmi:value='false'/>
					<extendableByDiagram xmi:value='true'/>
					<extendableByStereotype xmi:value='false'/>
					<name>GeneralizationSet</name>
					<propertyManagerID>_16_6_2_931029f_1387381120865_976069_412</propertyManagerID>
					<parentPropertyManager>_16_6_2_931029f_1387381120857_505452_350</parentPropertyManager>
					<mdElement elementClass='BooleanProperty'>
						<propertyID>USE_FILL_COLOR</propertyID>
						<propertyDescriptionID>USE_FILL_COLOR_DESCRIPTION</propertyDescriptionID>
					</mdElement>
					<mdElement elementClass='BooleanProperty'>
						<propertyID>SHOW_POWERTYPE</propertyID>
						<propertyDescriptionID>SHOW_POWERTYPE_DESCRIPTION</propertyDescriptionID>
						<value xmi:value='true'/>
					</mdElement>
					<mdElement elementClass='BooleanProperty'>
						<propertyID>SHOW_COMPLETE_DISJOINT</propertyID>
						<propertyDescriptionID>SHOW_COMPLETE_DISJOINT_DESCRIPTION</propertyDescriptionID>
					</mdElement>
					<mdElement elementClass='ChoiceProperty'>
						<propertyID>STEREOTYPES_DISPLAY_MODE</propertyID>
						<propertyDescriptionID>STEREOTYPES_DISPLAY_MODE_DESCRIPTION</propertyDescriptionID>
						<value>STEREOTYPE_DISPLAY_MODE_SHAPE_IMAGE_AND_TEXT</value>
						<choice xmi:value='STEREOTYPE_DISPLAY_MODE_TEXT_AND_ICON^STEREOTYPE_DISPLAY_MODE_TEXT^STEREOTYPE_DISPLAY_MODE_ICON^STEREOTYPE_DISPLAY_MODE_SHAPE_IMAGE_AND_TEXT^STEREOTYPE_DISPLAY_MODE_SHAPE_IMAGE^STEREOTYPE_DISPLAY_MODE_DO_NOT_DISPLAY_STEREOTYPES'/>
						<index xmi:value='3'/>
					</mdElement>
				</mdElement>
				<mdElement elementClass='ExtendableManager'>
					<removable xmi:value='false'/>
					<extendableByDiagram xmi:value='true'/>
					<extendableByStereotype xmi:value='false'/>
					<name>ImageShape</name>
					<propertyManagerID>_16_6_2_931029f_1387381120865_805022_413</propertyManagerID>
					<parentPropertyManager>_16_6_2_931029f_1387381120857_505452_350</parentPropertyManager>
					<mdElement elementClass='FileProperty'>
						<propertyID>IMAGE</propertyID>
						<propertyDescriptionID>IMAGE_DESCRIPTION</propertyDescriptionID>
						<selectionMode xmi:value='0'/>
						<displayFullPath xmi:value='true'/>
						<useFilePreviewer xmi:value='false'/>
						<displayAllFiles xmi:value='true'/>
						<fileType>FILE_TYPE_ANY</fileType>
					</mdElement>
				</mdElement>
				<mdElement elementClass='PropertyManagerByDiagram'>
					<diagramType>Implementation Diagram</diagramType>
					<removable xmi:value='true'/>
					<extendableByDiagram xmi:value='false'/>
					<extendableByStereotype xmi:value='false'/>
					<name>Implementation Diagram</name>
					<propertyManagerID>_16_6_2_931029f_1387381120865_34987_414</propertyManagerID>
					<parentPropertyManager>_16_6_2_931029f_1387381120860_115570_372</parentPropertyManager>
					<mdElement elementClass='BooleanProperty'>
						<propertyID>SUPPRESS_CLASS_OPERATIONS</propertyID>
						<propertyGroup>OPERATIONS</propertyGroup>
						<propertyDescriptionID>SUPPRESS_CLASS_OPERATIONS_DESCRIPTION</propertyDescriptionID>
						<value xmi:value='true'/>
					</mdElement>
				</mdElement>
				<mdElement elementClass='ExtendableManager'>
					<removable xmi:value='false'/>
					<extendableByDiagram xmi:value='true'/>
					<extendableByStereotype xmi:value='false'/>
					<name>Include</name>
					<propertyManagerID>_16_6_2_931029f_1387381120865_719433_415</propertyManagerID>
					<parentPropertyManager>_16_6_2_931029f_1387381120857_945759_348</parentPropertyManager>
					<mdElement elementClass='ColorProperty'>
						<propertyID>STEREOTYPE_COLOR</propertyID>
						<propertyDescriptionID>STEREOTYPE_COLOR_DESCRIPTION</propertyDescriptionID>
						<value xmi:value='-16777216'/>
					</mdElement>
					<mdElement elementClass='FontProperty'>
						<propertyID>STEREOTYPE_FONT</propertyID>
						<propertyDescriptionID>STEREOTYPE_FONT_DESCRIPTION</propertyDescriptionID>
						<fontName>Arial</fontName>
						<size xmi:value='11'/>
						<style xmi:value='0'/>
					</mdElement>
					<mdElement elementClass='BooleanProperty'>
						<propertyID>WRAP_WORDS</propertyID>
						<propertyDescriptionID>WRAP_WORDS_DESCRIPTION</propertyDescriptionID>
					</mdElement>
					<mdElement elementClass='BooleanProperty'>
						<propertyID>SHOW_NAME</propertyID>
						<propertyDescriptionID>SHOW_NAME_DESCRIPTION</propertyDescriptionID>
						<value xmi:value='true'/>
					</mdElement>
					<mdElement elementClass='ChoiceProperty'>
						<propertyID>STEREOTYPES_DISPLAY_MODE</propertyID>
						<propertyDescriptionID>STEREOTYPES_DISPLAY_MODE_DESCRIPTION</propertyDescriptionID>
						<value>STEREOTYPE_DISPLAY_MODE_TEXT_AND_ICON</value>
						<choice xmi:value='STEREOTYPE_DISPLAY_MODE_TEXT_AND_ICON^STEREOTYPE_DISPLAY_MODE_TEXT^STEREOTYPE_DISPLAY_MODE_ICON^STEREOTYPE_DISPLAY_MODE_DO_NOT_DISPLAY_STEREOTYPES'/>
						<index xmi:value='0'/>
					</mdElement>
					<mdElement elementClass='BooleanProperty'>
						<propertyID>SHOW_TAGGED_VALUES</propertyID>
						<propertyDescriptionID>SHOW_TAGGED_VALUES_DESCRIPTION</propertyDescriptionID>
						<value xmi:value='true'/>
					</mdElement>
					<mdElement elementClass='BooleanProperty'>
						<propertyID>SHOW_CONVEYED_A</propertyID>
						<propertyDescriptionID>SHOW_CONVEYED_A_DESCRIPTION</propertyDescriptionID>
						<value xmi:value='true'/>
					</mdElement>
					<mdElement elementClass='BooleanProperty'>
						<propertyID>SHOW_CONVEYED_B</propertyID>
						<propertyDescriptionID>SHOW_CONVEYED_B_DESCRIPTION</propertyDescriptionID>
						<value xmi:value='true'/>
					</mdElement>
					<mdElement elementClass='BooleanProperty'>
						<propertyID>SHOW_CONSTRAINTS</propertyID>
						<propertyDescriptionID>SHOW_CONSTRAINTS_DESCRIPTION</propertyDescriptionID>
						<value xmi:value='true'/>
					</mdElement>
					<mdElement elementClass='ChoiceProperty'>
						<propertyID>LINK_LINE_STYLE</propertyID>
						<propertyDescriptionID>LINK_LINE_STYLE_DESCRIPTION</propertyDescriptionID>
						<value>OBLIQUE</value>
						<choice xmi:value='RECTILINEAR^OBLIQUE^BEZIER'/>
						<index xmi:value='1'/>
					</mdElement>
				</mdElement>
				<mdElement elementClass='ExtendableManager'>
					<removable xmi:value='false'/>
					<extendableByDiagram xmi:value='true'/>
					<extendableByStereotype xmi:value='false'/>
					<name>InformationFlow</name>
					<propertyManagerID>_16_6_2_931029f_1387381120866_67464_416</propertyManagerID>
					<parentPropertyManager>_16_6_2_931029f_1387381120857_945759_348</parentPropertyManager>
					<mdElement elementClass='ColorProperty'>
						<propertyID>STEREOTYPE_COLOR</propertyID>
						<propertyDescriptionID>STEREOTYPE_COLOR_DESCRIPTION</propertyDescriptionID>
						<value xmi:value='-16777216'/>
					</mdElement>
					<mdElement elementClass='FontProperty'>
						<propertyID>STEREOTYPE_FONT</propertyID>
						<propertyDescriptionID>STEREOTYPE_FONT_DESCRIPTION</propertyDescriptionID>
						<fontName>Arial</fontName>
						<size xmi:value='11'/>
						<style xmi:value='0'/>
					</mdElement>
					<mdElement elementClass='BooleanProperty'>
						<propertyID>WRAP_WORDS</propertyID>
						<propertyDescriptionID>WRAP_WORDS_DESCRIPTION</propertyDescriptionID>
					</mdElement>
					<mdElement elementClass='BooleanProperty'>
						<propertyID>SHOW_NAME</propertyID>
						<propertyDescriptionID>SHOW_NAME_DESCRIPTION</propertyDescriptionID>
						<value xmi:value='true'/>
					</mdElement>
					<mdElement elementClass='ChoiceProperty'>
						<propertyID>STEREOTYPES_DISPLAY_MODE</propertyID>
						<propertyDescriptionID>STEREOTYPES_DISPLAY_MODE_DESCRIPTION</propertyDescriptionID>
						<value>STEREOTYPE_DISPLAY_MODE_TEXT_AND_ICON</value>
						<choice xmi:value='STEREOTYPE_DISPLAY_MODE_TEXT_AND_ICON^STEREOTYPE_DISPLAY_MODE_TEXT^STEREOTYPE_DISPLAY_MODE_ICON^STEREOTYPE_DISPLAY_MODE_DO_NOT_DISPLAY_STEREOTYPES'/>
						<index xmi:value='0'/>
					</mdElement>
					<mdElement elementClass='BooleanProperty'>
						<propertyID>SHOW_TAGGED_VALUES</propertyID>
						<propertyDescriptionID>SHOW_TAGGED_VALUES_DESCRIPTION</propertyDescriptionID>
						<value xmi:value='true'/>
					</mdElement>
					<mdElement elementClass='BooleanProperty'>
						<propertyID>SHOW_CONSTRAINTS</propertyID>
						<propertyDescriptionID>SHOW_CONSTRAINTS_DESCRIPTION</propertyDescriptionID>
						<value xmi:value='true'/>
					</mdElement>
				</mdElement>
				<mdElement elementClass='ExtendableManager'>
					<removable xmi:value='false'/>
					<extendableByDiagram xmi:value='true'/>
					<extendableByStereotype xmi:value='false'/>
					<name>InformationItem</name>
					<propertyManagerID>_16_6_2_931029f_1387381120866_379028_417</propertyManagerID>
					<parentPropertyManager>_16_6_2_931029f_1387381120857_505452_350</parentPropertyManager>
					<mdElement elementClass='ColorProperty'>
						<propertyID>FILL_COLOR</propertyID>
						<propertyDescriptionID>FILL_COLOR_DESCRIPTION</propertyDescriptionID>
						<value xmi:value='-13159'/>
					</mdElement>
					<mdElement elementClass='ColorProperty'>
						<propertyID>PEN_COLOR</propertyID>
						<propertyDescriptionID>PEN_COLOR_DESCRIPTION</propertyDescriptionID>
						<value xmi:value='-6719140'/>
					</mdElement>
					<mdElement elementClass='BooleanProperty'>
						<propertyID>SHOW_FULL_TYPE</propertyID>
						<propertyDescriptionID>SHOW_FULL_TYPE_DESCRIPTION</propertyDescriptionID>
					</mdElement>
					<mdElement elementClass='ChoiceProperty'>
						<propertyID>TAGGED_VALUES_DISPLAY_MODE</propertyID>
						<propertyDescriptionID>TAGGED_VALUES_DISPLAY_MODE_DESCRIPTION</propertyDescriptionID>
						<value>ON_SHAPE</value>
						<choice xmi:value='ON_SHAPE^IN_COMPARTMENT^DO_NOT_DISPLAY'/>
						<index xmi:value='0'/>
					</mdElement>
					<mdElement elementClass='BooleanProperty'>
						<propertyID>SHOW_TAGGED_VALUES_STEREOTYPES</propertyID>
						<propertyDescriptionID>SHOW_TAGGED_VALUES_STEREOTYPES_DESCRIPTION</propertyDescriptionID>
						<value xmi:value='true'/>
					</mdElement>
					<mdElement elementClass='BooleanProperty'>
						<propertyID>SHOW_QUALIFIED_NAME_IN_TAGGED_VALUES</propertyID>
						<propertyDescriptionID>SHOW_QUALIFIED_NAME_IN_TAGGED_VALUES_DESCRIPTION</propertyDescriptionID>
					</mdElement>
					<mdElement elementClass='ChoiceProperty'>
						<propertyID>STEREOTYPES_DISPLAY_MODE</propertyID>
						<propertyDescriptionID>STEREOTYPES_DISPLAY_MODE_DESCRIPTION</propertyDescriptionID>
						<value>STEREOTYPE_DISPLAY_MODE_SHAPE_IMAGE_AND_TEXT</value>
						<choice xmi:value='STEREOTYPE_DISPLAY_MODE_TEXT_AND_ICON^STEREOTYPE_DISPLAY_MODE_TEXT^STEREOTYPE_DISPLAY_MODE_ICON^STEREOTYPE_DISPLAY_MODE_SHAPE_IMAGE_AND_TEXT^STEREOTYPE_DISPLAY_MODE_SHAPE_IMAGE^STEREOTYPE_DISPLAY_MODE_DO_NOT_DISPLAY_STEREOTYPES'/>
						<index xmi:value='3'/>
					</mdElement>
				</mdElement>
				<mdElement elementClass='ExtendableManager'>
					<removable xmi:value='false'/>
					<extendableByDiagram xmi:value='true'/>
					<extendableByStereotype xmi:value='false'/>
					<name>InitialNode</name>
					<propertyManagerID>_16_6_2_931029f_1387381120866_884714_418</propertyManagerID>
					<parentPropertyManager>_16_6_2_931029f_1387381120857_505452_350</parentPropertyManager>
					<mdElement elementClass='BooleanProperty'>
						<propertyID>SHOW_NAME</propertyID>
						<propertyDescriptionID>SHOW_NAME_DESCRIPTION</propertyDescriptionID>
						<value xmi:value='true'/>
					</mdElement>
					<mdElement elementClass='BooleanProperty'>
						<propertyID>USE_FIXED_CONNECTION_POINTS</propertyID>
						<propertyDescriptionID>USE_FIXED_CONNECTION_POINTS_DESCRIPTION</propertyDescriptionID>
						<value xmi:value='true'/>
					</mdElement>
					<mdElement elementClass='ChoiceProperty'>
						<propertyID>STEREOTYPES_DISPLAY_MODE</propertyID>
						<propertyDescriptionID>STEREOTYPES_DISPLAY_MODE_DESCRIPTION</propertyDescriptionID>
						<value>STEREOTYPE_DISPLAY_MODE_DO_NOT_DISPLAY_STEREOTYPES</value>
						<choice xmi:value='STEREOTYPE_DISPLAY_MODE_TEXT_AND_ICON^STEREOTYPE_DISPLAY_MODE_TEXT^STEREOTYPE_DISPLAY_MODE_ICON^STEREOTYPE_DISPLAY_MODE_DO_NOT_DISPLAY_STEREOTYPES'/>
						<index xmi:value='3'/>
					</mdElement>
					<mdElement elementClass='BooleanProperty'>
						<propertyID>SHOW_TAGGED_VALUES</propertyID>
						<propertyDescriptionID>SHOW_TAGGED_VALUES_DESCRIPTION</propertyDescriptionID>
					</mdElement>
					<mdElement elementClass='BooleanProperty'>
						<propertyID>SHOW_CONSTRAINTS</propertyID>
						<propertyDescriptionID>SHOW_CONSTRAINTS_DESCRIPTION</propertyDescriptionID>
					</mdElement>
				</mdElement>
				<mdElement elementClass='ExtendableManager'>
					<removable xmi:value='false'/>
					<extendableByDiagram xmi:value='true'/>
					<extendableByStereotype xmi:value='false'/>
					<name>InputPin</name>
					<propertyManagerID>_16_6_2_931029f_1387381120866_826807_419</propertyManagerID>
					<parentPropertyManager>_16_6_2_931029f_1387381120857_505452_350</parentPropertyManager>
					<mdElement elementClass='BooleanProperty'>
						<propertyID>AUTOSIZE</propertyID>
						<propertyDescriptionID>AUTOSIZE_DESCRIPTION</propertyDescriptionID>
						<value xmi:value='true'/>
					</mdElement>
					<mdElement elementClass='BooleanProperty'>
						<propertyID>SHOW_NAME</propertyID>
						<propertyDescriptionID>SHOW_NAME_DESCRIPTION</propertyDescriptionID>
						<value xmi:value='true'/>
					</mdElement>
					<mdElement elementClass='BooleanProperty'>
						<propertyID>SHOW_TYPE</propertyID>
						<propertyDescriptionID>SHOW_TYPE_DESCRIPTION</propertyDescriptionID>
					</mdElement>
					<mdElement elementClass='BooleanProperty'>
						<propertyID>SHOW_FULL_TYPE</propertyID>
						<propertyDescriptionID>SHOW_FULL_TYPE_DESCRIPTION</propertyDescriptionID>
					</mdElement>
					<mdElement elementClass='BooleanProperty'>
						<propertyID>USE_FIXED_CONNECTION_POINTS</propertyID>
						<propertyDescriptionID>USE_FIXED_CONNECTION_POINTS_DESCRIPTION</propertyDescriptionID>
						<value xmi:value='true'/>
					</mdElement>
					<mdElement elementClass='ColorProperty'>
						<propertyID>FILL_COLOR</propertyID>
						<propertyDescriptionID>FILL_COLOR_DESCRIPTION</propertyDescriptionID>
						<value xmi:value='-1973821'/>
					</mdElement>
					<mdElement elementClass='ColorProperty'>
						<propertyID>PEN_COLOR</propertyID>
						<propertyDescriptionID>PEN_COLOR_DESCRIPTION</propertyDescriptionID>
						<value xmi:value='-6710948'/>
					</mdElement>
					<mdElement elementClass='BooleanProperty'>
						<propertyID>SHOW_PROPERTIES</propertyID>
						<propertyDescriptionID>SHOW_PROPERTIES_DESCRIPTION</propertyDescriptionID>
						<value xmi:value='true'/>
					</mdElement>
					<mdElement elementClass='ChoiceProperty'>
						<propertyID>STEREOTYPES_DISPLAY_MODE</propertyID>
						<propertyDescriptionID>STEREOTYPES_DISPLAY_MODE_DESCRIPTION</propertyDescriptionID>
						<value>STEREOTYPE_DISPLAY_MODE_DO_NOT_DISPLAY_STEREOTYPES</value>
						<choice xmi:value='STEREOTYPE_DISPLAY_MODE_TEXT_AND_ICON^STEREOTYPE_DISPLAY_MODE_TEXT^STEREOTYPE_DISPLAY_MODE_ICON^STEREOTYPE_DISPLAY_MODE_SHAPE_IMAGE_AND_TEXT^STEREOTYPE_DISPLAY_MODE_SHAPE_IMAGE^STEREOTYPE_DISPLAY_MODE_DO_NOT_DISPLAY_STEREOTYPES'/>
						<index xmi:value='5'/>
					</mdElement>
					<mdElement elementClass='BooleanProperty'>
						<propertyID>SHOW_TAGGED_VALUES</propertyID>
						<propertyDescriptionID>SHOW_TAGGED_VALUES_DESCRIPTION</propertyDescriptionID>
					</mdElement>
					<mdElement elementClass='BooleanProperty'>
						<propertyID>SHOW_CONSTRAINTS</propertyID>
						<propertyDescriptionID>SHOW_CONSTRAINTS_DESCRIPTION</propertyDescriptionID>
					</mdElement>
				</mdElement>
				<mdElement elementClass='ExtendableManager'>
					<removable xmi:value='false'/>
					<extendableByDiagram xmi:value='true'/>
					<extendableByStereotype xmi:value='false'/>
					<name>InstanceSpecification</name>
					<propertyManagerID>_16_6_2_931029f_1387381120866_766005_420</propertyManagerID>
					<parentPropertyManager>_16_6_2_931029f_1387381120857_505452_350</parentPropertyManager>
					<mdElement elementClass='BooleanProperty'>
						<propertyID>WRAP_WORDS</propertyID>
						<propertyDescriptionID>WRAP_WORDS_DESCRIPTION</propertyDescriptionID>
						<value xmi:value='true'/>
					</mdElement>
					<mdElement elementClass='ColorProperty'>
						<propertyID>FILL_COLOR</propertyID>
						<propertyDescriptionID>FILL_COLOR_DESCRIPTION</propertyDescriptionID>
						<value xmi:value='-3916'/>
					</mdElement>
					<mdElement elementClass='ColorProperty'>
						<propertyID>PEN_COLOR</propertyID>
						<propertyDescriptionID>PEN_COLOR_DESCRIPTION</propertyDescriptionID>
						<value xmi:value='-6714020'/>
					</mdElement>
					<mdElement elementClass='BooleanProperty'>
						<propertyID>SHOW_OBJECT_CLASS</propertyID>
						<propertyDescriptionID>SHOW_OBJECT_CLASS_DESCRIPTION</propertyDescriptionID>
						<value xmi:value='true'/>
					</mdElement>
					<mdElement elementClass='BooleanProperty'>
						<propertyID>SHOW_FULL_TYPE</propertyID>
						<propertyDescriptionID>SHOW_FULL_TYPE_DESCRIPTION</propertyDescriptionID>
					</mdElement>
					<mdElement elementClass='BooleanProperty'>
						<propertyID>SHOW_SPECIFICATION_VALUE</propertyID>
						<propertyDescriptionID>SHOW_SPECIFICATION_VALUE_DESCRIPTION</propertyDescriptionID>
					</mdElement>
					<mdElement elementClass='BooleanProperty'>
						<propertyID>SUPPRESS_OBJECT_ATTRIBUTES</propertyID>
						<propertyDescriptionID>SUPPRESS_OBJECT_ATTRIBUTES_DESCRIPTION</propertyDescriptionID>
					</mdElement>
					<mdElement elementClass='ChoiceProperty'>
						<propertyID>SHOW_SLOT_TYPE_ON_INSTANCE</propertyID>
						<propertyDescriptionID>SHOW_SLOT_TYPE_ON_INSTANCE_DESCRIPTION</propertyDescriptionID>
						<value>SHOW_TYPE_MODE_NONE</value>
						<choice xmi:value='SHOW_TYPE_MODE_NONE^SHOW_TYPE_MODE_NAME^SHOW_TYPE_MODE_QUALIFIED_NAME'/>
						<index xmi:value='0'/>
					</mdElement>
				</mdElement>
				<mdElement elementClass='ExtendableManager'>
					<removable xmi:value='false'/>
					<extendableByDiagram xmi:value='true'/>
					<extendableByStereotype xmi:value='false'/>
					<name>InteractionUse</name>
					<propertyManagerID>_16_6_2_931029f_1387381120866_896558_421</propertyManagerID>
					<parentPropertyManager>_16_6_2_931029f_1387381120857_505452_350</parentPropertyManager>
					<mdElement elementClass='ColorProperty'>
						<propertyID>PEN_COLOR</propertyID>
						<propertyDescriptionID>PEN_COLOR_DESCRIPTION</propertyDescriptionID>
						<value xmi:value='-6710948'/>
					</mdElement>
					<mdElement elementClass='ChoiceProperty'>
						<propertyID>STEREOTYPES_DISPLAY_MODE</propertyID>
						<propertyDescriptionID>STEREOTYPES_DISPLAY_MODE_DESCRIPTION</propertyDescriptionID>
						<value>STEREOTYPE_DISPLAY_MODE_SHAPE_IMAGE_AND_TEXT</value>
						<choice xmi:value='STEREOTYPE_DISPLAY_MODE_TEXT_AND_ICON^STEREOTYPE_DISPLAY_MODE_TEXT^STEREOTYPE_DISPLAY_MODE_ICON^STEREOTYPE_DISPLAY_MODE_SHAPE_IMAGE_AND_TEXT^STEREOTYPE_DISPLAY_MODE_SHAPE_IMAGE^STEREOTYPE_DISPLAY_MODE_DO_NOT_DISPLAY_STEREOTYPES'/>
						<index xmi:value='3'/>
					</mdElement>
					<mdElement elementClass='ChoiceProperty'>
						<propertyID>OWNER_DISPLAY_MODE</propertyID>
						<propertyDescriptionID>OWNER_DISPLAY_MODE_DESCRIPTION</propertyDescriptionID>
						<value>QNAME_DISPLAY_MODE_DO_NOT_DISPLAY</value>
						<choice xmi:value='QNAME_DISPLAY_MODE_DO_NOT_DISPLAY^OWNER_DISPLAY_MODE_STD^OWNER_DISPLAY_MODE_OLD'/>
						<index xmi:value='0'/>
					</mdElement>
				</mdElement>
				<mdElement elementClass='ExtendableManager'>
					<removable xmi:value='false'/>
					<extendableByDiagram xmi:value='true'/>
					<extendableByStereotype xmi:value='false'/>
					<name>Interface</name>
					<propertyManagerID>_16_6_2_931029f_1387381120860_115570_372</propertyManagerID>
					<parentPropertyManager>_16_6_2_931029f_1387381120857_505452_350</parentPropertyManager>
					<mdElement elementClass='ColorProperty'>
						<propertyID>FILL_COLOR</propertyID>
						<propertyDescriptionID>FILL_COLOR_DESCRIPTION</propertyDescriptionID>
						<value xmi:value='-4336959'/>
					</mdElement>
					<mdElement elementClass='ColorProperty'>
						<propertyID>PEN_COLOR</propertyID>
						<propertyDescriptionID>PEN_COLOR_DESCRIPTION</propertyDescriptionID>
						<value xmi:value='-10708633'/>
					</mdElement>
					<mdElement elementClass='ChoiceProperty'>
						<propertyID>STEREOTYPES_DISPLAY_MODE</propertyID>
						<propertyDescriptionID>STEREOTYPES_DISPLAY_MODE_DESCRIPTION</propertyDescriptionID>
						<value>STEREOTYPE_DISPLAY_MODE_SHAPE_IMAGE_AND_TEXT</value>
						<choice xmi:value='STEREOTYPE_DISPLAY_MODE_TEXT_AND_ICON^STEREOTYPE_DISPLAY_MODE_TEXT^STEREOTYPE_DISPLAY_MODE_ICON^STEREOTYPE_DISPLAY_MODE_SHAPE_IMAGE_AND_TEXT^STEREOTYPE_DISPLAY_MODE_SHAPE_IMAGE^STEREOTYPE_DISPLAY_MODE_DO_NOT_DISPLAY_STEREOTYPES'/>
						<index xmi:value='3'/>
					</mdElement>
					<mdElement elementClass='ChoiceProperty'>
						<propertyID>SHOW_MEMBERS_MODE</propertyID>
						<propertyDescriptionID>SHOW_MEMBERS_MODE_DESCRIPTION</propertyDescriptionID>
						<value>ALL</value>
						<choice xmi:value='ALL^ONLY_PUBLIC^NOT_PRIVATE'/>
						<index xmi:value='0'/>
					</mdElement>
					<mdElement elementClass='BooleanProperty'>
						<propertyID>SUPPRESS_CLASS_ATTRIBUTES</propertyID>
						<propertyGroup>ATTRIBUTES</propertyGroup>
						<propertyDescriptionID>SUPPRESS_CLASS_ATTRIBUTES_DESCRIPTION</propertyDescriptionID>
						<value xmi:value='true'/>
					</mdElement>
					<mdElement elementClass='ColorProperty'>
						<propertyID>ATTRIBUTE_COLOR</propertyID>
						<propertyGroup>ATTRIBUTES</propertyGroup>
						<propertyDescriptionID>ATTRIBUTE_COLOR_DESCRIPTION</propertyDescriptionID>
						<value xmi:value='-14155776'/>
					</mdElement>
					<mdElement elementClass='FontProperty'>
						<propertyID>ATTRIBUTE_FONT</propertyID>
						<propertyGroup>ATTRIBUTES</propertyGroup>
						<propertyDescriptionID>ATTRIBUTE_FONT_DESCRIPTION</propertyDescriptionID>
						<fontName>Arial</fontName>
						<size xmi:value='11'/>
						<style xmi:value='0'/>
					</mdElement>
					<mdElement elementClass='BooleanProperty'>
						<propertyID>SHOW_MORE_SIGN_FOR_ATTRIBUTES</propertyID>
						<propertyGroup>ATTRIBUTES</propertyGroup>
						<propertyDescriptionID>SHOW_MORE_SIGN_FOR_ATTRIBUTES_DESCRIPTION</propertyDescriptionID>
						<value xmi:value='true'/>
					</mdElement>
					<mdElement elementClass='ChoiceProperty'>
						<propertyID>SORT_CLASS_ATTRIBUTES_MODE</propertyID>
						<propertyGroup>ATTRIBUTES</propertyGroup>
						<propertyDescriptionID>SORT_CLASS_ATTRIBUTES_MODE_DESCRIPTION</propertyDescriptionID>
						<value>NO_SORT</value>
						<choice xmi:value='NO_SORT^BY_NAME^BY_STEREOTYPE^BY_VISIBILITY'/>
						<index xmi:value='0'/>
					</mdElement>
					<mdElement elementClass='ChoiceProperty'>
						<propertyID>SHOW_ASSOCIATION_ENDS_MODE</propertyID>
						<propertyGroup>ATTRIBUTES</propertyGroup>
						<propertyDescriptionID>SHOW_ASSOCIATION_ENDS_MODE_DESCRIPTION</propertyDescriptionID>
						<value>DO_NOT_DISPLAY</value>
						<choice xmi:value='ALL^WITHOUT_ASSOCIATION^DO_NOT_DISPLAY'/>
						<index xmi:value='2'/>
					</mdElement>
					<mdElement elementClass='BooleanProperty'>
						<propertyID>SHOW_ATTRIBUTES_VISIBILITY</propertyID>
						<propertyGroup>ATTRIBUTES</propertyGroup>
						<propertyDescriptionID>SHOW_ATTRIBUTES_VISIBILITY_DESCRIPTION</propertyDescriptionID>
						<value xmi:value='true'/>
					</mdElement>
					<mdElement elementClass='BooleanProperty'>
						<propertyID>SHOW_ATTRIBUTES_TYPE</propertyID>
						<propertyGroup>ATTRIBUTES</propertyGroup>
						<propertyDescriptionID>SHOW_ATTRIBUTES_TYPE_DESCRIPTION</propertyDescriptionID>
						<value xmi:value='true'/>
					</mdElement>
					<mdElement elementClass='BooleanProperty'>
						<propertyID>SHOW_ATTRIBUTES_STEREOTYPE</propertyID>
						<propertyGroup>ATTRIBUTES</propertyGroup>
						<propertyDescriptionID>SHOW_ATTRIBUTES_STEREOTYPE_DESCRIPTION</propertyDescriptionID>
						<value xmi:value='true'/>
					</mdElement>
					<mdElement elementClass='BooleanProperty'>
						<propertyID>SHOW_ATTRIBUTES_PROPERTIES</propertyID>
						<propertyGroup>ATTRIBUTES</propertyGroup>
						<propertyDescriptionID>SHOW_ATTRIBUTES_PROPERTIES_DESCRIPTION</propertyDescriptionID>
						<value xmi:value='true'/>
					</mdElement>
					<mdElement elementClass='BooleanProperty'>
						<propertyID>SHOW_ATTRIBUTES_CONSTRAINTS</propertyID>
						<propertyGroup>ATTRIBUTES</propertyGroup>
						<propertyDescriptionID>SHOW_ATTRIBUTES_CONSTRAINTS_DESCRIPTION</propertyDescriptionID>
					</mdElement>
					<mdElement elementClass='ChoiceProperty'>
						<propertyID>ATTRIBUTES_CONSTRAINT_TEXT_MODE</propertyID>
						<propertyGroup>ATTRIBUTES</propertyGroup>
						<propertyDescriptionID>ATTRIBUTES_CONSTRAINT_TEXT_MODE_DESCRIPTION</propertyDescriptionID>
						<value>EXPRESSION_MODE</value>
						<choice xmi:value='NAME_MODE^EXPRESSION_MODE^NAME_EXPRESSION_MODE'/>
						<index xmi:value='1'/>
					</mdElement>
					<mdElement elementClass='BooleanProperty'>
						<propertyID>SHOW_INIT_VALUE</propertyID>
						<propertyGroup>ATTRIBUTES</propertyGroup>
						<propertyDescriptionID>SHOW_INIT_VALUE_DESCRIPTION</propertyDescriptionID>
						<value xmi:value='true'/>
					</mdElement>
					<mdElement elementClass='BooleanProperty'>
						<propertyID>SUPPRESS_CLASS_OPERATIONS</propertyID>
						<propertyGroup>OPERATIONS</propertyGroup>
						<propertyDescriptionID>SUPPRESS_CLASS_OPERATIONS_DESCRIPTION</propertyDescriptionID>
					</mdElement>
					<mdElement elementClass='ColorProperty'>
						<propertyID>OPERATION_COLOR</propertyID>
						<propertyGroup>OPERATIONS</propertyGroup>
						<propertyDescriptionID>OPERATION_COLOR_DESCRIPTION</propertyDescriptionID>
						<value xmi:value='-16777176'/>
					</mdElement>
					<mdElement elementClass='FontProperty'>
						<propertyID>OPERATION_FONT</propertyID>
						<propertyGroup>OPERATIONS</propertyGroup>
						<propertyDescriptionID>OPERATION_FONT_DESCRIPTION</propertyDescriptionID>
						<fontName>Arial</fontName>
						<size xmi:value='11'/>
						<style xmi:value='0'/>
					</mdElement>
					<mdElement elementClass='BooleanProperty'>
						<propertyID>SHOW_OPERATIONS_SIGNATURE</propertyID>
						<propertyGroup>OPERATIONS</propertyGroup>
						<propertyDescriptionID>SHOW_OPERATIONS_SIGNATURE_DESCRIPTION</propertyDescriptionID>
						<value xmi:value='true'/>
					</mdElement>
					<mdElement elementClass='BooleanProperty'>
						<propertyID>SHOW_MORE_SIGN_FOR_OPERATIONS</propertyID>
						<propertyGroup>OPERATIONS</propertyGroup>
						<propertyDescriptionID>SHOW_MORE_SIGN_FOR_OPERATIONS_DESCRIPTION</propertyDescriptionID>
						<value xmi:value='true'/>
					</mdElement>
					<mdElement elementClass='ChoiceProperty'>
						<propertyID>SORT_CLASS_OPERATIONS_MODE</propertyID>
						<propertyGroup>OPERATIONS</propertyGroup>
						<propertyDescriptionID>SORT_CLASS_OPERATIONS_MODE_DESCRIPTION</propertyDescriptionID>
						<value>NO_SORT</value>
						<choice xmi:value='NO_SORT^BY_NAME^BY_STEREOTYPE^BY_VISIBILITY'/>
						<index xmi:value='0'/>
					</mdElement>
					<mdElement elementClass='BooleanProperty'>
						<propertyID>SHOW_OPERATIONS_VISIBILITY</propertyID>
						<propertyGroup>OPERATIONS</propertyGroup>
						<propertyDescriptionID>SHOW_OPERATIONS_VISIBILITY_DESCRIPTION</propertyDescriptionID>
						<value xmi:value='true'/>
					</mdElement>
					<mdElement elementClass='BooleanProperty'>
						<propertyID>SHOW_OPERATIONS_STEREOTYPE</propertyID>
						<propertyGroup>OPERATIONS</propertyGroup>
						<propertyDescriptionID>SHOW_OPERATIONS_STEREOTYPE_DESCRIPTION</propertyDescriptionID>
						<value xmi:value='true'/>
					</mdElement>
					<mdElement elementClass='BooleanProperty'>
						<propertyID>SHOW_OPERATIONS_PROPERTIES</propertyID>
						<propertyGroup>OPERATIONS</propertyGroup>
						<propertyDescriptionID>SHOW_OPERATIONS_PROPERTIES_DESCRIPTION</propertyDescriptionID>
						<value xmi:value='true'/>
					</mdElement>
					<mdElement elementClass='BooleanProperty'>
						<propertyID>SHOW_OPERATIONS_CONSTRAINTS</propertyID>
						<propertyGroup>OPERATIONS</propertyGroup>
						<propertyDescriptionID>SHOW_OPERATIONS_CONSTRAINTS_DESCRIPTION</propertyDescriptionID>
					</mdElement>
					<mdElement elementClass='ChoiceProperty'>
						<propertyID>OPERATIONS_CONSTRAINT_TEXT_MODE</propertyID>
						<propertyGroup>OPERATIONS</propertyGroup>
						<propertyDescriptionID>OPERATIONS_CONSTRAINT_TEXT_MODE_DESCRIPTION</propertyDescriptionID>
						<value>EXPRESSION_MODE</value>
						<choice xmi:value='NAME_MODE^EXPRESSION_MODE^NAME_EXPRESSION_MODE'/>
						<index xmi:value='1'/>
					</mdElement>
					<mdElement elementClass='BooleanProperty'>
						<propertyID>SHOW_FULL_TYPE</propertyID>
						<propertyDescriptionID>SHOW_FULL_TYPE_DESCRIPTION</propertyDescriptionID>
					</mdElement>
					<mdElement elementClass='BooleanProperty'>
						<propertyID>SHOW_OPERATIONS_PARAMETERS_DIRECTION_KIND</propertyID>
						<propertyGroup>OPERATIONS</propertyGroup>
						<propertyDescriptionID>SHOW_OPERATIONS_PARAMETERS_DIRECTION_KIND_DESCRIPTION</propertyDescriptionID>
					</mdElement>
					<mdElement elementClass='ChoiceProperty'>
						<propertyID>TAGGED_VALUES_DISPLAY_MODE</propertyID>
						<propertyDescriptionID>TAGGED_VALUES_DISPLAY_MODE_DESCRIPTION</propertyDescriptionID>
						<value>ON_SHAPE</value>
						<choice xmi:value='ON_SHAPE^IN_COMPARTMENT^DO_NOT_DISPLAY'/>
						<index xmi:value='0'/>
					</mdElement>
					<mdElement elementClass='BooleanProperty'>
						<propertyID>SHOW_TAGGED_VALUES_STEREOTYPES</propertyID>
						<propertyDescriptionID>SHOW_TAGGED_VALUES_STEREOTYPES_DESCRIPTION</propertyDescriptionID>
						<value xmi:value='true'/>
					</mdElement>
					<mdElement elementClass='BooleanProperty'>
						<propertyID>SHOW_QUALIFIED_NAME_IN_TAGGED_VALUES</propertyID>
						<propertyDescriptionID>SHOW_QUALIFIED_NAME_IN_TAGGED_VALUES_DESCRIPTION</propertyDescriptionID>
					</mdElement>
					<mdElement elementClass='BooleanProperty'>
						<propertyID>MEMBERS_WORD_WRAP</propertyID>
						<propertyDescriptionID>MEMBERS_WORD_WRAP_DESCRIPTION</propertyDescriptionID>
					</mdElement>
					<mdElement elementClass='BooleanProperty'>
						<propertyID>SUPPRESS_SIGNAL_RECEPTIONS</propertyID>
						<propertyGroup>RECEPTIONS</propertyGroup>
						<propertyDescriptionID>SUPPRESS_SIGNAL_RECEPTIONS_DESCRIPTION</propertyDescriptionID>
						<value xmi:value='true'/>
					</mdElement>
					<mdElement elementClass='ColorProperty'>
						<propertyID>RECEPTION_COLOR</propertyID>
						<propertyGroup>RECEPTIONS</propertyGroup>
						<propertyDescriptionID>RECEPTION_COLOR_DESCRIPTION</propertyDescriptionID>
						<value xmi:value='-16777176'/>
					</mdElement>
					<mdElement elementClass='FontProperty'>
						<propertyID>RECEPTION_FONT</propertyID>
						<propertyGroup>RECEPTIONS</propertyGroup>
						<propertyDescriptionID>RECEPTION_FONT_DESCRIPTION</propertyDescriptionID>
						<fontName>Arial</fontName>
						<size xmi:value='11'/>
						<style xmi:value='0'/>
					</mdElement>
					<mdElement elementClass='BooleanProperty'>
						<propertyID>SHOW_SIGNAL_RECEPTIONS_SIGNATURE</propertyID>
						<propertyGroup>RECEPTIONS</propertyGroup>
						<propertyDescriptionID>SHOW_SIGNAL_RECEPTIONS_SIGNATURE_DESCRIPTION</propertyDescriptionID>
						<value xmi:value='true'/>
					</mdElement>
					<mdElement elementClass='BooleanProperty'>
						<propertyID>SHOW_MORE_SIGN_FOR_RECEPTIONS</propertyID>
						<propertyGroup>RECEPTIONS</propertyGroup>
						<propertyDescriptionID>SHOW_MORE_SIGN_FOR_RECEPTIONS_DESCRIPTION</propertyDescriptionID>
						<value xmi:value='true'/>
					</mdElement>
					<mdElement elementClass='ChoiceProperty'>
						<propertyID>SORT_CLASS_RECEPTIONS_MODE</propertyID>
						<propertyGroup>RECEPTIONS</propertyGroup>
						<propertyDescriptionID>SORT_CLASS_RECEPTIONS_MODE_DESCRIPTION</propertyDescriptionID>
						<value>NO_SORT</value>
						<choice xmi:value='NO_SORT^BY_SIGNAL_NAME^BY_STEREOTYPE^BY_VISIBILITY'/>
						<index xmi:value='0'/>
					</mdElement>
					<mdElement elementClass='BooleanProperty'>
						<propertyID>SHOW_SIGNAL_RECEPTIONS_VISIBILITY</propertyID>
						<propertyGroup>RECEPTIONS</propertyGroup>
						<propertyDescriptionID>SHOW_SIGNAL_RECEPTIONS_VISIBILITY_DESCRIPTION</propertyDescriptionID>
					</mdElement>
					<mdElement elementClass='BooleanProperty'>
						<propertyID>SHOW_RECEPTIONS_STEREOTYPES</propertyID>
						<propertyGroup>RECEPTIONS</propertyGroup>
						<propertyDescriptionID>SHOW_RECEPTIONS_STEREOTYPES_DESCRIPTION</propertyDescriptionID>
						<value xmi:value='true'/>
					</mdElement>
					<mdElement elementClass='BooleanProperty'>
						<propertyID>SHOW_RECEPTIONS_PROPERTIES</propertyID>
						<propertyGroup>RECEPTIONS</propertyGroup>
						<propertyDescriptionID>SHOW_RECEPTIONS_PROPERTIES_DESCRIPTION</propertyDescriptionID>
						<value xmi:value='true'/>
					</mdElement>
					<mdElement elementClass='BooleanProperty'>
						<propertyID>SHOW_RECEPTIONS_CONSTRAINTS</propertyID>
						<propertyGroup>RECEPTIONS</propertyGroup>
						<propertyDescriptionID>SHOW_RECEPTIONS_CONSTRAINTS_DESCRIPTION</propertyDescriptionID>
					</mdElement>
					<mdElement elementClass='ChoiceProperty'>
						<propertyID>RECEPTIONS_CONSTRAINTS_TEXT_MODE</propertyID>
						<propertyGroup>RECEPTIONS</propertyGroup>
						<propertyDescriptionID>RECEPTIONS_CONSTRAINTS_TEXT_MODE_DESCRIPTION</propertyDescriptionID>
						<value>EXPRESSION_MODE</value>
						<choice xmi:value='NAME_MODE^EXPRESSION_MODE^NAME_EXPRESSION_MODE'/>
						<index xmi:value='1'/>
					</mdElement>
					<mdElement elementClass='BooleanProperty'>
						<propertyID>SHOW_RECEPTIONS_PARAMETERS_DIRECTION_KIND</propertyID>
						<propertyGroup>RECEPTIONS</propertyGroup>
						<propertyDescriptionID>SHOW_RECEPTIONS_PARAMETERS_DIRECTION_KIND_DESCRIPTION</propertyDescriptionID>
					</mdElement>
					<mdElement elementClass='BooleanProperty'>
						<propertyID>ENABLE_UML_2_0_NOTATION</propertyID>
						<propertyDescriptionID>ENABLE_UML_2_0_NOTATION_DESCRIPTION</propertyDescriptionID>
						<value xmi:value='true'/>
					</mdElement>
				</mdElement>
				<mdElement elementClass='ExtendableManager'>
					<removable xmi:value='false'/>
					<extendableByDiagram xmi:value='true'/>
					<extendableByStereotype xmi:value='false'/>
					<name>InterfaceRealization</name>
					<propertyManagerID>_16_6_2_931029f_1387381120866_100965_422</propertyManagerID>
					<parentPropertyManager>_16_6_2_931029f_1387381120857_945759_348</parentPropertyManager>
					<mdElement elementClass='ColorProperty'>
						<propertyID>STEREOTYPE_COLOR</propertyID>
						<propertyDescriptionID>STEREOTYPE_COLOR_DESCRIPTION</propertyDescriptionID>
						<value xmi:value='-16777216'/>
					</mdElement>
					<mdElement elementClass='FontProperty'>
						<propertyID>STEREOTYPE_FONT</propertyID>
						<propertyDescriptionID>STEREOTYPE_FONT_DESCRIPTION</propertyDescriptionID>
						<fontName>Arial</fontName>
						<size xmi:value='11'/>
						<style xmi:value='0'/>
					</mdElement>
					<mdElement elementClass='BooleanProperty'>
						<propertyID>WRAP_WORDS</propertyID>
						<propertyDescriptionID>WRAP_WORDS_DESCRIPTION</propertyDescriptionID>
					</mdElement>
					<mdElement elementClass='BooleanProperty'>
						<propertyID>SHOW_NAME</propertyID>
						<propertyDescriptionID>SHOW_NAME_DESCRIPTION</propertyDescriptionID>
						<value xmi:value='true'/>
					</mdElement>
					<mdElement elementClass='ChoiceProperty'>
						<propertyID>STEREOTYPES_DISPLAY_MODE</propertyID>
						<propertyDescriptionID>STEREOTYPES_DISPLAY_MODE_DESCRIPTION</propertyDescriptionID>
						<value>STEREOTYPE_DISPLAY_MODE_TEXT_AND_ICON</value>
						<choice xmi:value='STEREOTYPE_DISPLAY_MODE_TEXT_AND_ICON^STEREOTYPE_DISPLAY_MODE_TEXT^STEREOTYPE_DISPLAY_MODE_ICON^STEREOTYPE_DISPLAY_MODE_DO_NOT_DISPLAY_STEREOTYPES'/>
						<index xmi:value='0'/>
					</mdElement>
					<mdElement elementClass='BooleanProperty'>
						<propertyID>SHOW_TAGGED_VALUES</propertyID>
						<propertyDescriptionID>SHOW_TAGGED_VALUES_DESCRIPTION</propertyDescriptionID>
						<value xmi:value='true'/>
					</mdElement>
					<mdElement elementClass='BooleanProperty'>
						<propertyID>SHOW_CONVEYED_A</propertyID>
						<propertyDescriptionID>SHOW_CONVEYED_A_DESCRIPTION</propertyDescriptionID>
						<value xmi:value='true'/>
					</mdElement>
					<mdElement elementClass='BooleanProperty'>
						<propertyID>SHOW_CONVEYED_B</propertyID>
						<propertyDescriptionID>SHOW_CONVEYED_B_DESCRIPTION</propertyDescriptionID>
						<value xmi:value='true'/>
					</mdElement>
					<mdElement elementClass='BooleanProperty'>
						<propertyID>SHOW_CONSTRAINTS</propertyID>
						<propertyDescriptionID>SHOW_CONSTRAINTS_DESCRIPTION</propertyDescriptionID>
						<value xmi:value='true'/>
					</mdElement>
					<mdElement elementClass='ChoiceProperty'>
						<propertyID>LINK_LINE_STYLE</propertyID>
						<propertyDescriptionID>LINK_LINE_STYLE_DESCRIPTION</propertyDescriptionID>
						<value>OBLIQUE</value>
						<choice xmi:value='RECTILINEAR^OBLIQUE^BEZIER'/>
						<index xmi:value='1'/>
					</mdElement>
				</mdElement>
				<mdElement elementClass='ExtendableManager'>
					<removable xmi:value='false'/>
					<extendableByDiagram xmi:value='true'/>
					<extendableByStereotype xmi:value='false'/>
					<name>InterruptibleActivityRegion</name>
					<propertyManagerID>_16_6_2_931029f_1387381120866_10747_423</propertyManagerID>
					<parentPropertyManager>_16_6_2_931029f_1387381120857_505452_350</parentPropertyManager>
					<mdElement elementClass='ChoiceProperty'>
						<propertyID>OWNER_DISPLAY_MODE</propertyID>
						<propertyDescriptionID>OWNER_DISPLAY_MODE_DESCRIPTION</propertyDescriptionID>
						<value>QNAME_DISPLAY_MODE_DO_NOT_DISPLAY</value>
						<choice xmi:value='QNAME_DISPLAY_MODE_DO_NOT_DISPLAY^OWNER_DISPLAY_MODE_STD^OWNER_DISPLAY_MODE_OLD'/>
						<index xmi:value='0'/>
					</mdElement>
					<mdElement elementClass='BooleanProperty'>
						<propertyID>WRAP_WORDS</propertyID>
						<propertyDescriptionID>WRAP_WORDS_DESCRIPTION</propertyDescriptionID>
						<value xmi:value='true'/>
					</mdElement>
					<mdElement elementClass='ColorProperty'>
						<propertyID>FILL_COLOR</propertyID>
						<propertyDescriptionID>FILL_COLOR_DESCRIPTION</propertyDescriptionID>
						<value xmi:value='-1973821'/>
					</mdElement>
					<mdElement elementClass='ColorProperty'>
						<propertyID>PEN_COLOR</propertyID>
						<propertyDescriptionID>PEN_COLOR_DESCRIPTION</propertyDescriptionID>
						<value xmi:value='-6710948'/>
					</mdElement>
				</mdElement>
				<mdElement elementClass='ExtendableManager'>
					<removable xmi:value='false'/>
					<extendableByDiagram xmi:value='true'/>
					<extendableByStereotype xmi:value='false'/>
					<name>JoinNode</name>
					<propertyManagerID>_16_6_2_931029f_1387381120866_938251_424</propertyManagerID>
					<parentPropertyManager>_16_6_2_931029f_1387381120857_505452_350</parentPropertyManager>
					<mdElement elementClass='ChoiceProperty'>
						<propertyID>SYNCH_BAR_ORIENTATION</propertyID>
						<propertyDescriptionID>SYNCH_BAR_ORIENTATION_DESCRIPTION</propertyDescriptionID>
						<value>HORIZONTAL</value>
						<choice xmi:value='HORIZONTAL^VERTICAL'/>
						<index xmi:value='0'/>
					</mdElement>
					<mdElement elementClass='BooleanProperty'>
						<propertyID>SHOW_NAME</propertyID>
						<propertyDescriptionID>SHOW_NAME_DESCRIPTION</propertyDescriptionID>
						<value xmi:value='true'/>
					</mdElement>
					<mdElement elementClass='ChoiceProperty'>
						<propertyID>STEREOTYPES_DISPLAY_MODE</propertyID>
						<propertyDescriptionID>STEREOTYPES_DISPLAY_MODE_DESCRIPTION</propertyDescriptionID>
						<value>STEREOTYPE_DISPLAY_MODE_DO_NOT_DISPLAY_STEREOTYPES</value>
						<choice xmi:value='STEREOTYPE_DISPLAY_MODE_TEXT_AND_ICON^STEREOTYPE_DISPLAY_MODE_TEXT^STEREOTYPE_DISPLAY_MODE_ICON^STEREOTYPE_DISPLAY_MODE_DO_NOT_DISPLAY_STEREOTYPES'/>
						<index xmi:value='3'/>
					</mdElement>
					<mdElement elementClass='BooleanProperty'>
						<propertyID>SHOW_TAGGED_VALUES</propertyID>
						<propertyDescriptionID>SHOW_TAGGED_VALUES_DESCRIPTION</propertyDescriptionID>
					</mdElement>
					<mdElement elementClass='BooleanProperty'>
						<propertyID>SHOW_CONSTRAINTS</propertyID>
						<propertyDescriptionID>SHOW_CONSTRAINTS_DESCRIPTION</propertyDescriptionID>
					</mdElement>
				</mdElement>
				<mdElement elementClass='ExtendableManager'>
					<removable xmi:value='false'/>
					<extendableByDiagram xmi:value='true'/>
					<extendableByStereotype xmi:value='false'/>
					<name>Lifeline</name>
					<propertyManagerID>_16_6_2_931029f_1387381120866_48042_425</propertyManagerID>
					<parentPropertyManager>_16_6_2_931029f_1387381120857_505452_350</parentPropertyManager>
					<mdElement elementClass='ChoiceProperty'>
						<propertyID>OWNER_DISPLAY_MODE</propertyID>
						<propertyDescriptionID>OWNER_DISPLAY_MODE_DESCRIPTION</propertyDescriptionID>
						<value>QNAME_DISPLAY_MODE_DO_NOT_DISPLAY</value>
						<choice xmi:value='QNAME_DISPLAY_MODE_DO_NOT_DISPLAY^OWNER_DISPLAY_MODE_STD^OWNER_DISPLAY_MODE_OLD'/>
						<index xmi:value='0'/>
					</mdElement>
					<mdElement elementClass='ColorProperty'>
						<propertyID>FILL_COLOR</propertyID>
						<propertyDescriptionID>FILL_COLOR_DESCRIPTION</propertyDescriptionID>
						<value xmi:value='-4004909'/>
					</mdElement>
					<mdElement elementClass='ColorProperty'>
						<propertyID>PEN_COLOR</propertyID>
						<propertyDescriptionID>PEN_COLOR_DESCRIPTION</propertyDescriptionID>
						<value xmi:value='-12753326'/>
					</mdElement>
					<mdElement elementClass='BooleanProperty'>
						<propertyID>SHOW_FULL_TYPE</propertyID>
						<propertyDescriptionID>SHOW_FULL_TYPE_DESCRIPTION</propertyDescriptionID>
					</mdElement>
					<mdElement elementClass='BooleanProperty'>
						<propertyID>SHOW_OBJECT_CLASS</propertyID>
						<propertyDescriptionID>SHOW_OBJECT_CLASS_DESCRIPTION</propertyDescriptionID>
						<value xmi:value='true'/>
					</mdElement>
				</mdElement>
				<mdElement elementClass='ExtendableManager'>
					<removable xmi:value='false'/>
					<extendableByDiagram xmi:value='true'/>
					<extendableByStereotype xmi:value='false'/>
					<name>Lifeline(in Sequence Diagram)</name>
					<propertyManagerID>_16_6_2_931029f_1387381120866_464900_426</propertyManagerID>
					<parentPropertyManager>_16_6_2_931029f_1387381120857_505452_350</parentPropertyManager>
					<mdElement elementClass='ColorProperty'>
						<propertyID>FILL_COLOR</propertyID>
						<propertyDescriptionID>FILL_COLOR_DESCRIPTION</propertyDescriptionID>
						<value xmi:value='-4004909'/>
					</mdElement>
					<mdElement elementClass='ColorProperty'>
						<propertyID>PEN_COLOR</propertyID>
						<propertyDescriptionID>PEN_COLOR_DESCRIPTION</propertyDescriptionID>
						<value xmi:value='-12753326'/>
					</mdElement>
					<mdElement elementClass='ChoiceProperty'>
						<propertyID>OWNER_DISPLAY_MODE</propertyID>
						<propertyDescriptionID>OWNER_DISPLAY_MODE_DESCRIPTION</propertyDescriptionID>
						<value>QNAME_DISPLAY_MODE_DO_NOT_DISPLAY</value>
						<choice xmi:value='QNAME_DISPLAY_MODE_DO_NOT_DISPLAY^OWNER_DISPLAY_MODE_STD^OWNER_DISPLAY_MODE_OLD'/>
						<index xmi:value='0'/>
					</mdElement>
					<mdElement elementClass='BooleanProperty'>
						<propertyID>SHOW_FULL_TYPE</propertyID>
						<propertyDescriptionID>SHOW_FULL_TYPE_DESCRIPTION</propertyDescriptionID>
					</mdElement>
					<mdElement elementClass='BooleanProperty'>
						<propertyID>SHOW_OBJECT_CLASS</propertyID>
						<propertyDescriptionID>SHOW_OBJECT_CLASS_DESCRIPTION</propertyDescriptionID>
						<value xmi:value='true'/>
					</mdElement>
					<mdElement elementClass='BooleanProperty'>
						<propertyID>SHOW_ENTIRE_ACTIVATION</propertyID>
						<propertyDescriptionID>SHOW_ENTIRE_ACTIVATION_DESCRIPTION</propertyDescriptionID>
					</mdElement>
				</mdElement>
				<mdElement elementClass='ExtendableManager'>
					<removable xmi:value='false'/>
					<extendableByDiagram xmi:value='true'/>
					<extendableByStereotype xmi:value='false'/>
					<name>Link</name>
					<propertyManagerID>_16_6_2_931029f_1387381120866_580273_427</propertyManagerID>
					<parentPropertyManager>_16_6_2_931029f_1387381120857_945759_348</parentPropertyManager>
					<mdElement elementClass='ColorProperty'>
						<propertyID>STEREOTYPE_COLOR</propertyID>
						<propertyDescriptionID>STEREOTYPE_COLOR_DESCRIPTION</propertyDescriptionID>
						<value xmi:value='-16777216'/>
					</mdElement>
					<mdElement elementClass='FontProperty'>
						<propertyID>STEREOTYPE_FONT</propertyID>
						<propertyDescriptionID>STEREOTYPE_FONT_DESCRIPTION</propertyDescriptionID>
						<fontName>Arial</fontName>
						<size xmi:value='11'/>
						<style xmi:value='0'/>
					</mdElement>
					<mdElement elementClass='BooleanProperty'>
						<propertyID>WRAP_WORDS</propertyID>
						<propertyDescriptionID>WRAP_WORDS_DESCRIPTION</propertyDescriptionID>
					</mdElement>
					<mdElement elementClass='BooleanProperty'>
						<propertyID>SHOW_NAME</propertyID>
						<propertyDescriptionID>SHOW_NAME_DESCRIPTION</propertyDescriptionID>
						<value xmi:value='true'/>
					</mdElement>
					<mdElement elementClass='ChoiceProperty'>
						<propertyID>STEREOTYPES_DISPLAY_MODE</propertyID>
						<propertyDescriptionID>STEREOTYPES_DISPLAY_MODE_DESCRIPTION</propertyDescriptionID>
						<value>STEREOTYPE_DISPLAY_MODE_TEXT_AND_ICON</value>
						<choice xmi:value='STEREOTYPE_DISPLAY_MODE_TEXT_AND_ICON^STEREOTYPE_DISPLAY_MODE_TEXT^STEREOTYPE_DISPLAY_MODE_ICON^STEREOTYPE_DISPLAY_MODE_DO_NOT_DISPLAY_STEREOTYPES'/>
						<index xmi:value='0'/>
					</mdElement>
					<mdElement elementClass='BooleanProperty'>
						<propertyID>SHOW_TAGGED_VALUES</propertyID>
						<propertyDescriptionID>SHOW_TAGGED_VALUES_DESCRIPTION</propertyDescriptionID>
						<value xmi:value='true'/>
					</mdElement>
					<mdElement elementClass='BooleanProperty'>
						<propertyID>SHOW_CONVEYED_A</propertyID>
						<propertyDescriptionID>SHOW_CONVEYED_A_DESCRIPTION</propertyDescriptionID>
						<value xmi:value='true'/>
					</mdElement>
					<mdElement elementClass='BooleanProperty'>
						<propertyID>SHOW_CONVEYED_B</propertyID>
						<propertyDescriptionID>SHOW_CONVEYED_B_DESCRIPTION</propertyDescriptionID>
						<value xmi:value='true'/>
					</mdElement>
					<mdElement elementClass='BooleanProperty'>
						<propertyID>SHOW_CONSTRAINTS</propertyID>
						<propertyDescriptionID>SHOW_CONSTRAINTS_DESCRIPTION</propertyDescriptionID>
						<value xmi:value='true'/>
					</mdElement>
					<mdElement elementClass='BooleanProperty'>
						<propertyID>SHOW_ROLE_A</propertyID>
						<propertyDescriptionID>SHOW_ROLE_A_DESCRIPTION</propertyDescriptionID>
					</mdElement>
					<mdElement elementClass='BooleanProperty'>
						<propertyID>SHOW_ROLE_B</propertyID>
						<propertyDescriptionID>SHOW_ROLE_B_DESCRIPTION</propertyDescriptionID>
					</mdElement>
					<mdElement elementClass='BooleanProperty'>
						<propertyID>SHOW_NAVIGABILITY</propertyID>
						<propertyDescriptionID>SHOW_NAVIGABILITY_DESCRIPTION</propertyDescriptionID>
					</mdElement>
				</mdElement>
				<mdElement elementClass='ExtendableManager'>
					<removable xmi:value='false'/>
					<extendableByDiagram xmi:value='true'/>
					<extendableByStereotype xmi:value='false'/>
					<name>Link Attribute</name>
					<propertyManagerID>_16_6_2_931029f_1387381120867_860921_428</propertyManagerID>
					<parentPropertyManager>_16_6_2_931029f_1387381120857_945759_348</parentPropertyManager>
				</mdElement>
				<mdElement elementClass='ExtendableManager'>
					<removable xmi:value='false'/>
					<extendableByDiagram xmi:value='true'/>
					<extendableByStereotype xmi:value='false'/>
					<name>LoopNode</name>
					<propertyManagerID>_16_6_2_931029f_1387381120867_693863_429</propertyManagerID>
					<parentPropertyManager>_16_6_2_931029f_1387381120857_505452_350</parentPropertyManager>
					<mdElement elementClass='BooleanProperty'>
						<propertyID>WRAP_WORDS</propertyID>
						<propertyDescriptionID>WRAP_WORDS_DESCRIPTION</propertyDescriptionID>
						<value xmi:value='true'/>
					</mdElement>
					<mdElement elementClass='ColorProperty'>
						<propertyID>FILL_COLOR</propertyID>
						<propertyDescriptionID>FILL_COLOR_DESCRIPTION</propertyDescriptionID>
						<value xmi:value='-1973821'/>
					</mdElement>
					<mdElement elementClass='ColorProperty'>
						<propertyID>PEN_COLOR</propertyID>
						<propertyDescriptionID>PEN_COLOR_DESCRIPTION</propertyDescriptionID>
						<value xmi:value='-6710948'/>
					</mdElement>
				</mdElement>
				<mdElement elementClass='ExtendableManager'>
					<removable xmi:value='false'/>
					<extendableByDiagram xmi:value='true'/>
					<extendableByStereotype xmi:value='false'/>
					<name>Manifestation</name>
					<propertyManagerID>_16_6_2_931029f_1387381120867_132226_430</propertyManagerID>
					<parentPropertyManager>_16_6_2_931029f_1387381120857_945759_348</parentPropertyManager>
					<mdElement elementClass='ColorProperty'>
						<propertyID>STEREOTYPE_COLOR</propertyID>
						<propertyDescriptionID>STEREOTYPE_COLOR_DESCRIPTION</propertyDescriptionID>
						<value xmi:value='-16777216'/>
					</mdElement>
					<mdElement elementClass='FontProperty'>
						<propertyID>STEREOTYPE_FONT</propertyID>
						<propertyDescriptionID>STEREOTYPE_FONT_DESCRIPTION</propertyDescriptionID>
						<fontName>Arial</fontName>
						<size xmi:value='11'/>
						<style xmi:value='0'/>
					</mdElement>
					<mdElement elementClass='BooleanProperty'>
						<propertyID>WRAP_WORDS</propertyID>
						<propertyDescriptionID>WRAP_WORDS_DESCRIPTION</propertyDescriptionID>
					</mdElement>
					<mdElement elementClass='BooleanProperty'>
						<propertyID>SHOW_NAME</propertyID>
						<propertyDescriptionID>SHOW_NAME_DESCRIPTION</propertyDescriptionID>
						<value xmi:value='true'/>
					</mdElement>
					<mdElement elementClass='ChoiceProperty'>
						<propertyID>STEREOTYPES_DISPLAY_MODE</propertyID>
						<propertyDescriptionID>STEREOTYPES_DISPLAY_MODE_DESCRIPTION</propertyDescriptionID>
						<value>STEREOTYPE_DISPLAY_MODE_TEXT_AND_ICON</value>
						<choice xmi:value='STEREOTYPE_DISPLAY_MODE_TEXT_AND_ICON^STEREOTYPE_DISPLAY_MODE_TEXT^STEREOTYPE_DISPLAY_MODE_ICON^STEREOTYPE_DISPLAY_MODE_DO_NOT_DISPLAY_STEREOTYPES'/>
						<index xmi:value='0'/>
					</mdElement>
					<mdElement elementClass='BooleanProperty'>
						<propertyID>SHOW_TAGGED_VALUES</propertyID>
						<propertyDescriptionID>SHOW_TAGGED_VALUES_DESCRIPTION</propertyDescriptionID>
						<value xmi:value='true'/>
					</mdElement>
					<mdElement elementClass='BooleanProperty'>
						<propertyID>SHOW_CONVEYED_A</propertyID>
						<propertyDescriptionID>SHOW_CONVEYED_A_DESCRIPTION</propertyDescriptionID>
						<value xmi:value='true'/>
					</mdElement>
					<mdElement elementClass='BooleanProperty'>
						<propertyID>SHOW_CONVEYED_B</propertyID>
						<propertyDescriptionID>SHOW_CONVEYED_B_DESCRIPTION</propertyDescriptionID>
						<value xmi:value='true'/>
					</mdElement>
					<mdElement elementClass='BooleanProperty'>
						<propertyID>SHOW_CONSTRAINTS</propertyID>
						<propertyDescriptionID>SHOW_CONSTRAINTS_DESCRIPTION</propertyDescriptionID>
						<value xmi:value='true'/>
					</mdElement>
				</mdElement>
				<mdElement elementClass='ExtendableManager'>
					<removable xmi:value='false'/>
					<extendableByDiagram xmi:value='true'/>
					<extendableByStereotype xmi:value='false'/>
					<name>MergeNode</name>
					<propertyManagerID>_16_6_2_931029f_1387381120867_208237_431</propertyManagerID>
					<parentPropertyManager>_16_6_2_931029f_1387381120857_505452_350</parentPropertyManager>
					<mdElement elementClass='ColorProperty'>
						<propertyID>FILL_COLOR</propertyID>
						<propertyDescriptionID>FILL_COLOR_DESCRIPTION</propertyDescriptionID>
						<value xmi:value='-2763307'/>
					</mdElement>
					<mdElement elementClass='BooleanProperty'>
						<propertyID>USE_FIXED_CONNECTION_POINTS</propertyID>
						<propertyDescriptionID>USE_FIXED_CONNECTION_POINTS_DESCRIPTION</propertyDescriptionID>
						<value xmi:value='true'/>
					</mdElement>
					<mdElement elementClass='ChoiceProperty'>
						<propertyID>STEREOTYPES_DISPLAY_MODE</propertyID>
						<propertyDescriptionID>STEREOTYPES_DISPLAY_MODE_DESCRIPTION</propertyDescriptionID>
						<value>STEREOTYPE_DISPLAY_MODE_DO_NOT_DISPLAY_STEREOTYPES</value>
						<choice xmi:value='STEREOTYPE_DISPLAY_MODE_TEXT_AND_ICON^STEREOTYPE_DISPLAY_MODE_TEXT^STEREOTYPE_DISPLAY_MODE_ICON^STEREOTYPE_DISPLAY_MODE_DO_NOT_DISPLAY_STEREOTYPES'/>
						<index xmi:value='3'/>
					</mdElement>
					<mdElement elementClass='BooleanProperty'>
						<propertyID>SHOW_CONSTRAINTS</propertyID>
						<propertyDescriptionID>SHOW_CONSTRAINTS_DESCRIPTION</propertyDescriptionID>
					</mdElement>
					<mdElement elementClass='BooleanProperty'>
						<propertyID>WRAP_WORDS</propertyID>
						<propertyDescriptionID>WRAP_WORDS_DESCRIPTION</propertyDescriptionID>
						<value xmi:value='true'/>
					</mdElement>
					<mdElement elementClass='BooleanProperty'>
						<propertyID>SHOW_TAGGED_VALUES</propertyID>
						<propertyDescriptionID>SHOW_TAGGED_VALUES_DESCRIPTION</propertyDescriptionID>
					</mdElement>
					<mdElement elementClass='BooleanProperty'>
						<propertyID>SHOW_NAME</propertyID>
						<propertyDescriptionID>SHOW_NAME_DESCRIPTION</propertyDescriptionID>
						<value xmi:value='true'/>
					</mdElement>
					<mdElement elementClass='ColorProperty'>
						<propertyID>PEN_COLOR</propertyID>
						<propertyDescriptionID>PEN_COLOR_DESCRIPTION</propertyDescriptionID>
						<value xmi:value='-8617619'/>
					</mdElement>
				</mdElement>
				<mdElement elementClass='ExtendableManager'>
					<removable xmi:value='false'/>
					<extendableByDiagram xmi:value='true'/>
					<extendableByStereotype xmi:value='false'/>
					<name>Message</name>
					<propertyManagerID>_16_6_2_931029f_1387381120867_719806_432</propertyManagerID>
					<parentPropertyManager>_16_6_2_931029f_1387381120857_505452_350</parentPropertyManager>
					<mdElement elementClass='BooleanProperty'>
						<propertyID>USE_FILL_COLOR</propertyID>
						<propertyDescriptionID>USE_FILL_COLOR_DESCRIPTION</propertyDescriptionID>
					</mdElement>
					<mdElement elementClass='NumberProperty'>
						<propertyID>LINE_WIDTH</propertyID>
						<propertyDescriptionID>LINE_WIDTH_DESCRIPTION</propertyDescriptionID>
						<value xmi:value='1.0'/>
						<lowRange xmi:value='1.0'/>
						<highRange xmi:value='100.0'/>
					</mdElement>
					<mdElement elementClass='BooleanProperty'>
						<propertyID>SHOW_NAME</propertyID>
						<propertyDescriptionID>SHOW_NAME_DESCRIPTION</propertyDescriptionID>
						<value xmi:value='true'/>
					</mdElement>
					<mdElement elementClass='ChoiceProperty'>
						<propertyID>STEREOTYPES_DISPLAY_MODE</propertyID>
						<propertyDescriptionID>STEREOTYPES_DISPLAY_MODE_DESCRIPTION</propertyDescriptionID>
						<value>STEREOTYPE_DISPLAY_MODE_DO_NOT_DISPLAY_STEREOTYPES</value>
						<choice xmi:value='STEREOTYPE_DISPLAY_MODE_TEXT_AND_ICON^STEREOTYPE_DISPLAY_MODE_TEXT^STEREOTYPE_DISPLAY_MODE_ICON^STEREOTYPE_DISPLAY_MODE_DO_NOT_DISPLAY_STEREOTYPES'/>
						<index xmi:value='3'/>
					</mdElement>
					<mdElement elementClass='BooleanProperty'>
						<propertyID>SHOW_TAGGED_VALUES</propertyID>
						<propertyDescriptionID>SHOW_TAGGED_VALUES_DESCRIPTION</propertyDescriptionID>
					</mdElement>
					<mdElement elementClass='BooleanProperty'>
						<propertyID>SHOW_CONSTRAINTS</propertyID>
						<propertyDescriptionID>SHOW_CONSTRAINTS_DESCRIPTION</propertyDescriptionID>
					</mdElement>
					<mdElement elementClass='BooleanProperty'>
						<propertyID>SHOW_PREDECESSORS</propertyID>
						<propertyDescriptionID>SHOW_PREDECESSORS_DESCRIPTION</propertyDescriptionID>
					</mdElement>
					<mdElement elementClass='BooleanProperty'>
						<propertyID>SHOW_PARAMETERS_NAMES</propertyID>
						<propertyDescriptionID>SHOW_PARAMETERS_NAMES_DESCRIPTION</propertyDescriptionID>
						<value xmi:value='true'/>
					</mdElement>
				</mdElement>
				<mdElement elementClass='ExtendableManager'>
					<removable xmi:value='false'/>
					<extendableByDiagram xmi:value='true'/>
					<extendableByStereotype xmi:value='false'/>
					<name>Message(in Sequence Diagram)</name>
					<propertyManagerID>_16_6_2_931029f_1387381120867_157749_433</propertyManagerID>
					<parentPropertyManager>_16_6_2_931029f_1387381120857_505452_350</parentPropertyManager>
					<mdElement elementClass='BooleanProperty'>
						<propertyID>USE_FILL_COLOR</propertyID>
						<propertyDescriptionID>USE_FILL_COLOR_DESCRIPTION</propertyDescriptionID>
					</mdElement>
					<mdElement elementClass='NumberProperty'>
						<propertyID>LINE_WIDTH</propertyID>
						<propertyDescriptionID>LINE_WIDTH_DESCRIPTION</propertyDescriptionID>
						<value xmi:value='1.0'/>
						<lowRange xmi:value='1.0'/>
						<highRange xmi:value='100.0'/>
					</mdElement>
					<mdElement elementClass='BooleanProperty'>
						<propertyID>IS_ROUNDED</propertyID>
						<propertyDescriptionID>IS_ROUNDED_DESCRIPTION</propertyDescriptionID>
					</mdElement>
					<mdElement elementClass='BooleanProperty'>
						<propertyID>SHOW_NAME</propertyID>
						<propertyDescriptionID>SHOW_NAME_DESCRIPTION</propertyDescriptionID>
						<value xmi:value='true'/>
					</mdElement>
					<mdElement elementClass='BooleanProperty'>
						<propertyID>SHOW_CONVEYED_A</propertyID>
						<propertyDescriptionID>SHOW_CONVEYED_A_DESCRIPTION</propertyDescriptionID>
						<value xmi:value='true'/>
					</mdElement>
					<mdElement elementClass='BooleanProperty'>
						<propertyID>SHOW_CONVEYED_B</propertyID>
						<propertyDescriptionID>SHOW_CONVEYED_B_DESCRIPTION</propertyDescriptionID>
						<value xmi:value='true'/>
					</mdElement>
					<mdElement elementClass='BooleanProperty'>
						<propertyID>SHOW_PARAMETERS_NAMES</propertyID>
						<propertyDescriptionID>SHOW_PARAMETERS_NAMES_DESCRIPTION</propertyDescriptionID>
						<value xmi:value='true'/>
					</mdElement>
				</mdElement>
				<mdElement elementClass='ExtendableManager'>
					<removable xmi:value='false'/>
					<extendableByDiagram xmi:value='true'/>
					<extendableByStereotype xmi:value='false'/>
					<name>Model</name>
					<propertyManagerID>_16_6_2_931029f_1387381120867_727462_434</propertyManagerID>
					<parentPropertyManager>_16_6_2_931029f_1387381120857_505452_350</parentPropertyManager>
					<mdElement elementClass='ColorProperty'>
						<propertyID>FILL_COLOR</propertyID>
						<propertyDescriptionID>FILL_COLOR_DESCRIPTION</propertyDescriptionID>
						<value xmi:value='-2826753'/>
					</mdElement>
					<mdElement elementClass='ColorProperty'>
						<propertyID>PEN_COLOR</propertyID>
						<propertyDescriptionID>PEN_COLOR_DESCRIPTION</propertyDescriptionID>
						<value xmi:value='-9734759'/>
					</mdElement>
					<mdElement elementClass='FontProperty'>
						<propertyID>FONT</propertyID>
						<propertyDescriptionID>FONT_DESCRIPTION</propertyDescriptionID>
						<fontName>Arial</fontName>
						<size xmi:value='13'/>
						<style xmi:value='0'/>
					</mdElement>
					<mdElement elementClass='ChoiceProperty'>
						<propertyID>PACKAGE_HEADER_POSITION</propertyID>
						<propertyDescriptionID>PACKAGE_HEADER_POSITION_DESCRIPTION</propertyDescriptionID>
						<value>TOP</value>
						<choice xmi:value='TOP^IN_TAB'/>
						<index xmi:value='0'/>
					</mdElement>
					<mdElement elementClass='BooleanProperty'>
						<propertyID>SHOW_ELEMENTS_LIST</propertyID>
						<propertyDescriptionID>SHOW_ELEMENTS_LIST_DESCRIPTION</propertyDescriptionID>
					</mdElement>
				</mdElement>
				<mdElement elementClass='ExtendableManager'>
					<removable xmi:value='false'/>
					<extendableByDiagram xmi:value='true'/>
					<extendableByStereotype xmi:value='false'/>
					<name>N-ary Association</name>
					<propertyManagerID>_16_6_2_931029f_1387381120867_829361_435</propertyManagerID>
					<parentPropertyManager>_16_6_2_931029f_1387381120857_505452_350</parentPropertyManager>
					<mdElement elementClass='BooleanProperty'>
						<propertyID>USE_FIXED_CONNECTION_POINTS</propertyID>
						<propertyDescriptionID>USE_FIXED_CONNECTION_POINTS_DESCRIPTION</propertyDescriptionID>
						<value xmi:value='true'/>
					</mdElement>
				</mdElement>
				<mdElement elementClass='ExtendableManager'>
					<removable xmi:value='false'/>
					<extendableByDiagram xmi:value='true'/>
					<extendableByStereotype xmi:value='false'/>
					<name>Node</name>
					<propertyManagerID>_16_6_2_931029f_1387381120860_896020_378</propertyManagerID>
					<parentPropertyManager>_16_6_2_931029f_1387381120857_505452_350</parentPropertyManager>
					<mdElement elementClass='ColorProperty'>
						<propertyID>FILL_COLOR</propertyID>
						<propertyDescriptionID>FILL_COLOR_DESCRIPTION</propertyDescriptionID>
						<value xmi:value='-4336959'/>
					</mdElement>
					<mdElement elementClass='ColorProperty'>
						<propertyID>PEN_COLOR</propertyID>
						<propertyDescriptionID>PEN_COLOR_DESCRIPTION</propertyDescriptionID>
						<value xmi:value='-10708633'/>
					</mdElement>
					<mdElement elementClass='ChoiceProperty'>
						<propertyID>STEREOTYPES_DISPLAY_MODE</propertyID>
						<propertyDescriptionID>STEREOTYPES_DISPLAY_MODE_DESCRIPTION</propertyDescriptionID>
						<value>STEREOTYPE_DISPLAY_MODE_SHAPE_IMAGE_AND_TEXT</value>
						<choice xmi:value='STEREOTYPE_DISPLAY_MODE_TEXT_AND_ICON^STEREOTYPE_DISPLAY_MODE_TEXT^STEREOTYPE_DISPLAY_MODE_ICON^STEREOTYPE_DISPLAY_MODE_SHAPE_IMAGE_AND_TEXT^STEREOTYPE_DISPLAY_MODE_SHAPE_IMAGE^STEREOTYPE_DISPLAY_MODE_DO_NOT_DISPLAY_STEREOTYPES'/>
						<index xmi:value='3'/>
					</mdElement>
					<mdElement elementClass='ChoiceProperty'>
						<propertyID>SHOW_MEMBERS_MODE</propertyID>
						<propertyDescriptionID>SHOW_MEMBERS_MODE_DESCRIPTION</propertyDescriptionID>
						<value>ALL</value>
						<choice xmi:value='ALL^ONLY_PUBLIC^NOT_PRIVATE'/>
						<index xmi:value='0'/>
					</mdElement>
					<mdElement elementClass='BooleanProperty'>
						<propertyID>SUPPRESS_CLASS_ATTRIBUTES</propertyID>
						<propertyGroup>ATTRIBUTES</propertyGroup>
						<propertyDescriptionID>SUPPRESS_CLASS_ATTRIBUTES_DESCRIPTION</propertyDescriptionID>
						<value xmi:value='true'/>
					</mdElement>
					<mdElement elementClass='ColorProperty'>
						<propertyID>ATTRIBUTE_COLOR</propertyID>
						<propertyGroup>ATTRIBUTES</propertyGroup>
						<propertyDescriptionID>ATTRIBUTE_COLOR_DESCRIPTION</propertyDescriptionID>
						<value xmi:value='-14155776'/>
					</mdElement>
					<mdElement elementClass='FontProperty'>
						<propertyID>ATTRIBUTE_FONT</propertyID>
						<propertyGroup>ATTRIBUTES</propertyGroup>
						<propertyDescriptionID>ATTRIBUTE_FONT_DESCRIPTION</propertyDescriptionID>
						<fontName>Arial</fontName>
						<size xmi:value='11'/>
						<style xmi:value='0'/>
					</mdElement>
					<mdElement elementClass='BooleanProperty'>
						<propertyID>SHOW_MORE_SIGN_FOR_ATTRIBUTES</propertyID>
						<propertyGroup>ATTRIBUTES</propertyGroup>
						<propertyDescriptionID>SHOW_MORE_SIGN_FOR_ATTRIBUTES_DESCRIPTION</propertyDescriptionID>
						<value xmi:value='true'/>
					</mdElement>
					<mdElement elementClass='ChoiceProperty'>
						<propertyID>SORT_CLASS_ATTRIBUTES_MODE</propertyID>
						<propertyGroup>ATTRIBUTES</propertyGroup>
						<propertyDescriptionID>SORT_CLASS_ATTRIBUTES_MODE_DESCRIPTION</propertyDescriptionID>
						<value>NO_SORT</value>
						<choice xmi:value='NO_SORT^BY_NAME^BY_STEREOTYPE^BY_VISIBILITY'/>
						<index xmi:value='0'/>
					</mdElement>
					<mdElement elementClass='ChoiceProperty'>
						<propertyID>SHOW_ASSOCIATION_ENDS_MODE</propertyID>
						<propertyGroup>ATTRIBUTES</propertyGroup>
						<propertyDescriptionID>SHOW_ASSOCIATION_ENDS_MODE_DESCRIPTION</propertyDescriptionID>
						<value>DO_NOT_DISPLAY</value>
						<choice xmi:value='ALL^WITHOUT_ASSOCIATION^DO_NOT_DISPLAY'/>
						<index xmi:value='2'/>
					</mdElement>
					<mdElement elementClass='BooleanProperty'>
						<propertyID>SHOW_ATTRIBUTES_VISIBILITY</propertyID>
						<propertyGroup>ATTRIBUTES</propertyGroup>
						<propertyDescriptionID>SHOW_ATTRIBUTES_VISIBILITY_DESCRIPTION</propertyDescriptionID>
						<value xmi:value='true'/>
					</mdElement>
					<mdElement elementClass='BooleanProperty'>
						<propertyID>SHOW_ATTRIBUTES_TYPE</propertyID>
						<propertyGroup>ATTRIBUTES</propertyGroup>
						<propertyDescriptionID>SHOW_ATTRIBUTES_TYPE_DESCRIPTION</propertyDescriptionID>
						<value xmi:value='true'/>
					</mdElement>
					<mdElement elementClass='BooleanProperty'>
						<propertyID>SHOW_ATTRIBUTES_STEREOTYPE</propertyID>
						<propertyGroup>ATTRIBUTES</propertyGroup>
						<propertyDescriptionID>SHOW_ATTRIBUTES_STEREOTYPE_DESCRIPTION</propertyDescriptionID>
						<value xmi:value='true'/>
					</mdElement>
					<mdElement elementClass='BooleanProperty'>
						<propertyID>SHOW_ATTRIBUTES_PROPERTIES</propertyID>
						<propertyGroup>ATTRIBUTES</propertyGroup>
						<propertyDescriptionID>SHOW_ATTRIBUTES_PROPERTIES_DESCRIPTION</propertyDescriptionID>
						<value xmi:value='true'/>
					</mdElement>
					<mdElement elementClass='BooleanProperty'>
						<propertyID>SHOW_ATTRIBUTES_CONSTRAINTS</propertyID>
						<propertyGroup>ATTRIBUTES</propertyGroup>
						<propertyDescriptionID>SHOW_ATTRIBUTES_CONSTRAINTS_DESCRIPTION</propertyDescriptionID>
					</mdElement>
					<mdElement elementClass='ChoiceProperty'>
						<propertyID>ATTRIBUTES_CONSTRAINT_TEXT_MODE</propertyID>
						<propertyGroup>ATTRIBUTES</propertyGroup>
						<propertyDescriptionID>ATTRIBUTES_CONSTRAINT_TEXT_MODE_DESCRIPTION</propertyDescriptionID>
						<value>EXPRESSION_MODE</value>
						<choice xmi:value='NAME_MODE^EXPRESSION_MODE^NAME_EXPRESSION_MODE'/>
						<index xmi:value='1'/>
					</mdElement>
					<mdElement elementClass='BooleanProperty'>
						<propertyID>SHOW_INIT_VALUE</propertyID>
						<propertyGroup>ATTRIBUTES</propertyGroup>
						<propertyDescriptionID>SHOW_INIT_VALUE_DESCRIPTION</propertyDescriptionID>
						<value xmi:value='true'/>
					</mdElement>
					<mdElement elementClass='BooleanProperty'>
						<propertyID>SUPPRESS_CLASS_OPERATIONS</propertyID>
						<propertyGroup>OPERATIONS</propertyGroup>
						<propertyDescriptionID>SUPPRESS_CLASS_OPERATIONS_DESCRIPTION</propertyDescriptionID>
						<value xmi:value='true'/>
					</mdElement>
					<mdElement elementClass='ColorProperty'>
						<propertyID>OPERATION_COLOR</propertyID>
						<propertyGroup>OPERATIONS</propertyGroup>
						<propertyDescriptionID>OPERATION_COLOR_DESCRIPTION</propertyDescriptionID>
						<value xmi:value='-16777176'/>
					</mdElement>
					<mdElement elementClass='FontProperty'>
						<propertyID>OPERATION_FONT</propertyID>
						<propertyGroup>OPERATIONS</propertyGroup>
						<propertyDescriptionID>OPERATION_FONT_DESCRIPTION</propertyDescriptionID>
						<fontName>Arial</fontName>
						<size xmi:value='11'/>
						<style xmi:value='0'/>
					</mdElement>
					<mdElement elementClass='BooleanProperty'>
						<propertyID>SHOW_OPERATIONS_SIGNATURE</propertyID>
						<propertyGroup>OPERATIONS</propertyGroup>
						<propertyDescriptionID>SHOW_OPERATIONS_SIGNATURE_DESCRIPTION</propertyDescriptionID>
						<value xmi:value='true'/>
					</mdElement>
					<mdElement elementClass='BooleanProperty'>
						<propertyID>SHOW_MORE_SIGN_FOR_OPERATIONS</propertyID>
						<propertyGroup>OPERATIONS</propertyGroup>
						<propertyDescriptionID>SHOW_MORE_SIGN_FOR_OPERATIONS_DESCRIPTION</propertyDescriptionID>
						<value xmi:value='true'/>
					</mdElement>
					<mdElement elementClass='ChoiceProperty'>
						<propertyID>SORT_CLASS_OPERATIONS_MODE</propertyID>
						<propertyGroup>OPERATIONS</propertyGroup>
						<propertyDescriptionID>SORT_CLASS_OPERATIONS_MODE_DESCRIPTION</propertyDescriptionID>
						<value>NO_SORT</value>
						<choice xmi:value='NO_SORT^BY_NAME^BY_STEREOTYPE^BY_VISIBILITY'/>
						<index xmi:value='0'/>
					</mdElement>
					<mdElement elementClass='BooleanProperty'>
						<propertyID>SHOW_OPERATIONS_VISIBILITY</propertyID>
						<propertyGroup>OPERATIONS</propertyGroup>
						<propertyDescriptionID>SHOW_OPERATIONS_VISIBILITY_DESCRIPTION</propertyDescriptionID>
						<value xmi:value='true'/>
					</mdElement>
					<mdElement elementClass='BooleanProperty'>
						<propertyID>SHOW_OPERATIONS_STEREOTYPE</propertyID>
						<propertyGroup>OPERATIONS</propertyGroup>
						<propertyDescriptionID>SHOW_OPERATIONS_STEREOTYPE_DESCRIPTION</propertyDescriptionID>
						<value xmi:value='true'/>
					</mdElement>
					<mdElement elementClass='BooleanProperty'>
						<propertyID>SHOW_OPERATIONS_PROPERTIES</propertyID>
						<propertyGroup>OPERATIONS</propertyGroup>
						<propertyDescriptionID>SHOW_OPERATIONS_PROPERTIES_DESCRIPTION</propertyDescriptionID>
						<value xmi:value='true'/>
					</mdElement>
					<mdElement elementClass='BooleanProperty'>
						<propertyID>SHOW_OPERATIONS_CONSTRAINTS</propertyID>
						<propertyGroup>OPERATIONS</propertyGroup>
						<propertyDescriptionID>SHOW_OPERATIONS_CONSTRAINTS_DESCRIPTION</propertyDescriptionID>
					</mdElement>
					<mdElement elementClass='ChoiceProperty'>
						<propertyID>OPERATIONS_CONSTRAINT_TEXT_MODE</propertyID>
						<propertyGroup>OPERATIONS</propertyGroup>
						<propertyDescriptionID>OPERATIONS_CONSTRAINT_TEXT_MODE_DESCRIPTION</propertyDescriptionID>
						<value>EXPRESSION_MODE</value>
						<choice xmi:value='NAME_MODE^EXPRESSION_MODE^NAME_EXPRESSION_MODE'/>
						<index xmi:value='1'/>
					</mdElement>
					<mdElement elementClass='BooleanProperty'>
						<propertyID>SHOW_FULL_TYPE</propertyID>
						<propertyDescriptionID>SHOW_FULL_TYPE_DESCRIPTION</propertyDescriptionID>
					</mdElement>
					<mdElement elementClass='BooleanProperty'>
						<propertyID>SHOW_OPERATIONS_PARAMETERS_DIRECTION_KIND</propertyID>
						<propertyGroup>OPERATIONS</propertyGroup>
						<propertyDescriptionID>SHOW_OPERATIONS_PARAMETERS_DIRECTION_KIND_DESCRIPTION</propertyDescriptionID>
					</mdElement>
					<mdElement elementClass='ChoiceProperty'>
						<propertyID>TAGGED_VALUES_DISPLAY_MODE</propertyID>
						<propertyDescriptionID>TAGGED_VALUES_DISPLAY_MODE_DESCRIPTION</propertyDescriptionID>
						<value>ON_SHAPE</value>
						<choice xmi:value='ON_SHAPE^IN_COMPARTMENT^DO_NOT_DISPLAY'/>
						<index xmi:value='0'/>
					</mdElement>
					<mdElement elementClass='BooleanProperty'>
						<propertyID>SHOW_TAGGED_VALUES_STEREOTYPES</propertyID>
						<propertyDescriptionID>SHOW_TAGGED_VALUES_STEREOTYPES_DESCRIPTION</propertyDescriptionID>
						<value xmi:value='true'/>
					</mdElement>
					<mdElement elementClass='BooleanProperty'>
						<propertyID>SHOW_QUALIFIED_NAME_IN_TAGGED_VALUES</propertyID>
						<propertyDescriptionID>SHOW_QUALIFIED_NAME_IN_TAGGED_VALUES_DESCRIPTION</propertyDescriptionID>
					</mdElement>
					<mdElement elementClass='BooleanProperty'>
						<propertyID>MEMBERS_WORD_WRAP</propertyID>
						<propertyDescriptionID>MEMBERS_WORD_WRAP_DESCRIPTION</propertyDescriptionID>
					</mdElement>
					<mdElement elementClass='BooleanProperty'>
						<propertyID>SUPPRESS_CLASS_PORTS</propertyID>
						<propertyGroup>PORTS</propertyGroup>
						<propertyDescriptionID>SUPPRESS_CLASS_PORTS_DESCRIPTION</propertyDescriptionID>
						<value xmi:value='true'/>
					</mdElement>
					<mdElement elementClass='ColorProperty'>
						<propertyID>PORTS_COLOR</propertyID>
						<propertyGroup>PORTS</propertyGroup>
						<propertyDescriptionID>PORTS_COLOR_DESCRIPTION</propertyDescriptionID>
						<value xmi:value='-14155776'/>
					</mdElement>
					<mdElement elementClass='FontProperty'>
						<propertyID>PORTS_FONT</propertyID>
						<propertyGroup>PORTS</propertyGroup>
						<propertyDescriptionID>PORTS_FONT_DESCRIPTION</propertyDescriptionID>
						<fontName>Arial</fontName>
						<size xmi:value='11'/>
						<style xmi:value='0'/>
					</mdElement>
					<mdElement elementClass='BooleanProperty'>
						<propertyID>SHOW_MORE_SIGN_FOR_PORTS</propertyID>
						<propertyGroup>PORTS</propertyGroup>
						<propertyDescriptionID>SHOW_MORE_SIGN_FOR_PORTS_DESCRIPTION</propertyDescriptionID>
						<value xmi:value='true'/>
					</mdElement>
					<mdElement elementClass='ChoiceProperty'>
						<propertyID>SORT_CLASS_PORT_MODE</propertyID>
						<propertyGroup>PORTS</propertyGroup>
						<propertyDescriptionID>SORT_CLASS_PORT_MODE_DESCRIPTION</propertyDescriptionID>
						<value>NO_SORT</value>
						<choice xmi:value='NO_SORT^BY_NAME^BY_STEREOTYPE^BY_VISIBILITY'/>
						<index xmi:value='0'/>
					</mdElement>
					<mdElement elementClass='BooleanProperty'>
						<propertyID>SHOW_PORTS_VISIBILITY</propertyID>
						<propertyGroup>PORTS</propertyGroup>
						<propertyDescriptionID>SHOW_PORTS_VISIBILITY_DESCRIPTION</propertyDescriptionID>
					</mdElement>
					<mdElement elementClass='BooleanProperty'>
						<propertyID>SHOW_PORTS_TYPE</propertyID>
						<propertyGroup>PORTS</propertyGroup>
						<propertyDescriptionID>SHOW_PORTS_TYPE_DESCRIPTION</propertyDescriptionID>
						<value xmi:value='true'/>
					</mdElement>
					<mdElement elementClass='BooleanProperty'>
						<propertyID>SHOW_PORTS_STEREOTYPE</propertyID>
						<propertyGroup>PORTS</propertyGroup>
						<propertyDescriptionID>SHOW_PORTS_STEREOTYPE_DESCRIPTION</propertyDescriptionID>
						<value xmi:value='true'/>
					</mdElement>
					<mdElement elementClass='BooleanProperty'>
						<propertyID>SHOW_PORTS_PROPERTIES</propertyID>
						<propertyGroup>PORTS</propertyGroup>
						<propertyDescriptionID>SHOW_PORTS_PROPERTIES_DESCRIPTION</propertyDescriptionID>
						<value xmi:value='true'/>
					</mdElement>
					<mdElement elementClass='BooleanProperty'>
						<propertyID>SHOW_PORTS_CONSTRAINTS</propertyID>
						<propertyGroup>PORTS</propertyGroup>
						<propertyDescriptionID>SHOW_PORTS_CONSTRAINTS_DESCRIPTION</propertyDescriptionID>
					</mdElement>
					<mdElement elementClass='ChoiceProperty'>
						<propertyID>PORTS_CONSTRAINTS_TEXT_MODE</propertyID>
						<propertyGroup>PORTS</propertyGroup>
						<propertyDescriptionID>PORTS_CONSTRAINTS_TEXT_MODE_DESCRIPTION</propertyDescriptionID>
						<value>EXPRESSION_MODE</value>
						<choice xmi:value='NAME_MODE^EXPRESSION_MODE^NAME_EXPRESSION_MODE'/>
						<index xmi:value='1'/>
					</mdElement>
					<mdElement elementClass='BooleanProperty'>
						<propertyID>SHOW_INIT_PORTS_VALUE</propertyID>
						<propertyGroup>PORTS</propertyGroup>
						<propertyDescriptionID>SHOW_INIT_PORTS_VALUE_DESCRIPTION</propertyDescriptionID>
					</mdElement>
					<mdElement elementClass='BooleanProperty'>
						<propertyID>SUPPRESS_SIGNAL_RECEPTIONS</propertyID>
						<propertyGroup>RECEPTIONS</propertyGroup>
						<propertyDescriptionID>SUPPRESS_SIGNAL_RECEPTIONS_DESCRIPTION</propertyDescriptionID>
						<value xmi:value='true'/>
					</mdElement>
					<mdElement elementClass='ColorProperty'>
						<propertyID>RECEPTION_COLOR</propertyID>
						<propertyGroup>RECEPTIONS</propertyGroup>
						<propertyDescriptionID>RECEPTION_COLOR_DESCRIPTION</propertyDescriptionID>
						<value xmi:value='-16777176'/>
					</mdElement>
					<mdElement elementClass='FontProperty'>
						<propertyID>RECEPTION_FONT</propertyID>
						<propertyGroup>RECEPTIONS</propertyGroup>
						<propertyDescriptionID>RECEPTION_FONT_DESCRIPTION</propertyDescriptionID>
						<fontName>Arial</fontName>
						<size xmi:value='11'/>
						<style xmi:value='0'/>
					</mdElement>
					<mdElement elementClass='BooleanProperty'>
						<propertyID>SHOW_SIGNAL_RECEPTIONS_SIGNATURE</propertyID>
						<propertyGroup>RECEPTIONS</propertyGroup>
						<propertyDescriptionID>SHOW_SIGNAL_RECEPTIONS_SIGNATURE_DESCRIPTION</propertyDescriptionID>
						<value xmi:value='true'/>
					</mdElement>
					<mdElement elementClass='BooleanProperty'>
						<propertyID>SHOW_MORE_SIGN_FOR_RECEPTIONS</propertyID>
						<propertyGroup>RECEPTIONS</propertyGroup>
						<propertyDescriptionID>SHOW_MORE_SIGN_FOR_RECEPTIONS_DESCRIPTION</propertyDescriptionID>
						<value xmi:value='true'/>
					</mdElement>
					<mdElement elementClass='ChoiceProperty'>
						<propertyID>SORT_CLASS_RECEPTIONS_MODE</propertyID>
						<propertyGroup>RECEPTIONS</propertyGroup>
						<propertyDescriptionID>SORT_CLASS_RECEPTIONS_MODE_DESCRIPTION</propertyDescriptionID>
						<value>NO_SORT</value>
						<choice xmi:value='NO_SORT^BY_SIGNAL_NAME^BY_STEREOTYPE^BY_VISIBILITY'/>
						<index xmi:value='0'/>
					</mdElement>
					<mdElement elementClass='BooleanProperty'>
						<propertyID>SHOW_SIGNAL_RECEPTIONS_VISIBILITY</propertyID>
						<propertyGroup>RECEPTIONS</propertyGroup>
						<propertyDescriptionID>SHOW_SIGNAL_RECEPTIONS_VISIBILITY_DESCRIPTION</propertyDescriptionID>
					</mdElement>
					<mdElement elementClass='BooleanProperty'>
						<propertyID>SHOW_RECEPTIONS_STEREOTYPES</propertyID>
						<propertyGroup>RECEPTIONS</propertyGroup>
						<propertyDescriptionID>SHOW_RECEPTIONS_STEREOTYPES_DESCRIPTION</propertyDescriptionID>
						<value xmi:value='true'/>
					</mdElement>
					<mdElement elementClass='BooleanProperty'>
						<propertyID>SHOW_RECEPTIONS_PROPERTIES</propertyID>
						<propertyGroup>RECEPTIONS</propertyGroup>
						<propertyDescriptionID>SHOW_RECEPTIONS_PROPERTIES_DESCRIPTION</propertyDescriptionID>
						<value xmi:value='true'/>
					</mdElement>
					<mdElement elementClass='BooleanProperty'>
						<propertyID>SHOW_RECEPTIONS_CONSTRAINTS</propertyID>
						<propertyGroup>RECEPTIONS</propertyGroup>
						<propertyDescriptionID>SHOW_RECEPTIONS_CONSTRAINTS_DESCRIPTION</propertyDescriptionID>
					</mdElement>
					<mdElement elementClass='ChoiceProperty'>
						<propertyID>RECEPTIONS_CONSTRAINTS_TEXT_MODE</propertyID>
						<propertyGroup>RECEPTIONS</propertyGroup>
						<propertyDescriptionID>RECEPTIONS_CONSTRAINTS_TEXT_MODE_DESCRIPTION</propertyDescriptionID>
						<value>EXPRESSION_MODE</value>
						<choice xmi:value='NAME_MODE^EXPRESSION_MODE^NAME_EXPRESSION_MODE'/>
						<index xmi:value='1'/>
					</mdElement>
					<mdElement elementClass='BooleanProperty'>
						<propertyID>SHOW_RECEPTIONS_PARAMETERS_DIRECTION_KIND</propertyID>
						<propertyGroup>RECEPTIONS</propertyGroup>
						<propertyDescriptionID>SHOW_RECEPTIONS_PARAMETERS_DIRECTION_KIND_DESCRIPTION</propertyDescriptionID>
					</mdElement>
					<mdElement elementClass='BooleanProperty'>
						<propertyID>SUPPRESS_STRUCTURE</propertyID>
						<propertyDescriptionID>SUPPRESS_STRUCTURE_DESCRIPTION</propertyDescriptionID>
						<value xmi:value='true'/>
					</mdElement>
					<mdElement elementClass='BooleanProperty'>
						<propertyID>WRAP_WORDS</propertyID>
						<propertyDescriptionID>WRAP_WORDS_DESCRIPTION</propertyDescriptionID>
						<value xmi:value='true'/>
					</mdElement>
					<mdElement elementClass='FontProperty'>
						<propertyID>FONT</propertyID>
						<propertyDescriptionID>FONT_DESCRIPTION</propertyDescriptionID>
						<fontName>Arial</fontName>
						<size xmi:value='13'/>
						<style xmi:value='0'/>
					</mdElement>
					<mdElement elementClass='BooleanProperty'>
						<propertyID>SUPPRESS_DEPLOYED_ELEMENTS</propertyID>
						<propertyDescriptionID>SUPPRESS_DEPLOYED_ELEMENTS_DESCRIPTION</propertyDescriptionID>
						<value xmi:value='true'/>
					</mdElement>
				</mdElement>
				<mdElement elementClass='ExtendableManager'>
					<removable xmi:value='false'/>
					<extendableByDiagram xmi:value='true'/>
					<extendableByStereotype xmi:value='false'/>
					<name>NodeInstance</name>
					<propertyManagerID>_16_6_2_931029f_1387381120867_83629_436</propertyManagerID>
					<parentPropertyManager>_16_6_2_931029f_1387381120857_505452_350</parentPropertyManager>
					<mdElement elementClass='BooleanProperty'>
						<propertyID>WRAP_WORDS</propertyID>
						<propertyDescriptionID>WRAP_WORDS_DESCRIPTION</propertyDescriptionID>
						<value xmi:value='true'/>
					</mdElement>
					<mdElement elementClass='ColorProperty'>
						<propertyID>FILL_COLOR</propertyID>
						<propertyDescriptionID>FILL_COLOR_DESCRIPTION</propertyDescriptionID>
						<value xmi:value='-3916'/>
					</mdElement>
					<mdElement elementClass='ColorProperty'>
						<propertyID>PEN_COLOR</propertyID>
						<propertyDescriptionID>PEN_COLOR_DESCRIPTION</propertyDescriptionID>
						<value xmi:value='-6714020'/>
					</mdElement>
					<mdElement elementClass='FontProperty'>
						<propertyID>FONT</propertyID>
						<propertyDescriptionID>FONT_DESCRIPTION</propertyDescriptionID>
						<fontName>Arial</fontName>
						<size xmi:value='13'/>
						<style xmi:value='0'/>
					</mdElement>
					<mdElement elementClass='BooleanProperty'>
						<propertyID>SHOW_OBJECT_CLASS</propertyID>
						<propertyDescriptionID>SHOW_OBJECT_CLASS_DESCRIPTION</propertyDescriptionID>
						<value xmi:value='true'/>
					</mdElement>
					<mdElement elementClass='BooleanProperty'>
						<propertyID>SHOW_FULL_TYPE</propertyID>
						<propertyDescriptionID>SHOW_FULL_TYPE_DESCRIPTION</propertyDescriptionID>
					</mdElement>
					<mdElement elementClass='BooleanProperty'>
						<propertyID>SHOW_SPECIFICATION_VALUE</propertyID>
						<propertyDescriptionID>SHOW_SPECIFICATION_VALUE_DESCRIPTION</propertyDescriptionID>
					</mdElement>
					<mdElement elementClass='BooleanProperty'>
						<propertyID>SUPPRESS_OBJECT_ATTRIBUTES</propertyID>
						<propertyDescriptionID>SUPPRESS_OBJECT_ATTRIBUTES_DESCRIPTION</propertyDescriptionID>
					</mdElement>
					<mdElement elementClass='BooleanProperty'>
						<propertyID>SUPPRESS_DEPLOYED_ELEMENTS</propertyID>
						<propertyDescriptionID>SUPPRESS_DEPLOYED_ELEMENTS_DESCRIPTION</propertyDescriptionID>
						<value xmi:value='true'/>
					</mdElement>
				</mdElement>
				<mdElement elementClass='ExtendableManager'>
					<removable xmi:value='false'/>
					<extendableByDiagram xmi:value='true'/>
					<extendableByStereotype xmi:value='false'/>
					<name>Note</name>
					<propertyManagerID>_16_6_2_931029f_1387381120867_751324_437</propertyManagerID>
					<parentPropertyManager>_16_6_2_931029f_1387381120857_505452_350</parentPropertyManager>
					<mdElement elementClass='BooleanProperty'>
						<propertyID>WRAP_WORDS</propertyID>
						<propertyDescriptionID>WRAP_WORDS_DESCRIPTION</propertyDescriptionID>
						<value xmi:value='true'/>
					</mdElement>
					<mdElement elementClass='BooleanProperty'>
						<propertyID>HTML_TEXT</propertyID>
						<propertyDescriptionID>HTML_TEXT_DESCRIPTION</propertyDescriptionID>
					</mdElement>
					<mdElement elementClass='ChoiceProperty'>
						<propertyID>TEXT_DISPLAY_MODE</propertyID>
						<propertyDescriptionID>TEXT_DISPLAY_MODE_DESCRIPTION</propertyDescriptionID>
						<value>SHOW_COMMENT</value>
						<choice xmi:value='SHOW_COMMENT^SHOW_DOCUMENTATION^NONE'/>
						<index xmi:value='0'/>
					</mdElement>
					<mdElement elementClass='BooleanProperty'>
						<propertyID>SHOW_LINE_BETWEEN_COMPARTMENTS</propertyID>
						<propertyDescriptionID>SHOW_LINE_BETWEEN_COMPARTMENTS_DESCRIPTION</propertyDescriptionID>
						<value xmi:value='true'/>
					</mdElement>
					<mdElement elementClass='BooleanProperty'>
						<propertyID>SHOW_CONSTRAINTS</propertyID>
						<propertyDescriptionID>SHOW_CONSTRAINTS_DESCRIPTION</propertyDescriptionID>
					</mdElement>
					<mdElement elementClass='BooleanProperty'>
						<propertyID>SHOW_TAGGED_VALUES</propertyID>
						<propertyDescriptionID>SHOW_TAGGED_VALUES_DESCRIPTION</propertyDescriptionID>
					</mdElement>
					<mdElement elementClass='BooleanProperty'>
						<propertyID>SHOW_DOCUMENTATION_STEREOTYPES</propertyID>
						<propertyDescriptionID>SHOW_DOCUMENTATION_STEREOTYPES_DESCRIPTION</propertyDescriptionID>
						<value xmi:value='true'/>
					</mdElement>
					<mdElement elementClass='BooleanProperty'>
						<propertyID>SHOW_TAGGED_VALUES_STEREOTYPES</propertyID>
						<propertyDescriptionID>SHOW_TAGGED_VALUES_STEREOTYPES_DESCRIPTION</propertyDescriptionID>
						<value xmi:value='true'/>
					</mdElement>
					<mdElement elementClass='BooleanProperty'>
						<propertyID>SHOW_QUALIFIED_NAME_IN_TAGGED_VALUES</propertyID>
						<propertyDescriptionID>SHOW_QUALIFIED_NAME_IN_TAGGED_VALUES_DESCRIPTION</propertyDescriptionID>
					</mdElement>
					<mdElement elementClass='BooleanProperty'>
						<propertyID>SHOW_ELEMENT_PROPERTIES</propertyID>
						<propertyDescriptionID>SHOW_ELEMENT_PROPERTIES_DESCRIPTION</propertyDescriptionID>
						<value xmi:value='true'/>
					</mdElement>
					<mdElement elementClass='ColorProperty'>
						<propertyID>FILL_COLOR</propertyID>
						<propertyDescriptionID>FILL_COLOR_DESCRIPTION</propertyDescriptionID>
						<value xmi:value='-3916'/>
					</mdElement>
					<mdElement elementClass='ColorProperty'>
						<propertyID>PEN_COLOR</propertyID>
						<propertyDescriptionID>PEN_COLOR_DESCRIPTION</propertyDescriptionID>
						<value xmi:value='-6714020'/>
					</mdElement>
					<mdElement elementClass='ChoiceProperty'>
						<propertyID>STEREOTYPES_DISPLAY_MODE</propertyID>
						<propertyDescriptionID>STEREOTYPES_DISPLAY_MODE_DESCRIPTION</propertyDescriptionID>
						<value>STEREOTYPE_DISPLAY_MODE_SHAPE_IMAGE_AND_TEXT</value>
						<choice xmi:value='STEREOTYPE_DISPLAY_MODE_TEXT_AND_ICON^STEREOTYPE_DISPLAY_MODE_TEXT^STEREOTYPE_DISPLAY_MODE_ICON^STEREOTYPE_DISPLAY_MODE_SHAPE_IMAGE_AND_TEXT^STEREOTYPE_DISPLAY_MODE_SHAPE_IMAGE^STEREOTYPE_DISPLAY_MODE_DO_NOT_DISPLAY_STEREOTYPES'/>
						<index xmi:value='3'/>
					</mdElement>
				</mdElement>
				<mdElement elementClass='ExtendableManager'>
					<removable xmi:value='false'/>
					<extendableByDiagram xmi:value='true'/>
					<extendableByStereotype xmi:value='false'/>
					<name>Note Anchor</name>
					<propertyManagerID>_16_6_2_931029f_1387381120868_449537_438</propertyManagerID>
					<parentPropertyManager>_16_6_2_931029f_1387381120857_945759_348</parentPropertyManager>
					<mdElement elementClass='ChoiceProperty'>
						<propertyID>LINK_LINE_STYLE</propertyID>
						<propertyDescriptionID>LINK_LINE_STYLE_DESCRIPTION</propertyDescriptionID>
						<value>OBLIQUE</value>
						<choice xmi:value='RECTILINEAR^OBLIQUE^BEZIER'/>
						<index xmi:value='1'/>
					</mdElement>
				</mdElement>
				<mdElement elementClass='ExtendableManager'>
					<removable xmi:value='false'/>
					<extendableByDiagram xmi:value='true'/>
					<extendableByStereotype xmi:value='false'/>
					<name>ObjectFlow</name>
					<propertyManagerID>_16_6_2_931029f_1387381120868_754680_439</propertyManagerID>
					<parentPropertyManager>_16_6_2_931029f_1387381120857_945759_348</parentPropertyManager>
					<mdElement elementClass='ColorProperty'>
						<propertyID>STEREOTYPE_COLOR</propertyID>
						<propertyDescriptionID>STEREOTYPE_COLOR_DESCRIPTION</propertyDescriptionID>
						<value xmi:value='-16777216'/>
					</mdElement>
					<mdElement elementClass='FontProperty'>
						<propertyID>STEREOTYPE_FONT</propertyID>
						<propertyDescriptionID>STEREOTYPE_FONT_DESCRIPTION</propertyDescriptionID>
						<fontName>Arial</fontName>
						<size xmi:value='11'/>
						<style xmi:value='0'/>
					</mdElement>
					<mdElement elementClass='BooleanProperty'>
						<propertyID>WRAP_WORDS</propertyID>
						<propertyDescriptionID>WRAP_WORDS_DESCRIPTION</propertyDescriptionID>
					</mdElement>
					<mdElement elementClass='BooleanProperty'>
						<propertyID>SHOW_NAME</propertyID>
						<propertyDescriptionID>SHOW_NAME_DESCRIPTION</propertyDescriptionID>
						<value xmi:value='true'/>
					</mdElement>
					<mdElement elementClass='ChoiceProperty'>
						<propertyID>STEREOTYPES_DISPLAY_MODE</propertyID>
						<propertyDescriptionID>STEREOTYPES_DISPLAY_MODE_DESCRIPTION</propertyDescriptionID>
						<value>STEREOTYPE_DISPLAY_MODE_TEXT_AND_ICON</value>
						<choice xmi:value='STEREOTYPE_DISPLAY_MODE_TEXT_AND_ICON^STEREOTYPE_DISPLAY_MODE_TEXT^STEREOTYPE_DISPLAY_MODE_ICON^STEREOTYPE_DISPLAY_MODE_DO_NOT_DISPLAY_STEREOTYPES'/>
						<index xmi:value='0'/>
					</mdElement>
					<mdElement elementClass='BooleanProperty'>
						<propertyID>SHOW_TAGGED_VALUES</propertyID>
						<propertyDescriptionID>SHOW_TAGGED_VALUES_DESCRIPTION</propertyDescriptionID>
						<value xmi:value='true'/>
					</mdElement>
					<mdElement elementClass='BooleanProperty'>
						<propertyID>SHOW_CONVEYED_A</propertyID>
						<propertyDescriptionID>SHOW_CONVEYED_A_DESCRIPTION</propertyDescriptionID>
						<value xmi:value='true'/>
					</mdElement>
					<mdElement elementClass='BooleanProperty'>
						<propertyID>SHOW_CONVEYED_B</propertyID>
						<propertyDescriptionID>SHOW_CONVEYED_B_DESCRIPTION</propertyDescriptionID>
						<value xmi:value='true'/>
					</mdElement>
					<mdElement elementClass='BooleanProperty'>
						<propertyID>SHOW_CONSTRAINTS</propertyID>
						<propertyDescriptionID>SHOW_CONSTRAINTS_DESCRIPTION</propertyDescriptionID>
						<value xmi:value='true'/>
					</mdElement>
					<mdElement elementClass='BooleanProperty'>
						<propertyID>IS_ROUNDED</propertyID>
						<propertyDescriptionID>IS_ROUNDED_DESCRIPTION</propertyDescriptionID>
						<value xmi:value='true'/>
					</mdElement>
				</mdElement>
				<mdElement elementClass='ExtendableManager'>
					<removable xmi:value='false'/>
					<extendableByDiagram xmi:value='true'/>
					<extendableByStereotype xmi:value='false'/>
					<name>OpaqueAction</name>
					<propertyManagerID>_16_6_2_931029f_1387381120868_66502_440</propertyManagerID>
					<parentPropertyManager>_16_6_2_931029f_1387381120857_505452_350</parentPropertyManager>
					<mdElement elementClass='BooleanProperty'>
						<propertyID>WRAP_WORDS</propertyID>
						<propertyDescriptionID>WRAP_WORDS_DESCRIPTION</propertyDescriptionID>
						<value xmi:value='true'/>
					</mdElement>
					<mdElement elementClass='ColorProperty'>
						<propertyID>FILL_COLOR</propertyID>
						<propertyDescriptionID>FILL_COLOR_DESCRIPTION</propertyDescriptionID>
						<value xmi:value='-1973821'/>
					</mdElement>
					<mdElement elementClass='ColorProperty'>
						<propertyID>PEN_COLOR</propertyID>
						<propertyDescriptionID>PEN_COLOR_DESCRIPTION</propertyDescriptionID>
						<value xmi:value='-6710948'/>
					</mdElement>
					<mdElement elementClass='ChoiceProperty'>
						<propertyID>OPAQUE_ACTION_DISPLAY_MODE</propertyID>
						<propertyDescriptionID>OPAQUE_ACTION_DISPLAY_MODE_DESCRIPTION</propertyDescriptionID>
						<value>SHOW_BODY</value>
						<choice xmi:value='SHOW_ACTION_NAME^SHOW_BODY'/>
						<index xmi:value='1'/>
					</mdElement>
				</mdElement>
				<mdElement elementClass='ExtendableManager'>
					<removable xmi:value='false'/>
					<extendableByDiagram xmi:value='true'/>
					<extendableByStereotype xmi:value='false'/>
					<name>OutputPin</name>
					<propertyManagerID>_16_6_2_931029f_1387381120868_416552_441</propertyManagerID>
					<parentPropertyManager>_16_6_2_931029f_1387381120857_505452_350</parentPropertyManager>
					<mdElement elementClass='BooleanProperty'>
						<propertyID>AUTOSIZE</propertyID>
						<propertyDescriptionID>AUTOSIZE_DESCRIPTION</propertyDescriptionID>
						<value xmi:value='true'/>
					</mdElement>
					<mdElement elementClass='BooleanProperty'>
						<propertyID>SHOW_NAME</propertyID>
						<propertyDescriptionID>SHOW_NAME_DESCRIPTION</propertyDescriptionID>
						<value xmi:value='true'/>
					</mdElement>
					<mdElement elementClass='BooleanProperty'>
						<propertyID>SHOW_TYPE</propertyID>
						<propertyDescriptionID>SHOW_TYPE_DESCRIPTION</propertyDescriptionID>
					</mdElement>
					<mdElement elementClass='BooleanProperty'>
						<propertyID>SHOW_FULL_TYPE</propertyID>
						<propertyDescriptionID>SHOW_FULL_TYPE_DESCRIPTION</propertyDescriptionID>
					</mdElement>
					<mdElement elementClass='BooleanProperty'>
						<propertyID>USE_FIXED_CONNECTION_POINTS</propertyID>
						<propertyDescriptionID>USE_FIXED_CONNECTION_POINTS_DESCRIPTION</propertyDescriptionID>
						<value xmi:value='true'/>
					</mdElement>
					<mdElement elementClass='ColorProperty'>
						<propertyID>FILL_COLOR</propertyID>
						<propertyDescriptionID>FILL_COLOR_DESCRIPTION</propertyDescriptionID>
						<value xmi:value='-1973821'/>
					</mdElement>
					<mdElement elementClass='ColorProperty'>
						<propertyID>PEN_COLOR</propertyID>
						<propertyDescriptionID>PEN_COLOR_DESCRIPTION</propertyDescriptionID>
						<value xmi:value='-6710948'/>
					</mdElement>
					<mdElement elementClass='BooleanProperty'>
						<propertyID>SHOW_PROPERTIES</propertyID>
						<propertyDescriptionID>SHOW_PROPERTIES_DESCRIPTION</propertyDescriptionID>
						<value xmi:value='true'/>
					</mdElement>
					<mdElement elementClass='ChoiceProperty'>
						<propertyID>STEREOTYPES_DISPLAY_MODE</propertyID>
						<propertyDescriptionID>STEREOTYPES_DISPLAY_MODE_DESCRIPTION</propertyDescriptionID>
						<value>STEREOTYPE_DISPLAY_MODE_DO_NOT_DISPLAY_STEREOTYPES</value>
						<choice xmi:value='STEREOTYPE_DISPLAY_MODE_TEXT_AND_ICON^STEREOTYPE_DISPLAY_MODE_TEXT^STEREOTYPE_DISPLAY_MODE_ICON^STEREOTYPE_DISPLAY_MODE_SHAPE_IMAGE_AND_TEXT^STEREOTYPE_DISPLAY_MODE_SHAPE_IMAGE^STEREOTYPE_DISPLAY_MODE_DO_NOT_DISPLAY_STEREOTYPES'/>
						<index xmi:value='5'/>
					</mdElement>
					<mdElement elementClass='BooleanProperty'>
						<propertyID>SHOW_TAGGED_VALUES</propertyID>
						<propertyDescriptionID>SHOW_TAGGED_VALUES_DESCRIPTION</propertyDescriptionID>
					</mdElement>
					<mdElement elementClass='BooleanProperty'>
						<propertyID>SHOW_CONSTRAINTS</propertyID>
						<propertyDescriptionID>SHOW_CONSTRAINTS_DESCRIPTION</propertyDescriptionID>
					</mdElement>
				</mdElement>
				<mdElement elementClass='ExtendableManager'>
					<removable xmi:value='false'/>
					<extendableByDiagram xmi:value='true'/>
					<extendableByStereotype xmi:value='false'/>
					<name>Package</name>
					<propertyManagerID>_16_6_2_931029f_1387381120871_375532_442</propertyManagerID>
					<parentPropertyManager>_16_6_2_931029f_1387381120857_505452_350</parentPropertyManager>
					<mdElement elementClass='ColorProperty'>
						<propertyID>FILL_COLOR</propertyID>
						<propertyDescriptionID>FILL_COLOR_DESCRIPTION</propertyDescriptionID>
						<value xmi:value='-2826753'/>
					</mdElement>
					<mdElement elementClass='ColorProperty'>
						<propertyID>PEN_COLOR</propertyID>
						<propertyDescriptionID>PEN_COLOR_DESCRIPTION</propertyDescriptionID>
						<value xmi:value='-9734759'/>
					</mdElement>
					<mdElement elementClass='FontProperty'>
						<propertyID>FONT</propertyID>
						<propertyDescriptionID>FONT_DESCRIPTION</propertyDescriptionID>
						<fontName>Arial</fontName>
						<size xmi:value='13'/>
						<style xmi:value='0'/>
					</mdElement>
					<mdElement elementClass='ChoiceProperty'>
						<propertyID>PACKAGE_HEADER_POSITION</propertyID>
						<propertyDescriptionID>PACKAGE_HEADER_POSITION_DESCRIPTION</propertyDescriptionID>
						<value>TOP</value>
						<choice xmi:value='TOP^IN_TAB'/>
						<index xmi:value='0'/>
					</mdElement>
					<mdElement elementClass='BooleanProperty'>
						<propertyID>SHOW_ELEMENTS_LIST</propertyID>
						<propertyDescriptionID>SHOW_ELEMENTS_LIST_DESCRIPTION</propertyDescriptionID>
					</mdElement>
				</mdElement>
				<mdElement elementClass='ExtendableManager'>
					<removable xmi:value='false'/>
					<extendableByDiagram xmi:value='true'/>
					<extendableByStereotype xmi:value='false'/>
					<name>PackageImport</name>
					<propertyManagerID>_16_6_2_931029f_1387381120871_819294_443</propertyManagerID>
					<parentPropertyManager>_16_6_2_931029f_1387381120857_945759_348</parentPropertyManager>
					<mdElement elementClass='ColorProperty'>
						<propertyID>STEREOTYPE_COLOR</propertyID>
						<propertyDescriptionID>STEREOTYPE_COLOR_DESCRIPTION</propertyDescriptionID>
						<value xmi:value='-16777216'/>
					</mdElement>
					<mdElement elementClass='FontProperty'>
						<propertyID>STEREOTYPE_FONT</propertyID>
						<propertyDescriptionID>STEREOTYPE_FONT_DESCRIPTION</propertyDescriptionID>
						<fontName>Arial</fontName>
						<size xmi:value='11'/>
						<style xmi:value='0'/>
					</mdElement>
					<mdElement elementClass='BooleanProperty'>
						<propertyID>WRAP_WORDS</propertyID>
						<propertyDescriptionID>WRAP_WORDS_DESCRIPTION</propertyDescriptionID>
					</mdElement>
					<mdElement elementClass='BooleanProperty'>
						<propertyID>SHOW_NAME</propertyID>
						<propertyDescriptionID>SHOW_NAME_DESCRIPTION</propertyDescriptionID>
						<value xmi:value='true'/>
					</mdElement>
					<mdElement elementClass='ChoiceProperty'>
						<propertyID>STEREOTYPES_DISPLAY_MODE</propertyID>
						<propertyDescriptionID>STEREOTYPES_DISPLAY_MODE_DESCRIPTION</propertyDescriptionID>
						<value>STEREOTYPE_DISPLAY_MODE_TEXT_AND_ICON</value>
						<choice xmi:value='STEREOTYPE_DISPLAY_MODE_TEXT_AND_ICON^STEREOTYPE_DISPLAY_MODE_TEXT^STEREOTYPE_DISPLAY_MODE_ICON^STEREOTYPE_DISPLAY_MODE_DO_NOT_DISPLAY_STEREOTYPES'/>
						<index xmi:value='0'/>
					</mdElement>
					<mdElement elementClass='BooleanProperty'>
						<propertyID>SHOW_TAGGED_VALUES</propertyID>
						<propertyDescriptionID>SHOW_TAGGED_VALUES_DESCRIPTION</propertyDescriptionID>
						<value xmi:value='true'/>
					</mdElement>
					<mdElement elementClass='BooleanProperty'>
						<propertyID>SHOW_CONVEYED_A</propertyID>
						<propertyDescriptionID>SHOW_CONVEYED_A_DESCRIPTION</propertyDescriptionID>
						<value xmi:value='true'/>
					</mdElement>
					<mdElement elementClass='BooleanProperty'>
						<propertyID>SHOW_CONVEYED_B</propertyID>
						<propertyDescriptionID>SHOW_CONVEYED_B_DESCRIPTION</propertyDescriptionID>
						<value xmi:value='true'/>
					</mdElement>
					<mdElement elementClass='BooleanProperty'>
						<propertyID>SHOW_CONSTRAINTS</propertyID>
						<propertyDescriptionID>SHOW_CONSTRAINTS_DESCRIPTION</propertyDescriptionID>
						<value xmi:value='true'/>
					</mdElement>
				</mdElement>
				<mdElement elementClass='ExtendableManager'>
					<removable xmi:value='false'/>
					<extendableByDiagram xmi:value='true'/>
					<extendableByStereotype xmi:value='false'/>
					<name>PackageMerge</name>
					<propertyManagerID>_16_6_2_931029f_1387381120871_284246_444</propertyManagerID>
					<parentPropertyManager>_16_6_2_931029f_1387381120857_945759_348</parentPropertyManager>
					<mdElement elementClass='ColorProperty'>
						<propertyID>STEREOTYPE_COLOR</propertyID>
						<propertyDescriptionID>STEREOTYPE_COLOR_DESCRIPTION</propertyDescriptionID>
						<value xmi:value='-16777216'/>
					</mdElement>
					<mdElement elementClass='FontProperty'>
						<propertyID>STEREOTYPE_FONT</propertyID>
						<propertyDescriptionID>STEREOTYPE_FONT_DESCRIPTION</propertyDescriptionID>
						<fontName>Arial</fontName>
						<size xmi:value='11'/>
						<style xmi:value='0'/>
					</mdElement>
					<mdElement elementClass='BooleanProperty'>
						<propertyID>WRAP_WORDS</propertyID>
						<propertyDescriptionID>WRAP_WORDS_DESCRIPTION</propertyDescriptionID>
					</mdElement>
					<mdElement elementClass='BooleanProperty'>
						<propertyID>SHOW_NAME</propertyID>
						<propertyDescriptionID>SHOW_NAME_DESCRIPTION</propertyDescriptionID>
						<value xmi:value='true'/>
					</mdElement>
					<mdElement elementClass='ChoiceProperty'>
						<propertyID>STEREOTYPES_DISPLAY_MODE</propertyID>
						<propertyDescriptionID>STEREOTYPES_DISPLAY_MODE_DESCRIPTION</propertyDescriptionID>
						<value>STEREOTYPE_DISPLAY_MODE_TEXT_AND_ICON</value>
						<choice xmi:value='STEREOTYPE_DISPLAY_MODE_TEXT_AND_ICON^STEREOTYPE_DISPLAY_MODE_TEXT^STEREOTYPE_DISPLAY_MODE_ICON^STEREOTYPE_DISPLAY_MODE_DO_NOT_DISPLAY_STEREOTYPES'/>
						<index xmi:value='0'/>
					</mdElement>
					<mdElement elementClass='BooleanProperty'>
						<propertyID>SHOW_TAGGED_VALUES</propertyID>
						<propertyDescriptionID>SHOW_TAGGED_VALUES_DESCRIPTION</propertyDescriptionID>
						<value xmi:value='true'/>
					</mdElement>
					<mdElement elementClass='BooleanProperty'>
						<propertyID>SHOW_CONVEYED_A</propertyID>
						<propertyDescriptionID>SHOW_CONVEYED_A_DESCRIPTION</propertyDescriptionID>
						<value xmi:value='true'/>
					</mdElement>
					<mdElement elementClass='BooleanProperty'>
						<propertyID>SHOW_CONVEYED_B</propertyID>
						<propertyDescriptionID>SHOW_CONVEYED_B_DESCRIPTION</propertyDescriptionID>
						<value xmi:value='true'/>
					</mdElement>
					<mdElement elementClass='BooleanProperty'>
						<propertyID>SHOW_CONSTRAINTS</propertyID>
						<propertyDescriptionID>SHOW_CONSTRAINTS_DESCRIPTION</propertyDescriptionID>
						<value xmi:value='true'/>
					</mdElement>
				</mdElement>
				<mdElement elementClass='ExtendableManager'>
					<removable xmi:value='false'/>
					<extendableByDiagram xmi:value='true'/>
					<extendableByStereotype xmi:value='false'/>
					<name>Part</name>
					<propertyManagerID>_16_6_2_931029f_1387381120871_990994_445</propertyManagerID>
					<parentPropertyManager>_16_6_2_931029f_1387381120857_505452_350</parentPropertyManager>
					<mdElement elementClass='ColorProperty'>
						<propertyID>PEN_COLOR</propertyID>
						<propertyDescriptionID>PEN_COLOR_DESCRIPTION</propertyDescriptionID>
						<value xmi:value='-6714020'/>
					</mdElement>
					<mdElement elementClass='BooleanProperty'>
						<propertyID>SHOW_OBJECT_CLASS</propertyID>
						<propertyDescriptionID>SHOW_OBJECT_CLASS_DESCRIPTION</propertyDescriptionID>
						<value xmi:value='true'/>
					</mdElement>
					<mdElement elementClass='BooleanProperty'>
						<propertyID>SHOW_FULL_TYPE</propertyID>
						<propertyDescriptionID>SHOW_FULL_TYPE_DESCRIPTION</propertyDescriptionID>
					</mdElement>
					<mdElement elementClass='ChoiceProperty'>
						<propertyID>TAGGED_VALUES_DISPLAY_MODE</propertyID>
						<propertyDescriptionID>TAGGED_VALUES_DISPLAY_MODE_DESCRIPTION</propertyDescriptionID>
						<value>ON_SHAPE</value>
						<choice xmi:value='ON_SHAPE^IN_COMPARTMENT^DO_NOT_DISPLAY'/>
						<index xmi:value='0'/>
					</mdElement>
					<mdElement elementClass='BooleanProperty'>
						<propertyID>SHOW_TAGGED_VALUES_STEREOTYPES</propertyID>
						<propertyDescriptionID>SHOW_TAGGED_VALUES_STEREOTYPES_DESCRIPTION</propertyDescriptionID>
						<value xmi:value='true'/>
					</mdElement>
					<mdElement elementClass='BooleanProperty'>
						<propertyID>SHOW_QUALIFIED_NAME_IN_TAGGED_VALUES</propertyID>
						<propertyDescriptionID>SHOW_QUALIFIED_NAME_IN_TAGGED_VALUES_DESCRIPTION</propertyDescriptionID>
					</mdElement>
					<mdElement elementClass='BooleanProperty'>
						<propertyID>SHOW_DEFAULT_PART_VALUE</propertyID>
						<propertyDescriptionID>SHOW_DEFAULT_PART_VALUE_DESCRIPTION</propertyDescriptionID>
					</mdElement>
					<mdElement elementClass='BooleanProperty'>
						<propertyID>SUPPRESS_STRUCTURE</propertyID>
						<propertyDescriptionID>SUPPRESS_STRUCTURE_DESCRIPTION</propertyDescriptionID>
					</mdElement>
					<mdElement elementClass='ChoiceProperty'>
						<propertyID>SHOW_SLOT_TYPE_ON_PART</propertyID>
						<propertyDescriptionID>SHOW_SLOT_TYPE_ON_PART_DESCRIPTION</propertyDescriptionID>
						<value>SHOW_TYPE_MODE_NONE</value>
						<choice xmi:value='SHOW_TYPE_MODE_NONE^SHOW_TYPE_MODE_NAME^SHOW_TYPE_MODE_QUALIFIED_NAME'/>
						<index xmi:value='0'/>
					</mdElement>
				</mdElement>
				<mdElement elementClass='ExtendableManager'>
					<removable xmi:value='false'/>
					<extendableByDiagram xmi:value='false'/>
					<extendableByStereotype xmi:value='false'/>
					<name>Paths</name>
					<propertyManagerID>_16_6_2_931029f_1387381120857_945759_348</propertyManagerID>
					<parentPropertyManager>_16_6_2_931029f_1387381120861_5931_394</parentPropertyManager>
					<mdElement elementClass='NumberProperty'>
						<propertyID>LINE_WIDTH</propertyID>
						<propertyDescriptionID>LINE_WIDTH_DESCRIPTION</propertyDescriptionID>
						<value xmi:value='1.0'/>
						<lowRange xmi:value='1.0'/>
						<highRange xmi:value='100.0'/>
					</mdElement>
					<mdElement elementClass='BooleanProperty'>
						<propertyID>USE_FILL_COLOR</propertyID>
						<propertyDescriptionID>USE_FILL_COLOR_DESCRIPTION</propertyDescriptionID>
					</mdElement>
					<mdElement elementClass='ChoiceProperty'>
						<propertyID>LINK_LINE_STYLE</propertyID>
						<propertyDescriptionID>LINK_LINE_STYLE_DESCRIPTION</propertyDescriptionID>
						<value>RECTILINEAR</value>
						<choice xmi:value='RECTILINEAR^OBLIQUE^BEZIER'/>
						<index xmi:value='0'/>
					</mdElement>
					<mdElement elementClass='BooleanProperty'>
						<propertyID>IS_ROUNDED</propertyID>
						<propertyDescriptionID>IS_ROUNDED_DESCRIPTION</propertyDescriptionID>
					</mdElement>
					<mdElement elementClass='ChoiceProperty'>
						<propertyID>CONSTRAINT_TEXT_MODE</propertyID>
						<propertyDescriptionID>CONSTRAINT_TEXT_MODE_DESCRIPTION</propertyDescriptionID>
						<value>EXPRESSION_MODE</value>
						<choice xmi:value='NAME_MODE^EXPRESSION_MODE^NAME_EXPRESSION_MODE'/>
						<index xmi:value='1'/>
					</mdElement>
				</mdElement>
				<mdElement elementClass='ExtendableManager'>
					<removable xmi:value='false'/>
					<extendableByDiagram xmi:value='true'/>
					<extendableByStereotype xmi:value='false'/>
					<name>Port</name>
					<propertyManagerID>_16_6_2_931029f_1387381120871_556573_446</propertyManagerID>
					<parentPropertyManager>_16_6_2_931029f_1387381120857_505452_350</parentPropertyManager>
					<mdElement elementClass='ColorProperty'>
						<propertyID>PEN_COLOR</propertyID>
						<propertyDescriptionID>PEN_COLOR_DESCRIPTION</propertyDescriptionID>
						<value xmi:value='-10708633'/>
					</mdElement>
					<mdElement elementClass='BooleanProperty'>
						<propertyID>SHOW_NAME</propertyID>
						<propertyDescriptionID>SHOW_NAME_DESCRIPTION</propertyDescriptionID>
						<value xmi:value='true'/>
					</mdElement>
					<mdElement elementClass='BooleanProperty'>
						<propertyID>SHOW_TYPE</propertyID>
						<propertyDescriptionID>SHOW_TYPE_DESCRIPTION</propertyDescriptionID>
					</mdElement>
					<mdElement elementClass='BooleanProperty'>
						<propertyID>SHOW_FULL_TYPE</propertyID>
						<propertyDescriptionID>SHOW_FULL_TYPE_DESCRIPTION</propertyDescriptionID>
					</mdElement>
					<mdElement elementClass='ColorProperty'>
						<propertyID>FILL_COLOR</propertyID>
						<propertyDescriptionID>FILL_COLOR_DESCRIPTION</propertyDescriptionID>
						<value xmi:value='-4336959'/>
					</mdElement>
					<mdElement elementClass='ChoiceProperty'>
						<propertyID>STEREOTYPES_DISPLAY_MODE</propertyID>
						<propertyDescriptionID>STEREOTYPES_DISPLAY_MODE_DESCRIPTION</propertyDescriptionID>
						<value>STEREOTYPE_DISPLAY_MODE_DO_NOT_DISPLAY_STEREOTYPES</value>
						<choice xmi:value='STEREOTYPE_DISPLAY_MODE_TEXT_AND_ICON^STEREOTYPE_DISPLAY_MODE_TEXT^STEREOTYPE_DISPLAY_MODE_ICON^STEREOTYPE_DISPLAY_MODE_SHAPE_IMAGE_AND_TEXT^STEREOTYPE_DISPLAY_MODE_SHAPE_IMAGE^STEREOTYPE_DISPLAY_MODE_DO_NOT_DISPLAY_STEREOTYPES'/>
						<index xmi:value='5'/>
					</mdElement>
					<mdElement elementClass='BooleanProperty'>
						<propertyID>SHOW_TAGGED_VALUES</propertyID>
						<propertyDescriptionID>SHOW_TAGGED_VALUES_DESCRIPTION</propertyDescriptionID>
					</mdElement>
					<mdElement elementClass='BooleanProperty'>
						<propertyID>SHOW_CONSTRAINTS</propertyID>
						<propertyDescriptionID>SHOW_CONSTRAINTS_DESCRIPTION</propertyDescriptionID>
					</mdElement>
					<mdElement elementClass='BooleanProperty'>
						<propertyID>SHOW_PROVIDED_INTERFACES</propertyID>
						<propertyDescriptionID>SHOW_PROVIDED_INTERFACES_DESCRIPTION</propertyDescriptionID>
					</mdElement>
					<mdElement elementClass='BooleanProperty'>
						<propertyID>SHOW_REQUIRED_INTERFACES</propertyID>
						<propertyDescriptionID>SHOW_REQUIRED_INTERFACES_DESCRIPTION</propertyDescriptionID>
					</mdElement>
				</mdElement>
				<mdElement elementClass='ExtendableManager'>
					<removable xmi:value='false'/>
					<extendableByDiagram xmi:value='true'/>
					<extendableByStereotype xmi:value='false'/>
					<name>PrimitiveType</name>
					<propertyManagerID>_16_6_2_931029f_1387381120871_639157_447</propertyManagerID>
					<parentPropertyManager>_16_6_2_931029f_1387381120857_505452_350</parentPropertyManager>
					<mdElement elementClass='ColorProperty'>
						<propertyID>FILL_COLOR</propertyID>
						<propertyDescriptionID>FILL_COLOR_DESCRIPTION</propertyDescriptionID>
						<value xmi:value='-13159'/>
					</mdElement>
					<mdElement elementClass='ColorProperty'>
						<propertyID>PEN_COLOR</propertyID>
						<propertyDescriptionID>PEN_COLOR_DESCRIPTION</propertyDescriptionID>
						<value xmi:value='-6719140'/>
					</mdElement>
					<mdElement elementClass='ChoiceProperty'>
						<propertyID>STEREOTYPES_DISPLAY_MODE</propertyID>
						<propertyDescriptionID>STEREOTYPES_DISPLAY_MODE_DESCRIPTION</propertyDescriptionID>
						<value>STEREOTYPE_DISPLAY_MODE_SHAPE_IMAGE_AND_TEXT</value>
						<choice xmi:value='STEREOTYPE_DISPLAY_MODE_TEXT_AND_ICON^STEREOTYPE_DISPLAY_MODE_TEXT^STEREOTYPE_DISPLAY_MODE_ICON^STEREOTYPE_DISPLAY_MODE_SHAPE_IMAGE_AND_TEXT^STEREOTYPE_DISPLAY_MODE_SHAPE_IMAGE^STEREOTYPE_DISPLAY_MODE_DO_NOT_DISPLAY_STEREOTYPES'/>
						<index xmi:value='3'/>
					</mdElement>
					<mdElement elementClass='ChoiceProperty'>
						<propertyID>SHOW_MEMBERS_MODE</propertyID>
						<propertyDescriptionID>SHOW_MEMBERS_MODE_DESCRIPTION</propertyDescriptionID>
						<value>ALL</value>
						<choice xmi:value='ALL^ONLY_PUBLIC^NOT_PRIVATE'/>
						<index xmi:value='0'/>
					</mdElement>
					<mdElement elementClass='BooleanProperty'>
						<propertyID>SUPPRESS_CLASS_ATTRIBUTES</propertyID>
						<propertyGroup>ATTRIBUTES</propertyGroup>
						<propertyDescriptionID>SUPPRESS_CLASS_ATTRIBUTES_DESCRIPTION</propertyDescriptionID>
						<value xmi:value='true'/>
					</mdElement>
					<mdElement elementClass='ColorProperty'>
						<propertyID>ATTRIBUTE_COLOR</propertyID>
						<propertyGroup>ATTRIBUTES</propertyGroup>
						<propertyDescriptionID>ATTRIBUTE_COLOR_DESCRIPTION</propertyDescriptionID>
						<value xmi:value='-14155776'/>
					</mdElement>
					<mdElement elementClass='FontProperty'>
						<propertyID>ATTRIBUTE_FONT</propertyID>
						<propertyGroup>ATTRIBUTES</propertyGroup>
						<propertyDescriptionID>ATTRIBUTE_FONT_DESCRIPTION</propertyDescriptionID>
						<fontName>Arial</fontName>
						<size xmi:value='11'/>
						<style xmi:value='0'/>
					</mdElement>
					<mdElement elementClass='BooleanProperty'>
						<propertyID>SHOW_MORE_SIGN_FOR_ATTRIBUTES</propertyID>
						<propertyGroup>ATTRIBUTES</propertyGroup>
						<propertyDescriptionID>SHOW_MORE_SIGN_FOR_ATTRIBUTES_DESCRIPTION</propertyDescriptionID>
						<value xmi:value='true'/>
					</mdElement>
					<mdElement elementClass='ChoiceProperty'>
						<propertyID>SORT_CLASS_ATTRIBUTES_MODE</propertyID>
						<propertyGroup>ATTRIBUTES</propertyGroup>
						<propertyDescriptionID>SORT_CLASS_ATTRIBUTES_MODE_DESCRIPTION</propertyDescriptionID>
						<value>NO_SORT</value>
						<choice xmi:value='NO_SORT^BY_NAME^BY_STEREOTYPE^BY_VISIBILITY'/>
						<index xmi:value='0'/>
					</mdElement>
					<mdElement elementClass='ChoiceProperty'>
						<propertyID>SHOW_ASSOCIATION_ENDS_MODE</propertyID>
						<propertyGroup>ATTRIBUTES</propertyGroup>
						<propertyDescriptionID>SHOW_ASSOCIATION_ENDS_MODE_DESCRIPTION</propertyDescriptionID>
						<value>DO_NOT_DISPLAY</value>
						<choice xmi:value='ALL^WITHOUT_ASSOCIATION^DO_NOT_DISPLAY'/>
						<index xmi:value='2'/>
					</mdElement>
					<mdElement elementClass='BooleanProperty'>
						<propertyID>SHOW_ATTRIBUTES_VISIBILITY</propertyID>
						<propertyGroup>ATTRIBUTES</propertyGroup>
						<propertyDescriptionID>SHOW_ATTRIBUTES_VISIBILITY_DESCRIPTION</propertyDescriptionID>
						<value xmi:value='true'/>
					</mdElement>
					<mdElement elementClass='BooleanProperty'>
						<propertyID>SHOW_ATTRIBUTES_TYPE</propertyID>
						<propertyGroup>ATTRIBUTES</propertyGroup>
						<propertyDescriptionID>SHOW_ATTRIBUTES_TYPE_DESCRIPTION</propertyDescriptionID>
						<value xmi:value='true'/>
					</mdElement>
					<mdElement elementClass='BooleanProperty'>
						<propertyID>SHOW_ATTRIBUTES_STEREOTYPE</propertyID>
						<propertyGroup>ATTRIBUTES</propertyGroup>
						<propertyDescriptionID>SHOW_ATTRIBUTES_STEREOTYPE_DESCRIPTION</propertyDescriptionID>
						<value xmi:value='true'/>
					</mdElement>
					<mdElement elementClass='BooleanProperty'>
						<propertyID>SHOW_ATTRIBUTES_PROPERTIES</propertyID>
						<propertyGroup>ATTRIBUTES</propertyGroup>
						<propertyDescriptionID>SHOW_ATTRIBUTES_PROPERTIES_DESCRIPTION</propertyDescriptionID>
						<value xmi:value='true'/>
					</mdElement>
					<mdElement elementClass='BooleanProperty'>
						<propertyID>SHOW_ATTRIBUTES_CONSTRAINTS</propertyID>
						<propertyGroup>ATTRIBUTES</propertyGroup>
						<propertyDescriptionID>SHOW_ATTRIBUTES_CONSTRAINTS_DESCRIPTION</propertyDescriptionID>
					</mdElement>
					<mdElement elementClass='ChoiceProperty'>
						<propertyID>ATTRIBUTES_CONSTRAINT_TEXT_MODE</propertyID>
						<propertyGroup>ATTRIBUTES</propertyGroup>
						<propertyDescriptionID>ATTRIBUTES_CONSTRAINT_TEXT_MODE_DESCRIPTION</propertyDescriptionID>
						<value>EXPRESSION_MODE</value>
						<choice xmi:value='NAME_MODE^EXPRESSION_MODE^NAME_EXPRESSION_MODE'/>
						<index xmi:value='1'/>
					</mdElement>
					<mdElement elementClass='BooleanProperty'>
						<propertyID>SHOW_INIT_VALUE</propertyID>
						<propertyGroup>ATTRIBUTES</propertyGroup>
						<propertyDescriptionID>SHOW_INIT_VALUE_DESCRIPTION</propertyDescriptionID>
						<value xmi:value='true'/>
					</mdElement>
					<mdElement elementClass='BooleanProperty'>
						<propertyID>SUPPRESS_CLASS_OPERATIONS</propertyID>
						<propertyGroup>OPERATIONS</propertyGroup>
						<propertyDescriptionID>SUPPRESS_CLASS_OPERATIONS_DESCRIPTION</propertyDescriptionID>
						<value xmi:value='true'/>
					</mdElement>
					<mdElement elementClass='ColorProperty'>
						<propertyID>OPERATION_COLOR</propertyID>
						<propertyGroup>OPERATIONS</propertyGroup>
						<propertyDescriptionID>OPERATION_COLOR_DESCRIPTION</propertyDescriptionID>
						<value xmi:value='-16777176'/>
					</mdElement>
					<mdElement elementClass='FontProperty'>
						<propertyID>OPERATION_FONT</propertyID>
						<propertyGroup>OPERATIONS</propertyGroup>
						<propertyDescriptionID>OPERATION_FONT_DESCRIPTION</propertyDescriptionID>
						<fontName>Arial</fontName>
						<size xmi:value='11'/>
						<style xmi:value='0'/>
					</mdElement>
					<mdElement elementClass='BooleanProperty'>
						<propertyID>SHOW_OPERATIONS_SIGNATURE</propertyID>
						<propertyGroup>OPERATIONS</propertyGroup>
						<propertyDescriptionID>SHOW_OPERATIONS_SIGNATURE_DESCRIPTION</propertyDescriptionID>
						<value xmi:value='true'/>
					</mdElement>
					<mdElement elementClass='BooleanProperty'>
						<propertyID>SHOW_MORE_SIGN_FOR_OPERATIONS</propertyID>
						<propertyGroup>OPERATIONS</propertyGroup>
						<propertyDescriptionID>SHOW_MORE_SIGN_FOR_OPERATIONS_DESCRIPTION</propertyDescriptionID>
						<value xmi:value='true'/>
					</mdElement>
					<mdElement elementClass='ChoiceProperty'>
						<propertyID>SORT_CLASS_OPERATIONS_MODE</propertyID>
						<propertyGroup>OPERATIONS</propertyGroup>
						<propertyDescriptionID>SORT_CLASS_OPERATIONS_MODE_DESCRIPTION</propertyDescriptionID>
						<value>NO_SORT</value>
						<choice xmi:value='NO_SORT^BY_NAME^BY_STEREOTYPE^BY_VISIBILITY'/>
						<index xmi:value='0'/>
					</mdElement>
					<mdElement elementClass='BooleanProperty'>
						<propertyID>SHOW_OPERATIONS_VISIBILITY</propertyID>
						<propertyGroup>OPERATIONS</propertyGroup>
						<propertyDescriptionID>SHOW_OPERATIONS_VISIBILITY_DESCRIPTION</propertyDescriptionID>
						<value xmi:value='true'/>
					</mdElement>
					<mdElement elementClass='BooleanProperty'>
						<propertyID>SHOW_OPERATIONS_STEREOTYPE</propertyID>
						<propertyGroup>OPERATIONS</propertyGroup>
						<propertyDescriptionID>SHOW_OPERATIONS_STEREOTYPE_DESCRIPTION</propertyDescriptionID>
						<value xmi:value='true'/>
					</mdElement>
					<mdElement elementClass='BooleanProperty'>
						<propertyID>SHOW_OPERATIONS_PROPERTIES</propertyID>
						<propertyGroup>OPERATIONS</propertyGroup>
						<propertyDescriptionID>SHOW_OPERATIONS_PROPERTIES_DESCRIPTION</propertyDescriptionID>
						<value xmi:value='true'/>
					</mdElement>
					<mdElement elementClass='BooleanProperty'>
						<propertyID>SHOW_OPERATIONS_CONSTRAINTS</propertyID>
						<propertyGroup>OPERATIONS</propertyGroup>
						<propertyDescriptionID>SHOW_OPERATIONS_CONSTRAINTS_DESCRIPTION</propertyDescriptionID>
					</mdElement>
					<mdElement elementClass='ChoiceProperty'>
						<propertyID>OPERATIONS_CONSTRAINT_TEXT_MODE</propertyID>
						<propertyGroup>OPERATIONS</propertyGroup>
						<propertyDescriptionID>OPERATIONS_CONSTRAINT_TEXT_MODE_DESCRIPTION</propertyDescriptionID>
						<value>EXPRESSION_MODE</value>
						<choice xmi:value='NAME_MODE^EXPRESSION_MODE^NAME_EXPRESSION_MODE'/>
						<index xmi:value='1'/>
					</mdElement>
					<mdElement elementClass='BooleanProperty'>
						<propertyID>SHOW_FULL_TYPE</propertyID>
						<propertyDescriptionID>SHOW_FULL_TYPE_DESCRIPTION</propertyDescriptionID>
					</mdElement>
					<mdElement elementClass='BooleanProperty'>
						<propertyID>SHOW_OPERATIONS_PARAMETERS_DIRECTION_KIND</propertyID>
						<propertyGroup>OPERATIONS</propertyGroup>
						<propertyDescriptionID>SHOW_OPERATIONS_PARAMETERS_DIRECTION_KIND_DESCRIPTION</propertyDescriptionID>
					</mdElement>
					<mdElement elementClass='ChoiceProperty'>
						<propertyID>TAGGED_VALUES_DISPLAY_MODE</propertyID>
						<propertyDescriptionID>TAGGED_VALUES_DISPLAY_MODE_DESCRIPTION</propertyDescriptionID>
						<value>ON_SHAPE</value>
						<choice xmi:value='ON_SHAPE^IN_COMPARTMENT^DO_NOT_DISPLAY'/>
						<index xmi:value='0'/>
					</mdElement>
					<mdElement elementClass='BooleanProperty'>
						<propertyID>SHOW_TAGGED_VALUES_STEREOTYPES</propertyID>
						<propertyDescriptionID>SHOW_TAGGED_VALUES_STEREOTYPES_DESCRIPTION</propertyDescriptionID>
						<value xmi:value='true'/>
					</mdElement>
					<mdElement elementClass='BooleanProperty'>
						<propertyID>SHOW_QUALIFIED_NAME_IN_TAGGED_VALUES</propertyID>
						<propertyDescriptionID>SHOW_QUALIFIED_NAME_IN_TAGGED_VALUES_DESCRIPTION</propertyDescriptionID>
					</mdElement>
					<mdElement elementClass='BooleanProperty'>
						<propertyID>MEMBERS_WORD_WRAP</propertyID>
						<propertyDescriptionID>MEMBERS_WORD_WRAP_DESCRIPTION</propertyDescriptionID>
					</mdElement>
				</mdElement>
				<mdElement elementClass='ExtendableManager'>
					<removable xmi:value='false'/>
					<extendableByDiagram xmi:value='true'/>
					<extendableByStereotype xmi:value='false'/>
					<name>ProfileApplication</name>
					<propertyManagerID>_16_6_2_931029f_1387381120871_382661_448</propertyManagerID>
					<parentPropertyManager>_16_6_2_931029f_1387381120857_945759_348</parentPropertyManager>
					<mdElement elementClass='ColorProperty'>
						<propertyID>STEREOTYPE_COLOR</propertyID>
						<propertyDescriptionID>STEREOTYPE_COLOR_DESCRIPTION</propertyDescriptionID>
						<value xmi:value='-16777216'/>
					</mdElement>
					<mdElement elementClass='FontProperty'>
						<propertyID>STEREOTYPE_FONT</propertyID>
						<propertyDescriptionID>STEREOTYPE_FONT_DESCRIPTION</propertyDescriptionID>
						<fontName>Arial</fontName>
						<size xmi:value='11'/>
						<style xmi:value='0'/>
					</mdElement>
					<mdElement elementClass='BooleanProperty'>
						<propertyID>WRAP_WORDS</propertyID>
						<propertyDescriptionID>WRAP_WORDS_DESCRIPTION</propertyDescriptionID>
					</mdElement>
					<mdElement elementClass='BooleanProperty'>
						<propertyID>SHOW_NAME</propertyID>
						<propertyDescriptionID>SHOW_NAME_DESCRIPTION</propertyDescriptionID>
						<value xmi:value='true'/>
					</mdElement>
					<mdElement elementClass='ChoiceProperty'>
						<propertyID>STEREOTYPES_DISPLAY_MODE</propertyID>
						<propertyDescriptionID>STEREOTYPES_DISPLAY_MODE_DESCRIPTION</propertyDescriptionID>
						<value>STEREOTYPE_DISPLAY_MODE_TEXT_AND_ICON</value>
						<choice xmi:value='STEREOTYPE_DISPLAY_MODE_TEXT_AND_ICON^STEREOTYPE_DISPLAY_MODE_TEXT^STEREOTYPE_DISPLAY_MODE_ICON^STEREOTYPE_DISPLAY_MODE_DO_NOT_DISPLAY_STEREOTYPES'/>
						<index xmi:value='0'/>
					</mdElement>
					<mdElement elementClass='BooleanProperty'>
						<propertyID>SHOW_TAGGED_VALUES</propertyID>
						<propertyDescriptionID>SHOW_TAGGED_VALUES_DESCRIPTION</propertyDescriptionID>
						<value xmi:value='true'/>
					</mdElement>
					<mdElement elementClass='BooleanProperty'>
						<propertyID>SHOW_CONVEYED_A</propertyID>
						<propertyDescriptionID>SHOW_CONVEYED_A_DESCRIPTION</propertyDescriptionID>
						<value xmi:value='true'/>
					</mdElement>
					<mdElement elementClass='BooleanProperty'>
						<propertyID>SHOW_CONVEYED_B</propertyID>
						<propertyDescriptionID>SHOW_CONVEYED_B_DESCRIPTION</propertyDescriptionID>
						<value xmi:value='true'/>
					</mdElement>
					<mdElement elementClass='BooleanProperty'>
						<propertyID>SHOW_CONSTRAINTS</propertyID>
						<propertyDescriptionID>SHOW_CONSTRAINTS_DESCRIPTION</propertyDescriptionID>
						<value xmi:value='true'/>
					</mdElement>
				</mdElement>
				<mdElement elementClass='ExtendableManager'>
					<removable xmi:value='false'/>
					<extendableByDiagram xmi:value='true'/>
					<extendableByStereotype xmi:value='false'/>
					<name>Protocol Transition</name>
					<propertyManagerID>_16_6_2_931029f_1387381120871_750203_449</propertyManagerID>
					<parentPropertyManager>_16_6_2_931029f_1387381120857_945759_348</parentPropertyManager>
					<mdElement elementClass='ColorProperty'>
						<propertyID>STEREOTYPE_COLOR</propertyID>
						<propertyDescriptionID>STEREOTYPE_COLOR_DESCRIPTION</propertyDescriptionID>
						<value xmi:value='-16777216'/>
					</mdElement>
					<mdElement elementClass='FontProperty'>
						<propertyID>STEREOTYPE_FONT</propertyID>
						<propertyDescriptionID>STEREOTYPE_FONT_DESCRIPTION</propertyDescriptionID>
						<fontName>Arial</fontName>
						<size xmi:value='11'/>
						<style xmi:value='0'/>
					</mdElement>
					<mdElement elementClass='BooleanProperty'>
						<propertyID>WRAP_WORDS</propertyID>
						<propertyDescriptionID>WRAP_WORDS_DESCRIPTION</propertyDescriptionID>
					</mdElement>
					<mdElement elementClass='BooleanProperty'>
						<propertyID>SHOW_NAME</propertyID>
						<propertyDescriptionID>SHOW_NAME_DESCRIPTION</propertyDescriptionID>
						<value xmi:value='true'/>
					</mdElement>
					<mdElement elementClass='ChoiceProperty'>
						<propertyID>STEREOTYPES_DISPLAY_MODE</propertyID>
						<propertyDescriptionID>STEREOTYPES_DISPLAY_MODE_DESCRIPTION</propertyDescriptionID>
						<value>STEREOTYPE_DISPLAY_MODE_TEXT_AND_ICON</value>
						<choice xmi:value='STEREOTYPE_DISPLAY_MODE_TEXT_AND_ICON^STEREOTYPE_DISPLAY_MODE_TEXT^STEREOTYPE_DISPLAY_MODE_ICON^STEREOTYPE_DISPLAY_MODE_DO_NOT_DISPLAY_STEREOTYPES'/>
						<index xmi:value='0'/>
					</mdElement>
					<mdElement elementClass='BooleanProperty'>
						<propertyID>SHOW_TAGGED_VALUES</propertyID>
						<propertyDescriptionID>SHOW_TAGGED_VALUES_DESCRIPTION</propertyDescriptionID>
						<value xmi:value='true'/>
					</mdElement>
					<mdElement elementClass='BooleanProperty'>
						<propertyID>SHOW_CONVEYED_A</propertyID>
						<propertyDescriptionID>SHOW_CONVEYED_A_DESCRIPTION</propertyDescriptionID>
						<value xmi:value='true'/>
					</mdElement>
					<mdElement elementClass='BooleanProperty'>
						<propertyID>SHOW_CONVEYED_B</propertyID>
						<propertyDescriptionID>SHOW_CONVEYED_B_DESCRIPTION</propertyDescriptionID>
						<value xmi:value='true'/>
					</mdElement>
					<mdElement elementClass='BooleanProperty'>
						<propertyID>SHOW_CONSTRAINTS</propertyID>
						<propertyDescriptionID>SHOW_CONSTRAINTS_DESCRIPTION</propertyDescriptionID>
						<value xmi:value='true'/>
					</mdElement>
				</mdElement>
				<mdElement elementClass='ExtendableManager'>
					<removable xmi:value='false'/>
					<extendableByDiagram xmi:value='true'/>
					<extendableByStereotype xmi:value='false'/>
					<name>Protocol TransitionToSelf</name>
					<propertyManagerID>_16_6_2_931029f_1387381120871_688397_450</propertyManagerID>
					<parentPropertyManager>_16_6_2_931029f_1387381120857_945759_348</parentPropertyManager>
					<mdElement elementClass='ColorProperty'>
						<propertyID>STEREOTYPE_COLOR</propertyID>
						<propertyDescriptionID>STEREOTYPE_COLOR_DESCRIPTION</propertyDescriptionID>
						<value xmi:value='-16777216'/>
					</mdElement>
					<mdElement elementClass='FontProperty'>
						<propertyID>STEREOTYPE_FONT</propertyID>
						<propertyDescriptionID>STEREOTYPE_FONT_DESCRIPTION</propertyDescriptionID>
						<fontName>Arial</fontName>
						<size xmi:value='11'/>
						<style xmi:value='0'/>
					</mdElement>
					<mdElement elementClass='BooleanProperty'>
						<propertyID>WRAP_WORDS</propertyID>
						<propertyDescriptionID>WRAP_WORDS_DESCRIPTION</propertyDescriptionID>
					</mdElement>
					<mdElement elementClass='BooleanProperty'>
						<propertyID>SHOW_NAME</propertyID>
						<propertyDescriptionID>SHOW_NAME_DESCRIPTION</propertyDescriptionID>
						<value xmi:value='true'/>
					</mdElement>
					<mdElement elementClass='ChoiceProperty'>
						<propertyID>STEREOTYPES_DISPLAY_MODE</propertyID>
						<propertyDescriptionID>STEREOTYPES_DISPLAY_MODE_DESCRIPTION</propertyDescriptionID>
						<value>STEREOTYPE_DISPLAY_MODE_TEXT_AND_ICON</value>
						<choice xmi:value='STEREOTYPE_DISPLAY_MODE_TEXT_AND_ICON^STEREOTYPE_DISPLAY_MODE_TEXT^STEREOTYPE_DISPLAY_MODE_ICON^STEREOTYPE_DISPLAY_MODE_DO_NOT_DISPLAY_STEREOTYPES'/>
						<index xmi:value='0'/>
					</mdElement>
					<mdElement elementClass='BooleanProperty'>
						<propertyID>SHOW_TAGGED_VALUES</propertyID>
						<propertyDescriptionID>SHOW_TAGGED_VALUES_DESCRIPTION</propertyDescriptionID>
						<value xmi:value='true'/>
					</mdElement>
					<mdElement elementClass='BooleanProperty'>
						<propertyID>SHOW_CONVEYED_A</propertyID>
						<propertyDescriptionID>SHOW_CONVEYED_A_DESCRIPTION</propertyDescriptionID>
						<value xmi:value='true'/>
					</mdElement>
					<mdElement elementClass='BooleanProperty'>
						<propertyID>SHOW_CONVEYED_B</propertyID>
						<propertyDescriptionID>SHOW_CONVEYED_B_DESCRIPTION</propertyDescriptionID>
						<value xmi:value='true'/>
					</mdElement>
					<mdElement elementClass='BooleanProperty'>
						<propertyID>SHOW_CONSTRAINTS</propertyID>
						<propertyDescriptionID>SHOW_CONSTRAINTS_DESCRIPTION</propertyDescriptionID>
						<value xmi:value='true'/>
					</mdElement>
					<mdElement elementClass='BooleanProperty'>
						<propertyID>AUTOSIZE</propertyID>
						<propertyDescriptionID>AUTOSIZE_DESCRIPTION</propertyDescriptionID>
					</mdElement>
					<mdElement elementClass='BooleanProperty'>
						<propertyID>USE_FIXED_CONNECTION_POINTS</propertyID>
						<propertyDescriptionID>USE_FIXED_CONNECTION_POINTS_DESCRIPTION</propertyDescriptionID>
					</mdElement>
				</mdElement>
				<mdElement elementClass='ExtendableManager'>
					<removable xmi:value='false'/>
					<extendableByDiagram xmi:value='true'/>
					<extendableByStereotype xmi:value='false'/>
					<name>Pseudostate</name>
					<propertyManagerID>_16_6_2_931029f_1387381120871_342654_451</propertyManagerID>
					<parentPropertyManager>_16_6_2_931029f_1387381120857_505452_350</parentPropertyManager>
					<mdElement elementClass='BooleanProperty'>
						<propertyID>WRAP_WORDS</propertyID>
						<propertyDescriptionID>WRAP_WORDS_DESCRIPTION</propertyDescriptionID>
						<value xmi:value='true'/>
					</mdElement>
					<mdElement elementClass='BooleanProperty'>
						<propertyID>SHOW_NAME</propertyID>
						<propertyDescriptionID>SHOW_NAME_DESCRIPTION</propertyDescriptionID>
						<value xmi:value='true'/>
					</mdElement>
					<mdElement elementClass='ColorProperty'>
						<propertyID>FILL_COLOR</propertyID>
						<propertyDescriptionID>FILL_COLOR_DESCRIPTION</propertyDescriptionID>
						<value xmi:value='-1'/>
					</mdElement>
					<mdElement elementClass='BooleanProperty'>
						<propertyID>USE_FIXED_CONNECTION_POINTS</propertyID>
						<propertyDescriptionID>USE_FIXED_CONNECTION_POINTS_DESCRIPTION</propertyDescriptionID>
						<value xmi:value='true'/>
					</mdElement>
					<mdElement elementClass='ChoiceProperty'>
						<propertyID>STEREOTYPES_DISPLAY_MODE</propertyID>
						<propertyDescriptionID>STEREOTYPES_DISPLAY_MODE_DESCRIPTION</propertyDescriptionID>
						<value>STEREOTYPE_DISPLAY_MODE_DO_NOT_DISPLAY_STEREOTYPES</value>
						<choice xmi:value='STEREOTYPE_DISPLAY_MODE_TEXT_AND_ICON^STEREOTYPE_DISPLAY_MODE_TEXT^STEREOTYPE_DISPLAY_MODE_ICON^STEREOTYPE_DISPLAY_MODE_DO_NOT_DISPLAY_STEREOTYPES'/>
						<index xmi:value='3'/>
					</mdElement>
					<mdElement elementClass='BooleanProperty'>
						<propertyID>SHOW_TAGGED_VALUES</propertyID>
						<propertyDescriptionID>SHOW_TAGGED_VALUES_DESCRIPTION</propertyDescriptionID>
					</mdElement>
					<mdElement elementClass='BooleanProperty'>
						<propertyID>SHOW_CONSTRAINTS</propertyID>
						<propertyDescriptionID>SHOW_CONSTRAINTS_DESCRIPTION</propertyDescriptionID>
					</mdElement>
				</mdElement>
				<mdElement elementClass='ExtendableManager'>
					<removable xmi:value='false'/>
					<extendableByDiagram xmi:value='true'/>
					<extendableByStereotype xmi:value='false'/>
					<name>Realization</name>
					<propertyManagerID>_16_6_2_931029f_1387381120872_869976_452</propertyManagerID>
					<parentPropertyManager>_16_6_2_931029f_1387381120857_945759_348</parentPropertyManager>
					<mdElement elementClass='ColorProperty'>
						<propertyID>STEREOTYPE_COLOR</propertyID>
						<propertyDescriptionID>STEREOTYPE_COLOR_DESCRIPTION</propertyDescriptionID>
						<value xmi:value='-16777216'/>
					</mdElement>
					<mdElement elementClass='FontProperty'>
						<propertyID>STEREOTYPE_FONT</propertyID>
						<propertyDescriptionID>STEREOTYPE_FONT_DESCRIPTION</propertyDescriptionID>
						<fontName>Arial</fontName>
						<size xmi:value='11'/>
						<style xmi:value='0'/>
					</mdElement>
					<mdElement elementClass='BooleanProperty'>
						<propertyID>WRAP_WORDS</propertyID>
						<propertyDescriptionID>WRAP_WORDS_DESCRIPTION</propertyDescriptionID>
					</mdElement>
					<mdElement elementClass='BooleanProperty'>
						<propertyID>SHOW_NAME</propertyID>
						<propertyDescriptionID>SHOW_NAME_DESCRIPTION</propertyDescriptionID>
						<value xmi:value='true'/>
					</mdElement>
					<mdElement elementClass='ChoiceProperty'>
						<propertyID>STEREOTYPES_DISPLAY_MODE</propertyID>
						<propertyDescriptionID>STEREOTYPES_DISPLAY_MODE_DESCRIPTION</propertyDescriptionID>
						<value>STEREOTYPE_DISPLAY_MODE_TEXT_AND_ICON</value>
						<choice xmi:value='STEREOTYPE_DISPLAY_MODE_TEXT_AND_ICON^STEREOTYPE_DISPLAY_MODE_TEXT^STEREOTYPE_DISPLAY_MODE_ICON^STEREOTYPE_DISPLAY_MODE_DO_NOT_DISPLAY_STEREOTYPES'/>
						<index xmi:value='0'/>
					</mdElement>
					<mdElement elementClass='BooleanProperty'>
						<propertyID>SHOW_TAGGED_VALUES</propertyID>
						<propertyDescriptionID>SHOW_TAGGED_VALUES_DESCRIPTION</propertyDescriptionID>
						<value xmi:value='true'/>
					</mdElement>
					<mdElement elementClass='BooleanProperty'>
						<propertyID>SHOW_CONVEYED_A</propertyID>
						<propertyDescriptionID>SHOW_CONVEYED_A_DESCRIPTION</propertyDescriptionID>
						<value xmi:value='true'/>
					</mdElement>
					<mdElement elementClass='BooleanProperty'>
						<propertyID>SHOW_CONVEYED_B</propertyID>
						<propertyDescriptionID>SHOW_CONVEYED_B_DESCRIPTION</propertyDescriptionID>
						<value xmi:value='true'/>
					</mdElement>
					<mdElement elementClass='BooleanProperty'>
						<propertyID>SHOW_CONSTRAINTS</propertyID>
						<propertyDescriptionID>SHOW_CONSTRAINTS_DESCRIPTION</propertyDescriptionID>
						<value xmi:value='true'/>
					</mdElement>
					<mdElement elementClass='ChoiceProperty'>
						<propertyID>LINK_LINE_STYLE</propertyID>
						<propertyDescriptionID>LINK_LINE_STYLE_DESCRIPTION</propertyDescriptionID>
						<value>OBLIQUE</value>
						<choice xmi:value='RECTILINEAR^OBLIQUE^BEZIER'/>
						<index xmi:value='1'/>
					</mdElement>
				</mdElement>
				<mdElement elementClass='ExtendableManager'>
					<removable xmi:value='false'/>
					<extendableByDiagram xmi:value='true'/>
					<extendableByStereotype xmi:value='false'/>
					<name>RectangularShape</name>
					<propertyManagerID>_16_6_2_931029f_1387381120872_562249_453</propertyManagerID>
					<parentPropertyManager>_16_6_2_931029f_1387381120857_505452_350</parentPropertyManager>
					<mdElement elementClass='ColorProperty'>
						<propertyID>FILL_COLOR</propertyID>
						<propertyDescriptionID>FILL_COLOR_DESCRIPTION</propertyDescriptionID>
						<value xmi:value='-1'/>
					</mdElement>
					<mdElement elementClass='BooleanProperty'>
						<propertyID>USE_FILL_COLOR</propertyID>
						<propertyDescriptionID>USE_FILL_COLOR_DESCRIPTION</propertyDescriptionID>
					</mdElement>
					<mdElement elementClass='BooleanProperty'>
						<propertyID>WRAP_WORDS</propertyID>
						<propertyDescriptionID>WRAP_WORDS_DESCRIPTION</propertyDescriptionID>
						<value xmi:value='true'/>
					</mdElement>
					<mdElement elementClass='BooleanProperty'>
						<propertyID>HTML_TEXT</propertyID>
						<propertyDescriptionID>HTML_TEXT_DESCRIPTION</propertyDescriptionID>
					</mdElement>
					<mdElement elementClass='ChoiceProperty'>
						<propertyID>TEXT_POSITION</propertyID>
						<propertyDescriptionID>TEXT_POSITION_DESCRIPTION</propertyDescriptionID>
						<value>LEFT</value>
						<choice xmi:value='CENTER^LEFT^RIGHT'/>
						<index xmi:value='1'/>
					</mdElement>
					<mdElement elementClass='ChoiceProperty'>
						<propertyID>LINE_STYLE</propertyID>
						<propertyDescriptionID>LINE_STYLE_DESCRIPTION</propertyDescriptionID>
						<value>DASHED</value>
						<choice xmi:value='DASHED^SOLID^DOTTED'/>
						<index xmi:value='0'/>
					</mdElement>
					<mdElement elementClass='BooleanProperty'>
						<propertyID>ROUNDED</propertyID>
						<propertyDescriptionID>ROUNDED_DESCRIPTION</propertyDescriptionID>
						<value xmi:value='true'/>
					</mdElement>
				</mdElement>
				<mdElement elementClass='ExtendableManager'>
					<removable xmi:value='false'/>
					<extendableByDiagram xmi:value='true'/>
					<extendableByStereotype xmi:value='false'/>
					<name>Role</name>
					<propertyManagerID>_16_6_2_931029f_1387381120872_108800_454</propertyManagerID>
					<parentPropertyManager>_16_6_2_931029f_1387381120857_505452_350</parentPropertyManager>
					<mdElement elementClass='BooleanProperty'>
						<propertyID>SHOW_ROLE_NAME</propertyID>
						<propertyDescriptionID>SHOW_ROLE_NAME_DESCRIPTION</propertyDescriptionID>
						<value xmi:value='true'/>
					</mdElement>
					<mdElement elementClass='BooleanProperty'>
						<propertyID>SHOW_ROLE_NAVIGABILITY</propertyID>
						<propertyDescriptionID>SHOW_ROLE_NAVIGABILITY_DESCRIPTION</propertyDescriptionID>
						<value xmi:value='true'/>
					</mdElement>
					<mdElement elementClass='BooleanProperty'>
						<propertyID>SHOW_ROLE_VISIBILITY</propertyID>
						<propertyDescriptionID>SHOW_ROLE_VISIBILITY_DESCRIPTION</propertyDescriptionID>
						<value xmi:value='true'/>
					</mdElement>
					<mdElement elementClass='BooleanProperty'>
						<propertyID>SHOW_ROLE_MULTIPLICITY</propertyID>
						<propertyDescriptionID>SHOW_ROLE_MULTIPLICITY_DESCRIPTION</propertyDescriptionID>
						<value xmi:value='true'/>
					</mdElement>
					<mdElement elementClass='BooleanProperty'>
						<propertyID>SHOW_ROLE_PROPERTY_STRING</propertyID>
						<propertyDescriptionID>SHOW_ROLE_PROPERTY_STRING_DESCRIPTION</propertyDescriptionID>
						<value xmi:value='true'/>
					</mdElement>
				</mdElement>
				<mdElement elementClass='ExtendableManager'>
					<removable xmi:value='false'/>
					<extendableByDiagram xmi:value='true'/>
					<extendableByStereotype xmi:value='false'/>
					<name>RoleBinding</name>
					<propertyManagerID>_16_6_2_931029f_1387381120872_463998_455</propertyManagerID>
					<parentPropertyManager>_16_6_2_931029f_1387381120857_945759_348</parentPropertyManager>
					<mdElement elementClass='ColorProperty'>
						<propertyID>STEREOTYPE_COLOR</propertyID>
						<propertyDescriptionID>STEREOTYPE_COLOR_DESCRIPTION</propertyDescriptionID>
						<value xmi:value='-16777216'/>
					</mdElement>
					<mdElement elementClass='FontProperty'>
						<propertyID>STEREOTYPE_FONT</propertyID>
						<propertyDescriptionID>STEREOTYPE_FONT_DESCRIPTION</propertyDescriptionID>
						<fontName>Arial</fontName>
						<size xmi:value='11'/>
						<style xmi:value='0'/>
					</mdElement>
					<mdElement elementClass='BooleanProperty'>
						<propertyID>WRAP_WORDS</propertyID>
						<propertyDescriptionID>WRAP_WORDS_DESCRIPTION</propertyDescriptionID>
					</mdElement>
					<mdElement elementClass='BooleanProperty'>
						<propertyID>SHOW_NAME</propertyID>
						<propertyDescriptionID>SHOW_NAME_DESCRIPTION</propertyDescriptionID>
						<value xmi:value='true'/>
					</mdElement>
					<mdElement elementClass='ChoiceProperty'>
						<propertyID>STEREOTYPES_DISPLAY_MODE</propertyID>
						<propertyDescriptionID>STEREOTYPES_DISPLAY_MODE_DESCRIPTION</propertyDescriptionID>
						<value>STEREOTYPE_DISPLAY_MODE_TEXT_AND_ICON</value>
						<choice xmi:value='STEREOTYPE_DISPLAY_MODE_TEXT_AND_ICON^STEREOTYPE_DISPLAY_MODE_TEXT^STEREOTYPE_DISPLAY_MODE_ICON^STEREOTYPE_DISPLAY_MODE_DO_NOT_DISPLAY_STEREOTYPES'/>
						<index xmi:value='0'/>
					</mdElement>
					<mdElement elementClass='BooleanProperty'>
						<propertyID>SHOW_TAGGED_VALUES</propertyID>
						<propertyDescriptionID>SHOW_TAGGED_VALUES_DESCRIPTION</propertyDescriptionID>
						<value xmi:value='true'/>
					</mdElement>
					<mdElement elementClass='BooleanProperty'>
						<propertyID>SHOW_CONVEYED_A</propertyID>
						<propertyDescriptionID>SHOW_CONVEYED_A_DESCRIPTION</propertyDescriptionID>
						<value xmi:value='true'/>
					</mdElement>
					<mdElement elementClass='BooleanProperty'>
						<propertyID>SHOW_CONVEYED_B</propertyID>
						<propertyDescriptionID>SHOW_CONVEYED_B_DESCRIPTION</propertyDescriptionID>
						<value xmi:value='true'/>
					</mdElement>
					<mdElement elementClass='BooleanProperty'>
						<propertyID>SHOW_CONSTRAINTS</propertyID>
						<propertyDescriptionID>SHOW_CONSTRAINTS_DESCRIPTION</propertyDescriptionID>
						<value xmi:value='true'/>
					</mdElement>
				</mdElement>
				<mdElement elementClass='ExtendableManager'>
					<removable xmi:value='false'/>
					<extendableByDiagram xmi:value='true'/>
					<extendableByStereotype xmi:value='false'/>
					<name>SendSignalAction</name>
					<propertyManagerID>_16_6_2_931029f_1387381120872_221021_456</propertyManagerID>
					<parentPropertyManager>_16_6_2_931029f_1387381120857_505452_350</parentPropertyManager>
					<mdElement elementClass='ColorProperty'>
						<propertyID>FILL_COLOR</propertyID>
						<propertyDescriptionID>FILL_COLOR_DESCRIPTION</propertyDescriptionID>
						<value xmi:value='-1973821'/>
					</mdElement>
					<mdElement elementClass='ColorProperty'>
						<propertyID>PEN_COLOR</propertyID>
						<propertyDescriptionID>PEN_COLOR_DESCRIPTION</propertyDescriptionID>
						<value xmi:value='-6710948'/>
					</mdElement>
					<mdElement elementClass='BooleanProperty'>
						<propertyID>WRAP_WORDS</propertyID>
						<propertyDescriptionID>WRAP_WORDS_DESCRIPTION</propertyDescriptionID>
						<value xmi:value='true'/>
					</mdElement>
					<mdElement elementClass='ChoiceProperty'>
						<propertyID>DIRECTION</propertyID>
						<propertyDescriptionID>DIRECTION_DESCRIPTION</propertyDescriptionID>
						<value>RIGHT</value>
						<choice xmi:value='RIGHT^LEFT'/>
						<index xmi:value='0'/>
					</mdElement>
				</mdElement>
				<mdElement elementClass='ExtendableManager'>
					<removable xmi:value='false'/>
					<extendableByDiagram xmi:value='true'/>
					<extendableByStereotype xmi:value='false'/>
					<name>Separator</name>
					<propertyManagerID>_16_6_2_931029f_1387381120872_201279_457</propertyManagerID>
					<parentPropertyManager>_16_6_2_931029f_1387381120857_505452_350</parentPropertyManager>
					<mdElement elementClass='ColorProperty'>
						<propertyID>FILL_COLOR</propertyID>
						<propertyDescriptionID>FILL_COLOR_DESCRIPTION</propertyDescriptionID>
						<value xmi:value='-1'/>
					</mdElement>
					<mdElement elementClass='BooleanProperty'>
						<propertyID>USE_FILL_COLOR</propertyID>
						<propertyDescriptionID>USE_FILL_COLOR_DESCRIPTION</propertyDescriptionID>
					</mdElement>
					<mdElement elementClass='BooleanProperty'>
						<propertyID>WRAP_WORDS</propertyID>
						<propertyDescriptionID>WRAP_WORDS_DESCRIPTION</propertyDescriptionID>
						<value xmi:value='true'/>
					</mdElement>
					<mdElement elementClass='BooleanProperty'>
						<propertyID>HTML_TEXT</propertyID>
						<propertyDescriptionID>HTML_TEXT_DESCRIPTION</propertyDescriptionID>
					</mdElement>
					<mdElement elementClass='ChoiceProperty'>
						<propertyID>TEXT_POSITION</propertyID>
						<propertyDescriptionID>TEXT_POSITION_DESCRIPTION</propertyDescriptionID>
						<value>LEFT</value>
						<choice xmi:value='CENTER^LEFT^RIGHT'/>
						<index xmi:value='1'/>
					</mdElement>
					<mdElement elementClass='ChoiceProperty'>
						<propertyID>LINE_STYLE</propertyID>
						<propertyDescriptionID>LINE_STYLE_DESCRIPTION</propertyDescriptionID>
						<value>DASHED</value>
						<choice xmi:value='DASHED^SOLID^DOTTED'/>
						<index xmi:value='0'/>
					</mdElement>
				</mdElement>
				<mdElement elementClass='ExtendableManager'>
					<removable xmi:value='false'/>
					<extendableByDiagram xmi:value='true'/>
					<extendableByStereotype xmi:value='false'/>
					<name>SequenceNode</name>
					<propertyManagerID>_16_6_2_931029f_1387381120872_625179_458</propertyManagerID>
					<parentPropertyManager>_16_6_2_931029f_1387381120857_505452_350</parentPropertyManager>
					<mdElement elementClass='BooleanProperty'>
						<propertyID>WRAP_WORDS</propertyID>
						<propertyDescriptionID>WRAP_WORDS_DESCRIPTION</propertyDescriptionID>
						<value xmi:value='true'/>
					</mdElement>
					<mdElement elementClass='ColorProperty'>
						<propertyID>FILL_COLOR</propertyID>
						<propertyDescriptionID>FILL_COLOR_DESCRIPTION</propertyDescriptionID>
						<value xmi:value='-1973821'/>
					</mdElement>
					<mdElement elementClass='ColorProperty'>
						<propertyID>PEN_COLOR</propertyID>
						<propertyDescriptionID>PEN_COLOR_DESCRIPTION</propertyDescriptionID>
						<value xmi:value='-6710948'/>
					</mdElement>
				</mdElement>
				<mdElement elementClass='ExtendableManager'>
					<removable xmi:value='false'/>
					<extendableByDiagram xmi:value='false'/>
					<extendableByStereotype xmi:value='false'/>
					<name>Shapes</name>
					<propertyManagerID>_16_6_2_931029f_1387381120857_505452_350</propertyManagerID>
					<parentPropertyManager>_16_6_2_931029f_1387381120861_5931_394</parentPropertyManager>
					<mdElement elementClass='BooleanProperty'>
						<propertyID>AUTOSIZE</propertyID>
						<propertyDescriptionID>AUTOSIZE_DESCRIPTION</propertyDescriptionID>
					</mdElement>
					<mdElement elementClass='BooleanProperty'>
						<propertyID>USE_FIXED_CONNECTION_POINTS</propertyID>
						<propertyDescriptionID>USE_FIXED_CONNECTION_POINTS_DESCRIPTION</propertyDescriptionID>
					</mdElement>
					<mdElement elementClass='BooleanProperty'>
						<propertyID>SHOW_HEADER_IN_BOLD</propertyID>
						<propertyDescriptionID>SHOW_HEADER_IN_BOLD_DESCRIPTION</propertyDescriptionID>
						<value xmi:value='true'/>
					</mdElement>
					<mdElement elementClass='ColorProperty'>
						<propertyID>STEREOTYPE_COLOR</propertyID>
						<propertyDescriptionID>STEREOTYPE_COLOR_DESCRIPTION</propertyDescriptionID>
						<value xmi:value='-16777216'/>
					</mdElement>
					<mdElement elementClass='FontProperty'>
						<propertyID>STEREOTYPE_FONT</propertyID>
						<propertyDescriptionID>STEREOTYPE_FONT_DESCRIPTION</propertyDescriptionID>
						<fontName>Arial</fontName>
						<size xmi:value='11'/>
						<style xmi:value='0'/>
					</mdElement>
					<mdElement elementClass='ChoiceProperty'>
						<propertyID>STEREOTYPES_DISPLAY_MODE</propertyID>
						<propertyDescriptionID>STEREOTYPES_DISPLAY_MODE_DESCRIPTION</propertyDescriptionID>
						<value>STEREOTYPE_DISPLAY_MODE_TEXT_AND_ICON</value>
						<choice xmi:value='STEREOTYPE_DISPLAY_MODE_TEXT_AND_ICON^STEREOTYPE_DISPLAY_MODE_TEXT^STEREOTYPE_DISPLAY_MODE_ICON^STEREOTYPE_DISPLAY_MODE_SHAPE_IMAGE_AND_TEXT^STEREOTYPE_DISPLAY_MODE_SHAPE_IMAGE^STEREOTYPE_DISPLAY_MODE_DO_NOT_DISPLAY_STEREOTYPES'/>
						<index xmi:value='0'/>
					</mdElement>
					<mdElement elementClass='BooleanProperty'>
						<propertyID>SHOW_CONSTRAINTS</propertyID>
						<propertyDescriptionID>SHOW_CONSTRAINTS_DESCRIPTION</propertyDescriptionID>
						<value xmi:value='true'/>
					</mdElement>
					<mdElement elementClass='ChoiceProperty'>
						<propertyID>QNAME_DISPLAY_MODE</propertyID>
						<propertyDescriptionID>QNAME_DISPLAY_MODE_DESCRIPTION</propertyDescriptionID>
						<value>QNAME_DISPLAY_MODE_DO_NOT_DISPLAY</value>
						<choice xmi:value='QNAME_DISPLAY_MODE_DO_NOT_DISPLAY^QNAME_DISPLAY_MODE_BELOW_NAME^QNAME_DISPLAY_MODE_MERGE_WITH_NAME^QNAME_DISPLAY_MODE_ABOVE_NAME'/>
						<index xmi:value='0'/>
					</mdElement>
					<mdElement elementClass='BooleanProperty'>
						<propertyID>WRAP_WORDS</propertyID>
						<propertyDescriptionID>WRAP_WORDS_DESCRIPTION</propertyDescriptionID>
					</mdElement>
					<mdElement elementClass='BooleanProperty'>
						<propertyID>SHOW_TAGGED_VALUES</propertyID>
						<propertyDescriptionID>SHOW_TAGGED_VALUES_DESCRIPTION</propertyDescriptionID>
						<value xmi:value='true'/>
					</mdElement>
					<mdElement elementClass='ChoiceProperty'>
						<propertyID>CONSTRAINT_TEXT_MODE</propertyID>
						<propertyDescriptionID>CONSTRAINT_TEXT_MODE_DESCRIPTION</propertyDescriptionID>
						<value>EXPRESSION_MODE</value>
						<choice xmi:value='NAME_MODE^EXPRESSION_MODE^NAME_EXPRESSION_MODE'/>
						<index xmi:value='1'/>
					</mdElement>
				</mdElement>
				<mdElement elementClass='ExtendableManager'>
					<removable xmi:value='false'/>
					<extendableByDiagram xmi:value='true'/>
					<extendableByStereotype xmi:value='false'/>
					<name>Signal</name>
					<propertyManagerID>_16_6_2_931029f_1387381120860_372808_370</propertyManagerID>
					<parentPropertyManager>_16_6_2_931029f_1387381120857_505452_350</parentPropertyManager>
					<mdElement elementClass='ColorProperty'>
						<propertyID>PEN_COLOR</propertyID>
						<propertyDescriptionID>PEN_COLOR_DESCRIPTION</propertyDescriptionID>
						<value xmi:value='-6719140'/>
					</mdElement>
					<mdElement elementClass='BooleanProperty'>
						<propertyID>SHOW_FULL_TYPE</propertyID>
						<propertyDescriptionID>SHOW_FULL_TYPE_DESCRIPTION</propertyDescriptionID>
					</mdElement>
					<mdElement elementClass='ChoiceProperty'>
						<propertyID>SHOW_MEMBERS_MODE</propertyID>
						<propertyDescriptionID>SHOW_MEMBERS_MODE_DESCRIPTION</propertyDescriptionID>
						<value>ALL</value>
						<choice xmi:value='ALL^ONLY_PUBLIC^NOT_PRIVATE'/>
						<index xmi:value='0'/>
					</mdElement>
					<mdElement elementClass='BooleanProperty'>
						<propertyID>SUPPRESS_CLASS_ATTRIBUTES</propertyID>
						<propertyGroup>ATTRIBUTES</propertyGroup>
						<propertyDescriptionID>SUPPRESS_CLASS_ATTRIBUTES_DESCRIPTION</propertyDescriptionID>
						<value xmi:value='true'/>
					</mdElement>
					<mdElement elementClass='ColorProperty'>
						<propertyID>ATTRIBUTE_COLOR</propertyID>
						<propertyGroup>ATTRIBUTES</propertyGroup>
						<propertyDescriptionID>ATTRIBUTE_COLOR_DESCRIPTION</propertyDescriptionID>
						<value xmi:value='-14155776'/>
					</mdElement>
					<mdElement elementClass='FontProperty'>
						<propertyID>ATTRIBUTE_FONT</propertyID>
						<propertyGroup>ATTRIBUTES</propertyGroup>
						<propertyDescriptionID>ATTRIBUTE_FONT_DESCRIPTION</propertyDescriptionID>
						<fontName>Arial</fontName>
						<size xmi:value='11'/>
						<style xmi:value='0'/>
					</mdElement>
					<mdElement elementClass='BooleanProperty'>
						<propertyID>SHOW_MORE_SIGN_FOR_ATTRIBUTES</propertyID>
						<propertyGroup>ATTRIBUTES</propertyGroup>
						<propertyDescriptionID>SHOW_MORE_SIGN_FOR_ATTRIBUTES_DESCRIPTION</propertyDescriptionID>
						<value xmi:value='true'/>
					</mdElement>
					<mdElement elementClass='ChoiceProperty'>
						<propertyID>SORT_CLASS_ATTRIBUTES_MODE</propertyID>
						<propertyGroup>ATTRIBUTES</propertyGroup>
						<propertyDescriptionID>SORT_CLASS_ATTRIBUTES_MODE_DESCRIPTION</propertyDescriptionID>
						<value>NO_SORT</value>
						<choice xmi:value='NO_SORT^BY_NAME^BY_STEREOTYPE^BY_VISIBILITY'/>
						<index xmi:value='0'/>
					</mdElement>
					<mdElement elementClass='ChoiceProperty'>
						<propertyID>SHOW_ASSOCIATION_ENDS_MODE</propertyID>
						<propertyGroup>ATTRIBUTES</propertyGroup>
						<propertyDescriptionID>SHOW_ASSOCIATION_ENDS_MODE_DESCRIPTION</propertyDescriptionID>
						<value>DO_NOT_DISPLAY</value>
						<choice xmi:value='ALL^WITHOUT_ASSOCIATION^DO_NOT_DISPLAY'/>
						<index xmi:value='2'/>
					</mdElement>
					<mdElement elementClass='BooleanProperty'>
						<propertyID>SHOW_ATTRIBUTES_VISIBILITY</propertyID>
						<propertyGroup>ATTRIBUTES</propertyGroup>
						<propertyDescriptionID>SHOW_ATTRIBUTES_VISIBILITY_DESCRIPTION</propertyDescriptionID>
						<value xmi:value='true'/>
					</mdElement>
					<mdElement elementClass='BooleanProperty'>
						<propertyID>SHOW_ATTRIBUTES_TYPE</propertyID>
						<propertyGroup>ATTRIBUTES</propertyGroup>
						<propertyDescriptionID>SHOW_ATTRIBUTES_TYPE_DESCRIPTION</propertyDescriptionID>
						<value xmi:value='true'/>
					</mdElement>
					<mdElement elementClass='BooleanProperty'>
						<propertyID>SHOW_ATTRIBUTES_STEREOTYPE</propertyID>
						<propertyGroup>ATTRIBUTES</propertyGroup>
						<propertyDescriptionID>SHOW_ATTRIBUTES_STEREOTYPE_DESCRIPTION</propertyDescriptionID>
						<value xmi:value='true'/>
					</mdElement>
					<mdElement elementClass='BooleanProperty'>
						<propertyID>SHOW_ATTRIBUTES_PROPERTIES</propertyID>
						<propertyGroup>ATTRIBUTES</propertyGroup>
						<propertyDescriptionID>SHOW_ATTRIBUTES_PROPERTIES_DESCRIPTION</propertyDescriptionID>
						<value xmi:value='true'/>
					</mdElement>
					<mdElement elementClass='BooleanProperty'>
						<propertyID>SHOW_ATTRIBUTES_CONSTRAINTS</propertyID>
						<propertyGroup>ATTRIBUTES</propertyGroup>
						<propertyDescriptionID>SHOW_ATTRIBUTES_CONSTRAINTS_DESCRIPTION</propertyDescriptionID>
					</mdElement>
					<mdElement elementClass='ChoiceProperty'>
						<propertyID>ATTRIBUTES_CONSTRAINT_TEXT_MODE</propertyID>
						<propertyGroup>ATTRIBUTES</propertyGroup>
						<propertyDescriptionID>ATTRIBUTES_CONSTRAINT_TEXT_MODE_DESCRIPTION</propertyDescriptionID>
						<value>EXPRESSION_MODE</value>
						<choice xmi:value='NAME_MODE^EXPRESSION_MODE^NAME_EXPRESSION_MODE'/>
						<index xmi:value='1'/>
					</mdElement>
					<mdElement elementClass='BooleanProperty'>
						<propertyID>SHOW_INIT_VALUE</propertyID>
						<propertyGroup>ATTRIBUTES</propertyGroup>
						<propertyDescriptionID>SHOW_INIT_VALUE_DESCRIPTION</propertyDescriptionID>
						<value xmi:value='true'/>
					</mdElement>
					<mdElement elementClass='ColorProperty'>
						<propertyID>FILL_COLOR</propertyID>
						<propertyDescriptionID>FILL_COLOR_DESCRIPTION</propertyDescriptionID>
						<value xmi:value='-13159'/>
					</mdElement>
					<mdElement elementClass='ChoiceProperty'>
						<propertyID>TAGGED_VALUES_DISPLAY_MODE</propertyID>
						<propertyDescriptionID>TAGGED_VALUES_DISPLAY_MODE_DESCRIPTION</propertyDescriptionID>
						<value>ON_SHAPE</value>
						<choice xmi:value='ON_SHAPE^IN_COMPARTMENT^DO_NOT_DISPLAY'/>
						<index xmi:value='0'/>
					</mdElement>
					<mdElement elementClass='ChoiceProperty'>
						<propertyID>STEREOTYPES_DISPLAY_MODE</propertyID>
						<propertyDescriptionID>STEREOTYPES_DISPLAY_MODE_DESCRIPTION</propertyDescriptionID>
						<value>STEREOTYPE_DISPLAY_MODE_SHAPE_IMAGE_AND_TEXT</value>
						<choice xmi:value='STEREOTYPE_DISPLAY_MODE_TEXT_AND_ICON^STEREOTYPE_DISPLAY_MODE_TEXT^STEREOTYPE_DISPLAY_MODE_ICON^STEREOTYPE_DISPLAY_MODE_SHAPE_IMAGE_AND_TEXT^STEREOTYPE_DISPLAY_MODE_SHAPE_IMAGE^STEREOTYPE_DISPLAY_MODE_DO_NOT_DISPLAY_STEREOTYPES'/>
						<index xmi:value='3'/>
					</mdElement>
					<mdElement elementClass='BooleanProperty'>
						<propertyID>SHOW_TAGGED_VALUES_STEREOTYPES</propertyID>
						<propertyDescriptionID>SHOW_TAGGED_VALUES_STEREOTYPES_DESCRIPTION</propertyDescriptionID>
						<value xmi:value='true'/>
					</mdElement>
					<mdElement elementClass='BooleanProperty'>
						<propertyID>SHOW_QUALIFIED_NAME_IN_TAGGED_VALUES</propertyID>
						<propertyDescriptionID>SHOW_QUALIFIED_NAME_IN_TAGGED_VALUES_DESCRIPTION</propertyDescriptionID>
					</mdElement>
					<mdElement elementClass='BooleanProperty'>
						<propertyID>MEMBERS_WORD_WRAP</propertyID>
						<propertyDescriptionID>MEMBERS_WORD_WRAP_DESCRIPTION</propertyDescriptionID>
					</mdElement>
				</mdElement>
				<mdElement elementClass='ExtendableManager'>
					<removable xmi:value='false'/>
					<extendableByDiagram xmi:value='true'/>
					<extendableByStereotype xmi:value='false'/>
					<name>State</name>
					<propertyManagerID>_16_6_2_931029f_1387381120872_38046_459</propertyManagerID>
					<parentPropertyManager>_16_6_2_931029f_1387381120857_505452_350</parentPropertyManager>
					<mdElement elementClass='BooleanProperty'>
						<propertyID>WRAP_WORDS</propertyID>
						<propertyDescriptionID>WRAP_WORDS_DESCRIPTION</propertyDescriptionID>
						<value xmi:value='true'/>
					</mdElement>
					<mdElement elementClass='BooleanProperty'>
						<propertyID>SUPPRESS_STATE_ACTIONS</propertyID>
						<propertyDescriptionID>SUPPRESS_STATE_ACTIONS_DESCRIPTION</propertyDescriptionID>
					</mdElement>
					<mdElement elementClass='ColorProperty'>
						<propertyID>PEN_COLOR</propertyID>
						<propertyDescriptionID>PEN_COLOR_DESCRIPTION</propertyDescriptionID>
						<value xmi:value='-6710948'/>
					</mdElement>
					<mdElement elementClass='BooleanProperty'>
						<propertyID>SHOW_REGION_NAME</propertyID>
						<propertyDescriptionID>SHOW_REGION_NAME_DESCRIPTION</propertyDescriptionID>
					</mdElement>
				</mdElement>
				<mdElement elementClass='ExtendableManager'>
					<removable xmi:value='false'/>
					<extendableByDiagram xmi:value='true'/>
					<extendableByStereotype xmi:value='false'/>
					<name>StateInvariant</name>
					<propertyManagerID>_16_6_2_931029f_1387381120872_737293_460</propertyManagerID>
					<parentPropertyManager>_16_6_2_931029f_1387381120857_505452_350</parentPropertyManager>
					<mdElement elementClass='BooleanProperty'>
						<propertyID>SHOW_CONSTRAINTS</propertyID>
						<propertyDescriptionID>SHOW_CONSTRAINTS_DESCRIPTION</propertyDescriptionID>
					</mdElement>
					<mdElement elementClass='ChoiceProperty'>
						<propertyID>STEREOTYPES_DISPLAY_MODE</propertyID>
						<propertyDescriptionID>STEREOTYPES_DISPLAY_MODE_DESCRIPTION</propertyDescriptionID>
						<value>STEREOTYPE_DISPLAY_MODE_SHAPE_IMAGE_AND_TEXT</value>
						<choice xmi:value='STEREOTYPE_DISPLAY_MODE_TEXT_AND_ICON^STEREOTYPE_DISPLAY_MODE_TEXT^STEREOTYPE_DISPLAY_MODE_ICON^STEREOTYPE_DISPLAY_MODE_SHAPE_IMAGE_AND_TEXT^STEREOTYPE_DISPLAY_MODE_SHAPE_IMAGE^STEREOTYPE_DISPLAY_MODE_DO_NOT_DISPLAY_STEREOTYPES'/>
						<index xmi:value='3'/>
					</mdElement>
				</mdElement>
				<mdElement elementClass='ExtendableManager'>
					<removable xmi:value='false'/>
					<extendableByDiagram xmi:value='true'/>
					<extendableByStereotype xmi:value='false'/>
					<name>Stereotype</name>
					<propertyManagerID>_16_6_2_931029f_1387381120872_110186_461</propertyManagerID>
					<parentPropertyManager>_16_6_2_931029f_1387381120857_505452_350</parentPropertyManager>
					<mdElement elementClass='BooleanProperty'>
						<propertyID>SHOW_FULL_TYPE</propertyID>
						<propertyDescriptionID>SHOW_FULL_TYPE_DESCRIPTION</propertyDescriptionID>
					</mdElement>
					<mdElement elementClass='ColorProperty'>
						<propertyID>PEN_COLOR</propertyID>
						<propertyDescriptionID>PEN_COLOR_DESCRIPTION</propertyDescriptionID>
						<value xmi:value='-6710948'/>
					</mdElement>
					<mdElement elementClass='ChoiceProperty'>
						<propertyID>SHOW_MEMBERS_MODE</propertyID>
						<propertyDescriptionID>SHOW_MEMBERS_MODE_DESCRIPTION</propertyDescriptionID>
						<value>ALL</value>
						<choice xmi:value='ALL^ONLY_PUBLIC^NOT_PRIVATE'/>
						<index xmi:value='0'/>
					</mdElement>
					<mdElement elementClass='BooleanProperty'>
						<propertyID>SUPPRESS_CLASS_ATTRIBUTES</propertyID>
						<propertyGroup>ATTRIBUTES</propertyGroup>
						<propertyDescriptionID>SUPPRESS_CLASS_ATTRIBUTES_DESCRIPTION</propertyDescriptionID>
					</mdElement>
					<mdElement elementClass='ColorProperty'>
						<propertyID>ATTRIBUTE_COLOR</propertyID>
						<propertyGroup>ATTRIBUTES</propertyGroup>
						<propertyDescriptionID>ATTRIBUTE_COLOR_DESCRIPTION</propertyDescriptionID>
						<value xmi:value='-14155776'/>
					</mdElement>
					<mdElement elementClass='FontProperty'>
						<propertyID>ATTRIBUTE_FONT</propertyID>
						<propertyGroup>ATTRIBUTES</propertyGroup>
						<propertyDescriptionID>ATTRIBUTE_FONT_DESCRIPTION</propertyDescriptionID>
						<fontName>Arial</fontName>
						<size xmi:value='11'/>
						<style xmi:value='0'/>
					</mdElement>
					<mdElement elementClass='BooleanProperty'>
						<propertyID>SHOW_MORE_SIGN_FOR_ATTRIBUTES</propertyID>
						<propertyGroup>ATTRIBUTES</propertyGroup>
						<propertyDescriptionID>SHOW_MORE_SIGN_FOR_ATTRIBUTES_DESCRIPTION</propertyDescriptionID>
						<value xmi:value='true'/>
					</mdElement>
					<mdElement elementClass='ChoiceProperty'>
						<propertyID>SORT_CLASS_ATTRIBUTES_MODE</propertyID>
						<propertyGroup>ATTRIBUTES</propertyGroup>
						<propertyDescriptionID>SORT_CLASS_ATTRIBUTES_MODE_DESCRIPTION</propertyDescriptionID>
						<value>NO_SORT</value>
						<choice xmi:value='NO_SORT^BY_NAME^BY_STEREOTYPE^BY_VISIBILITY'/>
						<index xmi:value='0'/>
					</mdElement>
					<mdElement elementClass='ChoiceProperty'>
						<propertyID>SHOW_ASSOCIATION_ENDS_MODE</propertyID>
						<propertyGroup>ATTRIBUTES</propertyGroup>
						<propertyDescriptionID>SHOW_ASSOCIATION_ENDS_MODE_DESCRIPTION</propertyDescriptionID>
						<value>DO_NOT_DISPLAY</value>
						<choice xmi:value='ALL^WITHOUT_ASSOCIATION^DO_NOT_DISPLAY'/>
						<index xmi:value='2'/>
					</mdElement>
					<mdElement elementClass='BooleanProperty'>
						<propertyID>SHOW_ATTRIBUTES_VISIBILITY</propertyID>
						<propertyGroup>ATTRIBUTES</propertyGroup>
						<propertyDescriptionID>SHOW_ATTRIBUTES_VISIBILITY_DESCRIPTION</propertyDescriptionID>
						<value xmi:value='true'/>
					</mdElement>
					<mdElement elementClass='BooleanProperty'>
						<propertyID>SHOW_ATTRIBUTES_TYPE</propertyID>
						<propertyGroup>ATTRIBUTES</propertyGroup>
						<propertyDescriptionID>SHOW_ATTRIBUTES_TYPE_DESCRIPTION</propertyDescriptionID>
						<value xmi:value='true'/>
					</mdElement>
					<mdElement elementClass='BooleanProperty'>
						<propertyID>SHOW_ATTRIBUTES_STEREOTYPE</propertyID>
						<propertyGroup>ATTRIBUTES</propertyGroup>
						<propertyDescriptionID>SHOW_ATTRIBUTES_STEREOTYPE_DESCRIPTION</propertyDescriptionID>
						<value xmi:value='true'/>
					</mdElement>
					<mdElement elementClass='BooleanProperty'>
						<propertyID>SHOW_ATTRIBUTES_PROPERTIES</propertyID>
						<propertyGroup>ATTRIBUTES</propertyGroup>
						<propertyDescriptionID>SHOW_ATTRIBUTES_PROPERTIES_DESCRIPTION</propertyDescriptionID>
						<value xmi:value='true'/>
					</mdElement>
					<mdElement elementClass='BooleanProperty'>
						<propertyID>SHOW_ATTRIBUTES_CONSTRAINTS</propertyID>
						<propertyGroup>ATTRIBUTES</propertyGroup>
						<propertyDescriptionID>SHOW_ATTRIBUTES_CONSTRAINTS_DESCRIPTION</propertyDescriptionID>
					</mdElement>
					<mdElement elementClass='ChoiceProperty'>
						<propertyID>ATTRIBUTES_CONSTRAINT_TEXT_MODE</propertyID>
						<propertyGroup>ATTRIBUTES</propertyGroup>
						<propertyDescriptionID>ATTRIBUTES_CONSTRAINT_TEXT_MODE_DESCRIPTION</propertyDescriptionID>
						<value>EXPRESSION_MODE</value>
						<choice xmi:value='NAME_MODE^EXPRESSION_MODE^NAME_EXPRESSION_MODE'/>
						<index xmi:value='1'/>
					</mdElement>
					<mdElement elementClass='BooleanProperty'>
						<propertyID>SHOW_INIT_VALUE</propertyID>
						<propertyGroup>ATTRIBUTES</propertyGroup>
						<propertyDescriptionID>SHOW_INIT_VALUE_DESCRIPTION</propertyDescriptionID>
						<value xmi:value='true'/>
					</mdElement>
					<mdElement elementClass='BooleanProperty'>
						<propertyID>SHOW_BASE_CLASSES</propertyID>
						<propertyDescriptionID>SHOW_BASE_CLASSES_DESCRIPTION</propertyDescriptionID>
						<value xmi:value='true'/>
					</mdElement>
					<mdElement elementClass='ChoiceProperty'>
						<propertyID>TAGGED_VALUES_DISPLAY_MODE</propertyID>
						<propertyDescriptionID>TAGGED_VALUES_DISPLAY_MODE_DESCRIPTION</propertyDescriptionID>
						<value>ON_SHAPE</value>
						<choice xmi:value='ON_SHAPE^IN_COMPARTMENT^DO_NOT_DISPLAY'/>
						<index xmi:value='0'/>
					</mdElement>
					<mdElement elementClass='ChoiceProperty'>
						<propertyID>STEREOTYPES_DISPLAY_MODE</propertyID>
						<propertyDescriptionID>STEREOTYPES_DISPLAY_MODE_DESCRIPTION</propertyDescriptionID>
						<value>STEREOTYPE_DISPLAY_MODE_SHAPE_IMAGE_AND_TEXT</value>
						<choice xmi:value='STEREOTYPE_DISPLAY_MODE_TEXT_AND_ICON^STEREOTYPE_DISPLAY_MODE_TEXT^STEREOTYPE_DISPLAY_MODE_ICON^STEREOTYPE_DISPLAY_MODE_SHAPE_IMAGE_AND_TEXT^STEREOTYPE_DISPLAY_MODE_SHAPE_IMAGE^STEREOTYPE_DISPLAY_MODE_DO_NOT_DISPLAY_STEREOTYPES'/>
						<index xmi:value='3'/>
					</mdElement>
					<mdElement elementClass='BooleanProperty'>
						<propertyID>SHOW_TAGGED_VALUES_STEREOTYPES</propertyID>
						<propertyDescriptionID>SHOW_TAGGED_VALUES_STEREOTYPES_DESCRIPTION</propertyDescriptionID>
						<value xmi:value='true'/>
					</mdElement>
					<mdElement elementClass='BooleanProperty'>
						<propertyID>SHOW_QUALIFIED_NAME_IN_TAGGED_VALUES</propertyID>
						<propertyDescriptionID>SHOW_QUALIFIED_NAME_IN_TAGGED_VALUES_DESCRIPTION</propertyDescriptionID>
					</mdElement>
					<mdElement elementClass='BooleanProperty'>
						<propertyID>MEMBERS_WORD_WRAP</propertyID>
						<propertyDescriptionID>MEMBERS_WORD_WRAP_DESCRIPTION</propertyDescriptionID>
					</mdElement>
				</mdElement>
				<mdElement elementClass='ExtendableManager'>
					<removable xmi:value='false'/>
					<extendableByDiagram xmi:value='false'/>
					<extendableByStereotype xmi:value='true'/>
					<name>Stereotypes</name>
					<propertyManagerID>_16_6_2_931029f_1387381120872_207610_462</propertyManagerID>
					<parentPropertyManager>_16_6_2_931029f_1387381120861_5931_394</parentPropertyManager>
				</mdElement>
				<mdElement elementClass='ExtendableManager'>
					<removable xmi:value='false'/>
					<extendableByDiagram xmi:value='true'/>
					<extendableByStereotype xmi:value='false'/>
					<name>StructuredActivityNode</name>
					<propertyManagerID>_16_6_2_931029f_1387381120872_319887_463</propertyManagerID>
					<parentPropertyManager>_16_6_2_931029f_1387381120857_505452_350</parentPropertyManager>
					<mdElement elementClass='BooleanProperty'>
						<propertyID>WRAP_WORDS</propertyID>
						<propertyDescriptionID>WRAP_WORDS_DESCRIPTION</propertyDescriptionID>
						<value xmi:value='true'/>
					</mdElement>
					<mdElement elementClass='ColorProperty'>
						<propertyID>FILL_COLOR</propertyID>
						<propertyDescriptionID>FILL_COLOR_DESCRIPTION</propertyDescriptionID>
						<value xmi:value='-1973821'/>
					</mdElement>
					<mdElement elementClass='ColorProperty'>
						<propertyID>PEN_COLOR</propertyID>
						<propertyDescriptionID>PEN_COLOR_DESCRIPTION</propertyDescriptionID>
						<value xmi:value='-6710948'/>
					</mdElement>
				</mdElement>
				<mdElement elementClass='ExtendableManager'>
					<removable xmi:value='false'/>
					<extendableByDiagram xmi:value='true'/>
					<extendableByStereotype xmi:value='false'/>
					<name>Substitution</name>
					<propertyManagerID>_16_6_2_931029f_1387381120872_444927_464</propertyManagerID>
					<parentPropertyManager>_16_6_2_931029f_1387381120857_945759_348</parentPropertyManager>
					<mdElement elementClass='ColorProperty'>
						<propertyID>STEREOTYPE_COLOR</propertyID>
						<propertyDescriptionID>STEREOTYPE_COLOR_DESCRIPTION</propertyDescriptionID>
						<value xmi:value='-16777216'/>
					</mdElement>
					<mdElement elementClass='FontProperty'>
						<propertyID>STEREOTYPE_FONT</propertyID>
						<propertyDescriptionID>STEREOTYPE_FONT_DESCRIPTION</propertyDescriptionID>
						<fontName>Arial</fontName>
						<size xmi:value='11'/>
						<style xmi:value='0'/>
					</mdElement>
					<mdElement elementClass='BooleanProperty'>
						<propertyID>WRAP_WORDS</propertyID>
						<propertyDescriptionID>WRAP_WORDS_DESCRIPTION</propertyDescriptionID>
					</mdElement>
					<mdElement elementClass='BooleanProperty'>
						<propertyID>SHOW_NAME</propertyID>
						<propertyDescriptionID>SHOW_NAME_DESCRIPTION</propertyDescriptionID>
						<value xmi:value='true'/>
					</mdElement>
					<mdElement elementClass='ChoiceProperty'>
						<propertyID>STEREOTYPES_DISPLAY_MODE</propertyID>
						<propertyDescriptionID>STEREOTYPES_DISPLAY_MODE_DESCRIPTION</propertyDescriptionID>
						<value>STEREOTYPE_DISPLAY_MODE_TEXT_AND_ICON</value>
						<choice xmi:value='STEREOTYPE_DISPLAY_MODE_TEXT_AND_ICON^STEREOTYPE_DISPLAY_MODE_TEXT^STEREOTYPE_DISPLAY_MODE_ICON^STEREOTYPE_DISPLAY_MODE_DO_NOT_DISPLAY_STEREOTYPES'/>
						<index xmi:value='0'/>
					</mdElement>
					<mdElement elementClass='BooleanProperty'>
						<propertyID>SHOW_TAGGED_VALUES</propertyID>
						<propertyDescriptionID>SHOW_TAGGED_VALUES_DESCRIPTION</propertyDescriptionID>
						<value xmi:value='true'/>
					</mdElement>
					<mdElement elementClass='BooleanProperty'>
						<propertyID>SHOW_CONVEYED_A</propertyID>
						<propertyDescriptionID>SHOW_CONVEYED_A_DESCRIPTION</propertyDescriptionID>
						<value xmi:value='true'/>
					</mdElement>
					<mdElement elementClass='BooleanProperty'>
						<propertyID>SHOW_CONVEYED_B</propertyID>
						<propertyDescriptionID>SHOW_CONVEYED_B_DESCRIPTION</propertyDescriptionID>
						<value xmi:value='true'/>
					</mdElement>
					<mdElement elementClass='BooleanProperty'>
						<propertyID>SHOW_CONSTRAINTS</propertyID>
						<propertyDescriptionID>SHOW_CONSTRAINTS_DESCRIPTION</propertyDescriptionID>
						<value xmi:value='true'/>
					</mdElement>
				</mdElement>
				<mdElement elementClass='ExtendableManager'>
					<removable xmi:value='false'/>
					<extendableByDiagram xmi:value='true'/>
					<extendableByStereotype xmi:value='false'/>
					<name>Swimlane</name>
					<propertyManagerID>_16_6_2_931029f_1387381120873_176862_465</propertyManagerID>
					<parentPropertyManager>_16_6_2_931029f_1387381120857_505452_350</parentPropertyManager>
					<mdElement elementClass='BooleanProperty'>
						<propertyID>WRAP_WORDS</propertyID>
						<propertyDescriptionID>WRAP_WORDS_DESCRIPTION</propertyDescriptionID>
						<value xmi:value='true'/>
					</mdElement>
					<mdElement elementClass='ColorProperty'>
						<propertyID>FILL_COLOR</propertyID>
						<propertyDescriptionID>FILL_COLOR_DESCRIPTION</propertyDescriptionID>
						<value xmi:value='-1973821'/>
					</mdElement>
					<mdElement elementClass='BooleanProperty'>
						<propertyID>USE_FILL_COLOR</propertyID>
						<propertyDescriptionID>USE_FILL_COLOR_DESCRIPTION</propertyDescriptionID>
					</mdElement>
					<mdElement elementClass='ChoiceProperty'>
						<propertyID>PARTITION_DISPLAY_MODE</propertyID>
						<propertyDescriptionID>PARTITION_DISPLAY_MODE_DESCRIPTION</propertyDescriptionID>
						<value>SHOW_REPRESENTED_IF_EXISTS</value>
						<choice xmi:value='SHOW_REPRESENTED^SHOW_REPRESENTED_IF_EXISTS^SHOW_PARTITION_NAME^SHOW_BOTH'/>
						<index xmi:value='1'/>
					</mdElement>
					<mdElement elementClass='BooleanProperty'>
						<propertyID>PARTITION_FULL_REPRESENTED_ELEMENT_SIGNATURE</propertyID>
						<propertyDescriptionID>PARTITION_FULL_REPRESENTED_ELEMENT_SIGNATURE_DESCRIPTION</propertyDescriptionID>
						<value xmi:value='true'/>
					</mdElement>
				</mdElement>
				<mdElement elementClass='ExtendableManager'>
					<removable xmi:value='false'/>
					<extendableByDiagram xmi:value='false'/>
					<extendableByStereotype xmi:value='false'/>
					<name>Symbol</name>
					<propertyManagerID>_16_6_2_931029f_1387381120861_5931_394</propertyManagerID>
					<mdElement elementClass='ColorProperty'>
						<propertyID>FILL_COLOR</propertyID>
						<propertyDescriptionID>FILL_COLOR_DESCRIPTION</propertyDescriptionID>
						<value xmi:value='-52'/>
					</mdElement>
					<mdElement elementClass='BooleanProperty'>
						<propertyID>USE_FILL_COLOR</propertyID>
						<propertyDescriptionID>USE_FILL_COLOR_DESCRIPTION</propertyDescriptionID>
						<value xmi:value='true'/>
					</mdElement>
					<mdElement elementClass='ColorProperty'>
						<propertyID>PEN_COLOR</propertyID>
						<propertyDescriptionID>PEN_COLOR_DESCRIPTION</propertyDescriptionID>
						<value xmi:value='-12434878'/>
					</mdElement>
					<mdElement elementClass='ColorProperty'>
						<propertyID>TEXT_COLOR</propertyID>
						<propertyDescriptionID>TEXT_COLOR_DESCRIPTION</propertyDescriptionID>
						<value xmi:value='-16777216'/>
					</mdElement>
					<mdElement elementClass='FontProperty'>
						<propertyID>FONT</propertyID>
						<propertyDescriptionID>FONT_DESCRIPTION</propertyDescriptionID>
						<fontName>Arial</fontName>
						<size xmi:value='11'/>
						<style xmi:value='0'/>
					</mdElement>
				</mdElement>
				<mdElement elementClass='ExtendableManager'>
					<removable xmi:value='false'/>
					<extendableByDiagram xmi:value='true'/>
					<extendableByStereotype xmi:value='false'/>
					<name>TemplateBinding</name>
					<propertyManagerID>_16_6_2_931029f_1387381120873_896341_466</propertyManagerID>
					<parentPropertyManager>_16_6_2_931029f_1387381120857_945759_348</parentPropertyManager>
					<mdElement elementClass='ColorProperty'>
						<propertyID>STEREOTYPE_COLOR</propertyID>
						<propertyDescriptionID>STEREOTYPE_COLOR_DESCRIPTION</propertyDescriptionID>
						<value xmi:value='-16777216'/>
					</mdElement>
					<mdElement elementClass='FontProperty'>
						<propertyID>STEREOTYPE_FONT</propertyID>
						<propertyDescriptionID>STEREOTYPE_FONT_DESCRIPTION</propertyDescriptionID>
						<fontName>Arial</fontName>
						<size xmi:value='11'/>
						<style xmi:value='0'/>
					</mdElement>
					<mdElement elementClass='BooleanProperty'>
						<propertyID>WRAP_WORDS</propertyID>
						<propertyDescriptionID>WRAP_WORDS_DESCRIPTION</propertyDescriptionID>
					</mdElement>
					<mdElement elementClass='BooleanProperty'>
						<propertyID>SHOW_NAME</propertyID>
						<propertyDescriptionID>SHOW_NAME_DESCRIPTION</propertyDescriptionID>
						<value xmi:value='true'/>
					</mdElement>
					<mdElement elementClass='ChoiceProperty'>
						<propertyID>STEREOTYPES_DISPLAY_MODE</propertyID>
						<propertyDescriptionID>STEREOTYPES_DISPLAY_MODE_DESCRIPTION</propertyDescriptionID>
						<value>STEREOTYPE_DISPLAY_MODE_TEXT_AND_ICON</value>
						<choice xmi:value='STEREOTYPE_DISPLAY_MODE_TEXT_AND_ICON^STEREOTYPE_DISPLAY_MODE_TEXT^STEREOTYPE_DISPLAY_MODE_ICON^STEREOTYPE_DISPLAY_MODE_DO_NOT_DISPLAY_STEREOTYPES'/>
						<index xmi:value='0'/>
					</mdElement>
					<mdElement elementClass='BooleanProperty'>
						<propertyID>SHOW_TAGGED_VALUES</propertyID>
						<propertyDescriptionID>SHOW_TAGGED_VALUES_DESCRIPTION</propertyDescriptionID>
						<value xmi:value='true'/>
					</mdElement>
					<mdElement elementClass='BooleanProperty'>
						<propertyID>SHOW_CONVEYED_A</propertyID>
						<propertyDescriptionID>SHOW_CONVEYED_A_DESCRIPTION</propertyDescriptionID>
						<value xmi:value='true'/>
					</mdElement>
					<mdElement elementClass='BooleanProperty'>
						<propertyID>SHOW_CONVEYED_B</propertyID>
						<propertyDescriptionID>SHOW_CONVEYED_B_DESCRIPTION</propertyDescriptionID>
						<value xmi:value='true'/>
					</mdElement>
					<mdElement elementClass='BooleanProperty'>
						<propertyID>SHOW_CONSTRAINTS</propertyID>
						<propertyDescriptionID>SHOW_CONSTRAINTS_DESCRIPTION</propertyDescriptionID>
						<value xmi:value='true'/>
					</mdElement>
					<mdElement elementClass='BooleanProperty'>
						<propertyID>USE_COMPACT_BINDING_NOTATION</propertyID>
						<propertyDescriptionID>USE_COMPACT_BINDING_NOTATION_DESCRIPTION</propertyDescriptionID>
					</mdElement>
				</mdElement>
				<mdElement elementClass='ExtendableManager'>
					<removable xmi:value='false'/>
					<extendableByDiagram xmi:value='true'/>
					<extendableByStereotype xmi:value='false'/>
					<name>TextBox</name>
					<propertyManagerID>_16_6_2_931029f_1387381120873_967625_467</propertyManagerID>
					<parentPropertyManager>_16_6_2_931029f_1387381120857_505452_350</parentPropertyManager>
					<mdElement elementClass='BooleanProperty'>
						<propertyID>WRAP_WORDS</propertyID>
						<propertyDescriptionID>WRAP_WORDS_DESCRIPTION</propertyDescriptionID>
						<value xmi:value='true'/>
					</mdElement>
					<mdElement elementClass='BooleanProperty'>
						<propertyID>USE_FILL_COLOR</propertyID>
						<propertyDescriptionID>USE_FILL_COLOR_DESCRIPTION</propertyDescriptionID>
					</mdElement>
					<mdElement elementClass='BooleanProperty'>
						<propertyID>HTML_TEXT</propertyID>
						<propertyDescriptionID>HTML_TEXT_DESCRIPTION</propertyDescriptionID>
					</mdElement>
				</mdElement>
				<mdElement elementClass='ExtendableManager'>
					<removable xmi:value='false'/>
					<extendableByDiagram xmi:value='true'/>
					<extendableByStereotype xmi:value='false'/>
					<name>TimeConstraint</name>
					<propertyManagerID>_16_6_2_931029f_1387381120873_391682_468</propertyManagerID>
					<parentPropertyManager>_16_6_2_931029f_1387381120857_945759_348</parentPropertyManager>
					<mdElement elementClass='ColorProperty'>
						<propertyID>STEREOTYPE_COLOR</propertyID>
						<propertyDescriptionID>STEREOTYPE_COLOR_DESCRIPTION</propertyDescriptionID>
						<value xmi:value='-16777216'/>
					</mdElement>
					<mdElement elementClass='FontProperty'>
						<propertyID>STEREOTYPE_FONT</propertyID>
						<propertyDescriptionID>STEREOTYPE_FONT_DESCRIPTION</propertyDescriptionID>
						<fontName>Arial</fontName>
						<size xmi:value='11'/>
						<style xmi:value='0'/>
					</mdElement>
					<mdElement elementClass='BooleanProperty'>
						<propertyID>WRAP_WORDS</propertyID>
						<propertyDescriptionID>WRAP_WORDS_DESCRIPTION</propertyDescriptionID>
					</mdElement>
					<mdElement elementClass='BooleanProperty'>
						<propertyID>SHOW_NAME</propertyID>
						<propertyDescriptionID>SHOW_NAME_DESCRIPTION</propertyDescriptionID>
						<value xmi:value='true'/>
					</mdElement>
					<mdElement elementClass='ChoiceProperty'>
						<propertyID>STEREOTYPES_DISPLAY_MODE</propertyID>
						<propertyDescriptionID>STEREOTYPES_DISPLAY_MODE_DESCRIPTION</propertyDescriptionID>
						<value>STEREOTYPE_DISPLAY_MODE_TEXT_AND_ICON</value>
						<choice xmi:value='STEREOTYPE_DISPLAY_MODE_TEXT_AND_ICON^STEREOTYPE_DISPLAY_MODE_TEXT^STEREOTYPE_DISPLAY_MODE_ICON^STEREOTYPE_DISPLAY_MODE_DO_NOT_DISPLAY_STEREOTYPES'/>
						<index xmi:value='0'/>
					</mdElement>
					<mdElement elementClass='BooleanProperty'>
						<propertyID>SHOW_TAGGED_VALUES</propertyID>
						<propertyDescriptionID>SHOW_TAGGED_VALUES_DESCRIPTION</propertyDescriptionID>
						<value xmi:value='true'/>
					</mdElement>
					<mdElement elementClass='BooleanProperty'>
						<propertyID>SHOW_CONSTRAINTS</propertyID>
						<propertyDescriptionID>SHOW_CONSTRAINTS_DESCRIPTION</propertyDescriptionID>
						<value xmi:value='true'/>
					</mdElement>
					<mdElement elementClass='ColorProperty'>
						<propertyID>FILL_COLOR</propertyID>
						<propertyDescriptionID>FILL_COLOR_DESCRIPTION</propertyDescriptionID>
						<value xmi:value='-1'/>
					</mdElement>
				</mdElement>
				<mdElement elementClass='ExtendableManager'>
					<removable xmi:value='false'/>
					<extendableByDiagram xmi:value='true'/>
					<extendableByStereotype xmi:value='false'/>
					<name>Transition</name>
					<propertyManagerID>_16_6_2_931029f_1387381120873_894189_469</propertyManagerID>
					<parentPropertyManager>_16_6_2_931029f_1387381120857_945759_348</parentPropertyManager>
					<mdElement elementClass='ColorProperty'>
						<propertyID>STEREOTYPE_COLOR</propertyID>
						<propertyDescriptionID>STEREOTYPE_COLOR_DESCRIPTION</propertyDescriptionID>
						<value xmi:value='-16777216'/>
					</mdElement>
					<mdElement elementClass='FontProperty'>
						<propertyID>STEREOTYPE_FONT</propertyID>
						<propertyDescriptionID>STEREOTYPE_FONT_DESCRIPTION</propertyDescriptionID>
						<fontName>Arial</fontName>
						<size xmi:value='11'/>
						<style xmi:value='0'/>
					</mdElement>
					<mdElement elementClass='BooleanProperty'>
						<propertyID>WRAP_WORDS</propertyID>
						<propertyDescriptionID>WRAP_WORDS_DESCRIPTION</propertyDescriptionID>
					</mdElement>
					<mdElement elementClass='BooleanProperty'>
						<propertyID>SHOW_NAME</propertyID>
						<propertyDescriptionID>SHOW_NAME_DESCRIPTION</propertyDescriptionID>
						<value xmi:value='true'/>
					</mdElement>
					<mdElement elementClass='ChoiceProperty'>
						<propertyID>STEREOTYPES_DISPLAY_MODE</propertyID>
						<propertyDescriptionID>STEREOTYPES_DISPLAY_MODE_DESCRIPTION</propertyDescriptionID>
						<value>STEREOTYPE_DISPLAY_MODE_TEXT_AND_ICON</value>
						<choice xmi:value='STEREOTYPE_DISPLAY_MODE_TEXT_AND_ICON^STEREOTYPE_DISPLAY_MODE_TEXT^STEREOTYPE_DISPLAY_MODE_ICON^STEREOTYPE_DISPLAY_MODE_DO_NOT_DISPLAY_STEREOTYPES'/>
						<index xmi:value='0'/>
					</mdElement>
					<mdElement elementClass='BooleanProperty'>
						<propertyID>SHOW_TAGGED_VALUES</propertyID>
						<propertyDescriptionID>SHOW_TAGGED_VALUES_DESCRIPTION</propertyDescriptionID>
						<value xmi:value='true'/>
					</mdElement>
					<mdElement elementClass='BooleanProperty'>
						<propertyID>SHOW_CONVEYED_A</propertyID>
						<propertyDescriptionID>SHOW_CONVEYED_A_DESCRIPTION</propertyDescriptionID>
						<value xmi:value='true'/>
					</mdElement>
					<mdElement elementClass='BooleanProperty'>
						<propertyID>SHOW_CONVEYED_B</propertyID>
						<propertyDescriptionID>SHOW_CONVEYED_B_DESCRIPTION</propertyDescriptionID>
						<value xmi:value='true'/>
					</mdElement>
					<mdElement elementClass='BooleanProperty'>
						<propertyID>SHOW_CONSTRAINTS</propertyID>
						<propertyDescriptionID>SHOW_CONSTRAINTS_DESCRIPTION</propertyDescriptionID>
						<value xmi:value='true'/>
					</mdElement>
					<mdElement elementClass='BooleanProperty'>
						<propertyID>IS_ROUNDED</propertyID>
						<propertyDescriptionID>IS_ROUNDED_DESCRIPTION</propertyDescriptionID>
						<value xmi:value='true'/>
					</mdElement>
				</mdElement>
				<mdElement elementClass='ExtendableManager'>
					<removable xmi:value='false'/>
					<extendableByDiagram xmi:value='true'/>
					<extendableByStereotype xmi:value='false'/>
					<name>TransitionToSelf</name>
					<propertyManagerID>_16_6_2_931029f_1387381120873_367371_470</propertyManagerID>
					<parentPropertyManager>_16_6_2_931029f_1387381120857_945759_348</parentPropertyManager>
					<mdElement elementClass='ColorProperty'>
						<propertyID>STEREOTYPE_COLOR</propertyID>
						<propertyDescriptionID>STEREOTYPE_COLOR_DESCRIPTION</propertyDescriptionID>
						<value xmi:value='-16777216'/>
					</mdElement>
					<mdElement elementClass='FontProperty'>
						<propertyID>STEREOTYPE_FONT</propertyID>
						<propertyDescriptionID>STEREOTYPE_FONT_DESCRIPTION</propertyDescriptionID>
						<fontName>Arial</fontName>
						<size xmi:value='11'/>
						<style xmi:value='0'/>
					</mdElement>
					<mdElement elementClass='BooleanProperty'>
						<propertyID>WRAP_WORDS</propertyID>
						<propertyDescriptionID>WRAP_WORDS_DESCRIPTION</propertyDescriptionID>
					</mdElement>
					<mdElement elementClass='BooleanProperty'>
						<propertyID>SHOW_NAME</propertyID>
						<propertyDescriptionID>SHOW_NAME_DESCRIPTION</propertyDescriptionID>
						<value xmi:value='true'/>
					</mdElement>
					<mdElement elementClass='ChoiceProperty'>
						<propertyID>STEREOTYPES_DISPLAY_MODE</propertyID>
						<propertyDescriptionID>STEREOTYPES_DISPLAY_MODE_DESCRIPTION</propertyDescriptionID>
						<value>STEREOTYPE_DISPLAY_MODE_TEXT_AND_ICON</value>
						<choice xmi:value='STEREOTYPE_DISPLAY_MODE_TEXT_AND_ICON^STEREOTYPE_DISPLAY_MODE_TEXT^STEREOTYPE_DISPLAY_MODE_ICON^STEREOTYPE_DISPLAY_MODE_DO_NOT_DISPLAY_STEREOTYPES'/>
						<index xmi:value='0'/>
					</mdElement>
					<mdElement elementClass='BooleanProperty'>
						<propertyID>SHOW_TAGGED_VALUES</propertyID>
						<propertyDescriptionID>SHOW_TAGGED_VALUES_DESCRIPTION</propertyDescriptionID>
						<value xmi:value='true'/>
					</mdElement>
					<mdElement elementClass='BooleanProperty'>
						<propertyID>SHOW_CONVEYED_A</propertyID>
						<propertyDescriptionID>SHOW_CONVEYED_A_DESCRIPTION</propertyDescriptionID>
						<value xmi:value='true'/>
					</mdElement>
					<mdElement elementClass='BooleanProperty'>
						<propertyID>SHOW_CONVEYED_B</propertyID>
						<propertyDescriptionID>SHOW_CONVEYED_B_DESCRIPTION</propertyDescriptionID>
						<value xmi:value='true'/>
					</mdElement>
					<mdElement elementClass='BooleanProperty'>
						<propertyID>SHOW_CONSTRAINTS</propertyID>
						<propertyDescriptionID>SHOW_CONSTRAINTS_DESCRIPTION</propertyDescriptionID>
						<value xmi:value='true'/>
					</mdElement>
					<mdElement elementClass='BooleanProperty'>
						<propertyID>AUTOSIZE</propertyID>
						<propertyDescriptionID>AUTOSIZE_DESCRIPTION</propertyDescriptionID>
					</mdElement>
					<mdElement elementClass='BooleanProperty'>
						<propertyID>USE_FIXED_CONNECTION_POINTS</propertyID>
						<propertyDescriptionID>USE_FIXED_CONNECTION_POINTS_DESCRIPTION</propertyDescriptionID>
					</mdElement>
				</mdElement>
				<mdElement elementClass='ExtendableManager'>
					<removable xmi:value='false'/>
					<extendableByDiagram xmi:value='true'/>
					<extendableByStereotype xmi:value='false'/>
					<name>Tree</name>
					<propertyManagerID>_16_6_2_931029f_1387381120873_973044_471</propertyManagerID>
					<parentPropertyManager>_16_6_2_931029f_1387381120857_505452_350</parentPropertyManager>
					<mdElement elementClass='NumberProperty'>
						<propertyID>LINE_WIDTH</propertyID>
						<propertyDescriptionID>LINE_WIDTH_DESCRIPTION</propertyDescriptionID>
						<value xmi:value='1.0'/>
						<lowRange xmi:value='1.0'/>
						<highRange xmi:value='100.0'/>
					</mdElement>
					<mdElement elementClass='BooleanProperty'>
						<propertyID>SHOW_GENERALIZATION_SET</propertyID>
						<propertyDescriptionID>SHOW_GENERALIZATION_SET_DESCRIPTION</propertyDescriptionID>
						<value xmi:value='true'/>
					</mdElement>
				</mdElement>
				<mdElement elementClass='ExtendableManager'>
					<removable xmi:value='false'/>
					<extendableByDiagram xmi:value='true'/>
					<extendableByStereotype xmi:value='false'/>
					<name>Usage</name>
					<propertyManagerID>_16_6_2_931029f_1387381120873_64416_472</propertyManagerID>
					<parentPropertyManager>_16_6_2_931029f_1387381120857_945759_348</parentPropertyManager>
					<mdElement elementClass='ColorProperty'>
						<propertyID>STEREOTYPE_COLOR</propertyID>
						<propertyDescriptionID>STEREOTYPE_COLOR_DESCRIPTION</propertyDescriptionID>
						<value xmi:value='-16777216'/>
					</mdElement>
					<mdElement elementClass='FontProperty'>
						<propertyID>STEREOTYPE_FONT</propertyID>
						<propertyDescriptionID>STEREOTYPE_FONT_DESCRIPTION</propertyDescriptionID>
						<fontName>Arial</fontName>
						<size xmi:value='11'/>
						<style xmi:value='0'/>
					</mdElement>
					<mdElement elementClass='BooleanProperty'>
						<propertyID>WRAP_WORDS</propertyID>
						<propertyDescriptionID>WRAP_WORDS_DESCRIPTION</propertyDescriptionID>
					</mdElement>
					<mdElement elementClass='BooleanProperty'>
						<propertyID>SHOW_NAME</propertyID>
						<propertyDescriptionID>SHOW_NAME_DESCRIPTION</propertyDescriptionID>
						<value xmi:value='true'/>
					</mdElement>
					<mdElement elementClass='ChoiceProperty'>
						<propertyID>STEREOTYPES_DISPLAY_MODE</propertyID>
						<propertyDescriptionID>STEREOTYPES_DISPLAY_MODE_DESCRIPTION</propertyDescriptionID>
						<value>STEREOTYPE_DISPLAY_MODE_TEXT_AND_ICON</value>
						<choice xmi:value='STEREOTYPE_DISPLAY_MODE_TEXT_AND_ICON^STEREOTYPE_DISPLAY_MODE_TEXT^STEREOTYPE_DISPLAY_MODE_ICON^STEREOTYPE_DISPLAY_MODE_DO_NOT_DISPLAY_STEREOTYPES'/>
						<index xmi:value='0'/>
					</mdElement>
					<mdElement elementClass='BooleanProperty'>
						<propertyID>SHOW_TAGGED_VALUES</propertyID>
						<propertyDescriptionID>SHOW_TAGGED_VALUES_DESCRIPTION</propertyDescriptionID>
						<value xmi:value='true'/>
					</mdElement>
					<mdElement elementClass='BooleanProperty'>
						<propertyID>SHOW_CONVEYED_A</propertyID>
						<propertyDescriptionID>SHOW_CONVEYED_A_DESCRIPTION</propertyDescriptionID>
						<value xmi:value='true'/>
					</mdElement>
					<mdElement elementClass='BooleanProperty'>
						<propertyID>SHOW_CONVEYED_B</propertyID>
						<propertyDescriptionID>SHOW_CONVEYED_B_DESCRIPTION</propertyDescriptionID>
						<value xmi:value='true'/>
					</mdElement>
					<mdElement elementClass='BooleanProperty'>
						<propertyID>SHOW_CONSTRAINTS</propertyID>
						<propertyDescriptionID>SHOW_CONSTRAINTS_DESCRIPTION</propertyDescriptionID>
						<value xmi:value='true'/>
					</mdElement>
					<mdElement elementClass='ChoiceProperty'>
						<propertyID>LINK_LINE_STYLE</propertyID>
						<propertyDescriptionID>LINK_LINE_STYLE_DESCRIPTION</propertyDescriptionID>
						<value>OBLIQUE</value>
						<choice xmi:value='RECTILINEAR^OBLIQUE^BEZIER'/>
						<index xmi:value='1'/>
					</mdElement>
				</mdElement>
				<mdElement elementClass='PropertyManagerByDiagram'>
					<diagramType>Use Case Diagram</diagramType>
					<removable xmi:value='true'/>
					<extendableByDiagram xmi:value='false'/>
					<extendableByStereotype xmi:value='false'/>
					<name>Use Case Diagram</name>
					<propertyManagerID>_16_6_2_931029f_1387381120873_610832_473</propertyManagerID>
					<parentPropertyManager>_16_6_2_931029f_1387381120862_941511_403</parentPropertyManager>
					<mdElement elementClass='ChoiceProperty'>
						<propertyID>LINK_LINE_STYLE</propertyID>
						<propertyDescriptionID>LINK_LINE_STYLE_DESCRIPTION</propertyDescriptionID>
						<value>OBLIQUE</value>
						<choice xmi:value='RECTILINEAR^OBLIQUE^BEZIER'/>
						<index xmi:value='1'/>
					</mdElement>
				</mdElement>
				<mdElement elementClass='PropertyManagerByDiagram'>
					<diagramType>Use Case Diagram</diagramType>
					<removable xmi:value='true'/>
					<extendableByDiagram xmi:value='false'/>
					<extendableByStereotype xmi:value='false'/>
					<name>Use Case Diagram</name>
					<propertyManagerID>_16_6_2_931029f_1387381120873_475691_474</propertyManagerID>
					<parentPropertyManager>_16_6_2_931029f_1387381120865_472399_411</parentPropertyManager>
					<mdElement elementClass='ChoiceProperty'>
						<propertyID>LINK_LINE_STYLE</propertyID>
						<propertyDescriptionID>LINK_LINE_STYLE_DESCRIPTION</propertyDescriptionID>
						<value>OBLIQUE</value>
						<choice xmi:value='RECTILINEAR^OBLIQUE^BEZIER'/>
						<index xmi:value='1'/>
					</mdElement>
				</mdElement>
				<mdElement elementClass='PropertyManagerByDiagram'>
					<diagramType>Use Case Diagram</diagramType>
					<removable xmi:value='true'/>
					<extendableByDiagram xmi:value='false'/>
					<extendableByStereotype xmi:value='false'/>
					<name>Use Case Diagram</name>
					<propertyManagerID>_16_6_2_931029f_1387381120873_102405_475</propertyManagerID>
					<parentPropertyManager>_16_6_2_931029f_1387381120861_126508_392</parentPropertyManager>
					<mdElement elementClass='ChoiceProperty'>
						<propertyID>LINK_LINE_STYLE</propertyID>
						<propertyDescriptionID>LINK_LINE_STYLE_DESCRIPTION</propertyDescriptionID>
						<value>OBLIQUE</value>
						<choice xmi:value='RECTILINEAR^OBLIQUE^BEZIER'/>
						<index xmi:value='1'/>
					</mdElement>
				</mdElement>
				<mdElement elementClass='ExtendableManager'>
					<removable xmi:value='false'/>
					<extendableByDiagram xmi:value='true'/>
					<extendableByStereotype xmi:value='false'/>
					<name>UseCase</name>
					<propertyManagerID>_16_6_2_931029f_1387381120873_290106_476</propertyManagerID>
					<parentPropertyManager>_16_6_2_931029f_1387381120857_505452_350</parentPropertyManager>
					<mdElement elementClass='BooleanProperty'>
						<propertyID>WRAP_WORDS</propertyID>
						<propertyDescriptionID>WRAP_WORDS_DESCRIPTION</propertyDescriptionID>
						<value xmi:value='true'/>
					</mdElement>
					<mdElement elementClass='ColorProperty'>
						<propertyID>PEN_COLOR</propertyID>
						<propertyDescriptionID>PEN_COLOR_DESCRIPTION</propertyDescriptionID>
						<value xmi:value='-10066361'/>
					</mdElement>
					<mdElement elementClass='BooleanProperty'>
						<propertyID>SUPPRESS_EXTENSIONS</propertyID>
						<propertyGroup>EXTENSION_POINTS</propertyGroup>
						<propertyDescriptionID>SUPPRESS_EXTENSIONS_DESCRIPTION</propertyDescriptionID>
					</mdElement>
					<mdElement elementClass='ColorProperty'>
						<propertyID>EXT_POINT_COLOR</propertyID>
						<propertyGroup>EXTENSION_POINTS</propertyGroup>
						<propertyDescriptionID>EXT_POINT_COLOR_DESCRIPTION</propertyDescriptionID>
						<value xmi:value='-14155776'/>
					</mdElement>
					<mdElement elementClass='FontProperty'>
						<propertyID>EXT_POINT_FONT</propertyID>
						<propertyGroup>EXTENSION_POINTS</propertyGroup>
						<propertyDescriptionID>EXT_POINT_FONT_DESCRIPTION</propertyDescriptionID>
						<fontName>Arial</fontName>
						<size xmi:value='11'/>
						<style xmi:value='0'/>
					</mdElement>
				</mdElement>
				<mdElement elementClass='ExtendableManager'>
					<removable xmi:value='false'/>
					<extendableByDiagram xmi:value='true'/>
					<extendableByStereotype xmi:value='false'/>
					<name>ValuePin</name>
					<propertyManagerID>_16_6_2_931029f_1387381120873_448051_477</propertyManagerID>
					<parentPropertyManager>_16_6_2_931029f_1387381120857_505452_350</parentPropertyManager>
					<mdElement elementClass='BooleanProperty'>
						<propertyID>AUTOSIZE</propertyID>
						<propertyDescriptionID>AUTOSIZE_DESCRIPTION</propertyDescriptionID>
						<value xmi:value='true'/>
					</mdElement>
					<mdElement elementClass='BooleanProperty'>
						<propertyID>SHOW_NAME</propertyID>
						<propertyDescriptionID>SHOW_NAME_DESCRIPTION</propertyDescriptionID>
						<value xmi:value='true'/>
					</mdElement>
					<mdElement elementClass='BooleanProperty'>
						<propertyID>SHOW_TYPE</propertyID>
						<propertyDescriptionID>SHOW_TYPE_DESCRIPTION</propertyDescriptionID>
					</mdElement>
					<mdElement elementClass='BooleanProperty'>
						<propertyID>SHOW_FULL_TYPE</propertyID>
						<propertyDescriptionID>SHOW_FULL_TYPE_DESCRIPTION</propertyDescriptionID>
					</mdElement>
					<mdElement elementClass='BooleanProperty'>
						<propertyID>USE_FIXED_CONNECTION_POINTS</propertyID>
						<propertyDescriptionID>USE_FIXED_CONNECTION_POINTS_DESCRIPTION</propertyDescriptionID>
						<value xmi:value='true'/>
					</mdElement>
					<mdElement elementClass='ColorProperty'>
						<propertyID>FILL_COLOR</propertyID>
						<propertyDescriptionID>FILL_COLOR_DESCRIPTION</propertyDescriptionID>
						<value xmi:value='-1973821'/>
					</mdElement>
					<mdElement elementClass='ColorProperty'>
						<propertyID>PEN_COLOR</propertyID>
						<propertyDescriptionID>PEN_COLOR_DESCRIPTION</propertyDescriptionID>
						<value xmi:value='-6710948'/>
					</mdElement>
					<mdElement elementClass='BooleanProperty'>
						<propertyID>SHOW_PROPERTIES</propertyID>
						<propertyDescriptionID>SHOW_PROPERTIES_DESCRIPTION</propertyDescriptionID>
						<value xmi:value='true'/>
					</mdElement>
					<mdElement elementClass='ChoiceProperty'>
						<propertyID>STEREOTYPES_DISPLAY_MODE</propertyID>
						<propertyDescriptionID>STEREOTYPES_DISPLAY_MODE_DESCRIPTION</propertyDescriptionID>
						<value>STEREOTYPE_DISPLAY_MODE_DO_NOT_DISPLAY_STEREOTYPES</value>
						<choice xmi:value='STEREOTYPE_DISPLAY_MODE_TEXT_AND_ICON^STEREOTYPE_DISPLAY_MODE_TEXT^STEREOTYPE_DISPLAY_MODE_ICON^STEREOTYPE_DISPLAY_MODE_SHAPE_IMAGE_AND_TEXT^STEREOTYPE_DISPLAY_MODE_SHAPE_IMAGE^STEREOTYPE_DISPLAY_MODE_DO_NOT_DISPLAY_STEREOTYPES'/>
						<index xmi:value='5'/>
					</mdElement>
					<mdElement elementClass='BooleanProperty'>
						<propertyID>SHOW_TAGGED_VALUES</propertyID>
						<propertyDescriptionID>SHOW_TAGGED_VALUES_DESCRIPTION</propertyDescriptionID>
					</mdElement>
					<mdElement elementClass='BooleanProperty'>
						<propertyID>SHOW_CONSTRAINTS</propertyID>
						<propertyDescriptionID>SHOW_CONSTRAINTS_DESCRIPTION</propertyDescriptionID>
					</mdElement>
				</mdElement>
			</mdElement>
		</mdElement>
	</xmi:Extension>
	<MagicDraw_Profile:DiagramInfo xmi:id='_16_6_2_931029f_1387381234859_779884_641' base_Diagram='_16_6_2_931029f_1387381234858_229197_627' Creation_date='12/18/13 4:40 PM' Author='pvgorp' Modification_date='12/18/13 4:40 PM'/>
	<MagicDraw_Profile:DiagramInfo xmi:id='_16_6_2_931029f_1387382593601_999389_1234' base_Diagram='_16_6_2_931029f_1387382593593_900131_1191' Creation_date='12/18/13 5:03 PM' Author='pvgorp' Modification_date='12/18/13 5:03 PM'/>
	<MagicDraw_Profile:DiagramInfo xmi:id='_16_6_2_931029f_1387381258460_741551_719' base_Diagram='_16_6_2_931029f_1387381258458_149699_705' Creation_date='12/18/13 4:40 PM' Author='pvgorp' Modification_date='12/18/13 4:40 PM'/>
	<MagicDraw_Profile:DiagramInfo xmi:id='_16_6_2_931029f_1387381125606_963438_491' base_Diagram='_16_6_2_931029f_1387381125603_753047_478' Creation_date='12/18/13 4:38 PM' Author='pvgorp' Modification_date='12/18/13 4:38 PM'/>
	<MagicDraw_Profile:DiagramInfo xmi:id='_16_6_2_931029f_1387382359972_492865_1094' base_Diagram='_16_6_2_931029f_1387382359963_808913_1050' Creation_date='12/18/13 4:59 PM' Author='pvgorp' Modification_date='12/18/13 4:59 PM'/>
	<MagicDraw_Profile:DiagramInfo xmi:id='_16_6_2_931029f_1387381196739_40753_574' base_Diagram='_16_6_2_931029f_1387381196738_919693_562' Creation_date='12/18/13 4:39 PM' Author='pvgorp' Modification_date='12/18/13 4:39 PM'/>
</xmi:XMI>